#
# There is insufficient memory for the Java Runtime Environment to continue.
# Native memory allocation (mmap) failed to map 195559424 bytes for committing reserved memory.
# Possible reasons:
#   The system is out of physical RAM or swap space
#   In 32 bit mode, the process size limit was hit
# Possible solutions:
#   Reduce memory load on the system
#   Increase physical memory or swap space
#   Check if swap backing store is full
#   Use 64 bit Java on a 64 bit OS
#   Decrease Java heap size (-Xmx/-Xms)
#   Decrease number of Java threads
#   Decrease Java thread stack sizes (-Xss)
#   Set larger code cache with -XX:ReservedCodeCacheSize=
# This output file may be truncated or incomplete.
#
#  Out of Memory Error (os_linux.cpp:2627), pid=5839, tid=0x00007fcee186f700
#
# JRE version: Java(TM) SE Runtime Environment (8.0_111-b14) (build 1.8.0_111-b14)
# Java VM: Java HotSpot(TM) 64-Bit Server VM (25.111-b14 mixed mode linux-amd64 compressed oops)
# Failed to write core dump. Core dumps have been disabled. To enable core dumping, try "ulimit -c unlimited" before starting Java again
#

---------------  T H R E A D  ---------------

Current thread (0x00007fcef4074000):  VMThread [stack: 0x00007fcee176f000,0x00007fcee1870000] [id=5847]

Stack: [0x00007fcee176f000,0x00007fcee1870000],  sp=0x00007fcee186e120,  free space=1020k
Native frames: (J=compiled Java code, j=interpreted, Vv=VM code, C=native code)
V  [libjvm.so+0xac5c2a]  VMError::report_and_die()+0x2ba
V  [libjvm.so+0x4fc50b]  report_vm_out_of_memory(char const*, int, unsigned long, VMErrorType, char const*)+0x8b
V  [libjvm.so+0x922ae3]  os::Linux::commit_memory_impl(char*, unsigned long, bool)+0x103
V  [libjvm.so+0x923039]  os::pd_commit_memory(char*, unsigned long, unsigned long, bool)+0x29
V  [libjvm.so+0x91d33a]  os::commit_memory(char*, unsigned long, unsigned long, bool)+0x2a
V  [libjvm.so+0x991ac3]  PSVirtualSpace::expand_by(unsigned long)+0x53
V  [libjvm.so+0x982380]  PSOldGen::expand(unsigned long)+0x170
V  [libjvm.so+0x98258b]  PSOldGen::resize(unsigned long)+0x1cb
V  [libjvm.so+0x98a291]  PSParallelCompact::invoke_no_policy(bool)+0x991
V  [libjvm.so+0x98fbed]  PSScavenge::invoke()+0x1ad
V  [libjvm.so+0x9467d0]  ParallelScavengeHeap::failed_mem_allocate(unsigned long)+0x70
V  [libjvm.so+0xac7647]  VM_ParallelGCFailedAllocation::doit()+0x97
V  [libjvm.so+0xacf125]  VM_Operation::evaluate()+0x55
V  [libjvm.so+0xacd4fa]  VMThread::evaluate_operation(VM_Operation*)+0xba
V  [libjvm.so+0xacd87e]  VMThread::loop()+0x1ce
V  [libjvm.so+0xacdcf0]  VMThread::run()+0x70
V  [libjvm.so+0x924ea8]  java_start(Thread*)+0x108

VM_Operation (0x00007fcea0b32010): ParallelGCFailedAllocation, mode: safepoint, requested by thread 0x00007fceac110800


---------------  P R O C E S S  ---------------

Java Threads: ( => current thread )
  0x00007fceac110800 JavaThread "JavaFX Application Thread" [_thread_blocked, id=5867, stack(0x00007fcea0a34000,0x00007fcea0b35000)]
  0x00007fceac10c800 JavaThread "Thread-2" daemon [_thread_blocked, id=5866, stack(0x00007fcea0b35000,0x00007fcea0c36000)]
  0x00007fceac04b800 JavaThread "QuantumRenderer-0" daemon [_thread_blocked, id=5865, stack(0x00007fcee0022000,0x00007fcee0123000)]
  0x00007fcef4183000 JavaThread "JavaFX-Launcher" [_thread_blocked, id=5864, stack(0x00007fcee0123000,0x00007fcee0224000)]
  0x00007fcef411c000 JavaThread "Monitor Ctrl-Break" daemon [_thread_in_native, id=5863, stack(0x00007fcee07d2000,0x00007fcee08d3000)]
  0x00007fcef40ba800 JavaThread "Service Thread" daemon [_thread_blocked, id=5860, stack(0x00007fcee0c1c000,0x00007fcee0d1d000)]
  0x00007fcef40b7800 JavaThread "C1 CompilerThread1" daemon [_thread_blocked, id=5857, stack(0x00007fcee0d1d000,0x00007fcee0e1e000)]
  0x00007fcef40b4800 JavaThread "C2 CompilerThread0" daemon [_thread_blocked, id=5855, stack(0x00007fcee0e1e000,0x00007fcee0f1f000)]
  0x00007fcef40b3000 JavaThread "Signal Dispatcher" daemon [_thread_blocked, id=5853, stack(0x00007fcee0f1f000,0x00007fcee1020000)]
  0x00007fcef4080000 JavaThread "Finalizer" daemon [_thread_blocked, id=5851, stack(0x00007fcee156d000,0x00007fcee166e000)]
  0x00007fcef407b800 JavaThread "Reference Handler" daemon [_thread_blocked, id=5849, stack(0x00007fcee166e000,0x00007fcee176f000)]
  0x00007fcef400a800 JavaThread "main" [_thread_blocked, id=5841, stack(0x00007fcefc5e4000,0x00007fcefc6e5000)]

Other Threads:
=>0x00007fcef4074000 VMThread [stack: 0x00007fcee176f000,0x00007fcee1870000] [id=5847]
  0x00007fcef40bd000 WatcherThread [stack: 0x00007fcee0b1b000,0x00007fcee0c1c000] [id=5862]

VM state:at safepoint (normal execution)

VM Mutex/Monitor currently owned by a thread:  ([mutex/lock_event])
[0x00007fcef40062d0] ExpandHeap_lock - owner thread: 0x00007fcef4074000
[0x00007fcef4006950] Threads_lock - owner thread: 0x00007fcef4074000
[0x00007fcef4006e50] Heap_lock - owner thread: 0x00007fceac110800

Heap:
 PSYoungGen      total 332800K, used 0K [0x00000000e1900000, 0x0000000100000000, 0x0000000100000000)
  eden space 166912K, 0% used [0x00000000e1900000,0x00000000e1900000,0x00000000ebc00000)
  from space 165888K, 0% used [0x00000000ebc00000,0x00000000ebc00000,0x00000000f5e00000)
  to   space 165888K, 0% used [0x00000000f5e00000,0x00000000f5e00000,0x0000000100000000)
 ParOldGen       total 745984K, used 737404K [0x00000000a4a00000, 0x00000000d2280000, 0x00000000e1900000)
  object space 745984K, 98% used [0x00000000a4a00000,0x00000000d1a1f338,0x00000000d2280000)
 Metaspace       used 6707K, capacity 6950K, committed 7168K, reserved 1056768K
  class space    used 819K, capacity 935K, committed 1024K, reserved 1048576K

Card table byte_map: [0x00007fcef90bc000,0x00007fcef9398000] byte_map_base: 0x00007fcef8b97000

Marking Bits: (ParMarkBitMap*) 0x00007fcefbac1220
 Begin Bits: [0x00007fcee2250000, 0x00007fcee3928000)
 End Bits:   [0x00007fcee3928000, 0x00007fcee5000000)

Polling page: 0x00007fcefc710000

CodeCache: size=245760Kb used=2159Kb max_used=2171Kb free=243600Kb
 bounds [0x00007fcee5000000, 0x00007fcee5270000, 0x00007fcef4000000]
 total_blobs=882 nmethods=474 adapters=323
 compilation: enabled

Compilation events (10 events):
Event: 8.623 Thread 0x00007fcef40b4800  470       4       java.math.BigInteger::<init> (8 bytes)
Event: 8.624 Thread 0x00007fcef40b4800 nmethod 470 0x00007fcee52134d0 code [0x00007fcee5213620, 0x00007fcee52136a8]
Event: 8.624 Thread 0x00007fcef40b4800  471       4       java.math.BigInteger::<init> (404 bytes)
Event: 8.752 Thread 0x00007fcef40b4800 nmethod 471 0x00007fcee521b650 code [0x00007fcee521b880, 0x00007fcee521cc78]
Event: 9.022 Thread 0x00007fcef40b7800  472 %     3       pp.Mochila::setClave @ 34 (116 bytes)
Event: 9.024 Thread 0x00007fcef40b7800 nmethod 472% 0x00007fcee5219610 code [0x00007fcee5219900, 0x00007fcee521ab78]
Event: 9.024 Thread 0x00007fcef40b7800  473       3       pp.Mochila::setClave (116 bytes)
Event: 9.025 Thread 0x00007fcef40b7800 nmethod 473 0x00007fcee5217750 code [0x00007fcee5217a20, 0x00007fcee5218bb8]
Event: 10.002 Thread 0x00007fcef40b4800  474 %     4       pp.Mochila::setClave @ 34 (116 bytes)
Event: 10.009 Thread 0x00007fcef40b4800 nmethod 474% 0x00007fcee5212b10 code [0x00007fcee5212cc0, 0x00007fcee52130d0]

GC Heap History (10 events):
Event: 9.773 GC heap after
Heap after GC invocations=18 (full 6):
 PSYoungGen      total 334848K, used 29356K [0x00000000e1900000, 0x00000000fe780000, 0x0000000100000000)
  eden space 209408K, 0% used [0x00000000e1900000,0x00000000e1900000,0x00000000ee580000)
  from space 125440K, 23% used [0x00000000f6400000,0x00000000f80ab118,0x00000000fde80000)
  to   space 129536K, 0% used [0x00000000ee580000,0x00000000ee580000,0x00000000f6400000)
 ParOldGen       total 570880K, used 420979K [0x00000000a4a00000, 0x00000000c7780000, 0x00000000e1900000)
  object space 570880K, 73% used [0x00000000a4a00000,0x00000000be51ce40,0x00000000c7780000)
 Metaspace       used 6707K, capacity 6950K, committed 7168K, reserved 1056768K
  class space    used 819K, capacity 935K, committed 1024K, reserved 1048576K
}
Event: 9.855 GC heap before
{Heap before GC invocations=19 (full 6):
 PSYoungGen      total 334848K, used 238764K [0x00000000e1900000, 0x00000000fe780000, 0x0000000100000000)
  eden space 209408K, 100% used [0x00000000e1900000,0x00000000ee580000,0x00000000ee580000)
  from space 125440K, 23% used [0x00000000f6400000,0x00000000f80ab118,0x00000000fde80000)
  to   space 129536K, 0% used [0x00000000ee580000,0x00000000ee580000,0x00000000f6400000)
 ParOldGen       total 570880K, used 420979K [0x00000000a4a00000, 0x00000000c7780000, 0x00000000e1900000)
  object space 570880K, 73% used [0x00000000a4a00000,0x00000000be51ce40,0x00000000c7780000)
 Metaspace       used 6707K, capacity 6950K, committed 7168K, reserved 1056768K
  class space    used 819K, capacity 935K, committed 1024K, reserved 1048576K
Event: 9.937 GC heap after
Heap after GC invocations=19 (full 6):
 PSYoungGen      total 338944K, used 129536K [0x00000000e1900000, 0x0000000100000000, 0x0000000100000000)
  eden space 209408K, 0% used [0x00000000e1900000,0x00000000e1900000,0x00000000ee580000)
  from space 129536K, 100% used [0x00000000ee580000,0x00000000f6400000,0x00000000f6400000)
  to   space 159744K, 0% used [0x00000000f6400000,0x00000000f6400000,0x0000000100000000)
 ParOldGen       total 570880K, used 460640K [0x00000000a4a00000, 0x00000000c7780000, 0x00000000e1900000)
  object space 570880K, 80% used [0x00000000a4a00000,0x00000000c0bd8080,0x00000000c7780000)
 Metaspace       used 6707K, capacity 6950K, committed 7168K, reserved 1056768K
  class space    used 819K, capacity 935K, committed 1024K, reserved 1048576K
}
Event: 10.026 GC heap before
{Heap before GC invocations=20 (full 6):
 PSYoungGen      total 338944K, used 338944K [0x00000000e1900000, 0x0000000100000000, 0x0000000100000000)
  eden space 209408K, 100% used [0x00000000e1900000,0x00000000ee580000,0x00000000ee580000)
  from space 129536K, 100% used [0x00000000ee580000,0x00000000f6400000,0x00000000f6400000)
  to   space 159744K, 0% used [0x00000000f6400000,0x00000000f6400000,0x0000000100000000)
 ParOldGen       total 570880K, used 460640K [0x00000000a4a00000, 0x00000000c7780000, 0x00000000e1900000)
  object space 570880K, 80% used [0x00000000a4a00000,0x00000000c0bd8080,0x00000000c7780000)
 Metaspace       used 6707K, capacity 6950K, committed 7168K, reserved 1056768K
  class space    used 819K, capacity 935K, committed 1024K, reserved 1048576K
Event: 10.170 GC heap after
Heap after GC invocations=20 (full 6):
 PSYoungGen      total 326656K, used 135616K [0x00000000e1900000, 0x0000000100000000, 0x0000000100000000)
  eden space 166912K, 0% used [0x00000000e1900000,0x00000000e1900000,0x00000000ebc00000)
  from space 159744K, 84% used [0x00000000f6400000,0x00000000fe870000,0x0000000100000000)
  to   space 165888K, 0% used [0x00000000ebc00000,0x00000000ebc00000,0x00000000f5e00000)
 ParOldGen       total 570880K, used 553034K [0x00000000a4a00000, 0x00000000c7780000, 0x00000000e1900000)
  object space 570880K, 96% used [0x00000000a4a00000,0x00000000c6612b00,0x00000000c7780000)
 Metaspace       used 6707K, capacity 6950K, committed 7168K, reserved 1056768K
  class space    used 819K, capacity 935K, committed 1024K, reserved 1048576K
}
Event: 10.170 GC heap before
{Heap before GC invocations=21 (full 7):
 PSYoungGen      total 326656K, used 135616K [0x00000000e1900000, 0x0000000100000000, 0x0000000100000000)
  eden space 166912K, 0% used [0x00000000e1900000,0x00000000e1900000,0x00000000ebc00000)
  from space 159744K, 84% used [0x00000000f6400000,0x00000000fe870000,0x0000000100000000)
  to   space 165888K, 0% used [0x00000000ebc00000,0x00000000ebc00000,0x00000000f5e00000)
 ParOldGen       total 570880K, used 553034K [0x00000000a4a00000, 0x00000000c7780000, 0x00000000e1900000)
  object space 570880K, 96% used [0x00000000a4a00000,0x00000000c6612b00,0x00000000c7780000)
 Metaspace       used 6707K, capacity 6950K, committed 7168K, reserved 1056768K
  class space    used 819K, capacity 935K, committed 1024K, reserved 1048576K
Event: 10.311 GC heap after
Heap after GC invocations=21 (full 7):
 PSYoungGen      total 326656K, used 85026K [0x00000000e1900000, 0x0000000100000000, 0x0000000100000000)
  eden space 166912K, 0% used [0x00000000e1900000,0x00000000e1900000,0x00000000ebc00000)
  from space 159744K, 53% used [0x00000000f6400000,0x00000000fb708bd0,0x0000000100000000)
  to   space 165888K, 0% used [0x00000000ebc00000,0x00000000ebc00000,0x00000000f5e00000)
 ParOldGen       total 745984K, used 570657K [0x00000000a4a00000, 0x00000000d2280000, 0x00000000e1900000)
  object space 745984K, 76% used [0x00000000a4a00000,0x00000000c77487b8,0x00000000d2280000)
 Metaspace       used 6707K, capacity 6950K, committed 7168K, reserved 1056768K
  class space    used 819K, capacity 935K, committed 1024K, reserved 1048576K
}
Event: 10.376 GC heap before
{Heap before GC invocations=22 (full 7):
 PSYoungGen      total 326656K, used 251938K [0x00000000e1900000, 0x0000000100000000, 0x0000000100000000)
  eden space 166912K, 100% used [0x00000000e1900000,0x00000000ebc00000,0x00000000ebc00000)
  from space 159744K, 53% used [0x00000000f6400000,0x00000000fb708bd0,0x0000000100000000)
  to   space 165888K, 0% used [0x00000000ebc00000,0x00000000ebc00000,0x00000000f5e00000)
 ParOldGen       total 745984K, used 570657K [0x00000000a4a00000, 0x00000000d2280000, 0x00000000e1900000)
  object space 745984K, 76% used [0x00000000a4a00000,0x00000000c77487b8,0x00000000d2280000)
 Metaspace       used 6707K, capacity 6950K, committed 7168K, reserved 1056768K
  class space    used 819K, capacity 935K, committed 1024K, reserved 1048576K
Event: 10.459 GC heap after
Heap after GC invocations=22 (full 7):
 PSYoungGen      total 332800K, used 100849K [0x00000000e1900000, 0x0000000100000000, 0x0000000100000000)
  eden space 166912K, 0% used [0x00000000e1900000,0x00000000e1900000,0x00000000ebc00000)
  from space 165888K, 60% used [0x00000000ebc00000,0x00000000f1e7c518,0x00000000f5e00000)
  to   space 165888K, 0% used [0x00000000f5e00000,0x00000000f5e00000,0x0000000100000000)
 ParOldGen       total 745984K, used 655688K [0x00000000a4a00000, 0x00000000d2280000, 0x00000000e1900000)
  object space 745984K, 87% used [0x00000000a4a00000,0x00000000cca52378,0x00000000d2280000)
 Metaspace       used 6707K, capacity 6950K, committed 7168K, reserved 1056768K
  class space    used 819K, capacity 935K, committed 1024K, reserved 1048576K
}
Event: 10.459 GC heap before
{Heap before GC invocations=23 (full 8):
 PSYoungGen      total 332800K, used 100849K [0x00000000e1900000, 0x0000000100000000, 0x0000000100000000)
  eden space 166912K, 0% used [0x00000000e1900000,0x00000000e1900000,0x00000000ebc00000)
  from space 165888K, 60% used [0x00000000ebc00000,0x00000000f1e7c518,0x00000000f5e00000)
  to   space 165888K, 0% used [0x00000000f5e00000,0x00000000f5e00000,0x0000000100000000)
 ParOldGen       total 745984K, used 655688K [0x00000000a4a00000, 0x00000000d2280000, 0x00000000e1900000)
  object space 745984K, 87% used [0x00000000a4a00000,0x00000000cca52378,0x00000000d2280000)
 Metaspace       used 6707K, capacity 6950K, committed 7168K, reserved 1056768K
  class space    used 819K, capacity 935K, committed 1024K, reserved 1048576K

Deoptimization events (1 events):
Event: 8.489 Thread 0x00007fceac110800 Uncommon trap: reason=unstable_if action=reinterpret pc=0x00007fcee51a1738 method=java.lang.String.replace(CC)Ljava/lang/String; @ 2

Internal exceptions (9 events):
Event: 0.351 Thread 0x00007fcef400a800 Exception <a 'java/lang/NoSuchMethodError': Method sun.misc.Unsafe.defineClass(Ljava/lang/String;[BII)Ljava/lang/Class; name or signature does not match> (0x00000000e1907c78) thrown at [/HUDSON3/workspace/8-2-build-linux-amd64/jdk8u111/7883/hotspot/src/sh
Event: 0.351 Thread 0x00007fcef400a800 Exception <a 'java/lang/NoSuchMethodError': Method sun.misc.Unsafe.prefetchRead(Ljava/lang/Object;J)V name or signature does not match> (0x00000000e1907f60) thrown at [/HUDSON3/workspace/8-2-build-linux-amd64/jdk8u111/7883/hotspot/src/share/vm/prims/jni.c
Event: 1.519 Thread 0x00007fcef400a800 Exception <a 'java/lang/NoSuchFieldError': method resolution failed> (0x00000000e1ba20a8) thrown at [/HUDSON3/workspace/8-2-build-linux-amd64/jdk8u111/7883/hotspot/src/share/vm/prims/methodHandles.cpp, line 1146]
Event: 1.523 Thread 0x00007fcef400a800 Exception <a 'java/lang/NoSuchFieldError': method resolution failed> (0x00000000e1baf428) thrown at [/HUDSON3/workspace/8-2-build-linux-amd64/jdk8u111/7883/hotspot/src/share/vm/prims/methodHandles.cpp, line 1146]
Event: 1.802 Thread 0x00007fcef4183000 Exception <a 'java/security/PrivilegedActionException'> (0x00000000e1c62288) thrown at [/HUDSON3/workspace/8-2-build-linux-amd64/jdk8u111/7883/hotspot/src/share/vm/prims/jvm.cpp, line 1386]
Event: 1.802 Thread 0x00007fcef4183000 Exception <a 'java/security/PrivilegedActionException'> (0x00000000e1c62498) thrown at [/HUDSON3/workspace/8-2-build-linux-amd64/jdk8u111/7883/hotspot/src/share/vm/prims/jvm.cpp, line 1386]
Event: 1.803 Thread 0x00007fcef4183000 Exception <a 'java/security/PrivilegedActionException'> (0x00000000e1c648d8) thrown at [/HUDSON3/workspace/8-2-build-linux-amd64/jdk8u111/7883/hotspot/src/share/vm/prims/jvm.cpp, line 1386]
Event: 1.803 Thread 0x00007fcef4183000 Exception <a 'java/security/PrivilegedActionException'> (0x00000000e1c64ae8) thrown at [/HUDSON3/workspace/8-2-build-linux-amd64/jdk8u111/7883/hotspot/src/share/vm/prims/jvm.cpp, line 1386]
Event: 1.804 Thread 0x00007fcef4183000 Exception <a 'java/lang/NullPointerException'> (0x00000000e1c650c0) thrown at [/HUDSON3/workspace/8-2-build-linux-amd64/jdk8u111/7883/hotspot/src/share/vm/interpreter/linkResolver.cpp, line 1178]

Events (10 events):
Event: 9.488 Executing VM operation: ParallelGCFailedAllocation done
Event: 9.549 Executing VM operation: ParallelGCFailedAllocation
Event: 9.773 Executing VM operation: ParallelGCFailedAllocation done
Event: 9.855 Executing VM operation: ParallelGCFailedAllocation
Event: 9.937 Executing VM operation: ParallelGCFailedAllocation done
Event: 10.009 Thread 0x00007fceac110800 DEOPT PACKING pc=0x00007fcee521a907 sp=0x00007fcea0b320d0
Event: 10.009 Thread 0x00007fceac110800 DEOPT UNPACKING pc=0x00007fcee5047233 sp=0x00007fcea0b31f08 mode 0
Event: 10.026 Executing VM operation: ParallelGCFailedAllocation
Event: 10.311 Executing VM operation: ParallelGCFailedAllocation done
Event: 10.376 Executing VM operation: ParallelGCFailedAllocation


Dynamic libraries:
00400000-00401000 r-xp 00000000 08:01 3550086                            /usr/lib/jvm/java-8-oracle/bin/java
00600000-00601000 rw-p 00000000 08:01 3550086                            /usr/lib/jvm/java-8-oracle/bin/java
00df0000-00e55000 rw-p 00000000 00:00 0                                  [heap]
a4a00000-d2280000 rw-p 00000000 00:00 0 
ddd00000-e1900000 ---p 00000000 00:00 0 
e1900000-100000000 rw-p 00000000 00:00 0 
100000000-100100000 rw-p 00000000 00:00 0 
100100000-140000000 ---p 00000000 00:00 0 
7fce9c000000-7fce9c021000 rw-p 00000000 00:00 0 
7fce9c021000-7fcea0000000 ---p 00000000 00:00 0 
7fcea0a34000-7fcea0a37000 ---p 00000000 00:00 0 
7fcea0a37000-7fcea0b35000 rw-p 00000000 00:00 0 
7fcea0b35000-7fcea0b38000 ---p 00000000 00:00 0 
7fcea0b38000-7fcea0c36000 rw-p 00000000 00:00 0 
7fcea0c36000-7fcea0c66000 r-xp 00000000 08:01 2888286                    /usr/lib/x86_64-linux-gnu/gtk-2.0/2.10.0/engines/libmurrine.so
7fcea0c66000-7fcea0e66000 ---p 00030000 08:01 2888286                    /usr/lib/x86_64-linux-gnu/gtk-2.0/2.10.0/engines/libmurrine.so
7fcea0e66000-7fcea0e67000 r--p 00030000 08:01 2888286                    /usr/lib/x86_64-linux-gnu/gtk-2.0/2.10.0/engines/libmurrine.so
7fcea0e67000-7fcea0e68000 rw-p 00031000 08:01 2888286                    /usr/lib/x86_64-linux-gnu/gtk-2.0/2.10.0/engines/libmurrine.so
7fcea0e68000-7fcea0e6b000 r-xp 00000000 08:01 2888279                    /usr/lib/x86_64-linux-gnu/gtk-2.0/2.10.0/engines/libadwaita.so
7fcea0e6b000-7fcea106a000 ---p 00003000 08:01 2888279                    /usr/lib/x86_64-linux-gnu/gtk-2.0/2.10.0/engines/libadwaita.so
7fcea106a000-7fcea106b000 r--p 00002000 08:01 2888279                    /usr/lib/x86_64-linux-gnu/gtk-2.0/2.10.0/engines/libadwaita.so
7fcea106b000-7fcea106c000 rw-p 00003000 08:01 2888279                    /usr/lib/x86_64-linux-gnu/gtk-2.0/2.10.0/engines/libadwaita.so
7fcea106c000-7fcea1076000 r-xp 00000000 08:01 2888287                    /usr/lib/x86_64-linux-gnu/gtk-2.0/2.10.0/engines/libpixmap.so
7fcea1076000-7fcea1275000 ---p 0000a000 08:01 2888287                    /usr/lib/x86_64-linux-gnu/gtk-2.0/2.10.0/engines/libpixmap.so
7fcea1275000-7fcea1276000 r--p 00009000 08:01 2888287                    /usr/lib/x86_64-linux-gnu/gtk-2.0/2.10.0/engines/libpixmap.so
7fcea1276000-7fcea1277000 rw-p 0000a000 08:01 2888287                    /usr/lib/x86_64-linux-gnu/gtk-2.0/2.10.0/engines/libpixmap.so
7fcea1277000-7fcea1289000 r-xp 00000000 08:01 2495064                    /lib/x86_64-linux-gnu/libgpg-error.so.0.17.0
7fcea1289000-7fcea1489000 ---p 00012000 08:01 2495064                    /lib/x86_64-linux-gnu/libgpg-error.so.0.17.0
7fcea1489000-7fcea148a000 r--p 00012000 08:01 2495064                    /lib/x86_64-linux-gnu/libgpg-error.so.0.17.0
7fcea148a000-7fcea148b000 rw-p 00013000 08:01 2495064                    /lib/x86_64-linux-gnu/libgpg-error.so.0.17.0
7fcea148b000-7fcea1563000 r-xp 00000000 08:01 2495060                    /lib/x86_64-linux-gnu/libgcrypt.so.20.0.5
7fcea1563000-7fcea1762000 ---p 000d8000 08:01 2495060                    /lib/x86_64-linux-gnu/libgcrypt.so.20.0.5
7fcea1762000-7fcea1763000 r--p 000d7000 08:01 2495060                    /lib/x86_64-linux-gnu/libgcrypt.so.20.0.5
7fcea1763000-7fcea176b000 rw-p 000d8000 08:01 2495060                    /lib/x86_64-linux-gnu/libgcrypt.so.20.0.5
7fcea176b000-7fcea176c000 rw-p 00000000 00:00 0 
7fcea176c000-7fcea178d000 r-xp 00000000 08:01 2495087                    /lib/x86_64-linux-gnu/liblzma.so.5.0.0
7fcea178d000-7fcea198c000 ---p 00021000 08:01 2495087                    /lib/x86_64-linux-gnu/liblzma.so.5.0.0
7fcea198c000-7fcea198d000 r--p 00020000 08:01 2495087                    /lib/x86_64-linux-gnu/liblzma.so.5.0.0
7fcea198d000-7fcea198e000 rw-p 00021000 08:01 2495087                    /lib/x86_64-linux-gnu/liblzma.so.5.0.0
7fcea198e000-7fcea1a0e000 r-xp 00000000 08:01 2494955                    /lib/x86_64-linux-gnu/libsystemd.so.0.14.0
7fcea1a0e000-7fcea1a11000 r--p 0007f000 08:01 2494955                    /lib/x86_64-linux-gnu/libsystemd.so.0.14.0
7fcea1a11000-7fcea1a12000 rw-p 00082000 08:01 2494955                    /lib/x86_64-linux-gnu/libsystemd.so.0.14.0
7fcea1a12000-7fcea1a13000 rw-p 00000000 00:00 0 
7fcea1a13000-7fcea1a5d000 r-xp 00000000 08:01 2495036                    /lib/x86_64-linux-gnu/libdbus-1.so.3.14.6
7fcea1a5d000-7fcea1c5d000 ---p 0004a000 08:01 2495036                    /lib/x86_64-linux-gnu/libdbus-1.so.3.14.6
7fcea1c5d000-7fcea1c5e000 r--p 0004a000 08:01 2495036                    /lib/x86_64-linux-gnu/libdbus-1.so.3.14.6
7fcea1c5e000-7fcea1c5f000 rw-p 0004b000 08:01 2495036                    /lib/x86_64-linux-gnu/libdbus-1.so.3.14.6
7fcea1c5f000-7fcea1c8b000 r-xp 00000000 08:01 2237976                    /usr/lib/x86_64-linux-gnu/libatspi.so.0.0.1
7fcea1c8b000-7fcea1e8a000 ---p 0002c000 08:01 2237976                    /usr/lib/x86_64-linux-gnu/libatspi.so.0.0.1
7fcea1e8a000-7fcea1e8d000 r--p 0002b000 08:01 2237976                    /usr/lib/x86_64-linux-gnu/libatspi.so.0.0.1
7fcea1e8d000-7fcea1e8e000 rw-p 0002e000 08:01 2237976                    /usr/lib/x86_64-linux-gnu/libatspi.so.0.0.1
7fcea1e8e000-7fcea1ebb000 r-xp 00000000 08:01 2237970                    /usr/lib/x86_64-linux-gnu/libatk-bridge-2.0.so.0.0.0
7fcea1ebb000-7fcea20ba000 ---p 0002d000 08:01 2237970                    /usr/lib/x86_64-linux-gnu/libatk-bridge-2.0.so.0.0.0
7fcea20ba000-7fcea20bb000 r--p 0002c000 08:01 2237970                    /usr/lib/x86_64-linux-gnu/libatk-bridge-2.0.so.0.0.0
7fcea20bb000-7fcea20bd000 rw-p 0002d000 08:01 2237970                    /usr/lib/x86_64-linux-gnu/libatk-bridge-2.0.so.0.0.0
7fcea20bd000-7fcea20be000 r-xp 00000000 08:01 2888305                    /usr/lib/x86_64-linux-gnu/gtk-2.0/modules/libatk-bridge.so
7fcea20be000-7fcea22bd000 ---p 00001000 08:01 2888305                    /usr/lib/x86_64-linux-gnu/gtk-2.0/modules/libatk-bridge.so
7fcea22bd000-7fcea22be000 r--p 00000000 08:01 2888305                    /usr/lib/x86_64-linux-gnu/gtk-2.0/modules/libatk-bridge.so
7fcea22be000-7fcea22bf000 rw-p 00001000 08:01 2888305                    /usr/lib/x86_64-linux-gnu/gtk-2.0/modules/libatk-bridge.so
7fcea22bf000-7fcea22c6000 r-xp 00000000 08:01 2238324                    /usr/lib/x86_64-linux-gnu/libgailutil.so.18.0.1
7fcea22c6000-7fcea24c5000 ---p 00007000 08:01 2238324                    /usr/lib/x86_64-linux-gnu/libgailutil.so.18.0.1
7fcea24c5000-7fcea24c6000 r--p 00006000 08:01 2238324                    /usr/lib/x86_64-linux-gnu/libgailutil.so.18.0.1
7fcea24c6000-7fcea24c7000 rw-p 00007000 08:01 2238324                    /usr/lib/x86_64-linux-gnu/libgailutil.so.18.0.1
7fcea24ef000-7fcea253d000 r-xp 00000000 08:01 2888308                    /usr/lib/x86_64-linux-gnu/gtk-2.0/modules/libgail.so
7fcea253d000-7fcea273c000 ---p 0004e000 08:01 2888308                    /usr/lib/x86_64-linux-gnu/gtk-2.0/modules/libgail.so
7fcea273c000-7fcea273d000 r--p 0004d000 08:01 2888308                    /usr/lib/x86_64-linux-gnu/gtk-2.0/modules/libgail.so
7fcea273d000-7fcea273f000 rw-p 0004e000 08:01 2888308                    /usr/lib/x86_64-linux-gnu/gtk-2.0/modules/libgail.so
7fcea273f000-7fcea2769000 r--p 00000000 08:01 3281566                    /usr/share/locale-langpack/es/LC_MESSAGES/gtk20-properties.mo
7fcea2769000-7fcea2792000 r-xp 00000000 08:01 4197255                    /usr/lib/jvm/java-8-oracle/jre/lib/amd64/libglass.so
7fcea2792000-7fcea2991000 ---p 00029000 08:01 4197255                    /usr/lib/jvm/java-8-oracle/jre/lib/amd64/libglass.so
7fcea2991000-7fcea2994000 rw-p 00028000 08:01 4197255                    /usr/lib/jvm/java-8-oracle/jre/lib/amd64/libglass.so
7fcea2994000-7fcea29cb000 r-xp 00000000 08:01 2239138                    /usr/lib/x86_64-linux-gnu/libtxc_dxtn_s2tc.so.0.0.0
7fcea29cb000-7fcea2bca000 ---p 00037000 08:01 2239138                    /usr/lib/x86_64-linux-gnu/libtxc_dxtn_s2tc.so.0.0.0
7fcea2bca000-7fcea2bcb000 r--p 00036000 08:01 2239138                    /usr/lib/x86_64-linux-gnu/libtxc_dxtn_s2tc.so.0.0.0
7fcea2bcb000-7fcea2bcc000 rw-p 00037000 08:01 2239138                    /usr/lib/x86_64-linux-gnu/libtxc_dxtn_s2tc.so.0.0.0
7fcea2bcd000-7fcea2bd5000 rw-s 00000000 00:05 805304                     /drm mm object (deleted)
7fcea2bd5000-7fcea2bdd000 rw-s 00000000 00:05 804243                     /drm mm object (deleted)
7fcea2bdd000-7fcea2bec000 r--p 00000000 08:01 3281728                    /usr/share/locale-langpack/es/LC_MESSAGES/gtk20.mo
7fcea2bec000-7fcea2bf4000 rw-s 00000000 00:05 805284                     /drm mm object (deleted)
7fcea2bf4000-7fcea2bfb000 r--s 00000000 08:01 2887731                    /usr/lib/x86_64-linux-gnu/gconv/gconv-modules.cache
7fcea2bfb000-7fcea2c03000 r-xp 00000000 08:01 2238900                    /usr/lib/x86_64-linux-gnu/libpciaccess.so.0.11.1
7fcea2c03000-7fcea2e03000 ---p 00008000 08:01 2238900                    /usr/lib/x86_64-linux-gnu/libpciaccess.so.0.11.1
7fcea2e03000-7fcea2e04000 r--p 00008000 08:01 2238900                    /usr/lib/x86_64-linux-gnu/libpciaccess.so.0.11.1
7fcea2e04000-7fcea2e05000 rw-p 00009000 08:01 2238900                    /usr/lib/x86_64-linux-gnu/libpciaccess.so.0.11.1
7fcea2e05000-7fcea2e10000 r-xp 00000000 08:01 2238191                    /usr/lib/x86_64-linux-gnu/libdrm_radeon.so.1.0.1
7fcea2e10000-7fcea300f000 ---p 0000b000 08:01 2238191                    /usr/lib/x86_64-linux-gnu/libdrm_radeon.so.1.0.1
7fcea300f000-7fcea3010000 r--p 0000a000 08:01 2238191                    /usr/lib/x86_64-linux-gnu/libdrm_radeon.so.1.0.1
7fcea3010000-7fcea3011000 rw-p 0000b000 08:01 2238191                    /usr/lib/x86_64-linux-gnu/libdrm_radeon.so.1.0.1
7fcea3011000-7fcea3018000 r-xp 00000000 08:01 2238189                    /usr/lib/x86_64-linux-gnu/libdrm_nouveau.so.2.0.0
7fcea3018000-7fcea3217000 ---p 00007000 08:01 2238189                    /usr/lib/x86_64-linux-gnu/libdrm_nouveau.so.2.0.0
7fcea3217000-7fcea3218000 r--p 00006000 08:01 2238189                    /usr/lib/x86_64-linux-gnu/libdrm_nouveau.so.2.0.0
7fcea3218000-7fcea3219000 rw-p 00007000 08:01 2238189                    /usr/lib/x86_64-linux-gnu/libdrm_nouveau.so.2.0.0
7fcea3219000-7fcea3239000 r-xp 00000000 08:01 2238187                    /usr/lib/x86_64-linux-gnu/libdrm_intel.so.1.0.0
7fcea3239000-7fcea3438000 ---p 00020000 08:01 2238187                    /usr/lib/x86_64-linux-gnu/libdrm_intel.so.1.0.0
7fcea3438000-7fcea3439000 r--p 0001f000 08:01 2238187                    /usr/lib/x86_64-linux-gnu/libdrm_intel.so.1.0.0
7fcea3439000-7fcea343a000 rw-p 00020000 08:01 2238187                    /usr/lib/x86_64-linux-gnu/libdrm_intel.so.1.0.0
7fcea343a000-7fcea3a3f000 r-xp 00000000 08:01 2887134                    /usr/lib/x86_64-linux-gnu/dri/i965_dri.so
7fcea3a3f000-7fcea3c3f000 ---p 00605000 08:01 2887134                    /usr/lib/x86_64-linux-gnu/dri/i965_dri.so
7fcea3c3f000-7fcea3c75000 r--p 00605000 08:01 2887134                    /usr/lib/x86_64-linux-gnu/dri/i965_dri.so
7fcea3c75000-7fcea3c7c000 rw-p 0063b000 08:01 2887134                    /usr/lib/x86_64-linux-gnu/dri/i965_dri.so
7fcea3c7c000-7fcea3c84000 rw-p 00000000 00:00 0 
7fcea3c84000-7fcea3c8a000 r-xp 00000000 08:01 2238135                    /usr/lib/x86_64-linux-gnu/libdatrie.so.1.3.3
7fcea3c8a000-7fcea3e8a000 ---p 00006000 08:01 2238135                    /usr/lib/x86_64-linux-gnu/libdatrie.so.1.3.3
7fcea3e8a000-7fcea3e8b000 r--p 00006000 08:01 2238135                    /usr/lib/x86_64-linux-gnu/libdatrie.so.1.3.3
7fcea3e8b000-7fcea3e8c000 rw-p 00007000 08:01 2238135                    /usr/lib/x86_64-linux-gnu/libdatrie.so.1.3.3
7fcea3e8c000-7fcea3e91000 r-xp 00000000 08:01 2237880                    /usr/lib/x86_64-linux-gnu/libXdmcp.so.6.0.0
7fcea3e91000-7fcea4090000 ---p 00005000 08:01 2237880                    /usr/lib/x86_64-linux-gnu/libXdmcp.so.6.0.0
7fcea4090000-7fcea4091000 r--p 00004000 08:01 2237880                    /usr/lib/x86_64-linux-gnu/libXdmcp.so.6.0.0
7fcea4091000-7fcea4092000 rw-p 00005000 08:01 2237880                    /usr/lib/x86_64-linux-gnu/libXdmcp.so.6.0.0
7fcea4092000-7fcea4094000 r-xp 00000000 08:01 2237869                    /usr/lib/x86_64-linux-gnu/libXau.so.6.0.0
7fcea4094000-7fcea4294000 ---p 00002000 08:01 2237869                    /usr/lib/x86_64-linux-gnu/libXau.so.6.0.0
7fcea4294000-7fcea4295000 r--p 00002000 08:01 2237869                    /usr/lib/x86_64-linux-gnu/libXau.so.6.0.0
7fcea4295000-7fcea4296000 rw-p 00003000 08:01 2237869                    /usr/lib/x86_64-linux-gnu/libXau.so.6.0.0
7fcea4296000-7fcea42b9000 r-xp 00000000 08:01 2238444                    /usr/lib/x86_64-linux-gnu/libgraphite2.so.3.0.1
7fcea42b9000-7fcea44b8000 ---p 00023000 08:01 2238444                    /usr/lib/x86_64-linux-gnu/libgraphite2.so.3.0.1
7fcea44b8000-7fcea44ba000 r--p 00022000 08:01 2238444                    /usr/lib/x86_64-linux-gnu/libgraphite2.so.3.0.1
7fcea44ba000-7fcea44bb000 rw-p 00024000 08:01 2238444                    /usr/lib/x86_64-linux-gnu/libgraphite2.so.3.0.1
7fcea44bb000-7fcea44c9000 r-xp 00000000 08:01 2238183                    /usr/lib/x86_64-linux-gnu/libdrm.so.2.4.0
7fcea44c9000-7fcea46c8000 ---p 0000e000 08:01 2238183                    /usr/lib/x86_64-linux-gnu/libdrm.so.2.4.0
7fcea46c8000-7fcea46c9000 r--p 0000d000 08:01 2238183                    /usr/lib/x86_64-linux-gnu/libdrm.so.2.4.0
7fcea46c9000-7fcea46ca000 rw-p 0000e000 08:01 2238183                    /usr/lib/x86_64-linux-gnu/libdrm.so.2.4.0
7fcea46ca000-7fcea46ce000 r-xp 00000000 08:01 2239283                    /usr/lib/x86_64-linux-gnu/libxcb-dri2.so.0.0.0
7fcea46ce000-7fcea48cd000 ---p 00004000 08:01 2239283                    /usr/lib/x86_64-linux-gnu/libxcb-dri2.so.0.0.0
7fcea48cd000-7fcea48ce000 r--p 00003000 08:01 2239283                    /usr/lib/x86_64-linux-gnu/libxcb-dri2.so.0.0.0
7fcea48ce000-7fcea48cf000 rw-p 00004000 08:01 2239283                    /usr/lib/x86_64-linux-gnu/libxcb-dri2.so.0.0.0
7fcea48cf000-7fcea48e6000 r-xp 00000000 08:01 2239287                    /usr/lib/x86_64-linux-gnu/libxcb-glx.so.0.0.0
7fcea48e6000-7fcea4ae5000 ---p 00017000 08:01 2239287                    /usr/lib/x86_64-linux-gnu/libxcb-glx.so.0.0.0
7fcea4ae5000-7fcea4ae7000 r--p 00016000 08:01 2239287                    /usr/lib/x86_64-linux-gnu/libxcb-glx.so.0.0.0
7fcea4ae7000-7fcea4ae8000 rw-p 00018000 08:01 2239287                    /usr/lib/x86_64-linux-gnu/libxcb-glx.so.0.0.0
7fcea4ae8000-7fcea4ae9000 r-xp 00000000 08:01 2237863                    /usr/lib/x86_64-linux-gnu/libX11-xcb.so.1.0.0
7fcea4ae9000-7fcea4ce8000 ---p 00001000 08:01 2237863                    /usr/lib/x86_64-linux-gnu/libX11-xcb.so.1.0.0
7fcea4ce8000-7fcea4ce9000 r--p 00000000 08:01 2237863                    /usr/lib/x86_64-linux-gnu/libX11-xcb.so.1.0.0
7fcea4ce9000-7fcea4cea000 rw-p 00001000 08:01 2237863                    /usr/lib/x86_64-linux-gnu/libX11-xcb.so.1.0.0
7fcea4cea000-7fcea4d13000 r-xp 00000000 08:01 2238394                    /usr/lib/x86_64-linux-gnu/libglapi.so.0.0.0
7fcea4d13000-7fcea4f12000 ---p 00029000 08:01 2238394                    /usr/lib/x86_64-linux-gnu/libglapi.so.0.0.0
7fcea4f12000-7fcea4f16000 r--p 00028000 08:01 2238394                    /usr/lib/x86_64-linux-gnu/libglapi.so.0.0.0
7fcea4f16000-7fcea4f17000 rw-p 0002c000 08:01 2238394                    /usr/lib/x86_64-linux-gnu/libglapi.so.0.0.0
7fcea4f17000-7fcea4f18000 rw-p 00000000 00:00 0 
7fcea4f18000-7fcea4f19000 r-xp 00000000 08:01 2239333                    /usr/lib/x86_64-linux-gnu/libxshmfence.so.1.0.0
7fcea4f19000-7fcea5119000 ---p 00001000 08:01 2239333                    /usr/lib/x86_64-linux-gnu/libxshmfence.so.1.0.0
7fcea5119000-7fcea511a000 r--p 00001000 08:01 2239333                    /usr/lib/x86_64-linux-gnu/libxshmfence.so.1.0.0
7fcea511a000-7fcea511b000 rw-p 00002000 08:01 2239333                    /usr/lib/x86_64-linux-gnu/libxshmfence.so.1.0.0
7fcea511b000-7fcea5120000 r-xp 00000000 08:01 2239307                    /usr/lib/x86_64-linux-gnu/libxcb-sync.so.1.0.0
7fcea5120000-7fcea5320000 ---p 00005000 08:01 2239307                    /usr/lib/x86_64-linux-gnu/libxcb-sync.so.1.0.0
7fcea5320000-7fcea5321000 r--p 00005000 08:01 2239307                    /usr/lib/x86_64-linux-gnu/libxcb-sync.so.1.0.0
7fcea5321000-7fcea5322000 rw-p 00006000 08:01 2239307                    /usr/lib/x86_64-linux-gnu/libxcb-sync.so.1.0.0
7fcea5322000-7fcea5324000 r-xp 00000000 08:01 2239295                    /usr/lib/x86_64-linux-gnu/libxcb-present.so.0.0.0
7fcea5324000-7fcea5523000 ---p 00002000 08:01 2239295                    /usr/lib/x86_64-linux-gnu/libxcb-present.so.0.0.0
7fcea5523000-7fcea5524000 r--p 00001000 08:01 2239295                    /usr/lib/x86_64-linux-gnu/libxcb-present.so.0.0.0
7fcea5524000-7fcea5525000 rw-p 00002000 08:01 2239295                    /usr/lib/x86_64-linux-gnu/libxcb-present.so.0.0.0
7fcea5525000-7fcea5527000 r-xp 00000000 08:01 2239285                    /usr/lib/x86_64-linux-gnu/libxcb-dri3.so.0.0.0
7fcea5527000-7fcea5726000 ---p 00002000 08:01 2239285                    /usr/lib/x86_64-linux-gnu/libxcb-dri3.so.0.0.0
7fcea5726000-7fcea5727000 r--p 00001000 08:01 2239285                    /usr/lib/x86_64-linux-gnu/libxcb-dri3.so.0.0.0
7fcea5727000-7fcea5728000 rw-p 00002000 08:01 2239285                    /usr/lib/x86_64-linux-gnu/libxcb-dri3.so.0.0.0
7fcea5728000-7fcea5796000 r-xp 00000000 08:01 2495149                    /lib/x86_64-linux-gnu/libpcre.so.3.13.2
7fcea5796000-7fcea5996000 ---p 0006e000 08:01 2495149                    /lib/x86_64-linux-gnu/libpcre.so.3.13.2
7fcea5996000-7fcea5997000 r--p 0006e000 08:01 2495149                    /lib/x86_64-linux-gnu/libpcre.so.3.13.2
7fcea5997000-7fcea5998000 rw-p 0006f000 08:01 2495149                    /lib/x86_64-linux-gnu/libpcre.so.3.13.2
7fcea5998000-7fcea599f000 r-xp 00000000 08:01 2238258                    /usr/lib/x86_64-linux-gnu/libffi.so.6.0.4
7fcea599f000-7fcea5b9e000 ---p 00007000 08:01 2238258                    /usr/lib/x86_64-linux-gnu/libffi.so.6.0.4
7fcea5b9e000-7fcea5b9f000 r--p 00006000 08:01 2238258                    /usr/lib/x86_64-linux-gnu/libffi.so.6.0.4
7fcea5b9f000-7fcea5ba0000 rw-p 00007000 08:01 2238258                    /usr/lib/x86_64-linux-gnu/libffi.so.6.0.4
7fcea5ba0000-7fcea5bc6000 r-xp 00000000 08:01 2495051                    /lib/x86_64-linux-gnu/libexpat.so.1.6.0
7fcea5bc6000-7fcea5dc6000 ---p 00026000 08:01 2495051                    /lib/x86_64-linux-gnu/libexpat.so.1.6.0
7fcea5dc6000-7fcea5dc8000 r--p 00026000 08:01 2495051                    /lib/x86_64-linux-gnu/libexpat.so.1.6.0
7fcea5dc8000-7fcea5dc9000 rw-p 00028000 08:01 2495051                    /lib/x86_64-linux-gnu/libexpat.so.1.6.0
7fcea5dc9000-7fcea5dd1000 r-xp 00000000 08:01 2239115                    /usr/lib/x86_64-linux-gnu/libthai.so.0.2.4
7fcea5dd1000-7fcea5fd0000 ---p 00008000 08:01 2239115                    /usr/lib/x86_64-linux-gnu/libthai.so.0.2.4
7fcea5fd0000-7fcea5fd1000 r--p 00007000 08:01 2239115                    /usr/lib/x86_64-linux-gnu/libthai.so.0.2.4
7fcea5fd1000-7fcea5fd2000 rw-p 00008000 08:01 2239115                    /usr/lib/x86_64-linux-gnu/libthai.so.0.2.4
7fcea5fd2000-7fcea5ff3000 r-xp 00000000 08:01 2239315                    /usr/lib/x86_64-linux-gnu/libxcb.so.1.1.0
7fcea5ff3000-7fcea61f2000 ---p 00021000 08:01 2239315                    /usr/lib/x86_64-linux-gnu/libxcb.so.1.1.0
7fcea61f2000-7fcea61f3000 r--p 00020000 08:01 2239315                    /usr/lib/x86_64-linux-gnu/libxcb.so.1.1.0
7fcea61f3000-7fcea61f4000 rw-p 00021000 08:01 2239315                    /usr/lib/x86_64-linux-gnu/libxcb.so.1.1.0
7fcea61f4000-7fcea61fc000 r-xp 00000000 08:01 2239301                    /usr/lib/x86_64-linux-gnu/libxcb-render.so.0.0.0
7fcea61fc000-7fcea63fc000 ---p 00008000 08:01 2239301                    /usr/lib/x86_64-linux-gnu/libxcb-render.so.0.0.0
7fcea63fc000-7fcea63fd000 r--p 00008000 08:01 2239301                    /usr/lib/x86_64-linux-gnu/libxcb-render.so.0.0.0
7fcea63fd000-7fcea63fe000 rw-p 00009000 08:01 2239301                    /usr/lib/x86_64-linux-gnu/libxcb-render.so.0.0.0
7fcea63fe000-7fcea6400000 r-xp 00000000 08:01 2239305                    /usr/lib/x86_64-linux-gnu/libxcb-shm.so.0.0.0
7fcea6400000-7fcea6600000 ---p 00002000 08:01 2239305                    /usr/lib/x86_64-linux-gnu/libxcb-shm.so.0.0.0
7fcea6600000-7fcea6601000 r--p 00002000 08:01 2239305                    /usr/lib/x86_64-linux-gnu/libxcb-shm.so.0.0.0
7fcea6601000-7fcea6602000 rw-p 00003000 08:01 2239305                    /usr/lib/x86_64-linux-gnu/libxcb-shm.so.0.0.0
7fcea6602000-7fcea6626000 r-xp 00000000 08:01 2495161                    /lib/x86_64-linux-gnu/libpng12.so.0.54.0
7fcea6626000-7fcea6825000 ---p 00024000 08:01 2495161                    /lib/x86_64-linux-gnu/libpng12.so.0.54.0
7fcea6825000-7fcea6826000 r--p 00023000 08:01 2495161                    /lib/x86_64-linux-gnu/libpng12.so.0.54.0
7fcea6826000-7fcea6827000 rw-p 00024000 08:01 2495161                    /lib/x86_64-linux-gnu/libpng12.so.0.54.0
7fcea6827000-7fcea68c6000 r-xp 00000000 08:01 2238914                    /usr/lib/x86_64-linux-gnu/libpixman-1.so.0.33.6
7fcea68c6000-7fcea6ac6000 ---p 0009f000 08:01 2238914                    /usr/lib/x86_64-linux-gnu/libpixman-1.so.0.33.6
7fcea6ac6000-7fcea6ace000 r--p 0009f000 08:01 2238914                    /usr/lib/x86_64-linux-gnu/libpixman-1.so.0.33.6
7fcea6ace000-7fcea6acf000 rw-p 000a7000 08:01 2238914                    /usr/lib/x86_64-linux-gnu/libpixman-1.so.0.33.6
7fcea6acf000-7fcea6b2b000 r-xp 00000000 08:01 2238577                    /usr/lib/x86_64-linux-gnu/libharfbuzz.so.0.10000.1
7fcea6b2b000-7fcea6d2b000 ---p 0005c000 08:01 2238577                    /usr/lib/x86_64-linux-gnu/libharfbuzz.so.0.10000.1
7fcea6d2b000-7fcea6d2c000 r--p 0005c000 08:01 2238577                    /usr/lib/x86_64-linux-gnu/libharfbuzz.so.0.10000.1
7fcea6d2c000-7fcea6d2d000 rw-p 0005d000 08:01 2238577                    /usr/lib/x86_64-linux-gnu/libharfbuzz.so.0.10000.1
7fcea6d2d000-7fcea6d44000 r-xp 00000000 08:01 2495172                    /lib/x86_64-linux-gnu/libresolv-2.23.so
7fcea6d44000-7fcea6f44000 ---p 00017000 08:01 2495172                    /lib/x86_64-linux-gnu/libresolv-2.23.so
7fcea6f44000-7fcea6f45000 r--p 00017000 08:01 2495172                    /lib/x86_64-linux-gnu/libresolv-2.23.so
7fcea6f45000-7fcea6f46000 rw-p 00018000 08:01 2495172                    /lib/x86_64-linux-gnu/libresolv-2.23.so
7fcea6f46000-7fcea6f48000 rw-p 00000000 00:00 0 
7fcea6f48000-7fcea6f67000 r-xp 00000000 08:01 2495178                    /lib/x86_64-linux-gnu/libselinux.so.1
7fcea6f67000-7fcea7166000 ---p 0001f000 08:01 2495178                    /lib/x86_64-linux-gnu/libselinux.so.1
7fcea7166000-7fcea7167000 r--p 0001e000 08:01 2495178                    /lib/x86_64-linux-gnu/libselinux.so.1
7fcea7167000-7fcea7168000 rw-p 0001f000 08:01 2495178                    /lib/x86_64-linux-gnu/libselinux.so.1
7fcea7168000-7fcea716a000 rw-p 00000000 00:00 0 
7fcea716a000-7fcea7183000 r-xp 00000000 08:01 2495211                    /lib/x86_64-linux-gnu/libz.so.1.2.8
7fcea7183000-7fcea7382000 ---p 00019000 08:01 2495211                    /lib/x86_64-linux-gnu/libz.so.1.2.8
7fcea7382000-7fcea7383000 r--p 00018000 08:01 2495211                    /lib/x86_64-linux-gnu/libz.so.1.2.8
7fcea7383000-7fcea7384000 rw-p 00019000 08:01 2495211                    /lib/x86_64-linux-gnu/libz.so.1.2.8
7fcea7384000-7fcea7395000 r-xp 00000000 08:01 2237882                    /usr/lib/x86_64-linux-gnu/libXext.so.6.4.0
7fcea7395000-7fcea7594000 ---p 00011000 08:01 2237882                    /usr/lib/x86_64-linux-gnu/libXext.so.6.4.0
7fcea7594000-7fcea7595000 r--p 00010000 08:01 2237882                    /usr/lib/x86_64-linux-gnu/libXext.so.6.4.0
7fcea7595000-7fcea7596000 rw-p 00011000 08:01 2237882                    /usr/lib/x86_64-linux-gnu/libXext.so.6.4.0
7fcea7596000-7fcea7598000 r-xp 00000000 08:01 2237878                    /usr/lib/x86_64-linux-gnu/libXdamage.so.1.1.0
7fcea7598000-7fcea7797000 ---p 00002000 08:01 2237878                    /usr/lib/x86_64-linux-gnu/libXdamage.so.1.1.0
7fcea7797000-7fcea7798000 r--p 00001000 08:01 2237878                    /usr/lib/x86_64-linux-gnu/libXdamage.so.1.1.0
7fcea7798000-7fcea7799000 rw-p 00002000 08:01 2237878                    /usr/lib/x86_64-linux-gnu/libXdamage.so.1.1.0
7fcea7799000-7fcea779b000 r-xp 00000000 08:01 2237874                    /usr/lib/x86_64-linux-gnu/libXcomposite.so.1.0.0
7fcea779b000-7fcea799a000 ---p 00002000 08:01 2237874                    /usr/lib/x86_64-linux-gnu/libXcomposite.so.1.0.0
7fcea799a000-7fcea799b000 r--p 00001000 08:01 2237874                    /usr/lib/x86_64-linux-gnu/libXcomposite.so.1.0.0
7fcea799b000-7fcea799c000 rw-p 00002000 08:01 2237874                    /usr/lib/x86_64-linux-gnu/libXcomposite.so.1.0.0
7fcea799c000-7fcea79a5000 r-xp 00000000 08:01 2237876                    /usr/lib/x86_64-linux-gnu/libXcursor.so.1.0.2
7fcea79a5000-7fcea7ba4000 ---p 00009000 08:01 2237876                    /usr/lib/x86_64-linux-gnu/libXcursor.so.1.0.2
7fcea7ba4000-7fcea7ba5000 r--p 00008000 08:01 2237876                    /usr/lib/x86_64-linux-gnu/libXcursor.so.1.0.2
7fcea7ba5000-7fcea7ba6000 rw-p 00009000 08:01 2237876                    /usr/lib/x86_64-linux-gnu/libXcursor.so.1.0.2
7fcea7ba6000-7fcea7bb0000 r-xp 00000000 08:01 2237900                    /usr/lib/x86_64-linux-gnu/libXrandr.so.2.2.0
7fcea7bb0000-7fcea7daf000 ---p 0000a000 08:01 2237900                    /usr/lib/x86_64-linux-gnu/libXrandr.so.2.2.0
7fcea7daf000-7fcea7db0000 r--p 00009000 08:01 2237900                    /usr/lib/x86_64-linux-gnu/libXrandr.so.2.2.0
7fcea7db0000-7fcea7db1000 rw-p 0000a000 08:01 2237900                    /usr/lib/x86_64-linux-gnu/libXrandr.so.2.2.0
7fcea7db1000-7fcea7dc0000 r-xp 00000000 08:01 2237890                    /usr/lib/x86_64-linux-gnu/libXi.so.6.1.0
7fcea7dc0000-7fcea7fbf000 ---p 0000f000 08:01 2237890                    /usr/lib/x86_64-linux-gnu/libXi.so.6.1.0
7fcea7fbf000-7fcea7fc0000 r--p 0000e000 08:01 2237890                    /usr/lib/x86_64-linux-gnu/libXi.so.6.1.0
7fcea7fc0000-7fcea7fc1000 rw-p 0000f000 08:01 2237890                    /usr/lib/x86_64-linux-gnu/libXi.so.6.1.0
7fcea7fc1000-7fcea7fc3000 r-xp 00000000 08:01 2237892                    /usr/lib/x86_64-linux-gnu/libXinerama.so.1.0.0
7fcea7fc3000-7fcea81c2000 ---p 00002000 08:01 2237892                    /usr/lib/x86_64-linux-gnu/libXinerama.so.1.0.0
7fcea81c2000-7fcea81c3000 r--p 00001000 08:01 2237892                    /usr/lib/x86_64-linux-gnu/libXinerama.so.1.0.0
7fcea81c3000-7fcea81c4000 rw-p 00002000 08:01 2237892                    /usr/lib/x86_64-linux-gnu/libXinerama.so.1.0.0
7fcea81c4000-7fcea81cd000 r-xp 00000000 08:01 2237902                    /usr/lib/x86_64-linux-gnu/libXrender.so.1.3.0
7fcea81cd000-7fcea83cc000 ---p 00009000 08:01 2237902                    /usr/lib/x86_64-linux-gnu/libXrender.so.1.3.0
7fcea83cc000-7fcea83cd000 r--p 00008000 08:01 2237902                    /usr/lib/x86_64-linux-gnu/libXrender.so.1.3.0
7fcea83cd000-7fcea83ce000 rw-p 00009000 08:01 2237902                    /usr/lib/x86_64-linux-gnu/libXrender.so.1.3.0
7fcea83ce000-7fcea83d3000 r-xp 00000000 08:01 2237884                    /usr/lib/x86_64-linux-gnu/libXfixes.so.3.1.0
7fcea83d3000-7fcea85d2000 ---p 00005000 08:01 2237884                    /usr/lib/x86_64-linux-gnu/libXfixes.so.3.1.0
7fcea85d2000-7fcea85d3000 r--p 00004000 08:01 2237884                    /usr/lib/x86_64-linux-gnu/libXfixes.so.3.1.0
7fcea85d3000-7fcea85d4000 rw-p 00005000 08:01 2237884                    /usr/lib/x86_64-linux-gnu/libXfixes.so.3.1.0
7fcea85d4000-7fcea85ea000 r-xp 00000000 08:01 2495058                    /lib/x86_64-linux-gnu/libgcc_s.so.1
7fcea85ea000-7fcea87e9000 ---p 00016000 08:01 2495058                    /lib/x86_64-linux-gnu/libgcc_s.so.1
7fcea87e9000-7fcea87ea000 rw-p 00015000 08:01 2495058                    /lib/x86_64-linux-gnu/libgcc_s.so.1
7fcea87ea000-7fcea895c000 r-xp 00000000 08:01 2239096                    /usr/lib/x86_64-linux-gnu/libstdc++.so.6.0.21
7fcea895c000-7fcea8b5c000 ---p 00172000 08:01 2239096                    /usr/lib/x86_64-linux-gnu/libstdc++.so.6.0.21
7fcea8b5c000-7fcea8b66000 r--p 00172000 08:01 2239096                    /usr/lib/x86_64-linux-gnu/libstdc++.so.6.0.21
7fcea8b66000-7fcea8b68000 rw-p 0017c000 08:01 2239096                    /usr/lib/x86_64-linux-gnu/libstdc++.so.6.0.21
7fcea8b68000-7fcea8b6c000 rw-p 00000000 00:00 0 
7fcea8b6c000-7fcea8bd9000 r-xp 00000000 08:01 2888802                    /usr/lib/x86_64-linux-gnu/mesa/libGL.so.1.2.0
7fcea8bd9000-7fcea8dd8000 ---p 0006d000 08:01 2888802                    /usr/lib/x86_64-linux-gnu/mesa/libGL.so.1.2.0
7fcea8dd8000-7fcea8ddb000 r--p 0006c000 08:01 2888802                    /usr/lib/x86_64-linux-gnu/mesa/libGL.so.1.2.0
7fcea8ddb000-7fcea8ddc000 rw-p 0006f000 08:01 2888802                    /usr/lib/x86_64-linux-gnu/mesa/libGL.so.1.2.0
7fcea8ddc000-7fcea8ddd000 rw-p 00000000 00:00 0 
7fcea8ddd000-7fcea8de2000 r-xp 00000000 08:01 2237918                    /usr/lib/x86_64-linux-gnu/libXxf86vm.so.1.0.0
7fcea8de2000-7fcea8fe1000 ---p 00005000 08:01 2237918                    /usr/lib/x86_64-linux-gnu/libXxf86vm.so.1.0.0
7fcea8fe1000-7fcea8fe2000 r--p 00004000 08:01 2237918                    /usr/lib/x86_64-linux-gnu/libXxf86vm.so.1.0.0
7fcea8fe2000-7fcea8fe3000 rw-p 00005000 08:01 2237918                    /usr/lib/x86_64-linux-gnu/libXxf86vm.so.1.0.0
7fcea8fe3000-7fcea9118000 r-xp 00000000 08:01 2237865                    /usr/lib/x86_64-linux-gnu/libX11.so.6.3.0
7fcea9118000-7fcea9318000 ---p 00135000 08:01 2237865                    /usr/lib/x86_64-linux-gnu/libX11.so.6.3.0
7fcea9318000-7fcea9319000 r--p 00135000 08:01 2237865                    /usr/lib/x86_64-linux-gnu/libX11.so.6.3.0
7fcea9319000-7fcea931d000 rw-p 00136000 08:01 2237865                    /usr/lib/x86_64-linux-gnu/libX11.so.6.3.0
7fcea931d000-7fcea9322000 r-xp 00000000 08:01 2237908                    /usr/lib/x86_64-linux-gnu/libXtst.so.6.1.0
7fcea9322000-7fcea9521000 ---p 00005000 08:01 2237908                    /usr/lib/x86_64-linux-gnu/libXtst.so.6.1.0
7fcea9521000-7fcea9522000 r--p 00004000 08:01 2237908                    /usr/lib/x86_64-linux-gnu/libXtst.so.6.1.0
7fcea9522000-7fcea9523000 rw-p 00005000 08:01 2237908                    /usr/lib/x86_64-linux-gnu/libXtst.so.6.1.0
7fcea9523000-7fcea9632000 r-xp 00000000 08:01 2495062                    /lib/x86_64-linux-gnu/libglib-2.0.so.0.4800.1
7fcea9632000-7fcea9831000 ---p 0010f000 08:01 2495062                    /lib/x86_64-linux-gnu/libglib-2.0.so.0.4800.1
7fcea9831000-7fcea9832000 r--p 0010e000 08:01 2495062                    /lib/x86_64-linux-gnu/libglib-2.0.so.0.4800.1
7fcea9832000-7fcea9833000 rw-p 0010f000 08:01 2495062                    /lib/x86_64-linux-gnu/libglib-2.0.so.0.4800.1
7fcea9833000-7fcea9834000 rw-p 00000000 00:00 0 
7fcea9834000-7fcea9835000 r-xp 00000000 08:01 2238540                    /usr/lib/x86_64-linux-gnu/libgthread-2.0.so.0.4800.1
7fcea9835000-7fcea9a34000 ---p 00001000 08:01 2238540                    /usr/lib/x86_64-linux-gnu/libgthread-2.0.so.0.4800.1
7fcea9a34000-7fcea9a35000 r--p 00000000 08:01 2238540                    /usr/lib/x86_64-linux-gnu/libgthread-2.0.so.0.4800.1
7fcea9a35000-7fcea9a36000 rw-p 00001000 08:01 2238540                    /usr/lib/x86_64-linux-gnu/libgthread-2.0.so.0.4800.1
7fcea9a36000-7fcea9a39000 r-xp 00000000 08:01 2238402                    /usr/lib/x86_64-linux-gnu/libgmodule-2.0.so.0.4800.1
7fcea9a39000-7fcea9c38000 ---p 00003000 08:01 2238402                    /usr/lib/x86_64-linux-gnu/libgmodule-2.0.so.0.4800.1
7fcea9c38000-7fcea9c39000 r--p 00002000 08:01 2238402                    /usr/lib/x86_64-linux-gnu/libgmodule-2.0.so.0.4800.1
7fcea9c39000-7fcea9c3a000 rw-p 00003000 08:01 2238402                    /usr/lib/x86_64-linux-gnu/libgmodule-2.0.so.0.4800.1
7fcea9c3a000-7fcea9c8c000 r-xp 00000000 08:01 2238428                    /usr/lib/x86_64-linux-gnu/libgobject-2.0.so.0.4800.1
7fcea9c8c000-7fcea9e8b000 ---p 00052000 08:01 2238428                    /usr/lib/x86_64-linux-gnu/libgobject-2.0.so.0.4800.1
7fcea9e8b000-7fcea9e8c000 r--p 00051000 08:01 2238428                    /usr/lib/x86_64-linux-gnu/libgobject-2.0.so.0.4800.1
7fcea9e8c000-7fcea9e8d000 rw-p 00052000 08:01 2238428                    /usr/lib/x86_64-linux-gnu/libgobject-2.0.so.0.4800.1
7fcea9e8d000-7fcea9eca000 r-xp 00000000 08:01 2238280                    /usr/lib/x86_64-linux-gnu/libfontconfig.so.1.9.0
7fcea9eca000-7fceaa0c9000 ---p 0003d000 08:01 2238280                    /usr/lib/x86_64-linux-gnu/libfontconfig.so.1.9.0
7fceaa0c9000-7fceaa0cb000 r--p 0003c000 08:01 2238280                    /usr/lib/x86_64-linux-gnu/libfontconfig.so.1.9.0
7fceaa0cb000-7fceaa0d0000 rw-p 0003e000 08:01 2238280                    /usr/lib/x86_64-linux-gnu/libfontconfig.so.1.9.0
7fceaa0d0000-7fceaa174000 r-xp 00000000 08:01 2238314                    /usr/lib/x86_64-linux-gnu/libfreetype.so.6.12.1
7fceaa174000-7fceaa373000 ---p 000a4000 08:01 2238314                    /usr/lib/x86_64-linux-gnu/libfreetype.so.6.12.1
7fceaa373000-7fceaa379000 r--p 000a3000 08:01 2238314                    /usr/lib/x86_64-linux-gnu/libfreetype.so.6.12.1
7fceaa379000-7fceaa37a000 rw-p 000a9000 08:01 2238314                    /usr/lib/x86_64-linux-gnu/libfreetype.so.6.12.1
7fceaa37a000-7fceaa3c3000 r-xp 00000000 08:01 2238884                    /usr/lib/x86_64-linux-gnu/libpango-1.0.so.0.3800.1
7fceaa3c3000-7fceaa5c3000 ---p 00049000 08:01 2238884                    /usr/lib/x86_64-linux-gnu/libpango-1.0.so.0.3800.1
7fceaa5c3000-7fceaa5c5000 r--p 00049000 08:01 2238884                    /usr/lib/x86_64-linux-gnu/libpango-1.0.so.0.3800.1
7fceaa5c5000-7fceaa5c6000 rw-p 0004b000 08:01 2238884                    /usr/lib/x86_64-linux-gnu/libpango-1.0.so.0.3800.1
7fceaa5c6000-7fceaa6d4000 r-xp 00000000 08:01 2238032                    /usr/lib/x86_64-linux-gnu/libcairo.so.2.11400.6
7fceaa6d4000-7fceaa8d4000 ---p 0010e000 08:01 2238032                    /usr/lib/x86_64-linux-gnu/libcairo.so.2.11400.6
7fceaa8d4000-7fceaa8d7000 r--p 0010e000 08:01 2238032                    /usr/lib/x86_64-linux-gnu/libcairo.so.2.11400.6
7fceaa8d7000-7fceaa8d8000 rw-p 00111000 08:01 2238032                    /usr/lib/x86_64-linux-gnu/libcairo.so.2.11400.6
7fceaa8d8000-7fceaa8da000 rw-p 00000000 00:00 0 
7fceaa8da000-7fceaa8e6000 r-xp 00000000 08:01 2238886                    /usr/lib/x86_64-linux-gnu/libpangocairo-1.0.so.0.3800.1
7fceaa8e6000-7fceaaae5000 ---p 0000c000 08:01 2238886                    /usr/lib/x86_64-linux-gnu/libpangocairo-1.0.so.0.3800.1
7fceaaae5000-7fceaaae6000 r--p 0000b000 08:01 2238886                    /usr/lib/x86_64-linux-gnu/libpangocairo-1.0.so.0.3800.1
7fceaaae6000-7fceaaae7000 rw-p 0000c000 08:01 2238886                    /usr/lib/x86_64-linux-gnu/libpangocairo-1.0.so.0.3800.1
7fceaaae7000-7fceaab08000 r-xp 00000000 08:01 2238354                    /usr/lib/x86_64-linux-gnu/libgdk_pixbuf-2.0.so.0.3200.2
7fceaab08000-7fceaad07000 ---p 00021000 08:01 2238354                    /usr/lib/x86_64-linux-gnu/libgdk_pixbuf-2.0.so.0.3200.2
7fceaad07000-7fceaad08000 r--p 00020000 08:01 2238354                    /usr/lib/x86_64-linux-gnu/libgdk_pixbuf-2.0.so.0.3200.2
7fceaad08000-7fceaad09000 rw-p 00021000 08:01 2238354                    /usr/lib/x86_64-linux-gnu/libgdk_pixbuf-2.0.so.0.3200.2
7fceaad09000-7fceaad1d000 r-xp 00000000 08:01 2238888                    /usr/lib/x86_64-linux-gnu/libpangoft2-1.0.so.0.3800.1
7fceaad1d000-7fceaaf1d000 ---p 00014000 08:01 2238888                    /usr/lib/x86_64-linux-gnu/libpangoft2-1.0.so.0.3800.1
7fceaaf1d000-7fceaaf1e000 r--p 00014000 08:01 2238888                    /usr/lib/x86_64-linux-gnu/libpangoft2-1.0.so.0.3800.1
7fceaaf1e000-7fceaaf1f000 rw-p 00015000 08:01 2238888                    /usr/lib/x86_64-linux-gnu/libpangoft2-1.0.so.0.3800.1
7fceaaf1f000-7fceab09f000 r-xp 00000000 08:01 2238386                    /usr/lib/x86_64-linux-gnu/libgio-2.0.so.0.4800.1
7fceab09f000-7fceab29f000 ---p 00180000 08:01 2238386                    /usr/lib/x86_64-linux-gnu/libgio-2.0.so.0.4800.1
7fceab29f000-7fceab2a3000 r--p 00180000 08:01 2238386                    /usr/lib/x86_64-linux-gnu/libgio-2.0.so.0.4800.1
7fceab2a3000-7fceab2a5000 rw-p 00184000 08:01 2238386                    /usr/lib/x86_64-linux-gnu/libgio-2.0.so.0.4800.1
7fceab2a5000-7fceab2a7000 rw-p 00000000 00:00 0 
7fceab2a7000-7fceab2c9000 r-xp 00000000 08:01 2237968                    /usr/lib/x86_64-linux-gnu/libatk-1.0.so.0.21809.1
7fceab2c9000-7fceab4c8000 ---p 00022000 08:01 2237968                    /usr/lib/x86_64-linux-gnu/libatk-1.0.so.0.21809.1
7fceab4c8000-7fceab4cb000 r--p 00021000 08:01 2237968                    /usr/lib/x86_64-linux-gnu/libatk-1.0.so.0.21809.1
7fceab4cb000-7fceab4cc000 rw-p 00024000 08:01 2237968                    /usr/lib/x86_64-linux-gnu/libatk-1.0.so.0.21809.1
7fceab4cc000-7fceab57c000 r-xp 00000000 08:01 2238352                    /usr/lib/x86_64-linux-gnu/libgdk-x11-2.0.so.0.2400.30
7fceab57c000-7fceab77b000 ---p 000b0000 08:01 2238352                    /usr/lib/x86_64-linux-gnu/libgdk-x11-2.0.so.0.2400.30
7fceab77b000-7fceab77f000 r--p 000af000 08:01 2238352                    /usr/lib/x86_64-linux-gnu/libgdk-x11-2.0.so.0.2400.30
7fceab77f000-7fceab781000 rw-p 000b3000 08:01 2238352                    /usr/lib/x86_64-linux-gnu/libgdk-x11-2.0.so.0.2400.30
7fceab781000-7fceabbbf000 r-xp 00000000 08:01 2238544                    /usr/lib/x86_64-linux-gnu/libgtk-x11-2.0.so.0.2400.30
7fceabbbf000-7fceabdbe000 ---p 0043e000 08:01 2238544                    /usr/lib/x86_64-linux-gnu/libgtk-x11-2.0.so.0.2400.30
7fceabdbe000-7fceabdc5000 r--p 0043d000 08:01 2238544                    /usr/lib/x86_64-linux-gnu/libgtk-x11-2.0.so.0.2400.30
7fceabdc5000-7fceabdc9000 rw-p 00444000 08:01 2238544                    /usr/lib/x86_64-linux-gnu/libgtk-x11-2.0.so.0.2400.30
7fceabdc9000-7fceabdcc000 rw-p 00000000 00:00 0 
7fceabdcc000-7fceabdcf000 r--p 00000000 08:01 3281647                    /usr/share/locale-langpack/es/LC_MESSAGES/atk10.mo
7fceabdcf000-7fceabdf4000 r--p 00000000 08:01 3281343                    /usr/share/locale-langpack/es/LC_MESSAGES/libc.mo
7fceabdf4000-7fceabe00000 r-xp 00000000 08:01 4197224                    /usr/lib/jvm/java-8-oracle/jre/lib/amd64/libprism_es2.so
7fceabe00000-7fceabfff000 ---p 0000c000 08:01 4197224                    /usr/lib/jvm/java-8-oracle/jre/lib/amd64/libprism_es2.so
7fceabfff000-7fceac000000 rw-p 0000b000 08:01 4197224                    /usr/lib/jvm/java-8-oracle/jre/lib/amd64/libprism_es2.so
7fceac000000-7fceac116000 rw-p 00000000 00:00 0 
7fceac116000-7fceb0000000 ---p 00000000 00:00 0 
7fceb0000000-7fceb1676000 rw-p 00000000 00:00 0 
7fceb1676000-7fceb4000000 ---p 00000000 00:00 0 
7fceb4000000-7fceb4021000 rw-p 00000000 00:00 0 
7fceb4021000-7fceb8000000 ---p 00000000 00:00 0 
7fceb8000000-7fceb8021000 rw-p 00000000 00:00 0 
7fceb8021000-7fcebc000000 ---p 00000000 00:00 0 
7fcebc000000-7fcebc1cc000 rw-p 00000000 00:00 0 
7fcebc1cc000-7fcec0000000 ---p 00000000 00:00 0 
7fcec0000000-7fcec0021000 rw-p 00000000 00:00 0 
7fcec0021000-7fcec4000000 ---p 00000000 00:00 0 
7fcec4000000-7fcec4021000 rw-p 00000000 00:00 0 
7fcec4021000-7fcec8000000 ---p 00000000 00:00 0 
7fcec8000000-7fcec81b6000 rw-p 00000000 00:00 0 
7fcec81b6000-7fcecc000000 ---p 00000000 00:00 0 
7fcecc000000-7fcecc021000 rw-p 00000000 00:00 0 
7fcecc021000-7fced0000000 ---p 00000000 00:00 0 
7fced0000000-7fced0021000 rw-p 00000000 00:00 0 
7fced0021000-7fced4000000 ---p 00000000 00:00 0 
7fced4000000-7fced4021000 rw-p 00000000 00:00 0 
7fced4021000-7fced8000000 ---p 00000000 00:00 0 
7fced8000000-7fced828e000 rw-p 00000000 00:00 0 
7fced828e000-7fcedc000000 ---p 00000000 00:00 0 
7fcedc000000-7fcedc021000 rw-p 00000000 00:00 0 
7fcedc021000-7fcee0000000 ---p 00000000 00:00 0 
7fcee0002000-7fcee0020000 r-xp 00000000 08:01 2491946                    /lib/x86_64-linux-gnu/libudev.so.1.6.4
7fcee0020000-7fcee0021000 r--p 0001d000 08:01 2491946                    /lib/x86_64-linux-gnu/libudev.so.1.6.4
7fcee0021000-7fcee0022000 rw-p 0001e000 08:01 2491946                    /lib/x86_64-linux-gnu/libudev.so.1.6.4
7fcee0022000-7fcee0025000 ---p 00000000 00:00 0 
7fcee0025000-7fcee0123000 rw-p 00000000 00:00 0 
7fcee0123000-7fcee0126000 ---p 00000000 00:00 0 
7fcee0126000-7fcee0224000 rw-p 00000000 00:00 0 
7fcee0224000-7fcee02ba000 r--s 01103000 08:01 4725730                    /usr/lib/jvm/java-8-oracle/jre/lib/ext/jfxrt.jar
7fcee02ba000-7fcee05bb000 rw-p 00000000 00:00 0 
7fcee05bb000-7fcee05d1000 r-xp 00000000 08:01 4197212                    /usr/lib/jvm/java-8-oracle/jre/lib/amd64/libnet.so
7fcee05d1000-7fcee07d1000 ---p 00016000 08:01 4197212                    /usr/lib/jvm/java-8-oracle/jre/lib/amd64/libnet.so
7fcee07d1000-7fcee07d2000 rw-p 00016000 08:01 4197212                    /usr/lib/jvm/java-8-oracle/jre/lib/amd64/libnet.so
7fcee07d2000-7fcee07d5000 ---p 00000000 00:00 0 
7fcee07d5000-7fcee08d3000 rw-p 00000000 00:00 0 
7fcee08d3000-7fcee08d4000 r-xp 00000000 08:01 3410844                    /opt/idea-IC-163.9166.29/bin/libbreakgen64.so
7fcee08d4000-7fcee0ad3000 ---p 00001000 08:01 3410844                    /opt/idea-IC-163.9166.29/bin/libbreakgen64.so
7fcee0ad3000-7fcee0ad4000 r--p 00000000 08:01 3410844                    /opt/idea-IC-163.9166.29/bin/libbreakgen64.so
7fcee0ad4000-7fcee0ad5000 rw-p 00001000 08:01 3410844                    /opt/idea-IC-163.9166.29/bin/libbreakgen64.so
7fcee0ad5000-7fcee0ad7000 r--s 00019000 08:01 3410889                    /opt/idea-IC-163.9166.29/lib/idea_rt.jar
7fcee0ad7000-7fcee0aea000 r--s 00345000 08:01 4197286                    /usr/lib/jvm/java-8-oracle/jre/lib/resources.jar
7fcee0aea000-7fcee0afc000 r--s 000d6000 08:01 4197285                    /usr/lib/jvm/java-8-oracle/jre/lib/plugin.jar
7fcee0afc000-7fcee0b00000 r--s 00097000 08:01 4197199                    /usr/lib/jvm/java-8-oracle/jre/lib/jsse.jar
7fcee0b00000-7fcee0b1b000 r--s 00208000 08:01 4197281                    /usr/lib/jvm/java-8-oracle/jre/lib/deploy.jar
7fcee0b1b000-7fcee0b1c000 ---p 00000000 00:00 0 
7fcee0b1c000-7fcee0c1c000 rw-p 00000000 00:00 0 
7fcee0c1c000-7fcee0c1f000 ---p 00000000 00:00 0 
7fcee0c1f000-7fcee0d1d000 rw-p 00000000 00:00 0 
7fcee0d1d000-7fcee0d20000 ---p 00000000 00:00 0 
7fcee0d20000-7fcee0e1e000 rw-p 00000000 00:00 0 
7fcee0e1e000-7fcee0e21000 ---p 00000000 00:00 0 
7fcee0e21000-7fcee0f1f000 rw-p 00000000 00:00 0 
7fcee0f1f000-7fcee0f22000 ---p 00000000 00:00 0 
7fcee0f22000-7fcee1020000 rw-p 00000000 00:00 0 
7fcee1020000-7fcee156d000 r--p 00000000 08:01 2236439                    /usr/lib/locale/locale-archive
7fcee156d000-7fcee1570000 ---p 00000000 00:00 0 
7fcee1570000-7fcee166e000 rw-p 00000000 00:00 0 
7fcee166e000-7fcee1671000 ---p 00000000 00:00 0 
7fcee1671000-7fcee176f000 rw-p 00000000 00:00 0 
7fcee176f000-7fcee1770000 ---p 00000000 00:00 0 
7fcee1770000-7fcee2078000 rw-p 00000000 00:00 0 
7fcee2078000-7fcee2250000 r--s 03d2a000 08:01 4197204                    /usr/lib/jvm/java-8-oracle/jre/lib/rt.jar
7fcee2250000-7fcee5000000 rw-p 00000000 00:00 0 
7fcee5000000-7fcee5270000 rwxp 00000000 00:00 0 
7fcee5270000-7fcef4000000 ---p 00000000 00:00 0 
7fcef4000000-7fcef440a000 rw-p 00000000 00:00 0 
7fcef440a000-7fcef8000000 ---p 00000000 00:00 0 
7fcef8000000-7fcef8001000 rw-s 00000000 00:05 805286                     /drm mm object (deleted)
7fcef8001000-7fcef8006000 r--s 00084000 08:01 4197278                    /usr/lib/jvm/java-8-oracle/jre/lib/jfr.jar
7fcef8006000-7fcef8010000 r--s 0006c000 08:01 4197280                    /usr/lib/jvm/java-8-oracle/jre/lib/javaws.jar
7fcef8010000-7fcef87f7000 rw-p 00000000 00:00 0 
7fcef87f7000-7fcef89f7000 ---p 00000000 00:00 0 
7fcef89f7000-7fcef8cd2000 rw-p 00000000 00:00 0 
7fcef8cd2000-7fcef8cd3000 ---p 00000000 00:00 0 
7fcef8cd3000-7fcef8dd3000 rw-p 00000000 00:00 0 
7fcef8dd3000-7fcef8dd4000 ---p 00000000 00:00 0 
7fcef8dd4000-7fcef9041000 rw-p 00000000 00:00 0 
7fcef9041000-7fcef90bc000 ---p 00000000 00:00 0 
7fcef90bc000-7fcef9229000 rw-p 00000000 00:00 0 
7fcef9229000-7fcef92a3000 ---p 00000000 00:00 0 
7fcef92a3000-7fcef9397000 rw-p 00000000 00:00 0 
7fcef9397000-7fcef93a2000 rw-p 00000000 00:00 0 
7fcef93a2000-7fcef9758000 ---p 00000000 00:00 0 
7fcef9758000-7fcef9772000 r-xp 00000000 08:01 4197235                    /usr/lib/jvm/java-8-oracle/jre/lib/amd64/libzip.so
7fcef9772000-7fcef9972000 ---p 0001a000 08:01 4197235                    /usr/lib/jvm/java-8-oracle/jre/lib/amd64/libzip.so
7fcef9972000-7fcef9973000 rw-p 0001a000 08:01 4197235                    /usr/lib/jvm/java-8-oracle/jre/lib/amd64/libzip.so
7fcef9973000-7fcef997e000 r-xp 00000000 08:01 2495119                    /lib/x86_64-linux-gnu/libnss_files-2.23.so
7fcef997e000-7fcef9b7d000 ---p 0000b000 08:01 2495119                    /lib/x86_64-linux-gnu/libnss_files-2.23.so
7fcef9b7d000-7fcef9b7e000 r--p 0000a000 08:01 2495119                    /lib/x86_64-linux-gnu/libnss_files-2.23.so
7fcef9b7e000-7fcef9b7f000 rw-p 0000b000 08:01 2495119                    /lib/x86_64-linux-gnu/libnss_files-2.23.so
7fcef9b7f000-7fcef9b85000 rw-p 00000000 00:00 0 
7fcef9b85000-7fcef9b90000 r-xp 00000000 08:01 2495129                    /lib/x86_64-linux-gnu/libnss_nis-2.23.so
7fcef9b90000-7fcef9d8f000 ---p 0000b000 08:01 2495129                    /lib/x86_64-linux-gnu/libnss_nis-2.23.so
7fcef9d8f000-7fcef9d90000 r--p 0000a000 08:01 2495129                    /lib/x86_64-linux-gnu/libnss_nis-2.23.so
7fcef9d90000-7fcef9d91000 rw-p 0000b000 08:01 2495129                    /lib/x86_64-linux-gnu/libnss_nis-2.23.so
7fcef9d91000-7fcef9da7000 r-xp 00000000 08:01 2495113                    /lib/x86_64-linux-gnu/libnsl-2.23.so
7fcef9da7000-7fcef9fa6000 ---p 00016000 08:01 2495113                    /lib/x86_64-linux-gnu/libnsl-2.23.so
7fcef9fa6000-7fcef9fa7000 r--p 00015000 08:01 2495113                    /lib/x86_64-linux-gnu/libnsl-2.23.so
7fcef9fa7000-7fcef9fa8000 rw-p 00016000 08:01 2495113                    /lib/x86_64-linux-gnu/libnsl-2.23.so
7fcef9fa8000-7fcef9faa000 rw-p 00000000 00:00 0 
7fcef9faa000-7fcef9fb2000 r-xp 00000000 08:01 2495115                    /lib/x86_64-linux-gnu/libnss_compat-2.23.so
7fcef9fb2000-7fcefa1b1000 ---p 00008000 08:01 2495115                    /lib/x86_64-linux-gnu/libnss_compat-2.23.so
7fcefa1b1000-7fcefa1b2000 r--p 00007000 08:01 2495115                    /lib/x86_64-linux-gnu/libnss_compat-2.23.so
7fcefa1b2000-7fcefa1b3000 rw-p 00008000 08:01 2495115                    /lib/x86_64-linux-gnu/libnss_compat-2.23.so
7fcefa1b3000-7fcefa1de000 r-xp 00000000 08:01 4197260                    /usr/lib/jvm/java-8-oracle/jre/lib/amd64/libjava.so
7fcefa1de000-7fcefa3dd000 ---p 0002b000 08:01 4197260                    /usr/lib/jvm/java-8-oracle/jre/lib/amd64/libjava.so
7fcefa3dd000-7fcefa3df000 rw-p 0002a000 08:01 4197260                    /usr/lib/jvm/java-8-oracle/jre/lib/amd64/libjava.so
7fcefa3df000-7fcefa3ec000 r-xp 00000000 08:01 4197213                    /usr/lib/jvm/java-8-oracle/jre/lib/amd64/libverify.so
7fcefa3ec000-7fcefa5eb000 ---p 0000d000 08:01 4197213                    /usr/lib/jvm/java-8-oracle/jre/lib/amd64/libverify.so
7fcefa5eb000-7fcefa5ed000 rw-p 0000c000 08:01 4197213                    /usr/lib/jvm/java-8-oracle/jre/lib/amd64/libverify.so
7fcefa5ed000-7fcefa5f4000 r-xp 00000000 08:01 2495174                    /lib/x86_64-linux-gnu/librt-2.23.so
7fcefa5f4000-7fcefa7f3000 ---p 00007000 08:01 2495174                    /lib/x86_64-linux-gnu/librt-2.23.so
7fcefa7f3000-7fcefa7f4000 r--p 00006000 08:01 2495174                    /lib/x86_64-linux-gnu/librt-2.23.so
7fcefa7f4000-7fcefa7f5000 rw-p 00007000 08:01 2495174                    /lib/x86_64-linux-gnu/librt-2.23.so
7fcefa7f5000-7fcefa8fd000 r-xp 00000000 08:01 2495090                    /lib/x86_64-linux-gnu/libm-2.23.so
7fcefa8fd000-7fcefaafc000 ---p 00108000 08:01 2495090                    /lib/x86_64-linux-gnu/libm-2.23.so
7fcefaafc000-7fcefaafd000 r--p 00107000 08:01 2495090                    /lib/x86_64-linux-gnu/libm-2.23.so
7fcefaafd000-7fcefaafe000 rw-p 00108000 08:01 2495090                    /lib/x86_64-linux-gnu/libm-2.23.so
7fcefaafe000-7fcefb7cb000 r-xp 00000000 08:01 4725720                    /usr/lib/jvm/java-8-oracle/jre/lib/amd64/server/libjvm.so
7fcefb7cb000-7fcefb9ca000 ---p 00ccd000 08:01 4725720                    /usr/lib/jvm/java-8-oracle/jre/lib/amd64/server/libjvm.so
7fcefb9ca000-7fcefbaa3000 rw-p 00ccc000 08:01 4725720                    /usr/lib/jvm/java-8-oracle/jre/lib/amd64/server/libjvm.so
7fcefbaa3000-7fcefbaee000 rw-p 00000000 00:00 0 
7fcefbaee000-7fcefbcad000 r-xp 00000000 08:01 2495020                    /lib/x86_64-linux-gnu/libc-2.23.so
7fcefbcad000-7fcefbead000 ---p 001bf000 08:01 2495020                    /lib/x86_64-linux-gnu/libc-2.23.so
7fcefbead000-7fcefbeb1000 r--p 001bf000 08:01 2495020                    /lib/x86_64-linux-gnu/libc-2.23.so
7fcefbeb1000-7fcefbeb3000 rw-p 001c3000 08:01 2495020                    /lib/x86_64-linux-gnu/libc-2.23.so
7fcefbeb3000-7fcefbeb7000 rw-p 00000000 00:00 0 
7fcefbeb7000-7fcefbeba000 r-xp 00000000 08:01 2495044                    /lib/x86_64-linux-gnu/libdl-2.23.so
7fcefbeba000-7fcefc0b9000 ---p 00003000 08:01 2495044                    /lib/x86_64-linux-gnu/libdl-2.23.so
7fcefc0b9000-7fcefc0ba000 r--p 00002000 08:01 2495044                    /lib/x86_64-linux-gnu/libdl-2.23.so
7fcefc0ba000-7fcefc0bb000 rw-p 00003000 08:01 2495044                    /lib/x86_64-linux-gnu/libdl-2.23.so
7fcefc0bb000-7fcefc0d0000 r-xp 00000000 08:01 3159141                    /usr/lib/jvm/java-8-oracle/lib/amd64/jli/libjli.so
7fcefc0d0000-7fcefc2d0000 ---p 00015000 08:01 3159141                    /usr/lib/jvm/java-8-oracle/lib/amd64/jli/libjli.so
7fcefc2d0000-7fcefc2d1000 rw-p 00015000 08:01 3159141                    /usr/lib/jvm/java-8-oracle/lib/amd64/jli/libjli.so
7fcefc2d1000-7fcefc2e9000 r-xp 00000000 08:01 2495166                    /lib/x86_64-linux-gnu/libpthread-2.23.so
7fcefc2e9000-7fcefc4e8000 ---p 00018000 08:01 2495166                    /lib/x86_64-linux-gnu/libpthread-2.23.so
7fcefc4e8000-7fcefc4e9000 r--p 00017000 08:01 2495166                    /lib/x86_64-linux-gnu/libpthread-2.23.so
7fcefc4e9000-7fcefc4ea000 rw-p 00018000 08:01 2495166                    /lib/x86_64-linux-gnu/libpthread-2.23.so
7fcefc4ea000-7fcefc4ee000 rw-p 00000000 00:00 0 
7fcefc4ee000-7fcefc514000 r-xp 00000000 08:01 2494992                    /lib/x86_64-linux-gnu/ld-2.23.so
7fcefc514000-7fcefc515000 rw-s 107351000 00:06 238                       /dev/dri/card0
7fcefc515000-7fcefc517000 r--s 00007000 08:01 4197271                    /usr/lib/jvm/java-8-oracle/jre/lib/jfxswt.jar
7fcefc517000-7fcefc51a000 r--s 0001a000 08:01 4197290                    /usr/lib/jvm/java-8-oracle/jre/lib/jce.jar
7fcefc51a000-7fcefc51f000 r--s 002f9000 08:01 4197200                    /usr/lib/jvm/java-8-oracle/jre/lib/charsets.jar
7fcefc51f000-7fcefc5e4000 rw-p 00000000 00:00 0 
7fcefc5e4000-7fcefc5e7000 ---p 00000000 00:00 0 
7fcefc5e7000-7fcefc6e9000 rw-p 00000000 00:00 0 
7fcefc6e9000-7fcefc6ea000 r--s 00000000 08:01 4197272                    /usr/lib/jvm/java-8-oracle/jre/lib/management-agent.jar
7fcefc6ea000-7fcefc707000 rw-p 00000000 00:00 0 
7fcefc707000-7fcefc70f000 rw-s 00000000 08:01 7607826                    /tmp/hsperfdata_jose/5839
7fcefc70f000-7fcefc710000 rw-p 00000000 00:00 0 
7fcefc710000-7fcefc711000 ---p 00000000 00:00 0 
7fcefc711000-7fcefc713000 rw-p 00000000 00:00 0 
7fcefc713000-7fcefc714000 r--p 00025000 08:01 2494992                    /lib/x86_64-linux-gnu/ld-2.23.so
7fcefc714000-7fcefc715000 rw-p 00026000 08:01 2494992                    /lib/x86_64-linux-gnu/ld-2.23.so
7fcefc715000-7fcefc716000 rw-p 00000000 00:00 0 
7ffe69dbd000-7ffe69dde000 rw-p 00000000 00:00 0                          [stack]
7ffe69dde000-7ffe69de0000 r--p 00000000 00:00 0                          [vvar]
7ffe69de0000-7ffe69de2000 r-xp 00000000 00:00 0                          [vdso]
ffffffffff600000-ffffffffff601000 r-xp 00000000 00:00 0                  [vsyscall]

VM Arguments:
jvm_args: -Didea.launcher.port=7536 -Didea.launcher.bin.path=/opt/idea-IC-163.9166.29/bin -Dfile.encoding=UTF-8 
java_command: com.intellij.rt.execution.application.AppMain pp.Main
java_class_path (initial): /usr/lib/jvm/java-8-oracle/jre/lib/charsets.jar:/usr/lib/jvm/java-8-oracle/jre/lib/deploy.jar:/usr/lib/jvm/java-8-oracle/jre/lib/ext/cldrdata.jar:/usr/lib/jvm/java-8-oracle/jre/lib/ext/dnsns.jar:/usr/lib/jvm/java-8-oracle/jre/lib/ext/jaccess.jar:/usr/lib/jvm/java-8-oracle/jre/lib/ext/jfxrt.jar:/usr/lib/jvm/java-8-oracle/jre/lib/ext/localedata.jar:/usr/lib/jvm/java-8-oracle/jre/lib/ext/nashorn.jar:/usr/lib/jvm/java-8-oracle/jre/lib/ext/sunec.jar:/usr/lib/jvm/java-8-oracle/jre/lib/ext/sunjce_provider.jar:/usr/lib/jvm/java-8-oracle/jre/lib/ext/sunpkcs11.jar:/usr/lib/jvm/java-8-oracle/jre/lib/ext/zipfs.jar:/usr/lib/jvm/java-8-oracle/jre/lib/javaws.jar:/usr/lib/jvm/java-8-oracle/jre/lib/jce.jar:/usr/lib/jvm/java-8-oracle/jre/lib/jfr.jar:/usr/lib/jvm/java-8-oracle/jre/lib/jfxswt.jar:/usr/lib/jvm/java-8-oracle/jre/lib/jsse.jar:/usr/lib/jvm/java-8-oracle/jre/lib/management-agent.jar:/usr/lib/jvm/java-8-oracle/jre/lib/plugin.jar:/usr/lib/jvm/java-8-oracle/jre/lib/resources.jar:/usr/lib/jvm/java-8-oracle/jre/lib/rt.jar:/home/jose/IdeaProjects/MochilaMH/out/production/MochilaMH:/opt/idea-IC-163.9166.29/lib/idea_rt.jar
Launcher Type: SUN_STANDARD

Environment Variables:
JAVA_HOME=/usr/lib/jvm/java-8-oracle
PATH=/home/jose/bin:/home/jose/.local/bin:/usr/local/sbin:/usr/local/bin:/usr/sbin:/usr/bin:/sbin:/bin:/usr/games:/usr/local/games:/snap/bin:/usr/lib/jvm/java-8-oracle/bin:/usr/lib/jvm/java-8-oracle/db/bin:/usr/lib/jvm/java-8-oracle/jre/bin
USERNAME=jose
LD_LIBRARY_PATH=/opt/idea-IC-163.9166.29/bin:
SHELL=/bin/bash
DISPLAY=:0

Signal Handlers:
SIGSEGV: [libjvm.so+0xac64b0], sa_mask[0]=11111111011111111101111111111110, sa_flags=SA_RESTART|SA_SIGINFO
SIGBUS: [libjvm.so+0xac64b0], sa_mask[0]=11111111011111111101111111111110, sa_flags=SA_RESTART|SA_SIGINFO
SIGFPE: [libjvm.so+0x91f950], sa_mask[0]=11111111011111111101111111111110, sa_flags=SA_RESTART|SA_SIGINFO
SIGPIPE: SIG_IGN, sa_mask[0]=00000000000010000000000000000000, sa_flags=SA_RESTART
SIGXFSZ: [libjvm.so+0x91f950], sa_mask[0]=11111111011111111101111111111110, sa_flags=SA_RESTART|SA_SIGINFO
SIGILL: [libjvm.so+0x91f950], sa_mask[0]=11111111011111111101111111111110, sa_flags=SA_RESTART|SA_SIGINFO
SIGUSR1: SIG_DFL, sa_mask[0]=00000000000000000000000000000000, sa_flags=none
SIGUSR2: [libjvm.so+0x920f80], sa_mask[0]=00100000000000000000000000000000, sa_flags=SA_RESTART|SA_SIGINFO
SIGHUP: [libjvm.so+0x922380], sa_mask[0]=11111111011111111101111111111110, sa_flags=SA_RESTART|SA_SIGINFO
SIGINT: [libjvm.so+0x922380], sa_mask[0]=11111111011111111101111111111110, sa_flags=SA_RESTART|SA_SIGINFO
SIGTERM: [libjvm.so+0x922380], sa_mask[0]=11111111011111111101111111111110, sa_flags=SA_RESTART|SA_SIGINFO
SIGQUIT: [libjvm.so+0x922380], sa_mask[0]=11111111011111111101111111111110, sa_flags=SA_RESTART|SA_SIGINFO


---------------  S Y S T E M  ---------------

OS:DISTRIB_ID=LinuxMint
DISTRIB_RELEASE=18.1
DISTRIB_CODENAME=serena
DISTRIB_DESCRIPTION="Linux Mint 18.1 Serena"

uname:Linux 4.4.0-57-generic #78-Ubuntu SMP Fri Dec 9 23:50:32 UTC 2016 x86_64
libc:glibc 2.23 NPTL 2.23 
rlimit: STACK 8192k, CORE 0k, NPROC 23221, NOFILE 65536, AS infinity
load average:5.90 3.31 1.56

/proc/meminfo:
MemTotal:        5987560 kB
MemFree:          122288 kB
MemAvailable:      62728 kB
Buffers:             580 kB
Cached:           647588 kB
SwapCached:            0 kB
Active:          5071232 kB
Inactive:         580540 kB
Active(anon):    5030728 kB
Inactive(anon):   527944 kB
Active(file):      40504 kB
Inactive(file):    52596 kB
Unevictable:          80 kB
Mlocked:              80 kB
SwapTotal:             0 kB
SwapFree:              0 kB
Dirty:              4492 kB
Writeback:          1332 kB
AnonPages:       5003928 kB
Mapped:           350880 kB
Shmem:            554824 kB
Slab:              94840 kB
SReclaimable:      46480 kB
SUnreclaim:        48360 kB
KernelStack:       10080 kB
PageTables:        54416 kB
NFS_Unstable:          0 kB
Bounce:                0 kB
WritebackTmp:          0 kB
CommitLimit:     2993780 kB
Committed_AS:    8454664 kB
VmallocTotal:   34359738367 kB
VmallocUsed:           0 kB
VmallocChunk:          0 kB
HardwareCorrupted:     0 kB
AnonHugePages:   2832384 kB
CmaTotal:              0 kB
CmaFree:               0 kB
HugePages_Total:       0
HugePages_Free:        0
HugePages_Rsvd:        0
HugePages_Surp:        0
Hugepagesize:       2048 kB
DirectMap4k:      189184 kB
DirectMap2M:     5980160 kB


CPU:total 2 (2 cores per cpu, 1 threads per core) family 6 model 42 stepping 7, cmov, cx8, fxsr, mmx, sse, sse2, sse3, ssse3, sse4.1, sse4.2, popcnt, clmul, tsc, tscinvbit

/proc/cpuinfo:
processor	: 0
vendor_id	: GenuineIntel
cpu family	: 6
model		: 42
model name	: Intel(R) Pentium(R) CPU B980 @ 2.40GHz
stepping	: 7
microcode	: 0x29
cpu MHz		: 803.437
cache size	: 2048 KB
physical id	: 0
siblings	: 2
core id		: 0
cpu cores	: 2
apicid		: 0
initial apicid	: 0
fpu		: yes
fpu_exception	: yes
cpuid level	: 13
wp		: yes
flags		: fpu vme de pse tsc msr pae mce cx8 apic sep mtrr pge mca cmov pat pse36 clflush dts acpi mmx fxsr sse sse2 ss ht tm pbe syscall nx rdtscp lm constant_tsc arch_perfmon pebs bts rep_good nopl xtopology nonstop_tsc aperfmperf eagerfpu pni pclmulqdq dtes64 monitor ds_cpl est tm2 ssse3 cx16 xtpr pdcm pcid sse4_1 sse4_2 x2apic popcnt tsc_deadline_timer xsave lahf_lm epb xsaveopt dtherm arat pln pts
bugs		:
bogomips	: 4789.22
clflush size	: 64
cache_alignment	: 64
address sizes	: 36 bits physical, 48 bits virtual
power management:

processor	: 1
vendor_id	: GenuineIntel
cpu family	: 6
model		: 42
model name	: Intel(R) Pentium(R) CPU B980 @ 2.40GHz
stepping	: 7
microcode	: 0x29
cpu MHz		: 849.187
cache size	: 2048 KB
physical id	: 0
siblings	: 2
core id		: 1
cpu cores	: 2
apicid		: 2
initial apicid	: 2
fpu		: yes
fpu_exception	: yes
cpuid level	: 13
wp		: yes
flags		: fpu vme de pse tsc msr pae mce cx8 apic sep mtrr pge mca cmov pat pse36 clflush dts acpi mmx fxsr sse sse2 ss ht tm pbe syscall nx rdtscp lm constant_tsc arch_perfmon pebs bts rep_good nopl xtopology nonstop_tsc aperfmperf eagerfpu pni pclmulqdq dtes64 monitor ds_cpl est tm2 ssse3 cx16 xtpr pdcm pcid sse4_1 sse4_2 x2apic popcnt tsc_deadline_timer xsave lahf_lm epb xsaveopt dtherm arat pln pts
bugs		:
bogomips	: 4789.22
clflush size	: 64
cache_alignment	: 64
address sizes	: 36 bits physical, 48 bits virtual
power management:



Memory: 4k page, physical 5987560k(122288k free), swap 0k(0k free)

vm_info: Java HotSpot(TM) 64-Bit Server VM (25.111-b14) for linux-amd64 JRE (1.8.0_111-b14), built on Sep 22 2016 16:14:03 by "java_re" with gcc 4.3.0 20080428 (Red Hat 4.3.0-8)

time: Mon Jan  9 00:05:32 2017
elapsed time: 16 seconds (0d 0h 0m 16s)

