#
# There is insufficient memory for the Java Runtime Environment to continue.
# Native memory allocation (mmap) failed to map 207618048 bytes for committing reserved memory.
# Possible reasons:
#   The system is out of physical RAM or swap space
#   In 32 bit mode, the process size limit was hit
# Possible solutions:
#   Reduce memory load on the system
#   Increase physical memory or swap space
#   Check if swap backing store is full
#   Use 64 bit Java on a 64 bit OS
#   Decrease Java heap size (-Xmx/-Xms)
#   Decrease number of Java threads
#   Decrease Java thread stack sizes (-Xss)
#   Set larger code cache with -XX:ReservedCodeCacheSize=
# This output file may be truncated or incomplete.
#
#  Out of Memory Error (os_linux.cpp:2627), pid=5724, tid=0x00007f162fcfc700
#
# JRE version: Java(TM) SE Runtime Environment (8.0_111-b14) (build 1.8.0_111-b14)
# Java VM: Java HotSpot(TM) 64-Bit Server VM (25.111-b14 mixed mode linux-amd64 compressed oops)
# Failed to write core dump. Core dumps have been disabled. To enable core dumping, try "ulimit -c unlimited" before starting Java again
#

---------------  T H R E A D  ---------------

Current thread (0x00007f1648074000):  VMThread [stack: 0x00007f162fbfc000,0x00007f162fcfd000] [id=5733]

Stack: [0x00007f162fbfc000,0x00007f162fcfd000],  sp=0x00007f162fcfb0a0,  free space=1020k
Native frames: (J=compiled Java code, j=interpreted, Vv=VM code, C=native code)
V  [libjvm.so+0xac5c2a]  VMError::report_and_die()+0x2ba
V  [libjvm.so+0x4fc50b]  report_vm_out_of_memory(char const*, int, unsigned long, VMErrorType, char const*)+0x8b
V  [libjvm.so+0x922ae3]  os::Linux::commit_memory_impl(char*, unsigned long, bool)+0x103
V  [libjvm.so+0x923039]  os::pd_commit_memory(char*, unsigned long, unsigned long, bool)+0x29
V  [libjvm.so+0x91d33a]  os::commit_memory(char*, unsigned long, unsigned long, bool)+0x2a
V  [libjvm.so+0x991ac3]  PSVirtualSpace::expand_by(unsigned long)+0x53
V  [libjvm.so+0x982380]  PSOldGen::expand(unsigned long)+0x170
V  [libjvm.so+0x98258b]  PSOldGen::resize(unsigned long)+0x1cb
V  [libjvm.so+0x98a291]  PSParallelCompact::invoke_no_policy(bool)+0x991
V  [libjvm.so+0x98fbed]  PSScavenge::invoke()+0x1ad
V  [libjvm.so+0x9467d0]  ParallelScavengeHeap::failed_mem_allocate(unsigned long)+0x70
V  [libjvm.so+0xac7647]  VM_ParallelGCFailedAllocation::doit()+0x97
V  [libjvm.so+0xacf125]  VM_Operation::evaluate()+0x55
V  [libjvm.so+0xacd4fa]  VMThread::evaluate_operation(VM_Operation*)+0xba
V  [libjvm.so+0xacd87e]  VMThread::loop()+0x1ce
V  [libjvm.so+0xacdcf0]  VMThread::run()+0x70
V  [libjvm.so+0x924ea8]  java_start(Thread*)+0x108

VM_Operation (0x00007f15f2f78f90): ParallelGCFailedAllocation, mode: safepoint, requested by thread 0x00007f15fc110800


---------------  P R O C E S S  ---------------

Java Threads: ( => current thread )
  0x00007f15fc110800 JavaThread "JavaFX Application Thread" [_thread_blocked, id=5752, stack(0x00007f15f2e7b000,0x00007f15f2f7c000)]
  0x00007f15fc10c800 JavaThread "Thread-2" daemon [_thread_blocked, id=5751, stack(0x00007f15f2f7c000,0x00007f15f307d000)]
  0x00007f15fc04b800 JavaThread "QuantumRenderer-0" daemon [_thread_blocked, id=5750, stack(0x00007f162e4c6000,0x00007f162e5c7000)]
  0x00007f16481b2800 JavaThread "JavaFX-Launcher" [_thread_blocked, id=5749, stack(0x00007f162e5c7000,0x00007f162e6c8000)]
  0x00007f164813c000 JavaThread "Monitor Ctrl-Break" daemon [_thread_in_native, id=5748, stack(0x00007f162ec76000,0x00007f162ed77000)]
  0x00007f16480c2800 JavaThread "Service Thread" daemon [_thread_blocked, id=5745, stack(0x00007f162f0a9000,0x00007f162f1aa000)]
  0x00007f16480b7800 JavaThread "C1 CompilerThread1" daemon [_thread_blocked, id=5742, stack(0x00007f162f1aa000,0x00007f162f2ab000)]
  0x00007f16480b4800 JavaThread "C2 CompilerThread0" daemon [_thread_blocked, id=5740, stack(0x00007f162f2ab000,0x00007f162f3ac000)]
  0x00007f16480b3000 JavaThread "Signal Dispatcher" daemon [_thread_blocked, id=5738, stack(0x00007f162f3ac000,0x00007f162f4ad000)]
  0x00007f1648080000 JavaThread "Finalizer" daemon [_thread_blocked, id=5736, stack(0x00007f162f9fa000,0x00007f162fafb000)]
  0x00007f164807b800 JavaThread "Reference Handler" daemon [_thread_blocked, id=5734, stack(0x00007f162fafb000,0x00007f162fbfc000)]
  0x00007f164800a800 JavaThread "main" [_thread_blocked, id=5726, stack(0x00007f164ea87000,0x00007f164eb88000)]

Other Threads:
=>0x00007f1648074000 VMThread [stack: 0x00007f162fbfc000,0x00007f162fcfd000] [id=5733]
  0x00007f16480c5000 WatcherThread [stack: 0x00007f162efa8000,0x00007f162f0a9000] [id=5746]

VM state:at safepoint (normal execution)

VM Mutex/Monitor currently owned by a thread:  ([mutex/lock_event])
[0x00007f16480062d0] ExpandHeap_lock - owner thread: 0x00007f1648074000
[0x00007f1648006950] Threads_lock - owner thread: 0x00007f1648074000
[0x00007f1648006e50] Heap_lock - owner thread: 0x00007f15fc110800

Heap:
 PSYoungGen      total 332800K, used 3786K [0x00000000e1900000, 0x0000000100000000, 0x0000000100000000)
  eden space 166912K, 0% used [0x00000000e1900000,0x00000000e1900000,0x00000000ebc00000)
  from space 165888K, 2% used [0x00000000f5e00000,0x00000000f61b2ba8,0x0000000100000000)
  to   space 165888K, 0% used [0x00000000ebc00000,0x00000000ebc00000,0x00000000f5e00000)
 ParOldGen       total 781824K, used 781511K [0x00000000a4a00000, 0x00000000d4580000, 0x00000000e1900000)
  object space 781824K, 99% used [0x00000000a4a00000,0x00000000d4531c90,0x00000000d4580000)
 Metaspace       used 6708K, capacity 6950K, committed 7168K, reserved 1056768K
  class space    used 819K, capacity 935K, committed 1024K, reserved 1048576K

Card table byte_map: [0x00007f1638537000,0x00007f1638813000] byte_map_base: 0x00007f1638012000

Marking Bits: (ParMarkBitMap*) 0x00007f164df64220
 Begin Bits: [0x00007f163539d000, 0x00007f1636a75000)
 End Bits:   [0x00007f1636a75000, 0x00007f163814d000)

Polling page: 0x00007f164ebb3000

CodeCache: size=245760Kb used=2143Kb max_used=2155Kb free=243616Kb
 bounds [0x00007f1638bd3000, 0x00007f1638e43000, 0x00007f1647bd3000]
 total_blobs=881 nmethods=473 adapters=323
 compilation: enabled

Compilation events (10 events):
Event: 4.763 Thread 0x00007f16480b7800  469       3       java.lang.ref.ReferenceQueue::reallyPoll (66 bytes)
Event: 4.764 Thread 0x00007f16480b7800 nmethod 469 0x00007f1638de25d0 code [0x00007f1638de2760, 0x00007f1638de2bd0]
Event: 4.764 Thread 0x00007f16480b7800  470       3       java.lang.ref.Finalizer::access$000 (4 bytes)
Event: 4.764 Thread 0x00007f16480b7800 nmethod 470 0x00007f1638dde990 code [0x00007f1638ddeae0, 0x00007f1638ddec10]
Event: 5.358 Thread 0x00007f16480b7800  471 %     3       pp.Mochila::setClave @ 34 (116 bytes)
Event: 5.359 Thread 0x00007f16480b7800 nmethod 471% 0x00007f1638de4f90 code [0x00007f1638de5280, 0x00007f1638de64f8]
Event: 5.367 Thread 0x00007f16480b7800  472       3       pp.Mochila::setClave (116 bytes)
Event: 5.369 Thread 0x00007f16480b7800 nmethod 472 0x00007f1638deb350 code [0x00007f1638deb620, 0x00007f1638dec7d8]
Event: 6.675 Thread 0x00007f16480b4800  473 %     4       pp.Mochila::setClave @ 34 (116 bytes)
Event: 7.229 Thread 0x00007f16480b4800 nmethod 473% 0x00007f1638de4510 code [0x00007f1638de46c0, 0x00007f1638de4ad0]

GC Heap History (10 events):
Event: 6.256 GC heap after
Heap after GC invocations=19 (full 6):
 PSYoungGen      total 314368K, used 91472K [0x00000000e1900000, 0x0000000100000000, 0x0000000100000000)
  eden space 195584K, 0% used [0x00000000e1900000,0x00000000e1900000,0x00000000ed800000)
  from space 118784K, 77% used [0x00000000ed800000,0x00000000f3154310,0x00000000f4c00000)
  to   space 165376K, 0% used [0x00000000f5e80000,0x00000000f5e80000,0x0000000100000000)
 ParOldGen       total 594944K, used 434368K [0x00000000a4a00000, 0x00000000c8f00000, 0x00000000e1900000)
  object space 594944K, 73% used [0x00000000a4a00000,0x00000000bf230008,0x00000000c8f00000)
 Metaspace       used 6708K, capacity 6950K, committed 7168K, reserved 1056768K
  class space    used 819K, capacity 935K, committed 1024K, reserved 1048576K
}
Event: 6.354 GC heap before
{Heap before GC invocations=20 (full 6):
 PSYoungGen      total 314368K, used 287056K [0x00000000e1900000, 0x0000000100000000, 0x0000000100000000)
  eden space 195584K, 100% used [0x00000000e1900000,0x00000000ed800000,0x00000000ed800000)
  from space 118784K, 77% used [0x00000000ed800000,0x00000000f3154310,0x00000000f4c00000)
  to   space 165376K, 0% used [0x00000000f5e80000,0x00000000f5e80000,0x0000000100000000)
 ParOldGen       total 594944K, used 434368K [0x00000000a4a00000, 0x00000000c8f00000, 0x00000000e1900000)
  object space 594944K, 73% used [0x00000000a4a00000,0x00000000bf230008,0x00000000c8f00000)
 Metaspace       used 6708K, capacity 6950K, committed 7168K, reserved 1056768K
  class space    used 819K, capacity 935K, committed 1024K, reserved 1048576K
Event: 6.535 GC heap after
Heap after GC invocations=20 (full 6):
 PSYoungGen      total 332288K, used 130016K [0x00000000e1900000, 0x0000000100000000, 0x0000000100000000)
  eden space 166912K, 0% used [0x00000000e1900000,0x00000000e1900000,0x00000000ebc00000)
  from space 165376K, 78% used [0x00000000f5e80000,0x00000000fdd78000,0x0000000100000000)
  to   space 165888K, 0% used [0x00000000ebc00000,0x00000000ebc00000,0x00000000f5e00000)
 ParOldGen       total 594944K, used 525845K [0x00000000a4a00000, 0x00000000c8f00000, 0x00000000e1900000)
  object space 594944K, 88% used [0x00000000a4a00000,0x00000000c4b85668,0x00000000c8f00000)
 Metaspace       used 6708K, capacity 6950K, committed 7168K, reserved 1056768K
  class space    used 819K, capacity 935K, committed 1024K, reserved 1048576K
}
Event: 6.535 GC heap before
{Heap before GC invocations=21 (full 7):
 PSYoungGen      total 332288K, used 130016K [0x00000000e1900000, 0x0000000100000000, 0x0000000100000000)
  eden space 166912K, 0% used [0x00000000e1900000,0x00000000e1900000,0x00000000ebc00000)
  from space 165376K, 78% used [0x00000000f5e80000,0x00000000fdd78000,0x0000000100000000)
  to   space 165888K, 0% used [0x00000000ebc00000,0x00000000ebc00000,0x00000000f5e00000)
 ParOldGen       total 594944K, used 525845K [0x00000000a4a00000, 0x00000000c8f00000, 0x00000000e1900000)
  object space 594944K, 88% used [0x00000000a4a00000,0x00000000c4b85668,0x00000000c8f00000)
 Metaspace       used 6708K, capacity 6950K, committed 7168K, reserved 1056768K
  class space    used 819K, capacity 935K, committed 1024K, reserved 1048576K
Event: 6.659 GC heap after
Heap after GC invocations=21 (full 7):
 PSYoungGen      total 332288K, used 27091K [0x00000000e1900000, 0x0000000100000000, 0x0000000100000000)
  eden space 166912K, 0% used [0x00000000e1900000,0x00000000e1900000,0x00000000ebc00000)
  from space 165376K, 16% used [0x00000000f5e80000,0x00000000f78f4c48,0x0000000100000000)
  to   space 165888K, 0% used [0x00000000ebc00000,0x00000000ebc00000,0x00000000f5e00000)
 ParOldGen       total 781824K, used 594642K [0x00000000a4a00000, 0x00000000d4580000, 0x00000000e1900000)
  object space 781824K, 76% used [0x00000000a4a00000,0x00000000c8eb48f0,0x00000000d4580000)
 Metaspace       used 6708K, capacity 6950K, committed 7168K, reserved 1056768K
  class space    used 819K, capacity 935K, committed 1024K, reserved 1048576K
}
Event: 6.945 GC heap before
{Heap before GC invocations=22 (full 7):
 PSYoungGen      total 332288K, used 194003K [0x00000000e1900000, 0x0000000100000000, 0x0000000100000000)
  eden space 166912K, 100% used [0x00000000e1900000,0x00000000ebc00000,0x00000000ebc00000)
  from space 165376K, 16% used [0x00000000f5e80000,0x00000000f78f4c48,0x0000000100000000)
  to   space 165888K, 0% used [0x00000000ebc00000,0x00000000ebc00000,0x00000000f5e00000)
 ParOldGen       total 781824K, used 594642K [0x00000000a4a00000, 0x00000000d4580000, 0x00000000e1900000)
  object space 781824K, 76% used [0x00000000a4a00000,0x00000000c8eb48f0,0x00000000d4580000)
 Metaspace       used 6708K, capacity 6950K, committed 7168K, reserved 1056768K
  class space    used 819K, capacity 935K, committed 1024K, reserved 1048576K
Event: 7.222 GC heap after
Heap after GC invocations=22 (full 7):
 PSYoungGen      total 332800K, used 103441K [0x00000000e1900000, 0x0000000100000000, 0x0000000100000000)
  eden space 166912K, 0% used [0x00000000e1900000,0x00000000e1900000,0x00000000ebc00000)
  from space 165888K, 62% used [0x00000000ebc00000,0x00000000f2104518,0x00000000f5e00000)
  to   space 165888K, 0% used [0x00000000f5e00000,0x00000000f5e00000,0x0000000100000000)
 ParOldGen       total 781824K, used 621736K [0x00000000a4a00000, 0x00000000d4580000, 0x00000000e1900000)
  object space 781824K, 79% used [0x00000000a4a00000,0x00000000ca92a3d8,0x00000000d4580000)
 Metaspace       used 6708K, capacity 6950K, committed 7168K, reserved 1056768K
  class space    used 819K, capacity 935K, committed 1024K, reserved 1048576K
}
Event: 7.292 GC heap before
{Heap before GC invocations=23 (full 7):
 PSYoungGen      total 332800K, used 270353K [0x00000000e1900000, 0x0000000100000000, 0x0000000100000000)
  eden space 166912K, 100% used [0x00000000e1900000,0x00000000ebc00000,0x00000000ebc00000)
  from space 165888K, 62% used [0x00000000ebc00000,0x00000000f2104518,0x00000000f5e00000)
  to   space 165888K, 0% used [0x00000000f5e00000,0x00000000f5e00000,0x0000000100000000)
 ParOldGen       total 781824K, used 621736K [0x00000000a4a00000, 0x00000000d4580000, 0x00000000e1900000)
  object space 781824K, 79% used [0x00000000a4a00000,0x00000000ca92a3d8,0x00000000d4580000)
 Metaspace       used 6708K, capacity 6950K, committed 7168K, reserved 1056768K
  class space    used 819K, capacity 935K, committed 1024K, reserved 1048576K
Event: 7.360 GC heap after
Heap after GC invocations=23 (full 7):
 PSYoungGen      total 332800K, used 97312K [0x00000000e1900000, 0x0000000100000000, 0x0000000100000000)
  eden space 166912K, 0% used [0x00000000e1900000,0x00000000e1900000,0x00000000ebc00000)
  from space 165888K, 58% used [0x00000000f5e00000,0x00000000fbd08000,0x0000000100000000)
  to   space 165888K, 0% used [0x00000000ebc00000,0x00000000ebc00000,0x00000000f5e00000)
 ParOldGen       total 781824K, used 703914K [0x00000000a4a00000, 0x00000000d4580000, 0x00000000e1900000)
  object space 781824K, 90% used [0x00000000a4a00000,0x00000000cf96a8b0,0x00000000d4580000)
 Metaspace       used 6708K, capacity 6950K, committed 7168K, reserved 1056768K
  class space    used 819K, capacity 935K, committed 1024K, reserved 1048576K
}
Event: 7.360 GC heap before
{Heap before GC invocations=24 (full 8):
 PSYoungGen      total 332800K, used 97312K [0x00000000e1900000, 0x0000000100000000, 0x0000000100000000)
  eden space 166912K, 0% used [0x00000000e1900000,0x00000000e1900000,0x00000000ebc00000)
  from space 165888K, 58% used [0x00000000f5e00000,0x00000000fbd08000,0x0000000100000000)
  to   space 165888K, 0% used [0x00000000ebc00000,0x00000000ebc00000,0x00000000f5e00000)
 ParOldGen       total 781824K, used 703914K [0x00000000a4a00000, 0x00000000d4580000, 0x00000000e1900000)
  object space 781824K, 90% used [0x00000000a4a00000,0x00000000cf96a8b0,0x00000000d4580000)
 Metaspace       used 6708K, capacity 6950K, committed 7168K, reserved 1056768K
  class space    used 819K, capacity 935K, committed 1024K, reserved 1048576K

Deoptimization events (1 events):
Event: 4.517 Thread 0x00007f15fc110800 Uncommon trap: reason=unstable_if action=reinterpret pc=0x00007f1638d7f0b8 method=java.lang.String.replace(CC)Ljava/lang/String; @ 2

Internal exceptions (9 events):
Event: 0.147 Thread 0x00007f164800a800 Exception <a 'java/lang/NoSuchMethodError': Method sun.misc.Unsafe.defineClass(Ljava/lang/String;[BII)Ljava/lang/Class; name or signature does not match> (0x00000000e1907c78) thrown at [/HUDSON3/workspace/8-2-build-linux-amd64/jdk8u111/7883/hotspot/src/sh
Event: 0.147 Thread 0x00007f164800a800 Exception <a 'java/lang/NoSuchMethodError': Method sun.misc.Unsafe.prefetchRead(Ljava/lang/Object;J)V name or signature does not match> (0x00000000e1907f60) thrown at [/HUDSON3/workspace/8-2-build-linux-amd64/jdk8u111/7883/hotspot/src/share/vm/prims/jni.c
Event: 1.263 Thread 0x00007f164800a800 Exception <a 'java/lang/NoSuchFieldError': method resolution failed> (0x00000000e1ba2288) thrown at [/HUDSON3/workspace/8-2-build-linux-amd64/jdk8u111/7883/hotspot/src/share/vm/prims/methodHandles.cpp, line 1146]
Event: 1.268 Thread 0x00007f164800a800 Exception <a 'java/lang/NoSuchFieldError': method resolution failed> (0x00000000e1baf608) thrown at [/HUDSON3/workspace/8-2-build-linux-amd64/jdk8u111/7883/hotspot/src/share/vm/prims/methodHandles.cpp, line 1146]
Event: 1.854 Thread 0x00007f16481b2800 Exception <a 'java/security/PrivilegedActionException'> (0x00000000e1c62468) thrown at [/HUDSON3/workspace/8-2-build-linux-amd64/jdk8u111/7883/hotspot/src/share/vm/prims/jvm.cpp, line 1386]
Event: 1.854 Thread 0x00007f16481b2800 Exception <a 'java/security/PrivilegedActionException'> (0x00000000e1c62678) thrown at [/HUDSON3/workspace/8-2-build-linux-amd64/jdk8u111/7883/hotspot/src/share/vm/prims/jvm.cpp, line 1386]
Event: 1.855 Thread 0x00007f16481b2800 Exception <a 'java/security/PrivilegedActionException'> (0x00000000e1c64ab8) thrown at [/HUDSON3/workspace/8-2-build-linux-amd64/jdk8u111/7883/hotspot/src/share/vm/prims/jvm.cpp, line 1386]
Event: 1.855 Thread 0x00007f16481b2800 Exception <a 'java/security/PrivilegedActionException'> (0x00000000e1c64cc8) thrown at [/HUDSON3/workspace/8-2-build-linux-amd64/jdk8u111/7883/hotspot/src/share/vm/prims/jvm.cpp, line 1386]
Event: 1.855 Thread 0x00007f16481b2800 Exception <a 'java/lang/NullPointerException'> (0x00000000e1c652a0) thrown at [/HUDSON3/workspace/8-2-build-linux-amd64/jdk8u111/7883/hotspot/src/share/vm/interpreter/linkResolver.cpp, line 1178]

Events (10 events):
Event: 5.856 Executing VM operation: ParallelGCFailedAllocation done
Event: 5.937 Executing VM operation: ParallelGCFailedAllocation
Event: 6.256 Executing VM operation: ParallelGCFailedAllocation done
Event: 6.354 Executing VM operation: ParallelGCFailedAllocation
Event: 6.659 Executing VM operation: ParallelGCFailedAllocation done
Event: 6.725 Executing VM operation: ParallelGCFailedAllocation
Event: 7.223 Executing VM operation: ParallelGCFailedAllocation done
Event: 7.262 Thread 0x00007f15fc110800 DEOPT PACKING pc=0x00007f1638de6287 sp=0x00007f15f2f79050
Event: 7.262 Thread 0x00007f15fc110800 DEOPT UNPACKING pc=0x00007f1638c1a233 sp=0x00007f15f2f78e88 mode 0
Event: 7.292 Executing VM operation: ParallelGCFailedAllocation


Dynamic libraries:
00400000-00401000 r-xp 00000000 08:01 3550086                            /usr/lib/jvm/java-8-oracle/bin/java
00600000-00601000 rw-p 00000000 08:01 3550086                            /usr/lib/jvm/java-8-oracle/bin/java
0237d000-023e2000 rw-p 00000000 00:00 0                                  [heap]
a4a00000-d4580000 rw-p 00000000 00:00 0 
e0b80000-e1900000 ---p 00000000 00:00 0 
e1900000-100000000 rw-p 00000000 00:00 0 
100000000-100100000 rw-p 00000000 00:00 0 
100100000-140000000 ---p 00000000 00:00 0 
7f15ec000000-7f15ec021000 rw-p 00000000 00:00 0 
7f15ec021000-7f15f0000000 ---p 00000000 00:00 0 
7f15f2e7b000-7f15f2e7e000 ---p 00000000 00:00 0 
7f15f2e7e000-7f15f2f7c000 rw-p 00000000 00:00 0 
7f15f2f7c000-7f15f2f7f000 ---p 00000000 00:00 0 
7f15f2f7f000-7f15f307d000 rw-p 00000000 00:00 0 
7f15f307d000-7f15f30ad000 r-xp 00000000 08:01 2888286                    /usr/lib/x86_64-linux-gnu/gtk-2.0/2.10.0/engines/libmurrine.so
7f15f30ad000-7f15f32ad000 ---p 00030000 08:01 2888286                    /usr/lib/x86_64-linux-gnu/gtk-2.0/2.10.0/engines/libmurrine.so
7f15f32ad000-7f15f32ae000 r--p 00030000 08:01 2888286                    /usr/lib/x86_64-linux-gnu/gtk-2.0/2.10.0/engines/libmurrine.so
7f15f32ae000-7f15f32af000 rw-p 00031000 08:01 2888286                    /usr/lib/x86_64-linux-gnu/gtk-2.0/2.10.0/engines/libmurrine.so
7f15f32af000-7f15f32b2000 r-xp 00000000 08:01 2888279                    /usr/lib/x86_64-linux-gnu/gtk-2.0/2.10.0/engines/libadwaita.so
7f15f32b2000-7f15f34b1000 ---p 00003000 08:01 2888279                    /usr/lib/x86_64-linux-gnu/gtk-2.0/2.10.0/engines/libadwaita.so
7f15f34b1000-7f15f34b2000 r--p 00002000 08:01 2888279                    /usr/lib/x86_64-linux-gnu/gtk-2.0/2.10.0/engines/libadwaita.so
7f15f34b2000-7f15f34b3000 rw-p 00003000 08:01 2888279                    /usr/lib/x86_64-linux-gnu/gtk-2.0/2.10.0/engines/libadwaita.so
7f15f34b3000-7f15f34bd000 r-xp 00000000 08:01 2888287                    /usr/lib/x86_64-linux-gnu/gtk-2.0/2.10.0/engines/libpixmap.so
7f15f34bd000-7f15f36bc000 ---p 0000a000 08:01 2888287                    /usr/lib/x86_64-linux-gnu/gtk-2.0/2.10.0/engines/libpixmap.so
7f15f36bc000-7f15f36bd000 r--p 00009000 08:01 2888287                    /usr/lib/x86_64-linux-gnu/gtk-2.0/2.10.0/engines/libpixmap.so
7f15f36bd000-7f15f36be000 rw-p 0000a000 08:01 2888287                    /usr/lib/x86_64-linux-gnu/gtk-2.0/2.10.0/engines/libpixmap.so
7f15f36be000-7f15f36d0000 r-xp 00000000 08:01 2495064                    /lib/x86_64-linux-gnu/libgpg-error.so.0.17.0
7f15f36d0000-7f15f38d0000 ---p 00012000 08:01 2495064                    /lib/x86_64-linux-gnu/libgpg-error.so.0.17.0
7f15f38d0000-7f15f38d1000 r--p 00012000 08:01 2495064                    /lib/x86_64-linux-gnu/libgpg-error.so.0.17.0
7f15f38d1000-7f15f38d2000 rw-p 00013000 08:01 2495064                    /lib/x86_64-linux-gnu/libgpg-error.so.0.17.0
7f15f38d2000-7f15f39aa000 r-xp 00000000 08:01 2495060                    /lib/x86_64-linux-gnu/libgcrypt.so.20.0.5
7f15f39aa000-7f15f3ba9000 ---p 000d8000 08:01 2495060                    /lib/x86_64-linux-gnu/libgcrypt.so.20.0.5
7f15f3ba9000-7f15f3baa000 r--p 000d7000 08:01 2495060                    /lib/x86_64-linux-gnu/libgcrypt.so.20.0.5
7f15f3baa000-7f15f3bb2000 rw-p 000d8000 08:01 2495060                    /lib/x86_64-linux-gnu/libgcrypt.so.20.0.5
7f15f3bb2000-7f15f3bb3000 rw-p 00000000 00:00 0 
7f15f3bb3000-7f15f3bd4000 r-xp 00000000 08:01 2495087                    /lib/x86_64-linux-gnu/liblzma.so.5.0.0
7f15f3bd4000-7f15f3dd3000 ---p 00021000 08:01 2495087                    /lib/x86_64-linux-gnu/liblzma.so.5.0.0
7f15f3dd3000-7f15f3dd4000 r--p 00020000 08:01 2495087                    /lib/x86_64-linux-gnu/liblzma.so.5.0.0
7f15f3dd4000-7f15f3dd5000 rw-p 00021000 08:01 2495087                    /lib/x86_64-linux-gnu/liblzma.so.5.0.0
7f15f3dd5000-7f15f3e55000 r-xp 00000000 08:01 2494955                    /lib/x86_64-linux-gnu/libsystemd.so.0.14.0
7f15f3e55000-7f15f3e58000 r--p 0007f000 08:01 2494955                    /lib/x86_64-linux-gnu/libsystemd.so.0.14.0
7f15f3e58000-7f15f3e59000 rw-p 00082000 08:01 2494955                    /lib/x86_64-linux-gnu/libsystemd.so.0.14.0
7f15f3e59000-7f15f3e5a000 rw-p 00000000 00:00 0 
7f15f3e5a000-7f15f3ea4000 r-xp 00000000 08:01 2495036                    /lib/x86_64-linux-gnu/libdbus-1.so.3.14.6
7f15f3ea4000-7f15f40a4000 ---p 0004a000 08:01 2495036                    /lib/x86_64-linux-gnu/libdbus-1.so.3.14.6
7f15f40a4000-7f15f40a5000 r--p 0004a000 08:01 2495036                    /lib/x86_64-linux-gnu/libdbus-1.so.3.14.6
7f15f40a5000-7f15f40a6000 rw-p 0004b000 08:01 2495036                    /lib/x86_64-linux-gnu/libdbus-1.so.3.14.6
7f15f40a6000-7f15f40d2000 r-xp 00000000 08:01 2237976                    /usr/lib/x86_64-linux-gnu/libatspi.so.0.0.1
7f15f40d2000-7f15f42d1000 ---p 0002c000 08:01 2237976                    /usr/lib/x86_64-linux-gnu/libatspi.so.0.0.1
7f15f42d1000-7f15f42d4000 r--p 0002b000 08:01 2237976                    /usr/lib/x86_64-linux-gnu/libatspi.so.0.0.1
7f15f42d4000-7f15f42d5000 rw-p 0002e000 08:01 2237976                    /usr/lib/x86_64-linux-gnu/libatspi.so.0.0.1
7f15f42d5000-7f15f4302000 r-xp 00000000 08:01 2237970                    /usr/lib/x86_64-linux-gnu/libatk-bridge-2.0.so.0.0.0
7f15f4302000-7f15f4501000 ---p 0002d000 08:01 2237970                    /usr/lib/x86_64-linux-gnu/libatk-bridge-2.0.so.0.0.0
7f15f4501000-7f15f4502000 r--p 0002c000 08:01 2237970                    /usr/lib/x86_64-linux-gnu/libatk-bridge-2.0.so.0.0.0
7f15f4502000-7f15f4504000 rw-p 0002d000 08:01 2237970                    /usr/lib/x86_64-linux-gnu/libatk-bridge-2.0.so.0.0.0
7f15f4504000-7f15f4505000 r-xp 00000000 08:01 2888305                    /usr/lib/x86_64-linux-gnu/gtk-2.0/modules/libatk-bridge.so
7f15f4505000-7f15f4704000 ---p 00001000 08:01 2888305                    /usr/lib/x86_64-linux-gnu/gtk-2.0/modules/libatk-bridge.so
7f15f4704000-7f15f4705000 r--p 00000000 08:01 2888305                    /usr/lib/x86_64-linux-gnu/gtk-2.0/modules/libatk-bridge.so
7f15f4705000-7f15f4706000 rw-p 00001000 08:01 2888305                    /usr/lib/x86_64-linux-gnu/gtk-2.0/modules/libatk-bridge.so
7f15f4706000-7f15f470d000 r-xp 00000000 08:01 2238324                    /usr/lib/x86_64-linux-gnu/libgailutil.so.18.0.1
7f15f470d000-7f15f490c000 ---p 00007000 08:01 2238324                    /usr/lib/x86_64-linux-gnu/libgailutil.so.18.0.1
7f15f490c000-7f15f490d000 r--p 00006000 08:01 2238324                    /usr/lib/x86_64-linux-gnu/libgailutil.so.18.0.1
7f15f490d000-7f15f490e000 rw-p 00007000 08:01 2238324                    /usr/lib/x86_64-linux-gnu/libgailutil.so.18.0.1
7f15f490e000-7f15f495c000 r-xp 00000000 08:01 2888308                    /usr/lib/x86_64-linux-gnu/gtk-2.0/modules/libgail.so
7f15f495c000-7f15f4b5b000 ---p 0004e000 08:01 2888308                    /usr/lib/x86_64-linux-gnu/gtk-2.0/modules/libgail.so
7f15f4b5b000-7f15f4b5c000 r--p 0004d000 08:01 2888308                    /usr/lib/x86_64-linux-gnu/gtk-2.0/modules/libgail.so
7f15f4b5c000-7f15f4b5e000 rw-p 0004e000 08:01 2888308                    /usr/lib/x86_64-linux-gnu/gtk-2.0/modules/libgail.so
7f15f4b5e000-7f15f4b87000 r-xp 00000000 08:01 4197255                    /usr/lib/jvm/java-8-oracle/jre/lib/amd64/libglass.so
7f15f4b87000-7f15f4d86000 ---p 00029000 08:01 4197255                    /usr/lib/jvm/java-8-oracle/jre/lib/amd64/libglass.so
7f15f4d86000-7f15f4d89000 rw-p 00028000 08:01 4197255                    /usr/lib/jvm/java-8-oracle/jre/lib/amd64/libglass.so
7f15f4d89000-7f15f4dc0000 r-xp 00000000 08:01 2239138                    /usr/lib/x86_64-linux-gnu/libtxc_dxtn_s2tc.so.0.0.0
7f15f4dc0000-7f15f4fbf000 ---p 00037000 08:01 2239138                    /usr/lib/x86_64-linux-gnu/libtxc_dxtn_s2tc.so.0.0.0
7f15f4fbf000-7f15f4fc0000 r--p 00036000 08:01 2239138                    /usr/lib/x86_64-linux-gnu/libtxc_dxtn_s2tc.so.0.0.0
7f15f4fc0000-7f15f4fc1000 rw-p 00037000 08:01 2239138                    /usr/lib/x86_64-linux-gnu/libtxc_dxtn_s2tc.so.0.0.0
7f15f4fc1000-7f15f4fc9000 r-xp 00000000 08:01 2238900                    /usr/lib/x86_64-linux-gnu/libpciaccess.so.0.11.1
7f15f4fc9000-7f15f51c9000 ---p 00008000 08:01 2238900                    /usr/lib/x86_64-linux-gnu/libpciaccess.so.0.11.1
7f15f51c9000-7f15f51ca000 r--p 00008000 08:01 2238900                    /usr/lib/x86_64-linux-gnu/libpciaccess.so.0.11.1
7f15f51ca000-7f15f51cb000 rw-p 00009000 08:01 2238900                    /usr/lib/x86_64-linux-gnu/libpciaccess.so.0.11.1
7f15f51cb000-7f15f51d6000 r-xp 00000000 08:01 2238191                    /usr/lib/x86_64-linux-gnu/libdrm_radeon.so.1.0.1
7f15f51d6000-7f15f53d5000 ---p 0000b000 08:01 2238191                    /usr/lib/x86_64-linux-gnu/libdrm_radeon.so.1.0.1
7f15f53d5000-7f15f53d6000 r--p 0000a000 08:01 2238191                    /usr/lib/x86_64-linux-gnu/libdrm_radeon.so.1.0.1
7f15f53d6000-7f15f53d7000 rw-p 0000b000 08:01 2238191                    /usr/lib/x86_64-linux-gnu/libdrm_radeon.so.1.0.1
7f15f53d7000-7f15f53de000 r-xp 00000000 08:01 2238189                    /usr/lib/x86_64-linux-gnu/libdrm_nouveau.so.2.0.0
7f15f53de000-7f15f55dd000 ---p 00007000 08:01 2238189                    /usr/lib/x86_64-linux-gnu/libdrm_nouveau.so.2.0.0
7f15f55dd000-7f15f55de000 r--p 00006000 08:01 2238189                    /usr/lib/x86_64-linux-gnu/libdrm_nouveau.so.2.0.0
7f15f55de000-7f15f55df000 rw-p 00007000 08:01 2238189                    /usr/lib/x86_64-linux-gnu/libdrm_nouveau.so.2.0.0
7f15f55df000-7f15f55ff000 r-xp 00000000 08:01 2238187                    /usr/lib/x86_64-linux-gnu/libdrm_intel.so.1.0.0
7f15f55ff000-7f15f57fe000 ---p 00020000 08:01 2238187                    /usr/lib/x86_64-linux-gnu/libdrm_intel.so.1.0.0
7f15f57fe000-7f15f57ff000 r--p 0001f000 08:01 2238187                    /usr/lib/x86_64-linux-gnu/libdrm_intel.so.1.0.0
7f15f57ff000-7f15f5800000 rw-p 00020000 08:01 2238187                    /usr/lib/x86_64-linux-gnu/libdrm_intel.so.1.0.0
7f15f5800000-7f15f5e05000 r-xp 00000000 08:01 2887134                    /usr/lib/x86_64-linux-gnu/dri/i965_dri.so
7f15f5e05000-7f15f6005000 ---p 00605000 08:01 2887134                    /usr/lib/x86_64-linux-gnu/dri/i965_dri.so
7f15f6005000-7f15f603b000 r--p 00605000 08:01 2887134                    /usr/lib/x86_64-linux-gnu/dri/i965_dri.so
7f15f603b000-7f15f6042000 rw-p 0063b000 08:01 2887134                    /usr/lib/x86_64-linux-gnu/dri/i965_dri.so
7f15f6042000-7f15f604a000 rw-p 00000000 00:00 0 
7f15f604a000-7f15f6050000 r-xp 00000000 08:01 2238135                    /usr/lib/x86_64-linux-gnu/libdatrie.so.1.3.3
7f15f6050000-7f15f6250000 ---p 00006000 08:01 2238135                    /usr/lib/x86_64-linux-gnu/libdatrie.so.1.3.3
7f15f6250000-7f15f6251000 r--p 00006000 08:01 2238135                    /usr/lib/x86_64-linux-gnu/libdatrie.so.1.3.3
7f15f6251000-7f15f6252000 rw-p 00007000 08:01 2238135                    /usr/lib/x86_64-linux-gnu/libdatrie.so.1.3.3
7f15f6252000-7f15f6257000 r-xp 00000000 08:01 2237880                    /usr/lib/x86_64-linux-gnu/libXdmcp.so.6.0.0
7f15f6257000-7f15f6456000 ---p 00005000 08:01 2237880                    /usr/lib/x86_64-linux-gnu/libXdmcp.so.6.0.0
7f15f6456000-7f15f6457000 r--p 00004000 08:01 2237880                    /usr/lib/x86_64-linux-gnu/libXdmcp.so.6.0.0
7f15f6457000-7f15f6458000 rw-p 00005000 08:01 2237880                    /usr/lib/x86_64-linux-gnu/libXdmcp.so.6.0.0
7f15f6458000-7f15f645a000 r-xp 00000000 08:01 2237869                    /usr/lib/x86_64-linux-gnu/libXau.so.6.0.0
7f15f645a000-7f15f665a000 ---p 00002000 08:01 2237869                    /usr/lib/x86_64-linux-gnu/libXau.so.6.0.0
7f15f665a000-7f15f665b000 r--p 00002000 08:01 2237869                    /usr/lib/x86_64-linux-gnu/libXau.so.6.0.0
7f15f665b000-7f15f665c000 rw-p 00003000 08:01 2237869                    /usr/lib/x86_64-linux-gnu/libXau.so.6.0.0
7f15f665c000-7f15f667f000 r-xp 00000000 08:01 2238444                    /usr/lib/x86_64-linux-gnu/libgraphite2.so.3.0.1
7f15f667f000-7f15f687e000 ---p 00023000 08:01 2238444                    /usr/lib/x86_64-linux-gnu/libgraphite2.so.3.0.1
7f15f687e000-7f15f6880000 r--p 00022000 08:01 2238444                    /usr/lib/x86_64-linux-gnu/libgraphite2.so.3.0.1
7f15f6880000-7f15f6881000 rw-p 00024000 08:01 2238444                    /usr/lib/x86_64-linux-gnu/libgraphite2.so.3.0.1
7f15f6881000-7f15f688f000 r-xp 00000000 08:01 2238183                    /usr/lib/x86_64-linux-gnu/libdrm.so.2.4.0
7f15f688f000-7f15f6a8e000 ---p 0000e000 08:01 2238183                    /usr/lib/x86_64-linux-gnu/libdrm.so.2.4.0
7f15f6a8e000-7f15f6a8f000 r--p 0000d000 08:01 2238183                    /usr/lib/x86_64-linux-gnu/libdrm.so.2.4.0
7f15f6a8f000-7f15f6a90000 rw-p 0000e000 08:01 2238183                    /usr/lib/x86_64-linux-gnu/libdrm.so.2.4.0
7f15f6a90000-7f15f6a94000 r-xp 00000000 08:01 2239283                    /usr/lib/x86_64-linux-gnu/libxcb-dri2.so.0.0.0
7f15f6a94000-7f15f6c93000 ---p 00004000 08:01 2239283                    /usr/lib/x86_64-linux-gnu/libxcb-dri2.so.0.0.0
7f15f6c93000-7f15f6c94000 r--p 00003000 08:01 2239283                    /usr/lib/x86_64-linux-gnu/libxcb-dri2.so.0.0.0
7f15f6c94000-7f15f6c95000 rw-p 00004000 08:01 2239283                    /usr/lib/x86_64-linux-gnu/libxcb-dri2.so.0.0.0
7f15f6c95000-7f15f6cac000 r-xp 00000000 08:01 2239287                    /usr/lib/x86_64-linux-gnu/libxcb-glx.so.0.0.0
7f15f6cac000-7f15f6eab000 ---p 00017000 08:01 2239287                    /usr/lib/x86_64-linux-gnu/libxcb-glx.so.0.0.0
7f15f6eab000-7f15f6ead000 r--p 00016000 08:01 2239287                    /usr/lib/x86_64-linux-gnu/libxcb-glx.so.0.0.0
7f15f6ead000-7f15f6eae000 rw-p 00018000 08:01 2239287                    /usr/lib/x86_64-linux-gnu/libxcb-glx.so.0.0.0
7f15f6eae000-7f15f6eaf000 r-xp 00000000 08:01 2237863                    /usr/lib/x86_64-linux-gnu/libX11-xcb.so.1.0.0
7f15f6eaf000-7f15f70ae000 ---p 00001000 08:01 2237863                    /usr/lib/x86_64-linux-gnu/libX11-xcb.so.1.0.0
7f15f70ae000-7f15f70af000 r--p 00000000 08:01 2237863                    /usr/lib/x86_64-linux-gnu/libX11-xcb.so.1.0.0
7f15f70af000-7f15f70b0000 rw-p 00001000 08:01 2237863                    /usr/lib/x86_64-linux-gnu/libX11-xcb.so.1.0.0
7f15f70b0000-7f15f70d9000 r-xp 00000000 08:01 2238394                    /usr/lib/x86_64-linux-gnu/libglapi.so.0.0.0
7f15f70d9000-7f15f72d8000 ---p 00029000 08:01 2238394                    /usr/lib/x86_64-linux-gnu/libglapi.so.0.0.0
7f15f72d8000-7f15f72dc000 r--p 00028000 08:01 2238394                    /usr/lib/x86_64-linux-gnu/libglapi.so.0.0.0
7f15f72dc000-7f15f72dd000 rw-p 0002c000 08:01 2238394                    /usr/lib/x86_64-linux-gnu/libglapi.so.0.0.0
7f15f72dd000-7f15f72de000 rw-p 00000000 00:00 0 
7f15f72de000-7f15f72df000 r-xp 00000000 08:01 2239333                    /usr/lib/x86_64-linux-gnu/libxshmfence.so.1.0.0
7f15f72df000-7f15f74df000 ---p 00001000 08:01 2239333                    /usr/lib/x86_64-linux-gnu/libxshmfence.so.1.0.0
7f15f74df000-7f15f74e0000 r--p 00001000 08:01 2239333                    /usr/lib/x86_64-linux-gnu/libxshmfence.so.1.0.0
7f15f74e0000-7f15f74e1000 rw-p 00002000 08:01 2239333                    /usr/lib/x86_64-linux-gnu/libxshmfence.so.1.0.0
7f15f74e1000-7f15f74e6000 r-xp 00000000 08:01 2239307                    /usr/lib/x86_64-linux-gnu/libxcb-sync.so.1.0.0
7f15f74e6000-7f15f76e6000 ---p 00005000 08:01 2239307                    /usr/lib/x86_64-linux-gnu/libxcb-sync.so.1.0.0
7f15f76e6000-7f15f76e7000 r--p 00005000 08:01 2239307                    /usr/lib/x86_64-linux-gnu/libxcb-sync.so.1.0.0
7f15f76e7000-7f15f76e8000 rw-p 00006000 08:01 2239307                    /usr/lib/x86_64-linux-gnu/libxcb-sync.so.1.0.0
7f15f76e8000-7f15f76ea000 r-xp 00000000 08:01 2239295                    /usr/lib/x86_64-linux-gnu/libxcb-present.so.0.0.0
7f15f76ea000-7f15f78e9000 ---p 00002000 08:01 2239295                    /usr/lib/x86_64-linux-gnu/libxcb-present.so.0.0.0
7f15f78e9000-7f15f78ea000 r--p 00001000 08:01 2239295                    /usr/lib/x86_64-linux-gnu/libxcb-present.so.0.0.0
7f15f78ea000-7f15f78eb000 rw-p 00002000 08:01 2239295                    /usr/lib/x86_64-linux-gnu/libxcb-present.so.0.0.0
7f15f78eb000-7f15f78ed000 r-xp 00000000 08:01 2239285                    /usr/lib/x86_64-linux-gnu/libxcb-dri3.so.0.0.0
7f15f78ed000-7f15f7aec000 ---p 00002000 08:01 2239285                    /usr/lib/x86_64-linux-gnu/libxcb-dri3.so.0.0.0
7f15f7aec000-7f15f7aed000 r--p 00001000 08:01 2239285                    /usr/lib/x86_64-linux-gnu/libxcb-dri3.so.0.0.0
7f15f7aed000-7f15f7aee000 rw-p 00002000 08:01 2239285                    /usr/lib/x86_64-linux-gnu/libxcb-dri3.so.0.0.0
7f15f7aee000-7f15f7b5c000 r-xp 00000000 08:01 2495149                    /lib/x86_64-linux-gnu/libpcre.so.3.13.2
7f15f7b5c000-7f15f7d5c000 ---p 0006e000 08:01 2495149                    /lib/x86_64-linux-gnu/libpcre.so.3.13.2
7f15f7d5c000-7f15f7d5d000 r--p 0006e000 08:01 2495149                    /lib/x86_64-linux-gnu/libpcre.so.3.13.2
7f15f7d5d000-7f15f7d5e000 rw-p 0006f000 08:01 2495149                    /lib/x86_64-linux-gnu/libpcre.so.3.13.2
7f15f7d5e000-7f15f7d65000 r-xp 00000000 08:01 2238258                    /usr/lib/x86_64-linux-gnu/libffi.so.6.0.4
7f15f7d65000-7f15f7f64000 ---p 00007000 08:01 2238258                    /usr/lib/x86_64-linux-gnu/libffi.so.6.0.4
7f15f7f64000-7f15f7f65000 r--p 00006000 08:01 2238258                    /usr/lib/x86_64-linux-gnu/libffi.so.6.0.4
7f15f7f65000-7f15f7f66000 rw-p 00007000 08:01 2238258                    /usr/lib/x86_64-linux-gnu/libffi.so.6.0.4
7f15f7f66000-7f15f7f8c000 r-xp 00000000 08:01 2495051                    /lib/x86_64-linux-gnu/libexpat.so.1.6.0
7f15f7f8c000-7f15f818c000 ---p 00026000 08:01 2495051                    /lib/x86_64-linux-gnu/libexpat.so.1.6.0
7f15f818c000-7f15f818e000 r--p 00026000 08:01 2495051                    /lib/x86_64-linux-gnu/libexpat.so.1.6.0
7f15f818e000-7f15f818f000 rw-p 00028000 08:01 2495051                    /lib/x86_64-linux-gnu/libexpat.so.1.6.0
7f15f818f000-7f15f8197000 r-xp 00000000 08:01 2239115                    /usr/lib/x86_64-linux-gnu/libthai.so.0.2.4
7f15f8197000-7f15f8396000 ---p 00008000 08:01 2239115                    /usr/lib/x86_64-linux-gnu/libthai.so.0.2.4
7f15f8396000-7f15f8397000 r--p 00007000 08:01 2239115                    /usr/lib/x86_64-linux-gnu/libthai.so.0.2.4
7f15f8397000-7f15f8398000 rw-p 00008000 08:01 2239115                    /usr/lib/x86_64-linux-gnu/libthai.so.0.2.4
7f15f8398000-7f15f83b9000 r-xp 00000000 08:01 2239315                    /usr/lib/x86_64-linux-gnu/libxcb.so.1.1.0
7f15f83b9000-7f15f85b8000 ---p 00021000 08:01 2239315                    /usr/lib/x86_64-linux-gnu/libxcb.so.1.1.0
7f15f85b8000-7f15f85b9000 r--p 00020000 08:01 2239315                    /usr/lib/x86_64-linux-gnu/libxcb.so.1.1.0
7f15f85b9000-7f15f85ba000 rw-p 00021000 08:01 2239315                    /usr/lib/x86_64-linux-gnu/libxcb.so.1.1.0
7f15f85ba000-7f15f85c2000 r-xp 00000000 08:01 2239301                    /usr/lib/x86_64-linux-gnu/libxcb-render.so.0.0.0
7f15f85c2000-7f15f87c2000 ---p 00008000 08:01 2239301                    /usr/lib/x86_64-linux-gnu/libxcb-render.so.0.0.0
7f15f87c2000-7f15f87c3000 r--p 00008000 08:01 2239301                    /usr/lib/x86_64-linux-gnu/libxcb-render.so.0.0.0
7f15f87c3000-7f15f87c4000 rw-p 00009000 08:01 2239301                    /usr/lib/x86_64-linux-gnu/libxcb-render.so.0.0.0
7f15f87c4000-7f15f87c6000 r-xp 00000000 08:01 2239305                    /usr/lib/x86_64-linux-gnu/libxcb-shm.so.0.0.0
7f15f87c6000-7f15f89c6000 ---p 00002000 08:01 2239305                    /usr/lib/x86_64-linux-gnu/libxcb-shm.so.0.0.0
7f15f89c6000-7f15f89c7000 r--p 00002000 08:01 2239305                    /usr/lib/x86_64-linux-gnu/libxcb-shm.so.0.0.0
7f15f89c7000-7f15f89c8000 rw-p 00003000 08:01 2239305                    /usr/lib/x86_64-linux-gnu/libxcb-shm.so.0.0.0
7f15f89c8000-7f15f89ec000 r-xp 00000000 08:01 2495161                    /lib/x86_64-linux-gnu/libpng12.so.0.54.0
7f15f89ec000-7f15f8beb000 ---p 00024000 08:01 2495161                    /lib/x86_64-linux-gnu/libpng12.so.0.54.0
7f15f8beb000-7f15f8bec000 r--p 00023000 08:01 2495161                    /lib/x86_64-linux-gnu/libpng12.so.0.54.0
7f15f8bec000-7f15f8bed000 rw-p 00024000 08:01 2495161                    /lib/x86_64-linux-gnu/libpng12.so.0.54.0
7f15f8bed000-7f15f8c8c000 r-xp 00000000 08:01 2238914                    /usr/lib/x86_64-linux-gnu/libpixman-1.so.0.33.6
7f15f8c8c000-7f15f8e8c000 ---p 0009f000 08:01 2238914                    /usr/lib/x86_64-linux-gnu/libpixman-1.so.0.33.6
7f15f8e8c000-7f15f8e94000 r--p 0009f000 08:01 2238914                    /usr/lib/x86_64-linux-gnu/libpixman-1.so.0.33.6
7f15f8e94000-7f15f8e95000 rw-p 000a7000 08:01 2238914                    /usr/lib/x86_64-linux-gnu/libpixman-1.so.0.33.6
7f15f8e95000-7f15f8ef1000 r-xp 00000000 08:01 2238577                    /usr/lib/x86_64-linux-gnu/libharfbuzz.so.0.10000.1
7f15f8ef1000-7f15f90f1000 ---p 0005c000 08:01 2238577                    /usr/lib/x86_64-linux-gnu/libharfbuzz.so.0.10000.1
7f15f90f1000-7f15f90f2000 r--p 0005c000 08:01 2238577                    /usr/lib/x86_64-linux-gnu/libharfbuzz.so.0.10000.1
7f15f90f2000-7f15f90f3000 rw-p 0005d000 08:01 2238577                    /usr/lib/x86_64-linux-gnu/libharfbuzz.so.0.10000.1
7f15f90f3000-7f15f910a000 r-xp 00000000 08:01 2495172                    /lib/x86_64-linux-gnu/libresolv-2.23.so
7f15f910a000-7f15f930a000 ---p 00017000 08:01 2495172                    /lib/x86_64-linux-gnu/libresolv-2.23.so
7f15f930a000-7f15f930b000 r--p 00017000 08:01 2495172                    /lib/x86_64-linux-gnu/libresolv-2.23.so
7f15f930b000-7f15f930c000 rw-p 00018000 08:01 2495172                    /lib/x86_64-linux-gnu/libresolv-2.23.so
7f15f930c000-7f15f930e000 rw-p 00000000 00:00 0 
7f15f930e000-7f15f932d000 r-xp 00000000 08:01 2495178                    /lib/x86_64-linux-gnu/libselinux.so.1
7f15f932d000-7f15f952c000 ---p 0001f000 08:01 2495178                    /lib/x86_64-linux-gnu/libselinux.so.1
7f15f952c000-7f15f952d000 r--p 0001e000 08:01 2495178                    /lib/x86_64-linux-gnu/libselinux.so.1
7f15f952d000-7f15f952e000 rw-p 0001f000 08:01 2495178                    /lib/x86_64-linux-gnu/libselinux.so.1
7f15f952e000-7f15f9530000 rw-p 00000000 00:00 0 
7f15f9530000-7f15f9549000 r-xp 00000000 08:01 2495211                    /lib/x86_64-linux-gnu/libz.so.1.2.8
7f15f9549000-7f15f9748000 ---p 00019000 08:01 2495211                    /lib/x86_64-linux-gnu/libz.so.1.2.8
7f15f9748000-7f15f9749000 r--p 00018000 08:01 2495211                    /lib/x86_64-linux-gnu/libz.so.1.2.8
7f15f9749000-7f15f974a000 rw-p 00019000 08:01 2495211                    /lib/x86_64-linux-gnu/libz.so.1.2.8
7f15f974a000-7f15f975b000 r-xp 00000000 08:01 2237882                    /usr/lib/x86_64-linux-gnu/libXext.so.6.4.0
7f15f975b000-7f15f995a000 ---p 00011000 08:01 2237882                    /usr/lib/x86_64-linux-gnu/libXext.so.6.4.0
7f15f995a000-7f15f995b000 r--p 00010000 08:01 2237882                    /usr/lib/x86_64-linux-gnu/libXext.so.6.4.0
7f15f995b000-7f15f995c000 rw-p 00011000 08:01 2237882                    /usr/lib/x86_64-linux-gnu/libXext.so.6.4.0
7f15f995c000-7f15f995e000 r-xp 00000000 08:01 2237878                    /usr/lib/x86_64-linux-gnu/libXdamage.so.1.1.0
7f15f995e000-7f15f9b5d000 ---p 00002000 08:01 2237878                    /usr/lib/x86_64-linux-gnu/libXdamage.so.1.1.0
7f15f9b5d000-7f15f9b5e000 r--p 00001000 08:01 2237878                    /usr/lib/x86_64-linux-gnu/libXdamage.so.1.1.0
7f15f9b5e000-7f15f9b5f000 rw-p 00002000 08:01 2237878                    /usr/lib/x86_64-linux-gnu/libXdamage.so.1.1.0
7f15f9b5f000-7f15f9b61000 r-xp 00000000 08:01 2237874                    /usr/lib/x86_64-linux-gnu/libXcomposite.so.1.0.0
7f15f9b61000-7f15f9d60000 ---p 00002000 08:01 2237874                    /usr/lib/x86_64-linux-gnu/libXcomposite.so.1.0.0
7f15f9d60000-7f15f9d61000 r--p 00001000 08:01 2237874                    /usr/lib/x86_64-linux-gnu/libXcomposite.so.1.0.0
7f15f9d61000-7f15f9d62000 rw-p 00002000 08:01 2237874                    /usr/lib/x86_64-linux-gnu/libXcomposite.so.1.0.0
7f15f9d62000-7f15f9d6b000 r-xp 00000000 08:01 2237876                    /usr/lib/x86_64-linux-gnu/libXcursor.so.1.0.2
7f15f9d6b000-7f15f9f6a000 ---p 00009000 08:01 2237876                    /usr/lib/x86_64-linux-gnu/libXcursor.so.1.0.2
7f15f9f6a000-7f15f9f6b000 r--p 00008000 08:01 2237876                    /usr/lib/x86_64-linux-gnu/libXcursor.so.1.0.2
7f15f9f6b000-7f15f9f6c000 rw-p 00009000 08:01 2237876                    /usr/lib/x86_64-linux-gnu/libXcursor.so.1.0.2
7f15f9f6c000-7f15f9f76000 r-xp 00000000 08:01 2237900                    /usr/lib/x86_64-linux-gnu/libXrandr.so.2.2.0
7f15f9f76000-7f15fa175000 ---p 0000a000 08:01 2237900                    /usr/lib/x86_64-linux-gnu/libXrandr.so.2.2.0
7f15fa175000-7f15fa176000 r--p 00009000 08:01 2237900                    /usr/lib/x86_64-linux-gnu/libXrandr.so.2.2.0
7f15fa176000-7f15fa177000 rw-p 0000a000 08:01 2237900                    /usr/lib/x86_64-linux-gnu/libXrandr.so.2.2.0
7f15fa177000-7f15fa186000 r-xp 00000000 08:01 2237890                    /usr/lib/x86_64-linux-gnu/libXi.so.6.1.0
7f15fa186000-7f15fa385000 ---p 0000f000 08:01 2237890                    /usr/lib/x86_64-linux-gnu/libXi.so.6.1.0
7f15fa385000-7f15fa386000 r--p 0000e000 08:01 2237890                    /usr/lib/x86_64-linux-gnu/libXi.so.6.1.0
7f15fa386000-7f15fa387000 rw-p 0000f000 08:01 2237890                    /usr/lib/x86_64-linux-gnu/libXi.so.6.1.0
7f15fa387000-7f15fa389000 r-xp 00000000 08:01 2237892                    /usr/lib/x86_64-linux-gnu/libXinerama.so.1.0.0
7f15fa389000-7f15fa588000 ---p 00002000 08:01 2237892                    /usr/lib/x86_64-linux-gnu/libXinerama.so.1.0.0
7f15fa588000-7f15fa589000 r--p 00001000 08:01 2237892                    /usr/lib/x86_64-linux-gnu/libXinerama.so.1.0.0
7f15fa589000-7f15fa58a000 rw-p 00002000 08:01 2237892                    /usr/lib/x86_64-linux-gnu/libXinerama.so.1.0.0
7f15fa58a000-7f15fa593000 r-xp 00000000 08:01 2237902                    /usr/lib/x86_64-linux-gnu/libXrender.so.1.3.0
7f15fa593000-7f15fa792000 ---p 00009000 08:01 2237902                    /usr/lib/x86_64-linux-gnu/libXrender.so.1.3.0
7f15fa792000-7f15fa793000 r--p 00008000 08:01 2237902                    /usr/lib/x86_64-linux-gnu/libXrender.so.1.3.0
7f15fa793000-7f15fa794000 rw-p 00009000 08:01 2237902                    /usr/lib/x86_64-linux-gnu/libXrender.so.1.3.0
7f15fa794000-7f15fa799000 r-xp 00000000 08:01 2237884                    /usr/lib/x86_64-linux-gnu/libXfixes.so.3.1.0
7f15fa799000-7f15fa998000 ---p 00005000 08:01 2237884                    /usr/lib/x86_64-linux-gnu/libXfixes.so.3.1.0
7f15fa998000-7f15fa999000 r--p 00004000 08:01 2237884                    /usr/lib/x86_64-linux-gnu/libXfixes.so.3.1.0
7f15fa999000-7f15fa99a000 rw-p 00005000 08:01 2237884                    /usr/lib/x86_64-linux-gnu/libXfixes.so.3.1.0
7f15fa99a000-7f15fa9b0000 r-xp 00000000 08:01 2495058                    /lib/x86_64-linux-gnu/libgcc_s.so.1
7f15fa9b0000-7f15fabaf000 ---p 00016000 08:01 2495058                    /lib/x86_64-linux-gnu/libgcc_s.so.1
7f15fabaf000-7f15fabb0000 rw-p 00015000 08:01 2495058                    /lib/x86_64-linux-gnu/libgcc_s.so.1
7f15fabb0000-7f15fad22000 r-xp 00000000 08:01 2239096                    /usr/lib/x86_64-linux-gnu/libstdc++.so.6.0.21
7f15fad22000-7f15faf22000 ---p 00172000 08:01 2239096                    /usr/lib/x86_64-linux-gnu/libstdc++.so.6.0.21
7f15faf22000-7f15faf2c000 r--p 00172000 08:01 2239096                    /usr/lib/x86_64-linux-gnu/libstdc++.so.6.0.21
7f15faf2c000-7f15faf2e000 rw-p 0017c000 08:01 2239096                    /usr/lib/x86_64-linux-gnu/libstdc++.so.6.0.21
7f15faf2e000-7f15faf32000 rw-p 00000000 00:00 0 
7f15faf32000-7f15faf9f000 r-xp 00000000 08:01 2888802                    /usr/lib/x86_64-linux-gnu/mesa/libGL.so.1.2.0
7f15faf9f000-7f15fb19e000 ---p 0006d000 08:01 2888802                    /usr/lib/x86_64-linux-gnu/mesa/libGL.so.1.2.0
7f15fb19e000-7f15fb1a1000 r--p 0006c000 08:01 2888802                    /usr/lib/x86_64-linux-gnu/mesa/libGL.so.1.2.0
7f15fb1a1000-7f15fb1a2000 rw-p 0006f000 08:01 2888802                    /usr/lib/x86_64-linux-gnu/mesa/libGL.so.1.2.0
7f15fb1a2000-7f15fb1a3000 rw-p 00000000 00:00 0 
7f15fb1a3000-7f15fb1a8000 r-xp 00000000 08:01 2237918                    /usr/lib/x86_64-linux-gnu/libXxf86vm.so.1.0.0
7f15fb1a8000-7f15fb3a7000 ---p 00005000 08:01 2237918                    /usr/lib/x86_64-linux-gnu/libXxf86vm.so.1.0.0
7f15fb3a7000-7f15fb3a8000 r--p 00004000 08:01 2237918                    /usr/lib/x86_64-linux-gnu/libXxf86vm.so.1.0.0
7f15fb3a8000-7f15fb3a9000 rw-p 00005000 08:01 2237918                    /usr/lib/x86_64-linux-gnu/libXxf86vm.so.1.0.0
7f15fb3a9000-7f15fb4de000 r-xp 00000000 08:01 2237865                    /usr/lib/x86_64-linux-gnu/libX11.so.6.3.0
7f15fb4de000-7f15fb6de000 ---p 00135000 08:01 2237865                    /usr/lib/x86_64-linux-gnu/libX11.so.6.3.0
7f15fb6de000-7f15fb6df000 r--p 00135000 08:01 2237865                    /usr/lib/x86_64-linux-gnu/libX11.so.6.3.0
7f15fb6df000-7f15fb6e3000 rw-p 00136000 08:01 2237865                    /usr/lib/x86_64-linux-gnu/libX11.so.6.3.0
7f15fb6e3000-7f15fb6e8000 r-xp 00000000 08:01 2237908                    /usr/lib/x86_64-linux-gnu/libXtst.so.6.1.0
7f15fb6e8000-7f15fb8e7000 ---p 00005000 08:01 2237908                    /usr/lib/x86_64-linux-gnu/libXtst.so.6.1.0
7f15fb8e7000-7f15fb8e8000 r--p 00004000 08:01 2237908                    /usr/lib/x86_64-linux-gnu/libXtst.so.6.1.0
7f15fb8e8000-7f15fb8e9000 rw-p 00005000 08:01 2237908                    /usr/lib/x86_64-linux-gnu/libXtst.so.6.1.0
7f15fb8e9000-7f15fb9f8000 r-xp 00000000 08:01 2495062                    /lib/x86_64-linux-gnu/libglib-2.0.so.0.4800.1
7f15fb9f8000-7f15fbbf7000 ---p 0010f000 08:01 2495062                    /lib/x86_64-linux-gnu/libglib-2.0.so.0.4800.1
7f15fbbf7000-7f15fbbf8000 r--p 0010e000 08:01 2495062                    /lib/x86_64-linux-gnu/libglib-2.0.so.0.4800.1
7f15fbbf8000-7f15fbbf9000 rw-p 0010f000 08:01 2495062                    /lib/x86_64-linux-gnu/libglib-2.0.so.0.4800.1
7f15fbbf9000-7f15fbbfa000 rw-p 00000000 00:00 0 
7f15fbbfa000-7f15fbbfb000 r-xp 00000000 08:01 2238540                    /usr/lib/x86_64-linux-gnu/libgthread-2.0.so.0.4800.1
7f15fbbfb000-7f15fbdfa000 ---p 00001000 08:01 2238540                    /usr/lib/x86_64-linux-gnu/libgthread-2.0.so.0.4800.1
7f15fbdfa000-7f15fbdfb000 r--p 00000000 08:01 2238540                    /usr/lib/x86_64-linux-gnu/libgthread-2.0.so.0.4800.1
7f15fbdfb000-7f15fbdfc000 rw-p 00001000 08:01 2238540                    /usr/lib/x86_64-linux-gnu/libgthread-2.0.so.0.4800.1
7f15fbdfc000-7f15fbdff000 r-xp 00000000 08:01 2238402                    /usr/lib/x86_64-linux-gnu/libgmodule-2.0.so.0.4800.1
7f15fbdff000-7f15fbffe000 ---p 00003000 08:01 2238402                    /usr/lib/x86_64-linux-gnu/libgmodule-2.0.so.0.4800.1
7f15fbffe000-7f15fbfff000 r--p 00002000 08:01 2238402                    /usr/lib/x86_64-linux-gnu/libgmodule-2.0.so.0.4800.1
7f15fbfff000-7f15fc000000 rw-p 00003000 08:01 2238402                    /usr/lib/x86_64-linux-gnu/libgmodule-2.0.so.0.4800.1
7f15fc000000-7f15fc116000 rw-p 00000000 00:00 0 
7f15fc116000-7f1600000000 ---p 00000000 00:00 0 
7f1600000000-7f1601676000 rw-p 00000000 00:00 0 
7f1601676000-7f1604000000 ---p 00000000 00:00 0 
7f1604000000-7f1604021000 rw-p 00000000 00:00 0 
7f1604021000-7f1608000000 ---p 00000000 00:00 0 
7f1608000000-7f1608021000 rw-p 00000000 00:00 0 
7f1608021000-7f160c000000 ---p 00000000 00:00 0 
7f160c000000-7f160c225000 rw-p 00000000 00:00 0 
7f160c225000-7f1610000000 ---p 00000000 00:00 0 
7f1610000000-7f1610021000 rw-p 00000000 00:00 0 
7f1610021000-7f1614000000 ---p 00000000 00:00 0 
7f1614000000-7f1614021000 rw-p 00000000 00:00 0 
7f1614021000-7f1618000000 ---p 00000000 00:00 0 
7f1618000000-7f1618195000 rw-p 00000000 00:00 0 
7f1618195000-7f161c000000 ---p 00000000 00:00 0 
7f161c000000-7f161c021000 rw-p 00000000 00:00 0 
7f161c021000-7f1620000000 ---p 00000000 00:00 0 
7f1620000000-7f1620021000 rw-p 00000000 00:00 0 
7f1620021000-7f1624000000 ---p 00000000 00:00 0 
7f1624000000-7f162428e000 rw-p 00000000 00:00 0 
7f162428e000-7f1628000000 ---p 00000000 00:00 0 
7f1628000000-7f1628021000 rw-p 00000000 00:00 0 
7f1628021000-7f162c000000 ---p 00000000 00:00 0 
7f162c085000-7f162c08d000 rw-s 00000000 00:05 802462                     /drm mm object (deleted)
7f162c08d000-7f162c095000 rw-s 00000000 00:05 802452                     /drm mm object (deleted)
7f162c095000-7f162c098000 r--p 00000000 08:01 3281647                    /usr/share/locale-langpack/es/LC_MESSAGES/atk10.mo
7f162c098000-7f162c0c2000 r--p 00000000 08:01 3281566                    /usr/share/locale-langpack/es/LC_MESSAGES/gtk20-properties.mo
7f162c0c2000-7f162c0d1000 r--p 00000000 08:01 3281728                    /usr/share/locale-langpack/es/LC_MESSAGES/gtk20.mo
7f162c0d1000-7f162c0d9000 rw-s 00000000 00:05 802430                     /drm mm object (deleted)
7f162c0d9000-7f162c0e0000 r--s 00000000 08:01 2887731                    /usr/lib/x86_64-linux-gnu/gconv/gconv-modules.cache
7f162c0e0000-7f162c0fe000 r-xp 00000000 08:01 2491946                    /lib/x86_64-linux-gnu/libudev.so.1.6.4
7f162c0fe000-7f162c0ff000 r--p 0001d000 08:01 2491946                    /lib/x86_64-linux-gnu/libudev.so.1.6.4
7f162c0ff000-7f162c100000 rw-p 0001e000 08:01 2491946                    /lib/x86_64-linux-gnu/libudev.so.1.6.4
7f162c100000-7f162c152000 r-xp 00000000 08:01 2238428                    /usr/lib/x86_64-linux-gnu/libgobject-2.0.so.0.4800.1
7f162c152000-7f162c351000 ---p 00052000 08:01 2238428                    /usr/lib/x86_64-linux-gnu/libgobject-2.0.so.0.4800.1
7f162c351000-7f162c352000 r--p 00051000 08:01 2238428                    /usr/lib/x86_64-linux-gnu/libgobject-2.0.so.0.4800.1
7f162c352000-7f162c353000 rw-p 00052000 08:01 2238428                    /usr/lib/x86_64-linux-gnu/libgobject-2.0.so.0.4800.1
7f162c353000-7f162c390000 r-xp 00000000 08:01 2238280                    /usr/lib/x86_64-linux-gnu/libfontconfig.so.1.9.0
7f162c390000-7f162c58f000 ---p 0003d000 08:01 2238280                    /usr/lib/x86_64-linux-gnu/libfontconfig.so.1.9.0
7f162c58f000-7f162c591000 r--p 0003c000 08:01 2238280                    /usr/lib/x86_64-linux-gnu/libfontconfig.so.1.9.0
7f162c591000-7f162c596000 rw-p 0003e000 08:01 2238280                    /usr/lib/x86_64-linux-gnu/libfontconfig.so.1.9.0
7f162c596000-7f162c63a000 r-xp 00000000 08:01 2238314                    /usr/lib/x86_64-linux-gnu/libfreetype.so.6.12.1
7f162c63a000-7f162c839000 ---p 000a4000 08:01 2238314                    /usr/lib/x86_64-linux-gnu/libfreetype.so.6.12.1
7f162c839000-7f162c83f000 r--p 000a3000 08:01 2238314                    /usr/lib/x86_64-linux-gnu/libfreetype.so.6.12.1
7f162c83f000-7f162c840000 rw-p 000a9000 08:01 2238314                    /usr/lib/x86_64-linux-gnu/libfreetype.so.6.12.1
7f162c840000-7f162c889000 r-xp 00000000 08:01 2238884                    /usr/lib/x86_64-linux-gnu/libpango-1.0.so.0.3800.1
7f162c889000-7f162ca89000 ---p 00049000 08:01 2238884                    /usr/lib/x86_64-linux-gnu/libpango-1.0.so.0.3800.1
7f162ca89000-7f162ca8b000 r--p 00049000 08:01 2238884                    /usr/lib/x86_64-linux-gnu/libpango-1.0.so.0.3800.1
7f162ca8b000-7f162ca8c000 rw-p 0004b000 08:01 2238884                    /usr/lib/x86_64-linux-gnu/libpango-1.0.so.0.3800.1
7f162ca8c000-7f162cb9a000 r-xp 00000000 08:01 2238032                    /usr/lib/x86_64-linux-gnu/libcairo.so.2.11400.6
7f162cb9a000-7f162cd9a000 ---p 0010e000 08:01 2238032                    /usr/lib/x86_64-linux-gnu/libcairo.so.2.11400.6
7f162cd9a000-7f162cd9d000 r--p 0010e000 08:01 2238032                    /usr/lib/x86_64-linux-gnu/libcairo.so.2.11400.6
7f162cd9d000-7f162cd9e000 rw-p 00111000 08:01 2238032                    /usr/lib/x86_64-linux-gnu/libcairo.so.2.11400.6
7f162cd9e000-7f162cda0000 rw-p 00000000 00:00 0 
7f162cda0000-7f162cdac000 r-xp 00000000 08:01 2238886                    /usr/lib/x86_64-linux-gnu/libpangocairo-1.0.so.0.3800.1
7f162cdac000-7f162cfab000 ---p 0000c000 08:01 2238886                    /usr/lib/x86_64-linux-gnu/libpangocairo-1.0.so.0.3800.1
7f162cfab000-7f162cfac000 r--p 0000b000 08:01 2238886                    /usr/lib/x86_64-linux-gnu/libpangocairo-1.0.so.0.3800.1
7f162cfac000-7f162cfad000 rw-p 0000c000 08:01 2238886                    /usr/lib/x86_64-linux-gnu/libpangocairo-1.0.so.0.3800.1
7f162cfad000-7f162cfce000 r-xp 00000000 08:01 2238354                    /usr/lib/x86_64-linux-gnu/libgdk_pixbuf-2.0.so.0.3200.2
7f162cfce000-7f162d1cd000 ---p 00021000 08:01 2238354                    /usr/lib/x86_64-linux-gnu/libgdk_pixbuf-2.0.so.0.3200.2
7f162d1cd000-7f162d1ce000 r--p 00020000 08:01 2238354                    /usr/lib/x86_64-linux-gnu/libgdk_pixbuf-2.0.so.0.3200.2
7f162d1ce000-7f162d1cf000 rw-p 00021000 08:01 2238354                    /usr/lib/x86_64-linux-gnu/libgdk_pixbuf-2.0.so.0.3200.2
7f162d1cf000-7f162d1e3000 r-xp 00000000 08:01 2238888                    /usr/lib/x86_64-linux-gnu/libpangoft2-1.0.so.0.3800.1
7f162d1e3000-7f162d3e3000 ---p 00014000 08:01 2238888                    /usr/lib/x86_64-linux-gnu/libpangoft2-1.0.so.0.3800.1
7f162d3e3000-7f162d3e4000 r--p 00014000 08:01 2238888                    /usr/lib/x86_64-linux-gnu/libpangoft2-1.0.so.0.3800.1
7f162d3e4000-7f162d3e5000 rw-p 00015000 08:01 2238888                    /usr/lib/x86_64-linux-gnu/libpangoft2-1.0.so.0.3800.1
7f162d3e5000-7f162d565000 r-xp 00000000 08:01 2238386                    /usr/lib/x86_64-linux-gnu/libgio-2.0.so.0.4800.1
7f162d565000-7f162d765000 ---p 00180000 08:01 2238386                    /usr/lib/x86_64-linux-gnu/libgio-2.0.so.0.4800.1
7f162d765000-7f162d769000 r--p 00180000 08:01 2238386                    /usr/lib/x86_64-linux-gnu/libgio-2.0.so.0.4800.1
7f162d769000-7f162d76b000 rw-p 00184000 08:01 2238386                    /usr/lib/x86_64-linux-gnu/libgio-2.0.so.0.4800.1
7f162d76b000-7f162d76d000 rw-p 00000000 00:00 0 
7f162d76d000-7f162d78f000 r-xp 00000000 08:01 2237968                    /usr/lib/x86_64-linux-gnu/libatk-1.0.so.0.21809.1
7f162d78f000-7f162d98e000 ---p 00022000 08:01 2237968                    /usr/lib/x86_64-linux-gnu/libatk-1.0.so.0.21809.1
7f162d98e000-7f162d991000 r--p 00021000 08:01 2237968                    /usr/lib/x86_64-linux-gnu/libatk-1.0.so.0.21809.1
7f162d991000-7f162d992000 rw-p 00024000 08:01 2237968                    /usr/lib/x86_64-linux-gnu/libatk-1.0.so.0.21809.1
7f162d992000-7f162da42000 r-xp 00000000 08:01 2238352                    /usr/lib/x86_64-linux-gnu/libgdk-x11-2.0.so.0.2400.30
7f162da42000-7f162dc41000 ---p 000b0000 08:01 2238352                    /usr/lib/x86_64-linux-gnu/libgdk-x11-2.0.so.0.2400.30
7f162dc41000-7f162dc45000 r--p 000af000 08:01 2238352                    /usr/lib/x86_64-linux-gnu/libgdk-x11-2.0.so.0.2400.30
7f162dc45000-7f162dc47000 rw-p 000b3000 08:01 2238352                    /usr/lib/x86_64-linux-gnu/libgdk-x11-2.0.so.0.2400.30
7f162dc47000-7f162e085000 r-xp 00000000 08:01 2238544                    /usr/lib/x86_64-linux-gnu/libgtk-x11-2.0.so.0.2400.30
7f162e085000-7f162e284000 ---p 0043e000 08:01 2238544                    /usr/lib/x86_64-linux-gnu/libgtk-x11-2.0.so.0.2400.30
7f162e284000-7f162e28b000 r--p 0043d000 08:01 2238544                    /usr/lib/x86_64-linux-gnu/libgtk-x11-2.0.so.0.2400.30
7f162e28b000-7f162e28f000 rw-p 00444000 08:01 2238544                    /usr/lib/x86_64-linux-gnu/libgtk-x11-2.0.so.0.2400.30
7f162e28f000-7f162e292000 rw-p 00000000 00:00 0 
7f162e294000-7f162e295000 rw-s 00000000 00:05 802432                     /drm mm object (deleted)
7f162e295000-7f162e2ba000 r--p 00000000 08:01 3281343                    /usr/share/locale-langpack/es/LC_MESSAGES/libc.mo
7f162e2ba000-7f162e2c6000 r-xp 00000000 08:01 4197224                    /usr/lib/jvm/java-8-oracle/jre/lib/amd64/libprism_es2.so
7f162e2c6000-7f162e4c5000 ---p 0000c000 08:01 4197224                    /usr/lib/jvm/java-8-oracle/jre/lib/amd64/libprism_es2.so
7f162e4c5000-7f162e4c6000 rw-p 0000b000 08:01 4197224                    /usr/lib/jvm/java-8-oracle/jre/lib/amd64/libprism_es2.so
7f162e4c6000-7f162e4c9000 ---p 00000000 00:00 0 
7f162e4c9000-7f162e5c7000 rw-p 00000000 00:00 0 
7f162e5c7000-7f162e5ca000 ---p 00000000 00:00 0 
7f162e5ca000-7f162e9c9000 rw-p 00000000 00:00 0 
7f162e9c9000-7f162e9df000 r-xp 00000000 08:01 4197212                    /usr/lib/jvm/java-8-oracle/jre/lib/amd64/libnet.so
7f162e9df000-7f162ebdf000 ---p 00016000 08:01 4197212                    /usr/lib/jvm/java-8-oracle/jre/lib/amd64/libnet.so
7f162ebdf000-7f162ebe0000 rw-p 00016000 08:01 4197212                    /usr/lib/jvm/java-8-oracle/jre/lib/amd64/libnet.so
7f162ebe0000-7f162ec76000 r--s 01103000 08:01 4725730                    /usr/lib/jvm/java-8-oracle/jre/lib/ext/jfxrt.jar
7f162ec76000-7f162ec79000 ---p 00000000 00:00 0 
7f162ec79000-7f162ed77000 rw-p 00000000 00:00 0 
7f162ed77000-7f162ed78000 r-xp 00000000 08:01 3410844                    /opt/idea-IC-163.9166.29/bin/libbreakgen64.so
7f162ed78000-7f162ef77000 ---p 00001000 08:01 3410844                    /opt/idea-IC-163.9166.29/bin/libbreakgen64.so
7f162ef77000-7f162ef78000 r--p 00000000 08:01 3410844                    /opt/idea-IC-163.9166.29/bin/libbreakgen64.so
7f162ef78000-7f162ef79000 rw-p 00001000 08:01 3410844                    /opt/idea-IC-163.9166.29/bin/libbreakgen64.so
7f162ef79000-7f162ef8c000 r--s 00345000 08:01 4197286                    /usr/lib/jvm/java-8-oracle/jre/lib/resources.jar
7f162ef8c000-7f162ef9e000 r--s 000d6000 08:01 4197285                    /usr/lib/jvm/java-8-oracle/jre/lib/plugin.jar
7f162ef9e000-7f162efa8000 r--s 0006c000 08:01 4197280                    /usr/lib/jvm/java-8-oracle/jre/lib/javaws.jar
7f162efa8000-7f162efa9000 ---p 00000000 00:00 0 
7f162efa9000-7f162f0a9000 rw-p 00000000 00:00 0 
7f162f0a9000-7f162f0ac000 ---p 00000000 00:00 0 
7f162f0ac000-7f162f1aa000 rw-p 00000000 00:00 0 
7f162f1aa000-7f162f1ad000 ---p 00000000 00:00 0 
7f162f1ad000-7f162f2ab000 rw-p 00000000 00:00 0 
7f162f2ab000-7f162f2ae000 ---p 00000000 00:00 0 
7f162f2ae000-7f162f3ac000 rw-p 00000000 00:00 0 
7f162f3ac000-7f162f3af000 ---p 00000000 00:00 0 
7f162f3af000-7f162f4ad000 rw-p 00000000 00:00 0 
7f162f4ad000-7f162f9fa000 r--p 00000000 08:01 2236439                    /usr/lib/locale/locale-archive
7f162f9fa000-7f162f9fd000 ---p 00000000 00:00 0 
7f162f9fd000-7f162fafb000 rw-p 00000000 00:00 0 
7f162fafb000-7f162fafe000 ---p 00000000 00:00 0 
7f162fafe000-7f162fbfc000 rw-p 00000000 00:00 0 
7f162fbfc000-7f162fbfd000 ---p 00000000 00:00 0 
7f162fbfd000-7f1630000000 rw-p 00000000 00:00 0 
7f1630000000-7f1630021000 rw-p 00000000 00:00 0 
7f1630021000-7f1634000000 ---p 00000000 00:00 0 
7f1634000000-7f1634004000 r--s 00097000 08:01 4197199                    /usr/lib/jvm/java-8-oracle/jre/lib/jsse.jar
7f1634004000-7f163401f000 r--s 00208000 08:01 4197281                    /usr/lib/jvm/java-8-oracle/jre/lib/deploy.jar
7f163401f000-7f1634674000 rw-p 00000000 00:00 0 
7f1634674000-7f163484c000 r--s 03d2a000 08:01 4197204                    /usr/lib/jvm/java-8-oracle/jre/lib/rt.jar
7f163484c000-7f1634ec2000 rw-p 00000000 00:00 0 
7f1634ec2000-7f16350c2000 ---p 00000000 00:00 0 
7f16350c2000-7f163814d000 rw-p 00000000 00:00 0 
7f163814d000-7f163814e000 ---p 00000000 00:00 0 
7f163814e000-7f163824e000 rw-p 00000000 00:00 0 
7f163824e000-7f163824f000 ---p 00000000 00:00 0 
7f163824f000-7f16384cd000 rw-p 00000000 00:00 0 
7f16384cd000-7f1638537000 ---p 00000000 00:00 0 
7f1638537000-7f16386b5000 rw-p 00000000 00:00 0 
7f16386b5000-7f163871e000 ---p 00000000 00:00 0 
7f163871e000-7f1638812000 rw-p 00000000 00:00 0 
7f1638812000-7f163881d000 rw-p 00000000 00:00 0 
7f163881d000-7f1638bd3000 ---p 00000000 00:00 0 
7f1638bd3000-7f1638e43000 rwxp 00000000 00:00 0 
7f1638e43000-7f1647bd3000 ---p 00000000 00:00 0 
7f1647bd3000-7f1647bed000 r-xp 00000000 08:01 4197235                    /usr/lib/jvm/java-8-oracle/jre/lib/amd64/libzip.so
7f1647bed000-7f1647ded000 ---p 0001a000 08:01 4197235                    /usr/lib/jvm/java-8-oracle/jre/lib/amd64/libzip.so
7f1647ded000-7f1647dee000 rw-p 0001a000 08:01 4197235                    /usr/lib/jvm/java-8-oracle/jre/lib/amd64/libzip.so
7f1647dee000-7f1647df9000 r-xp 00000000 08:01 2495119                    /lib/x86_64-linux-gnu/libnss_files-2.23.so
7f1647df9000-7f1647ff8000 ---p 0000b000 08:01 2495119                    /lib/x86_64-linux-gnu/libnss_files-2.23.so
7f1647ff8000-7f1647ff9000 r--p 0000a000 08:01 2495119                    /lib/x86_64-linux-gnu/libnss_files-2.23.so
7f1647ff9000-7f1647ffa000 rw-p 0000b000 08:01 2495119                    /lib/x86_64-linux-gnu/libnss_files-2.23.so
7f1647ffa000-7f1648000000 rw-p 00000000 00:00 0 
7f1648000000-7f1648439000 rw-p 00000000 00:00 0 
7f1648439000-7f164c000000 ---p 00000000 00:00 0 
7f164c000000-7f164c002000 r--s 00019000 08:01 3410889                    /opt/idea-IC-163.9166.29/lib/idea_rt.jar
7f164c002000-7f164c007000 r--s 00084000 08:01 4197278                    /usr/lib/jvm/java-8-oracle/jre/lib/jfr.jar
7f164c007000-7f164c028000 rw-p 00000000 00:00 0 
7f164c028000-7f164c033000 r-xp 00000000 08:01 2495129                    /lib/x86_64-linux-gnu/libnss_nis-2.23.so
7f164c033000-7f164c232000 ---p 0000b000 08:01 2495129                    /lib/x86_64-linux-gnu/libnss_nis-2.23.so
7f164c232000-7f164c233000 r--p 0000a000 08:01 2495129                    /lib/x86_64-linux-gnu/libnss_nis-2.23.so
7f164c233000-7f164c234000 rw-p 0000b000 08:01 2495129                    /lib/x86_64-linux-gnu/libnss_nis-2.23.so
7f164c234000-7f164c24a000 r-xp 00000000 08:01 2495113                    /lib/x86_64-linux-gnu/libnsl-2.23.so
7f164c24a000-7f164c449000 ---p 00016000 08:01 2495113                    /lib/x86_64-linux-gnu/libnsl-2.23.so
7f164c449000-7f164c44a000 r--p 00015000 08:01 2495113                    /lib/x86_64-linux-gnu/libnsl-2.23.so
7f164c44a000-7f164c44b000 rw-p 00016000 08:01 2495113                    /lib/x86_64-linux-gnu/libnsl-2.23.so
7f164c44b000-7f164c44d000 rw-p 00000000 00:00 0 
7f164c44d000-7f164c455000 r-xp 00000000 08:01 2495115                    /lib/x86_64-linux-gnu/libnss_compat-2.23.so
7f164c455000-7f164c654000 ---p 00008000 08:01 2495115                    /lib/x86_64-linux-gnu/libnss_compat-2.23.so
7f164c654000-7f164c655000 r--p 00007000 08:01 2495115                    /lib/x86_64-linux-gnu/libnss_compat-2.23.so
7f164c655000-7f164c656000 rw-p 00008000 08:01 2495115                    /lib/x86_64-linux-gnu/libnss_compat-2.23.so
7f164c656000-7f164c681000 r-xp 00000000 08:01 4197260                    /usr/lib/jvm/java-8-oracle/jre/lib/amd64/libjava.so
7f164c681000-7f164c880000 ---p 0002b000 08:01 4197260                    /usr/lib/jvm/java-8-oracle/jre/lib/amd64/libjava.so
7f164c880000-7f164c882000 rw-p 0002a000 08:01 4197260                    /usr/lib/jvm/java-8-oracle/jre/lib/amd64/libjava.so
7f164c882000-7f164c88f000 r-xp 00000000 08:01 4197213                    /usr/lib/jvm/java-8-oracle/jre/lib/amd64/libverify.so
7f164c88f000-7f164ca8e000 ---p 0000d000 08:01 4197213                    /usr/lib/jvm/java-8-oracle/jre/lib/amd64/libverify.so
7f164ca8e000-7f164ca90000 rw-p 0000c000 08:01 4197213                    /usr/lib/jvm/java-8-oracle/jre/lib/amd64/libverify.so
7f164ca90000-7f164ca97000 r-xp 00000000 08:01 2495174                    /lib/x86_64-linux-gnu/librt-2.23.so
7f164ca97000-7f164cc96000 ---p 00007000 08:01 2495174                    /lib/x86_64-linux-gnu/librt-2.23.so
7f164cc96000-7f164cc97000 r--p 00006000 08:01 2495174                    /lib/x86_64-linux-gnu/librt-2.23.so
7f164cc97000-7f164cc98000 rw-p 00007000 08:01 2495174                    /lib/x86_64-linux-gnu/librt-2.23.so
7f164cc98000-7f164cda0000 r-xp 00000000 08:01 2495090                    /lib/x86_64-linux-gnu/libm-2.23.so
7f164cda0000-7f164cf9f000 ---p 00108000 08:01 2495090                    /lib/x86_64-linux-gnu/libm-2.23.so
7f164cf9f000-7f164cfa0000 r--p 00107000 08:01 2495090                    /lib/x86_64-linux-gnu/libm-2.23.so
7f164cfa0000-7f164cfa1000 rw-p 00108000 08:01 2495090                    /lib/x86_64-linux-gnu/libm-2.23.so
7f164cfa1000-7f164dc6e000 r-xp 00000000 08:01 4725720                    /usr/lib/jvm/java-8-oracle/jre/lib/amd64/server/libjvm.so
7f164dc6e000-7f164de6d000 ---p 00ccd000 08:01 4725720                    /usr/lib/jvm/java-8-oracle/jre/lib/amd64/server/libjvm.so
7f164de6d000-7f164df46000 rw-p 00ccc000 08:01 4725720                    /usr/lib/jvm/java-8-oracle/jre/lib/amd64/server/libjvm.so
7f164df46000-7f164df91000 rw-p 00000000 00:00 0 
7f164df91000-7f164e150000 r-xp 00000000 08:01 2495020                    /lib/x86_64-linux-gnu/libc-2.23.so
7f164e150000-7f164e350000 ---p 001bf000 08:01 2495020                    /lib/x86_64-linux-gnu/libc-2.23.so
7f164e350000-7f164e354000 r--p 001bf000 08:01 2495020                    /lib/x86_64-linux-gnu/libc-2.23.so
7f164e354000-7f164e356000 rw-p 001c3000 08:01 2495020                    /lib/x86_64-linux-gnu/libc-2.23.so
7f164e356000-7f164e35a000 rw-p 00000000 00:00 0 
7f164e35a000-7f164e35d000 r-xp 00000000 08:01 2495044                    /lib/x86_64-linux-gnu/libdl-2.23.so
7f164e35d000-7f164e55c000 ---p 00003000 08:01 2495044                    /lib/x86_64-linux-gnu/libdl-2.23.so
7f164e55c000-7f164e55d000 r--p 00002000 08:01 2495044                    /lib/x86_64-linux-gnu/libdl-2.23.so
7f164e55d000-7f164e55e000 rw-p 00003000 08:01 2495044                    /lib/x86_64-linux-gnu/libdl-2.23.so
7f164e55e000-7f164e573000 r-xp 00000000 08:01 3159141                    /usr/lib/jvm/java-8-oracle/lib/amd64/jli/libjli.so
7f164e573000-7f164e773000 ---p 00015000 08:01 3159141                    /usr/lib/jvm/java-8-oracle/lib/amd64/jli/libjli.so
7f164e773000-7f164e774000 rw-p 00015000 08:01 3159141                    /usr/lib/jvm/java-8-oracle/lib/amd64/jli/libjli.so
7f164e774000-7f164e78c000 r-xp 00000000 08:01 2495166                    /lib/x86_64-linux-gnu/libpthread-2.23.so
7f164e78c000-7f164e98b000 ---p 00018000 08:01 2495166                    /lib/x86_64-linux-gnu/libpthread-2.23.so
7f164e98b000-7f164e98c000 r--p 00017000 08:01 2495166                    /lib/x86_64-linux-gnu/libpthread-2.23.so
7f164e98c000-7f164e98d000 rw-p 00018000 08:01 2495166                    /lib/x86_64-linux-gnu/libpthread-2.23.so
7f164e98d000-7f164e991000 rw-p 00000000 00:00 0 
7f164e991000-7f164e9b7000 r-xp 00000000 08:01 2494992                    /lib/x86_64-linux-gnu/ld-2.23.so
7f164e9b7000-7f164e9b8000 rw-s 10737b000 00:06 238                       /dev/dri/card0
7f164e9b8000-7f164e9ba000 r--s 00007000 08:01 4197271                    /usr/lib/jvm/java-8-oracle/jre/lib/jfxswt.jar
7f164e9ba000-7f164e9bd000 r--s 0001a000 08:01 4197290                    /usr/lib/jvm/java-8-oracle/jre/lib/jce.jar
7f164e9bd000-7f164e9c2000 r--s 002f9000 08:01 4197200                    /usr/lib/jvm/java-8-oracle/jre/lib/charsets.jar
7f164e9c2000-7f164ea87000 rw-p 00000000 00:00 0 
7f164ea87000-7f164ea8a000 ---p 00000000 00:00 0 
7f164ea8a000-7f164eb8c000 rw-p 00000000 00:00 0 
7f164eb8c000-7f164eb8d000 r--s 00000000 08:01 4197272                    /usr/lib/jvm/java-8-oracle/jre/lib/management-agent.jar
7f164eb8d000-7f164ebaa000 rw-p 00000000 00:00 0 
7f164ebaa000-7f164ebb2000 rw-s 00000000 08:01 7607825                    /tmp/hsperfdata_jose/5724
7f164ebb2000-7f164ebb3000 rw-p 00000000 00:00 0 
7f164ebb3000-7f164ebb4000 ---p 00000000 00:00 0 
7f164ebb4000-7f164ebb6000 rw-p 00000000 00:00 0 
7f164ebb6000-7f164ebb7000 r--p 00025000 08:01 2494992                    /lib/x86_64-linux-gnu/ld-2.23.so
7f164ebb7000-7f164ebb8000 rw-p 00026000 08:01 2494992                    /lib/x86_64-linux-gnu/ld-2.23.so
7f164ebb8000-7f164ebb9000 rw-p 00000000 00:00 0 
7ffc846f3000-7ffc84714000 rw-p 00000000 00:00 0                          [stack]
7ffc847e3000-7ffc847e5000 r--p 00000000 00:00 0                          [vvar]
7ffc847e5000-7ffc847e7000 r-xp 00000000 00:00 0                          [vdso]
ffffffffff600000-ffffffffff601000 r-xp 00000000 00:00 0                  [vsyscall]

VM Arguments:
jvm_args: -Didea.launcher.port=7533 -Didea.launcher.bin.path=/opt/idea-IC-163.9166.29/bin -Dfile.encoding=UTF-8 
java_command: com.intellij.rt.execution.application.AppMain pp.Main
java_class_path (initial): /usr/lib/jvm/java-8-oracle/jre/lib/charsets.jar:/usr/lib/jvm/java-8-oracle/jre/lib/deploy.jar:/usr/lib/jvm/java-8-oracle/jre/lib/ext/cldrdata.jar:/usr/lib/jvm/java-8-oracle/jre/lib/ext/dnsns.jar:/usr/lib/jvm/java-8-oracle/jre/lib/ext/jaccess.jar:/usr/lib/jvm/java-8-oracle/jre/lib/ext/jfxrt.jar:/usr/lib/jvm/java-8-oracle/jre/lib/ext/localedata.jar:/usr/lib/jvm/java-8-oracle/jre/lib/ext/nashorn.jar:/usr/lib/jvm/java-8-oracle/jre/lib/ext/sunec.jar:/usr/lib/jvm/java-8-oracle/jre/lib/ext/sunjce_provider.jar:/usr/lib/jvm/java-8-oracle/jre/lib/ext/sunpkcs11.jar:/usr/lib/jvm/java-8-oracle/jre/lib/ext/zipfs.jar:/usr/lib/jvm/java-8-oracle/jre/lib/javaws.jar:/usr/lib/jvm/java-8-oracle/jre/lib/jce.jar:/usr/lib/jvm/java-8-oracle/jre/lib/jfr.jar:/usr/lib/jvm/java-8-oracle/jre/lib/jfxswt.jar:/usr/lib/jvm/java-8-oracle/jre/lib/jsse.jar:/usr/lib/jvm/java-8-oracle/jre/lib/management-agent.jar:/usr/lib/jvm/java-8-oracle/jre/lib/plugin.jar:/usr/lib/jvm/java-8-oracle/jre/lib/resources.jar:/usr/lib/jvm/java-8-oracle/jre/lib/rt.jar:/home/jose/IdeaProjects/MochilaMH/out/production/MochilaMH:/opt/idea-IC-163.9166.29/lib/idea_rt.jar
Launcher Type: SUN_STANDARD

Environment Variables:
JAVA_HOME=/usr/lib/jvm/java-8-oracle
PATH=/home/jose/bin:/home/jose/.local/bin:/usr/local/sbin:/usr/local/bin:/usr/sbin:/usr/bin:/sbin:/bin:/usr/games:/usr/local/games:/snap/bin:/usr/lib/jvm/java-8-oracle/bin:/usr/lib/jvm/java-8-oracle/db/bin:/usr/lib/jvm/java-8-oracle/jre/bin
USERNAME=jose
LD_LIBRARY_PATH=/opt/idea-IC-163.9166.29/bin:
SHELL=/bin/bash
DISPLAY=:0

Signal Handlers:
SIGSEGV: [libjvm.so+0xac64b0], sa_mask[0]=11111111011111111101111111111110, sa_flags=SA_RESTART|SA_SIGINFO
SIGBUS: [libjvm.so+0xac64b0], sa_mask[0]=11111111011111111101111111111110, sa_flags=SA_RESTART|SA_SIGINFO
SIGFPE: [libjvm.so+0x91f950], sa_mask[0]=11111111011111111101111111111110, sa_flags=SA_RESTART|SA_SIGINFO
SIGPIPE: SIG_IGN, sa_mask[0]=00000000000010000000000000000000, sa_flags=SA_RESTART
SIGXFSZ: [libjvm.so+0x91f950], sa_mask[0]=11111111011111111101111111111110, sa_flags=SA_RESTART|SA_SIGINFO
SIGILL: [libjvm.so+0x91f950], sa_mask[0]=11111111011111111101111111111110, sa_flags=SA_RESTART|SA_SIGINFO
SIGUSR1: SIG_DFL, sa_mask[0]=00000000000000000000000000000000, sa_flags=none
SIGUSR2: [libjvm.so+0x920f80], sa_mask[0]=00100000000000000000000000000000, sa_flags=SA_RESTART|SA_SIGINFO
SIGHUP: [libjvm.so+0x922380], sa_mask[0]=11111111011111111101111111111110, sa_flags=SA_RESTART|SA_SIGINFO
SIGINT: [libjvm.so+0x922380], sa_mask[0]=11111111011111111101111111111110, sa_flags=SA_RESTART|SA_SIGINFO
SIGTERM: [libjvm.so+0x922380], sa_mask[0]=11111111011111111101111111111110, sa_flags=SA_RESTART|SA_SIGINFO
SIGQUIT: [libjvm.so+0x922380], sa_mask[0]=11111111011111111101111111111110, sa_flags=SA_RESTART|SA_SIGINFO


---------------  S Y S T E M  ---------------

OS:DISTRIB_ID=LinuxMint
DISTRIB_RELEASE=18.1
DISTRIB_CODENAME=serena
DISTRIB_DESCRIPTION="Linux Mint 18.1 Serena"

uname:Linux 4.4.0-57-generic #78-Ubuntu SMP Fri Dec 9 23:50:32 UTC 2016 x86_64
libc:glibc 2.23 NPTL 2.23 
rlimit: STACK 8192k, CORE 0k, NPROC 23221, NOFILE 65536, AS infinity
load average:5.21 1.61 0.83

/proc/meminfo:
MemTotal:        5987560 kB
MemFree:          114876 kB
MemAvailable:      45740 kB
Buffers:            1460 kB
Cached:           628244 kB
SwapCached:            0 kB
Active:          5083080 kB
Inactive:         576688 kB
Active(anon):    5057028 kB
Inactive(anon):   528752 kB
Active(file):      26052 kB
Inactive(file):    47936 kB
Unevictable:          80 kB
Mlocked:              80 kB
SwapTotal:             0 kB
SwapFree:              0 kB
Dirty:               436 kB
Writeback:             0 kB
AnonPages:       5030352 kB
Mapped:           345588 kB
Shmem:            555508 kB
Slab:              94780 kB
SReclaimable:      46436 kB
SUnreclaim:        48344 kB
KernelStack:       10048 kB
PageTables:        54472 kB
NFS_Unstable:          0 kB
Bounce:                0 kB
WritebackTmp:          0 kB
CommitLimit:     2993780 kB
Committed_AS:    8491064 kB
VmallocTotal:   34359738367 kB
VmallocUsed:           0 kB
VmallocChunk:          0 kB
HardwareCorrupted:     0 kB
AnonHugePages:   1996800 kB
CmaTotal:              0 kB
CmaFree:               0 kB
HugePages_Total:       0
HugePages_Free:        0
HugePages_Rsvd:        0
HugePages_Surp:        0
Hugepagesize:       2048 kB
DirectMap4k:      189184 kB
DirectMap2M:     5980160 kB


CPU:total 2 (2 cores per cpu, 1 threads per core) family 6 model 42 stepping 7, cmov, cx8, fxsr, mmx, sse, sse2, sse3, ssse3, sse4.1, sse4.2, popcnt, clmul, tsc, tscinvbit

/proc/cpuinfo:
processor	: 0
vendor_id	: GenuineIntel
cpu family	: 6
model		: 42
model name	: Intel(R) Pentium(R) CPU B980 @ 2.40GHz
stepping	: 7
microcode	: 0x29
cpu MHz		: 853.968
cache size	: 2048 KB
physical id	: 0
siblings	: 2
core id		: 0
cpu cores	: 2
apicid		: 0
initial apicid	: 0
fpu		: yes
fpu_exception	: yes
cpuid level	: 13
wp		: yes
flags		: fpu vme de pse tsc msr pae mce cx8 apic sep mtrr pge mca cmov pat pse36 clflush dts acpi mmx fxsr sse sse2 ss ht tm pbe syscall nx rdtscp lm constant_tsc arch_perfmon pebs bts rep_good nopl xtopology nonstop_tsc aperfmperf eagerfpu pni pclmulqdq dtes64 monitor ds_cpl est tm2 ssse3 cx16 xtpr pdcm pcid sse4_1 sse4_2 x2apic popcnt tsc_deadline_timer xsave lahf_lm epb xsaveopt dtherm arat pln pts
bugs		:
bogomips	: 4789.22
clflush size	: 64
cache_alignment	: 64
address sizes	: 36 bits physical, 48 bits virtual
power management:

processor	: 1
vendor_id	: GenuineIntel
cpu family	: 6
model		: 42
model name	: Intel(R) Pentium(R) CPU B980 @ 2.40GHz
stepping	: 7
microcode	: 0x29
cpu MHz		: 878.437
cache size	: 2048 KB
physical id	: 0
siblings	: 2
core id		: 1
cpu cores	: 2
apicid		: 2
initial apicid	: 2
fpu		: yes
fpu_exception	: yes
cpuid level	: 13
wp		: yes
flags		: fpu vme de pse tsc msr pae mce cx8 apic sep mtrr pge mca cmov pat pse36 clflush dts acpi mmx fxsr sse sse2 ss ht tm pbe syscall nx rdtscp lm constant_tsc arch_perfmon pebs bts rep_good nopl xtopology nonstop_tsc aperfmperf eagerfpu pni pclmulqdq dtes64 monitor ds_cpl est tm2 ssse3 cx16 xtpr pdcm pcid sse4_1 sse4_2 x2apic popcnt tsc_deadline_timer xsave lahf_lm epb xsaveopt dtherm arat pln pts
bugs		:
bogomips	: 4789.22
clflush size	: 64
cache_alignment	: 64
address sizes	: 36 bits physical, 48 bits virtual
power management:



Memory: 4k page, physical 5987560k(114876k free), swap 0k(0k free)

vm_info: Java HotSpot(TM) 64-Bit Server VM (25.111-b14) for linux-amd64 JRE (1.8.0_111-b14), built on Sep 22 2016 16:14:03 by "java_re" with gcc 4.3.0 20080428 (Red Hat 4.3.0-8)

time: Mon Jan  9 00:03:44 2017
elapsed time: 19 seconds (0d 0h 0m 19s)

