#
# There is insufficient memory for the Java Runtime Environment to continue.
# Native memory allocation (mmap) failed to map 197656576 bytes for committing reserved memory.
# Possible reasons:
#   The system is out of physical RAM or swap space
#   In 32 bit mode, the process size limit was hit
# Possible solutions:
#   Reduce memory load on the system
#   Increase physical memory or swap space
#   Check if swap backing store is full
#   Use 64 bit Java on a 64 bit OS
#   Decrease Java heap size (-Xmx/-Xms)
#   Decrease number of Java threads
#   Decrease Java thread stack sizes (-Xss)
#   Set larger code cache with -XX:ReservedCodeCacheSize=
# This output file may be truncated or incomplete.
#
#  Out of Memory Error (os_linux.cpp:2627), pid=5787, tid=0x00007f88c0ea9700
#
# JRE version: Java(TM) SE Runtime Environment (8.0_111-b14) (build 1.8.0_111-b14)
# Java VM: Java HotSpot(TM) 64-Bit Server VM (25.111-b14 mixed mode linux-amd64 compressed oops)
# Failed to write core dump. Core dumps have been disabled. To enable core dumping, try "ulimit -c unlimited" before starting Java again
#

---------------  T H R E A D  ---------------

Current thread (0x00007f88d4074000):  VMThread [stack: 0x00007f88c0da9000,0x00007f88c0eaa000] [id=5795]

Stack: [0x00007f88c0da9000,0x00007f88c0eaa000],  sp=0x00007f88c0ea8320,  free space=1020k
Native frames: (J=compiled Java code, j=interpreted, Vv=VM code, C=native code)
V  [libjvm.so+0xac5c2a]  VMError::report_and_die()+0x2ba
V  [libjvm.so+0x4fc50b]  report_vm_out_of_memory(char const*, int, unsigned long, VMErrorType, char const*)+0x8b
V  [libjvm.so+0x922ae3]  os::Linux::commit_memory_impl(char*, unsigned long, bool)+0x103
V  [libjvm.so+0x923039]  os::pd_commit_memory(char*, unsigned long, unsigned long, bool)+0x29
V  [libjvm.so+0x91d33a]  os::commit_memory(char*, unsigned long, unsigned long, bool)+0x2a
V  [libjvm.so+0x991ac3]  PSVirtualSpace::expand_by(unsigned long)+0x53
V  [libjvm.so+0x982380]  PSOldGen::expand(unsigned long)+0x170
V  [libjvm.so+0x98258b]  PSOldGen::resize(unsigned long)+0x1cb
V  [libjvm.so+0x98a291]  PSParallelCompact::invoke_no_policy(bool)+0x991
V  [libjvm.so+0x98fbed]  PSScavenge::invoke()+0x1ad
V  [libjvm.so+0x9467d0]  ParallelScavengeHeap::failed_mem_allocate(unsigned long)+0x70
V  [libjvm.so+0xac7647]  VM_ParallelGCFailedAllocation::doit()+0x97
V  [libjvm.so+0xacf125]  VM_Operation::evaluate()+0x55
V  [libjvm.so+0xacd4fa]  VMThread::evaluate_operation(VM_Operation*)+0xba
V  [libjvm.so+0xacd87e]  VMThread::loop()+0x1ce
V  [libjvm.so+0xacdcf0]  VMThread::run()+0x70
V  [libjvm.so+0x924ea8]  java_start(Thread*)+0x108

VM_Operation (0x00007f887bffcd30): ParallelGCFailedAllocation, mode: safepoint, requested by thread 0x00007f8888130800


---------------  P R O C E S S  ---------------

Java Threads: ( => current thread )
  0x00007f8888130800 JavaThread "JavaFX Application Thread" [_thread_blocked, id=5815, stack(0x00007f887beff000,0x00007f887c000000)]
  0x00007f888812c800 JavaThread "Thread-2" daemon [_thread_blocked, id=5814, stack(0x00007f88800cf000,0x00007f88801d0000)]
  0x00007f888804b800 JavaThread "QuantumRenderer-0" daemon [_thread_blocked, id=5813, stack(0x00007f889b64e000,0x00007f889b74f000)]
  0x00007f88d41a9000 JavaThread "JavaFX-Launcher" [_thread_blocked, id=5812, stack(0x00007f889b74f000,0x00007f889b850000)]
  0x00007f88d4124000 JavaThread "Monitor Ctrl-Break" daemon [_thread_in_native, id=5811, stack(0x00007f88c0026000,0x00007f88c0127000)]
  0x00007f88d40ba800 JavaThread "Service Thread" daemon [_thread_blocked, id=5808, stack(0x00007f88c0256000,0x00007f88c0357000)]
  0x00007f88d40b7800 JavaThread "C1 CompilerThread1" daemon [_thread_blocked, id=5806, stack(0x00007f88c0357000,0x00007f88c0458000)]
  0x00007f88d40b4800 JavaThread "C2 CompilerThread0" daemon [_thread_blocked, id=5804, stack(0x00007f88c0458000,0x00007f88c0559000)]
  0x00007f88d40b3000 JavaThread "Signal Dispatcher" daemon [_thread_blocked, id=5802, stack(0x00007f88c0559000,0x00007f88c065a000)]
  0x00007f88d4080000 JavaThread "Finalizer" daemon [_thread_blocked, id=5799, stack(0x00007f88c0ba7000,0x00007f88c0ca8000)]
  0x00007f88d407b800 JavaThread "Reference Handler" daemon [_thread_blocked, id=5797, stack(0x00007f88c0ca8000,0x00007f88c0da9000)]
  0x00007f88d400a800 JavaThread "main" [_thread_blocked, id=5788, stack(0x00007f88dbc35000,0x00007f88dbd36000)]

Other Threads:
=>0x00007f88d4074000 VMThread [stack: 0x00007f88c0da9000,0x00007f88c0eaa000] [id=5795]
  0x00007f88d40bd000 WatcherThread [stack: 0x00007f88c0155000,0x00007f88c0256000] [id=5810]

VM state:at safepoint (normal execution)

VM Mutex/Monitor currently owned by a thread:  ([mutex/lock_event])
[0x00007f88d40062d0] ExpandHeap_lock - owner thread: 0x00007f88d4074000
[0x00007f88d4006950] Threads_lock - owner thread: 0x00007f88d4074000
[0x00007f88d4006e50] Heap_lock - owner thread: 0x00007f8888130800

Heap:
 PSYoungGen      total 332800K, used 5236K [0x00000000e1900000, 0x0000000100000000, 0x0000000100000000)
  eden space 166912K, 0% used [0x00000000e1900000,0x00000000e1900000,0x00000000ebc00000)
  from space 165888K, 3% used [0x00000000ebc00000,0x00000000ec11d088,0x00000000f5e00000)
  to   space 165888K, 0% used [0x00000000f5e00000,0x00000000f5e00000,0x0000000100000000)
 ParOldGen       total 724992K, used 724658K [0x00000000a4a00000, 0x00000000d0e00000, 0x00000000e1900000)
  object space 724992K, 99% used [0x00000000a4a00000,0x00000000d0dac8d0,0x00000000d0e00000)
 Metaspace       used 6716K, capacity 6950K, committed 7168K, reserved 1056768K
  class space    used 820K, capacity 935K, committed 1024K, reserved 1048576K

Card table byte_map: [0x00007f88d870d000,0x00007f88d89e9000] byte_map_base: 0x00007f88d81e8000

Marking Bits: (ParMarkBitMap*) 0x00007f88db112220
 Begin Bits: [0x00007f88c2250000, 0x00007f88c3928000)
 End Bits:   [0x00007f88c3928000, 0x00007f88c5000000)

Polling page: 0x00007f88dbd61000

CodeCache: size=245760Kb used=2158Kb max_used=2170Kb free=243601Kb
 bounds [0x00007f88c5000000, 0x00007f88c5270000, 0x00007f88d4000000]
 total_blobs=884 nmethods=476 adapters=323
 compilation: enabled

Compilation events (10 events):
Event: 8.880 Thread 0x00007f88d40b7800  472       3       java.lang.ref.ReferenceQueue::reallyPoll (66 bytes)
Event: 8.881 Thread 0x00007f88d40b7800 nmethod 472 0x00007f88c5214590 code [0x00007f88c5214720, 0x00007f88c5214b90]
Event: 8.881 Thread 0x00007f88d40b7800  473       3       java.lang.ref.Finalizer::access$000 (4 bytes)
Event: 8.881 Thread 0x00007f88d40b7800 nmethod 473 0x00007f88c5214290 code [0x00007f88c52143e0, 0x00007f88c5214510]
Event: 9.312 Thread 0x00007f88d40b7800  474 %     3       pp.Mochila::setClave @ 34 (116 bytes)
Event: 9.314 Thread 0x00007f88d40b7800 nmethod 474% 0x00007f88c5212250 code [0x00007f88c5212540, 0x00007f88c52137b8]
Event: 9.561 Thread 0x00007f88d40b7800  475       3       pp.Mochila::setClave (116 bytes)
Event: 9.563 Thread 0x00007f88d40b7800 nmethod 475 0x00007f88c521af10 code [0x00007f88c521b1e0, 0x00007f88c521c358]
Event: 10.544 Thread 0x00007f88d40b4800  476 %     4       pp.Mochila::setClave @ 34 (116 bytes)
Event: 10.551 Thread 0x00007f88d40b4800 nmethod 476% 0x00007f88c5211890 code [0x00007f88c5211a40, 0x00007f88c5211e50]

GC Heap History (10 events):
Event: 10.324 GC heap after
Heap after GC invocations=18 (full 6):
 PSYoungGen      total 330752K, used 27162K [0x00000000e1900000, 0x00000000fe000000, 0x0000000100000000)
  eden space 210432K, 0% used [0x00000000e1900000,0x00000000e1900000,0x00000000ee680000)
  from space 120320K, 22% used [0x00000000f6080000,0x00000000f7b068f8,0x00000000fd600000)
  to   space 124928K, 0% used [0x00000000ee680000,0x00000000ee680000,0x00000000f6080000)
 ParOldGen       total 557056K, used 414613K [0x00000000a4a00000, 0x00000000c6a00000, 0x00000000e1900000)
  object space 557056K, 74% used [0x00000000a4a00000,0x00000000bdee5730,0x00000000c6a00000)
 Metaspace       used 6716K, capacity 6950K, committed 7168K, reserved 1056768K
  class space    used 820K, capacity 935K, committed 1024K, reserved 1048576K
}
Event: 10.410 GC heap before
{Heap before GC invocations=19 (full 6):
 PSYoungGen      total 330752K, used 237594K [0x00000000e1900000, 0x00000000fe000000, 0x0000000100000000)
  eden space 210432K, 100% used [0x00000000e1900000,0x00000000ee680000,0x00000000ee680000)
  from space 120320K, 22% used [0x00000000f6080000,0x00000000f7b068f8,0x00000000fd600000)
  to   space 124928K, 0% used [0x00000000ee680000,0x00000000ee680000,0x00000000f6080000)
 ParOldGen       total 557056K, used 414613K [0x00000000a4a00000, 0x00000000c6a00000, 0x00000000e1900000)
  object space 557056K, 74% used [0x00000000a4a00000,0x00000000bdee5730,0x00000000c6a00000)
 Metaspace       used 6716K, capacity 6950K, committed 7168K, reserved 1056768K
  class space    used 820K, capacity 935K, committed 1024K, reserved 1048576K
Event: 10.469 GC heap after
Heap after GC invocations=19 (full 6):
 PSYoungGen      total 335360K, used 124928K [0x00000000e1900000, 0x0000000100000000, 0x0000000100000000)
  eden space 210432K, 0% used [0x00000000e1900000,0x00000000e1900000,0x00000000ee680000)
  from space 124928K, 100% used [0x00000000ee680000,0x00000000f6080000,0x00000000f6080000)
  to   space 158208K, 0% used [0x00000000f6580000,0x00000000f6580000,0x0000000100000000)
 ParOldGen       total 557056K, used 450256K [0x00000000a4a00000, 0x00000000c6a00000, 0x00000000e1900000)
  object space 557056K, 80% used [0x00000000a4a00000,0x00000000c01b40d0,0x00000000c6a00000)
 Metaspace       used 6716K, capacity 6950K, committed 7168K, reserved 1056768K
  class space    used 820K, capacity 935K, committed 1024K, reserved 1048576K
}
Event: 10.558 GC heap before
{Heap before GC invocations=20 (full 6):
 PSYoungGen      total 335360K, used 335360K [0x00000000e1900000, 0x0000000100000000, 0x0000000100000000)
  eden space 210432K, 100% used [0x00000000e1900000,0x00000000ee680000,0x00000000ee680000)
  from space 124928K, 100% used [0x00000000ee680000,0x00000000f6080000,0x00000000f6080000)
  to   space 158208K, 0% used [0x00000000f6580000,0x00000000f6580000,0x0000000100000000)
 ParOldGen       total 557056K, used 450256K [0x00000000a4a00000, 0x00000000c6a00000, 0x00000000e1900000)
  object space 557056K, 80% used [0x00000000a4a00000,0x00000000c01b40d0,0x00000000c6a00000)
 Metaspace       used 6716K, capacity 6950K, committed 7168K, reserved 1056768K
  class space    used 820K, capacity 935K, committed 1024K, reserved 1048576K
Event: 10.723 GC heap after
Heap after GC invocations=20 (full 6):
 PSYoungGen      total 325120K, used 137184K [0x00000000e1900000, 0x0000000100000000, 0x0000000100000000)
  eden space 166912K, 0% used [0x00000000e1900000,0x00000000e1900000,0x00000000ebc00000)
  from space 158208K, 86% used [0x00000000f6580000,0x00000000feb78000,0x0000000100000000)
  to   space 165888K, 0% used [0x00000000ebc00000,0x00000000ebc00000,0x00000000f5e00000)
 ParOldGen       total 557056K, used 544966K [0x00000000a4a00000, 0x00000000c6a00000, 0x00000000e1900000)
  object space 557056K, 97% used [0x00000000a4a00000,0x00000000c5e318e0,0x00000000c6a00000)
 Metaspace       used 6716K, capacity 6950K, committed 7168K, reserved 1056768K
  class space    used 820K, capacity 935K, committed 1024K, reserved 1048576K
}
Event: 10.723 GC heap before
{Heap before GC invocations=21 (full 7):
 PSYoungGen      total 325120K, used 137184K [0x00000000e1900000, 0x0000000100000000, 0x0000000100000000)
  eden space 166912K, 0% used [0x00000000e1900000,0x00000000e1900000,0x00000000ebc00000)
  from space 158208K, 86% used [0x00000000f6580000,0x00000000feb78000,0x0000000100000000)
  to   space 165888K, 0% used [0x00000000ebc00000,0x00000000ebc00000,0x00000000f5e00000)
 ParOldGen       total 557056K, used 544966K [0x00000000a4a00000, 0x00000000c6a00000, 0x00000000e1900000)
  object space 557056K, 97% used [0x00000000a4a00000,0x00000000c5e318e0,0x00000000c6a00000)
 Metaspace       used 6716K, capacity 6950K, committed 7168K, reserved 1056768K
  class space    used 820K, capacity 935K, committed 1024K, reserved 1048576K
Event: 10.902 GC heap after
Heap after GC invocations=21 (full 7):
 PSYoungGen      total 325120K, used 91214K [0x00000000e1900000, 0x0000000100000000, 0x0000000100000000)
  eden space 166912K, 0% used [0x00000000e1900000,0x00000000e1900000,0x00000000ebc00000)
  from space 158208K, 57% used [0x00000000f6580000,0x00000000fbe93a40,0x0000000100000000)
  to   space 165888K, 0% used [0x00000000ebc00000,0x00000000ebc00000,0x00000000f5e00000)
 ParOldGen       total 724992K, used 556949K [0x00000000a4a00000, 0x00000000d0e00000, 0x00000000e1900000)
  object space 724992K, 76% used [0x00000000a4a00000,0x00000000c69e56f8,0x00000000d0e00000)
 Metaspace       used 6716K, capacity 6950K, committed 7168K, reserved 1056768K
  class space    used 820K, capacity 935K, committed 1024K, reserved 1048576K
}
Event: 10.989 GC heap before
{Heap before GC invocations=22 (full 7):
 PSYoungGen      total 325120K, used 258126K [0x00000000e1900000, 0x0000000100000000, 0x0000000100000000)
  eden space 166912K, 100% used [0x00000000e1900000,0x00000000ebc00000,0x00000000ebc00000)
  from space 158208K, 57% used [0x00000000f6580000,0x00000000fbe93a40,0x0000000100000000)
  to   space 165888K, 0% used [0x00000000ebc00000,0x00000000ebc00000,0x00000000f5e00000)
 ParOldGen       total 724992K, used 556949K [0x00000000a4a00000, 0x00000000d0e00000, 0x00000000e1900000)
  object space 724992K, 76% used [0x00000000a4a00000,0x00000000c69e56f8,0x00000000d0e00000)
 Metaspace       used 6716K, capacity 6950K, committed 7168K, reserved 1056768K
  class space    used 820K, capacity 935K, committed 1024K, reserved 1048576K
Event: 11.079 GC heap after
Heap after GC invocations=22 (full 7):
 PSYoungGen      total 332800K, used 101425K [0x00000000e1900000, 0x0000000100000000, 0x0000000100000000)
  eden space 166912K, 0% used [0x00000000e1900000,0x00000000e1900000,0x00000000ebc00000)
  from space 165888K, 61% used [0x00000000ebc00000,0x00000000f1f0c518,0x00000000f5e00000)
  to   space 165888K, 0% used [0x00000000f5e00000,0x00000000f5e00000,0x0000000100000000)
 ParOldGen       total 724992K, used 648170K [0x00000000a4a00000, 0x00000000d0e00000, 0x00000000e1900000)
  object space 724992K, 89% used [0x00000000a4a00000,0x00000000cc2fabd8,0x00000000d0e00000)
 Metaspace       used 6716K, capacity 6950K, committed 7168K, reserved 1056768K
  class space    used 820K, capacity 935K, committed 1024K, reserved 1048576K
}
Event: 11.079 GC heap before
{Heap before GC invocations=23 (full 8):
 PSYoungGen      total 332800K, used 101425K [0x00000000e1900000, 0x0000000100000000, 0x0000000100000000)
  eden space 166912K, 0% used [0x00000000e1900000,0x00000000e1900000,0x00000000ebc00000)
  from space 165888K, 61% used [0x00000000ebc00000,0x00000000f1f0c518,0x00000000f5e00000)
  to   space 165888K, 0% used [0x00000000f5e00000,0x00000000f5e00000,0x0000000100000000)
 ParOldGen       total 724992K, used 648170K [0x00000000a4a00000, 0x00000000d0e00000, 0x00000000e1900000)
  object space 724992K, 89% used [0x00000000a4a00000,0x00000000cc2fabd8,0x00000000d0e00000)
 Metaspace       used 6716K, capacity 6950K, committed 7168K, reserved 1056768K
  class space    used 820K, capacity 935K, committed 1024K, reserved 1048576K

Deoptimization events (1 events):
Event: 8.652 Thread 0x00007f8888130800 Uncommon trap: reason=unstable_if action=reinterpret pc=0x00007f88c519cbf8 method=java.lang.String.replace(CC)Ljava/lang/String; @ 2

Internal exceptions (9 events):
Event: 0.281 Thread 0x00007f88d400a800 Exception <a 'java/lang/NoSuchMethodError': Method sun.misc.Unsafe.defineClass(Ljava/lang/String;[BII)Ljava/lang/Class; name or signature does not match> (0x00000000e1907c78) thrown at [/HUDSON3/workspace/8-2-build-linux-amd64/jdk8u111/7883/hotspot/src/sh
Event: 0.281 Thread 0x00007f88d400a800 Exception <a 'java/lang/NoSuchMethodError': Method sun.misc.Unsafe.prefetchRead(Ljava/lang/Object;J)V name or signature does not match> (0x00000000e1907f60) thrown at [/HUDSON3/workspace/8-2-build-linux-amd64/jdk8u111/7883/hotspot/src/share/vm/prims/jni.c
Event: 1.533 Thread 0x00007f88d400a800 Exception <a 'java/lang/NoSuchFieldError': method resolution failed> (0x00000000e1ba2288) thrown at [/HUDSON3/workspace/8-2-build-linux-amd64/jdk8u111/7883/hotspot/src/share/vm/prims/methodHandles.cpp, line 1146]
Event: 1.537 Thread 0x00007f88d400a800 Exception <a 'java/lang/NoSuchFieldError': method resolution failed> (0x00000000e1baf608) thrown at [/HUDSON3/workspace/8-2-build-linux-amd64/jdk8u111/7883/hotspot/src/share/vm/prims/methodHandles.cpp, line 1146]
Event: 1.777 Thread 0x00007f88d41a9000 Exception <a 'java/security/PrivilegedActionException'> (0x00000000e1c62468) thrown at [/HUDSON3/workspace/8-2-build-linux-amd64/jdk8u111/7883/hotspot/src/share/vm/prims/jvm.cpp, line 1386]
Event: 1.777 Thread 0x00007f88d41a9000 Exception <a 'java/security/PrivilegedActionException'> (0x00000000e1c62678) thrown at [/HUDSON3/workspace/8-2-build-linux-amd64/jdk8u111/7883/hotspot/src/share/vm/prims/jvm.cpp, line 1386]
Event: 1.778 Thread 0x00007f88d41a9000 Exception <a 'java/security/PrivilegedActionException'> (0x00000000e1c64ab8) thrown at [/HUDSON3/workspace/8-2-build-linux-amd64/jdk8u111/7883/hotspot/src/share/vm/prims/jvm.cpp, line 1386]
Event: 1.778 Thread 0x00007f88d41a9000 Exception <a 'java/security/PrivilegedActionException'> (0x00000000e1c64cc8) thrown at [/HUDSON3/workspace/8-2-build-linux-amd64/jdk8u111/7883/hotspot/src/share/vm/prims/jvm.cpp, line 1386]
Event: 1.779 Thread 0x00007f88d41a9000 Exception <a 'java/lang/NullPointerException'> (0x00000000e1c652a0) thrown at [/HUDSON3/workspace/8-2-build-linux-amd64/jdk8u111/7883/hotspot/src/share/vm/interpreter/linkResolver.cpp, line 1178]

Events (10 events):
Event: 9.731 Executing VM operation: ParallelGCFailedAllocation done
Event: 9.815 Executing VM operation: ParallelGCFailedAllocation
Event: 10.004 Executing VM operation: ParallelGCFailedAllocation done
Event: 10.068 Executing VM operation: ParallelGCFailedAllocation
Event: 10.324 Executing VM operation: ParallelGCFailedAllocation done
Event: 10.409 Executing VM operation: ParallelGCFailedAllocation
Event: 10.469 Executing VM operation: ParallelGCFailedAllocation done
Event: 10.558 Executing VM operation: ParallelGCFailedAllocation
Event: 10.902 Executing VM operation: ParallelGCFailedAllocation done
Event: 10.989 Executing VM operation: ParallelGCFailedAllocation


Dynamic libraries:
00400000-00401000 r-xp 00000000 08:01 3550086                            /usr/lib/jvm/java-8-oracle/bin/java
00600000-00601000 rw-p 00000000 08:01 3550086                            /usr/lib/jvm/java-8-oracle/bin/java
010fa000-01160000 rw-p 00000000 00:00 0                                  [heap]
a4a00000-d0e00000 rw-p 00000000 00:00 0 
dca80000-e1900000 ---p 00000000 00:00 0 
e1900000-100000000 rw-p 00000000 00:00 0 
100000000-100100000 rw-p 00000000 00:00 0 
100100000-140000000 ---p 00000000 00:00 0 
7f887beff000-7f887bf02000 ---p 00000000 00:00 0 
7f887bf02000-7f887c000000 rw-p 00000000 00:00 0 
7f887c000000-7f887c021000 rw-p 00000000 00:00 0 
7f887c021000-7f8880000000 ---p 00000000 00:00 0 
7f88800cf000-7f88800d2000 ---p 00000000 00:00 0 
7f88800d2000-7f88801d0000 rw-p 00000000 00:00 0 
7f88801d0000-7f8880200000 r-xp 00000000 08:01 2888286                    /usr/lib/x86_64-linux-gnu/gtk-2.0/2.10.0/engines/libmurrine.so
7f8880200000-7f8880400000 ---p 00030000 08:01 2888286                    /usr/lib/x86_64-linux-gnu/gtk-2.0/2.10.0/engines/libmurrine.so
7f8880400000-7f8880401000 r--p 00030000 08:01 2888286                    /usr/lib/x86_64-linux-gnu/gtk-2.0/2.10.0/engines/libmurrine.so
7f8880401000-7f8880402000 rw-p 00031000 08:01 2888286                    /usr/lib/x86_64-linux-gnu/gtk-2.0/2.10.0/engines/libmurrine.so
7f8880402000-7f8880405000 r-xp 00000000 08:01 2888279                    /usr/lib/x86_64-linux-gnu/gtk-2.0/2.10.0/engines/libadwaita.so
7f8880405000-7f8880604000 ---p 00003000 08:01 2888279                    /usr/lib/x86_64-linux-gnu/gtk-2.0/2.10.0/engines/libadwaita.so
7f8880604000-7f8880605000 r--p 00002000 08:01 2888279                    /usr/lib/x86_64-linux-gnu/gtk-2.0/2.10.0/engines/libadwaita.so
7f8880605000-7f8880606000 rw-p 00003000 08:01 2888279                    /usr/lib/x86_64-linux-gnu/gtk-2.0/2.10.0/engines/libadwaita.so
7f8880606000-7f8880610000 r-xp 00000000 08:01 2888287                    /usr/lib/x86_64-linux-gnu/gtk-2.0/2.10.0/engines/libpixmap.so
7f8880610000-7f888080f000 ---p 0000a000 08:01 2888287                    /usr/lib/x86_64-linux-gnu/gtk-2.0/2.10.0/engines/libpixmap.so
7f888080f000-7f8880810000 r--p 00009000 08:01 2888287                    /usr/lib/x86_64-linux-gnu/gtk-2.0/2.10.0/engines/libpixmap.so
7f8880810000-7f8880811000 rw-p 0000a000 08:01 2888287                    /usr/lib/x86_64-linux-gnu/gtk-2.0/2.10.0/engines/libpixmap.so
7f8880811000-7f8880823000 r-xp 00000000 08:01 2495064                    /lib/x86_64-linux-gnu/libgpg-error.so.0.17.0
7f8880823000-7f8880a23000 ---p 00012000 08:01 2495064                    /lib/x86_64-linux-gnu/libgpg-error.so.0.17.0
7f8880a23000-7f8880a24000 r--p 00012000 08:01 2495064                    /lib/x86_64-linux-gnu/libgpg-error.so.0.17.0
7f8880a24000-7f8880a25000 rw-p 00013000 08:01 2495064                    /lib/x86_64-linux-gnu/libgpg-error.so.0.17.0
7f8880a25000-7f8880afd000 r-xp 00000000 08:01 2495060                    /lib/x86_64-linux-gnu/libgcrypt.so.20.0.5
7f8880afd000-7f8880cfc000 ---p 000d8000 08:01 2495060                    /lib/x86_64-linux-gnu/libgcrypt.so.20.0.5
7f8880cfc000-7f8880cfd000 r--p 000d7000 08:01 2495060                    /lib/x86_64-linux-gnu/libgcrypt.so.20.0.5
7f8880cfd000-7f8880d05000 rw-p 000d8000 08:01 2495060                    /lib/x86_64-linux-gnu/libgcrypt.so.20.0.5
7f8880d05000-7f8880d06000 rw-p 00000000 00:00 0 
7f8880d06000-7f8880d27000 r-xp 00000000 08:01 2495087                    /lib/x86_64-linux-gnu/liblzma.so.5.0.0
7f8880d27000-7f8880f26000 ---p 00021000 08:01 2495087                    /lib/x86_64-linux-gnu/liblzma.so.5.0.0
7f8880f26000-7f8880f27000 r--p 00020000 08:01 2495087                    /lib/x86_64-linux-gnu/liblzma.so.5.0.0
7f8880f27000-7f8880f28000 rw-p 00021000 08:01 2495087                    /lib/x86_64-linux-gnu/liblzma.so.5.0.0
7f8880f28000-7f8880f72000 r-xp 00000000 08:01 2495036                    /lib/x86_64-linux-gnu/libdbus-1.so.3.14.6
7f8880f72000-7f8881172000 ---p 0004a000 08:01 2495036                    /lib/x86_64-linux-gnu/libdbus-1.so.3.14.6
7f8881172000-7f8881173000 r--p 0004a000 08:01 2495036                    /lib/x86_64-linux-gnu/libdbus-1.so.3.14.6
7f8881173000-7f8881174000 rw-p 0004b000 08:01 2495036                    /lib/x86_64-linux-gnu/libdbus-1.so.3.14.6
7f8881174000-7f88811a0000 r-xp 00000000 08:01 2237976                    /usr/lib/x86_64-linux-gnu/libatspi.so.0.0.1
7f88811a0000-7f888139f000 ---p 0002c000 08:01 2237976                    /usr/lib/x86_64-linux-gnu/libatspi.so.0.0.1
7f888139f000-7f88813a2000 r--p 0002b000 08:01 2237976                    /usr/lib/x86_64-linux-gnu/libatspi.so.0.0.1
7f88813a2000-7f88813a3000 rw-p 0002e000 08:01 2237976                    /usr/lib/x86_64-linux-gnu/libatspi.so.0.0.1
7f88813a3000-7f88813d0000 r-xp 00000000 08:01 2237970                    /usr/lib/x86_64-linux-gnu/libatk-bridge-2.0.so.0.0.0
7f88813d0000-7f88815cf000 ---p 0002d000 08:01 2237970                    /usr/lib/x86_64-linux-gnu/libatk-bridge-2.0.so.0.0.0
7f88815cf000-7f88815d0000 r--p 0002c000 08:01 2237970                    /usr/lib/x86_64-linux-gnu/libatk-bridge-2.0.so.0.0.0
7f88815d0000-7f88815d2000 rw-p 0002d000 08:01 2237970                    /usr/lib/x86_64-linux-gnu/libatk-bridge-2.0.so.0.0.0
7f88815d2000-7f88815d3000 r-xp 00000000 08:01 2888305                    /usr/lib/x86_64-linux-gnu/gtk-2.0/modules/libatk-bridge.so
7f88815d3000-7f88817d2000 ---p 00001000 08:01 2888305                    /usr/lib/x86_64-linux-gnu/gtk-2.0/modules/libatk-bridge.so
7f88817d2000-7f88817d3000 r--p 00000000 08:01 2888305                    /usr/lib/x86_64-linux-gnu/gtk-2.0/modules/libatk-bridge.so
7f88817d3000-7f88817d4000 rw-p 00001000 08:01 2888305                    /usr/lib/x86_64-linux-gnu/gtk-2.0/modules/libatk-bridge.so
7f88817d4000-7f88817db000 r-xp 00000000 08:01 2238324                    /usr/lib/x86_64-linux-gnu/libgailutil.so.18.0.1
7f88817db000-7f88819da000 ---p 00007000 08:01 2238324                    /usr/lib/x86_64-linux-gnu/libgailutil.so.18.0.1
7f88819da000-7f88819db000 r--p 00006000 08:01 2238324                    /usr/lib/x86_64-linux-gnu/libgailutil.so.18.0.1
7f88819db000-7f88819dc000 rw-p 00007000 08:01 2238324                    /usr/lib/x86_64-linux-gnu/libgailutil.so.18.0.1
7f88819dc000-7f8881a2a000 r-xp 00000000 08:01 2888308                    /usr/lib/x86_64-linux-gnu/gtk-2.0/modules/libgail.so
7f8881a2a000-7f8881c29000 ---p 0004e000 08:01 2888308                    /usr/lib/x86_64-linux-gnu/gtk-2.0/modules/libgail.so
7f8881c29000-7f8881c2a000 r--p 0004d000 08:01 2888308                    /usr/lib/x86_64-linux-gnu/gtk-2.0/modules/libgail.so
7f8881c2a000-7f8881c2c000 rw-p 0004e000 08:01 2888308                    /usr/lib/x86_64-linux-gnu/gtk-2.0/modules/libgail.so
7f8881c2c000-7f8881c55000 r-xp 00000000 08:01 4197255                    /usr/lib/jvm/java-8-oracle/jre/lib/amd64/libglass.so
7f8881c55000-7f8881e54000 ---p 00029000 08:01 4197255                    /usr/lib/jvm/java-8-oracle/jre/lib/amd64/libglass.so
7f8881e54000-7f8881e57000 rw-p 00028000 08:01 4197255                    /usr/lib/jvm/java-8-oracle/jre/lib/amd64/libglass.so
7f8881e57000-7f8881e8e000 r-xp 00000000 08:01 2239138                    /usr/lib/x86_64-linux-gnu/libtxc_dxtn_s2tc.so.0.0.0
7f8881e8e000-7f888208d000 ---p 00037000 08:01 2239138                    /usr/lib/x86_64-linux-gnu/libtxc_dxtn_s2tc.so.0.0.0
7f888208d000-7f888208e000 r--p 00036000 08:01 2239138                    /usr/lib/x86_64-linux-gnu/libtxc_dxtn_s2tc.so.0.0.0
7f888208e000-7f888208f000 rw-p 00037000 08:01 2239138                    /usr/lib/x86_64-linux-gnu/libtxc_dxtn_s2tc.so.0.0.0
7f888208f000-7f8882097000 r-xp 00000000 08:01 2238900                    /usr/lib/x86_64-linux-gnu/libpciaccess.so.0.11.1
7f8882097000-7f8882297000 ---p 00008000 08:01 2238900                    /usr/lib/x86_64-linux-gnu/libpciaccess.so.0.11.1
7f8882297000-7f8882298000 r--p 00008000 08:01 2238900                    /usr/lib/x86_64-linux-gnu/libpciaccess.so.0.11.1
7f8882298000-7f8882299000 rw-p 00009000 08:01 2238900                    /usr/lib/x86_64-linux-gnu/libpciaccess.so.0.11.1
7f8882299000-7f88822a4000 r-xp 00000000 08:01 2238191                    /usr/lib/x86_64-linux-gnu/libdrm_radeon.so.1.0.1
7f88822a4000-7f88824a3000 ---p 0000b000 08:01 2238191                    /usr/lib/x86_64-linux-gnu/libdrm_radeon.so.1.0.1
7f88824a3000-7f88824a4000 r--p 0000a000 08:01 2238191                    /usr/lib/x86_64-linux-gnu/libdrm_radeon.so.1.0.1
7f88824a4000-7f88824a5000 rw-p 0000b000 08:01 2238191                    /usr/lib/x86_64-linux-gnu/libdrm_radeon.so.1.0.1
7f88824a5000-7f88824ac000 r-xp 00000000 08:01 2238189                    /usr/lib/x86_64-linux-gnu/libdrm_nouveau.so.2.0.0
7f88824ac000-7f88826ab000 ---p 00007000 08:01 2238189                    /usr/lib/x86_64-linux-gnu/libdrm_nouveau.so.2.0.0
7f88826ab000-7f88826ac000 r--p 00006000 08:01 2238189                    /usr/lib/x86_64-linux-gnu/libdrm_nouveau.so.2.0.0
7f88826ac000-7f88826ad000 rw-p 00007000 08:01 2238189                    /usr/lib/x86_64-linux-gnu/libdrm_nouveau.so.2.0.0
7f88826ad000-7f88826cd000 r-xp 00000000 08:01 2238187                    /usr/lib/x86_64-linux-gnu/libdrm_intel.so.1.0.0
7f88826cd000-7f88828cc000 ---p 00020000 08:01 2238187                    /usr/lib/x86_64-linux-gnu/libdrm_intel.so.1.0.0
7f88828cc000-7f88828cd000 r--p 0001f000 08:01 2238187                    /usr/lib/x86_64-linux-gnu/libdrm_intel.so.1.0.0
7f88828cd000-7f88828ce000 rw-p 00020000 08:01 2238187                    /usr/lib/x86_64-linux-gnu/libdrm_intel.so.1.0.0
7f88828ce000-7f8882ed3000 r-xp 00000000 08:01 2887134                    /usr/lib/x86_64-linux-gnu/dri/i965_dri.so
7f8882ed3000-7f88830d3000 ---p 00605000 08:01 2887134                    /usr/lib/x86_64-linux-gnu/dri/i965_dri.so
7f88830d3000-7f8883109000 r--p 00605000 08:01 2887134                    /usr/lib/x86_64-linux-gnu/dri/i965_dri.so
7f8883109000-7f8883110000 rw-p 0063b000 08:01 2887134                    /usr/lib/x86_64-linux-gnu/dri/i965_dri.so
7f8883110000-7f8883118000 rw-p 00000000 00:00 0 
7f8883118000-7f888311e000 r-xp 00000000 08:01 2238135                    /usr/lib/x86_64-linux-gnu/libdatrie.so.1.3.3
7f888311e000-7f888331e000 ---p 00006000 08:01 2238135                    /usr/lib/x86_64-linux-gnu/libdatrie.so.1.3.3
7f888331e000-7f888331f000 r--p 00006000 08:01 2238135                    /usr/lib/x86_64-linux-gnu/libdatrie.so.1.3.3
7f888331f000-7f8883320000 rw-p 00007000 08:01 2238135                    /usr/lib/x86_64-linux-gnu/libdatrie.so.1.3.3
7f8883320000-7f8883325000 r-xp 00000000 08:01 2237880                    /usr/lib/x86_64-linux-gnu/libXdmcp.so.6.0.0
7f8883325000-7f8883524000 ---p 00005000 08:01 2237880                    /usr/lib/x86_64-linux-gnu/libXdmcp.so.6.0.0
7f8883524000-7f8883525000 r--p 00004000 08:01 2237880                    /usr/lib/x86_64-linux-gnu/libXdmcp.so.6.0.0
7f8883525000-7f8883526000 rw-p 00005000 08:01 2237880                    /usr/lib/x86_64-linux-gnu/libXdmcp.so.6.0.0
7f8883526000-7f8883528000 r-xp 00000000 08:01 2237869                    /usr/lib/x86_64-linux-gnu/libXau.so.6.0.0
7f8883528000-7f8883728000 ---p 00002000 08:01 2237869                    /usr/lib/x86_64-linux-gnu/libXau.so.6.0.0
7f8883728000-7f8883729000 r--p 00002000 08:01 2237869                    /usr/lib/x86_64-linux-gnu/libXau.so.6.0.0
7f8883729000-7f888372a000 rw-p 00003000 08:01 2237869                    /usr/lib/x86_64-linux-gnu/libXau.so.6.0.0
7f888372a000-7f888374d000 r-xp 00000000 08:01 2238444                    /usr/lib/x86_64-linux-gnu/libgraphite2.so.3.0.1
7f888374d000-7f888394c000 ---p 00023000 08:01 2238444                    /usr/lib/x86_64-linux-gnu/libgraphite2.so.3.0.1
7f888394c000-7f888394e000 r--p 00022000 08:01 2238444                    /usr/lib/x86_64-linux-gnu/libgraphite2.so.3.0.1
7f888394e000-7f888394f000 rw-p 00024000 08:01 2238444                    /usr/lib/x86_64-linux-gnu/libgraphite2.so.3.0.1
7f888394f000-7f888395d000 r-xp 00000000 08:01 2238183                    /usr/lib/x86_64-linux-gnu/libdrm.so.2.4.0
7f888395d000-7f8883b5c000 ---p 0000e000 08:01 2238183                    /usr/lib/x86_64-linux-gnu/libdrm.so.2.4.0
7f8883b5c000-7f8883b5d000 r--p 0000d000 08:01 2238183                    /usr/lib/x86_64-linux-gnu/libdrm.so.2.4.0
7f8883b5d000-7f8883b5e000 rw-p 0000e000 08:01 2238183                    /usr/lib/x86_64-linux-gnu/libdrm.so.2.4.0
7f8883b5e000-7f8883b62000 r-xp 00000000 08:01 2239283                    /usr/lib/x86_64-linux-gnu/libxcb-dri2.so.0.0.0
7f8883b62000-7f8883d61000 ---p 00004000 08:01 2239283                    /usr/lib/x86_64-linux-gnu/libxcb-dri2.so.0.0.0
7f8883d61000-7f8883d62000 r--p 00003000 08:01 2239283                    /usr/lib/x86_64-linux-gnu/libxcb-dri2.so.0.0.0
7f8883d62000-7f8883d63000 rw-p 00004000 08:01 2239283                    /usr/lib/x86_64-linux-gnu/libxcb-dri2.so.0.0.0
7f8883d63000-7f8883d7a000 r-xp 00000000 08:01 2239287                    /usr/lib/x86_64-linux-gnu/libxcb-glx.so.0.0.0
7f8883d7a000-7f8883f79000 ---p 00017000 08:01 2239287                    /usr/lib/x86_64-linux-gnu/libxcb-glx.so.0.0.0
7f8883f79000-7f8883f7b000 r--p 00016000 08:01 2239287                    /usr/lib/x86_64-linux-gnu/libxcb-glx.so.0.0.0
7f8883f7b000-7f8883f7c000 rw-p 00018000 08:01 2239287                    /usr/lib/x86_64-linux-gnu/libxcb-glx.so.0.0.0
7f8883f7c000-7f8883f7d000 r-xp 00000000 08:01 2237863                    /usr/lib/x86_64-linux-gnu/libX11-xcb.so.1.0.0
7f8883f7d000-7f888417c000 ---p 00001000 08:01 2237863                    /usr/lib/x86_64-linux-gnu/libX11-xcb.so.1.0.0
7f888417c000-7f888417d000 r--p 00000000 08:01 2237863                    /usr/lib/x86_64-linux-gnu/libX11-xcb.so.1.0.0
7f888417d000-7f888417e000 rw-p 00001000 08:01 2237863                    /usr/lib/x86_64-linux-gnu/libX11-xcb.so.1.0.0
7f888417e000-7f88841a7000 r-xp 00000000 08:01 2238394                    /usr/lib/x86_64-linux-gnu/libglapi.so.0.0.0
7f88841a7000-7f88843a6000 ---p 00029000 08:01 2238394                    /usr/lib/x86_64-linux-gnu/libglapi.so.0.0.0
7f88843a6000-7f88843aa000 r--p 00028000 08:01 2238394                    /usr/lib/x86_64-linux-gnu/libglapi.so.0.0.0
7f88843aa000-7f88843ab000 rw-p 0002c000 08:01 2238394                    /usr/lib/x86_64-linux-gnu/libglapi.so.0.0.0
7f88843ab000-7f88843ac000 rw-p 00000000 00:00 0 
7f88843ac000-7f88843ad000 r-xp 00000000 08:01 2239333                    /usr/lib/x86_64-linux-gnu/libxshmfence.so.1.0.0
7f88843ad000-7f88845ad000 ---p 00001000 08:01 2239333                    /usr/lib/x86_64-linux-gnu/libxshmfence.so.1.0.0
7f88845ad000-7f88845ae000 r--p 00001000 08:01 2239333                    /usr/lib/x86_64-linux-gnu/libxshmfence.so.1.0.0
7f88845ae000-7f88845af000 rw-p 00002000 08:01 2239333                    /usr/lib/x86_64-linux-gnu/libxshmfence.so.1.0.0
7f88845af000-7f88845b4000 r-xp 00000000 08:01 2239307                    /usr/lib/x86_64-linux-gnu/libxcb-sync.so.1.0.0
7f88845b4000-7f88847b4000 ---p 00005000 08:01 2239307                    /usr/lib/x86_64-linux-gnu/libxcb-sync.so.1.0.0
7f88847b4000-7f88847b5000 r--p 00005000 08:01 2239307                    /usr/lib/x86_64-linux-gnu/libxcb-sync.so.1.0.0
7f88847b5000-7f88847b6000 rw-p 00006000 08:01 2239307                    /usr/lib/x86_64-linux-gnu/libxcb-sync.so.1.0.0
7f88847b6000-7f88847b8000 r-xp 00000000 08:01 2239295                    /usr/lib/x86_64-linux-gnu/libxcb-present.so.0.0.0
7f88847b8000-7f88849b7000 ---p 00002000 08:01 2239295                    /usr/lib/x86_64-linux-gnu/libxcb-present.so.0.0.0
7f88849b7000-7f88849b8000 r--p 00001000 08:01 2239295                    /usr/lib/x86_64-linux-gnu/libxcb-present.so.0.0.0
7f88849b8000-7f88849b9000 rw-p 00002000 08:01 2239295                    /usr/lib/x86_64-linux-gnu/libxcb-present.so.0.0.0
7f88849b9000-7f88849bb000 r-xp 00000000 08:01 2239285                    /usr/lib/x86_64-linux-gnu/libxcb-dri3.so.0.0.0
7f88849bb000-7f8884bba000 ---p 00002000 08:01 2239285                    /usr/lib/x86_64-linux-gnu/libxcb-dri3.so.0.0.0
7f8884bba000-7f8884bbb000 r--p 00001000 08:01 2239285                    /usr/lib/x86_64-linux-gnu/libxcb-dri3.so.0.0.0
7f8884bbb000-7f8884bbc000 rw-p 00002000 08:01 2239285                    /usr/lib/x86_64-linux-gnu/libxcb-dri3.so.0.0.0
7f8884bbc000-7f8884c2a000 r-xp 00000000 08:01 2495149                    /lib/x86_64-linux-gnu/libpcre.so.3.13.2
7f8884c2a000-7f8884e2a000 ---p 0006e000 08:01 2495149                    /lib/x86_64-linux-gnu/libpcre.so.3.13.2
7f8884e2a000-7f8884e2b000 r--p 0006e000 08:01 2495149                    /lib/x86_64-linux-gnu/libpcre.so.3.13.2
7f8884e2b000-7f8884e2c000 rw-p 0006f000 08:01 2495149                    /lib/x86_64-linux-gnu/libpcre.so.3.13.2
7f8884e2c000-7f8884e33000 r-xp 00000000 08:01 2238258                    /usr/lib/x86_64-linux-gnu/libffi.so.6.0.4
7f8884e33000-7f8885032000 ---p 00007000 08:01 2238258                    /usr/lib/x86_64-linux-gnu/libffi.so.6.0.4
7f8885032000-7f8885033000 r--p 00006000 08:01 2238258                    /usr/lib/x86_64-linux-gnu/libffi.so.6.0.4
7f8885033000-7f8885034000 rw-p 00007000 08:01 2238258                    /usr/lib/x86_64-linux-gnu/libffi.so.6.0.4
7f8885034000-7f888505a000 r-xp 00000000 08:01 2495051                    /lib/x86_64-linux-gnu/libexpat.so.1.6.0
7f888505a000-7f888525a000 ---p 00026000 08:01 2495051                    /lib/x86_64-linux-gnu/libexpat.so.1.6.0
7f888525a000-7f888525c000 r--p 00026000 08:01 2495051                    /lib/x86_64-linux-gnu/libexpat.so.1.6.0
7f888525c000-7f888525d000 rw-p 00028000 08:01 2495051                    /lib/x86_64-linux-gnu/libexpat.so.1.6.0
7f888525d000-7f8885265000 r-xp 00000000 08:01 2239115                    /usr/lib/x86_64-linux-gnu/libthai.so.0.2.4
7f8885265000-7f8885464000 ---p 00008000 08:01 2239115                    /usr/lib/x86_64-linux-gnu/libthai.so.0.2.4
7f8885464000-7f8885465000 r--p 00007000 08:01 2239115                    /usr/lib/x86_64-linux-gnu/libthai.so.0.2.4
7f8885465000-7f8885466000 rw-p 00008000 08:01 2239115                    /usr/lib/x86_64-linux-gnu/libthai.so.0.2.4
7f8885466000-7f8885487000 r-xp 00000000 08:01 2239315                    /usr/lib/x86_64-linux-gnu/libxcb.so.1.1.0
7f8885487000-7f8885686000 ---p 00021000 08:01 2239315                    /usr/lib/x86_64-linux-gnu/libxcb.so.1.1.0
7f8885686000-7f8885687000 r--p 00020000 08:01 2239315                    /usr/lib/x86_64-linux-gnu/libxcb.so.1.1.0
7f8885687000-7f8885688000 rw-p 00021000 08:01 2239315                    /usr/lib/x86_64-linux-gnu/libxcb.so.1.1.0
7f8885688000-7f8885690000 r-xp 00000000 08:01 2239301                    /usr/lib/x86_64-linux-gnu/libxcb-render.so.0.0.0
7f8885690000-7f8885890000 ---p 00008000 08:01 2239301                    /usr/lib/x86_64-linux-gnu/libxcb-render.so.0.0.0
7f8885890000-7f8885891000 r--p 00008000 08:01 2239301                    /usr/lib/x86_64-linux-gnu/libxcb-render.so.0.0.0
7f8885891000-7f8885892000 rw-p 00009000 08:01 2239301                    /usr/lib/x86_64-linux-gnu/libxcb-render.so.0.0.0
7f8885892000-7f8885894000 r-xp 00000000 08:01 2239305                    /usr/lib/x86_64-linux-gnu/libxcb-shm.so.0.0.0
7f8885894000-7f8885a94000 ---p 00002000 08:01 2239305                    /usr/lib/x86_64-linux-gnu/libxcb-shm.so.0.0.0
7f8885a94000-7f8885a95000 r--p 00002000 08:01 2239305                    /usr/lib/x86_64-linux-gnu/libxcb-shm.so.0.0.0
7f8885a95000-7f8885a96000 rw-p 00003000 08:01 2239305                    /usr/lib/x86_64-linux-gnu/libxcb-shm.so.0.0.0
7f8885a96000-7f8885aba000 r-xp 00000000 08:01 2495161                    /lib/x86_64-linux-gnu/libpng12.so.0.54.0
7f8885aba000-7f8885cb9000 ---p 00024000 08:01 2495161                    /lib/x86_64-linux-gnu/libpng12.so.0.54.0
7f8885cb9000-7f8885cba000 r--p 00023000 08:01 2495161                    /lib/x86_64-linux-gnu/libpng12.so.0.54.0
7f8885cba000-7f8885cbb000 rw-p 00024000 08:01 2495161                    /lib/x86_64-linux-gnu/libpng12.so.0.54.0
7f8885cbb000-7f8885d5a000 r-xp 00000000 08:01 2238914                    /usr/lib/x86_64-linux-gnu/libpixman-1.so.0.33.6
7f8885d5a000-7f8885f5a000 ---p 0009f000 08:01 2238914                    /usr/lib/x86_64-linux-gnu/libpixman-1.so.0.33.6
7f8885f5a000-7f8885f62000 r--p 0009f000 08:01 2238914                    /usr/lib/x86_64-linux-gnu/libpixman-1.so.0.33.6
7f8885f62000-7f8885f63000 rw-p 000a7000 08:01 2238914                    /usr/lib/x86_64-linux-gnu/libpixman-1.so.0.33.6
7f8885f63000-7f8885fbf000 r-xp 00000000 08:01 2238577                    /usr/lib/x86_64-linux-gnu/libharfbuzz.so.0.10000.1
7f8885fbf000-7f88861bf000 ---p 0005c000 08:01 2238577                    /usr/lib/x86_64-linux-gnu/libharfbuzz.so.0.10000.1
7f88861bf000-7f88861c0000 r--p 0005c000 08:01 2238577                    /usr/lib/x86_64-linux-gnu/libharfbuzz.so.0.10000.1
7f88861c0000-7f88861c1000 rw-p 0005d000 08:01 2238577                    /usr/lib/x86_64-linux-gnu/libharfbuzz.so.0.10000.1
7f88861c1000-7f88861d8000 r-xp 00000000 08:01 2495172                    /lib/x86_64-linux-gnu/libresolv-2.23.so
7f88861d8000-7f88863d8000 ---p 00017000 08:01 2495172                    /lib/x86_64-linux-gnu/libresolv-2.23.so
7f88863d8000-7f88863d9000 r--p 00017000 08:01 2495172                    /lib/x86_64-linux-gnu/libresolv-2.23.so
7f88863d9000-7f88863da000 rw-p 00018000 08:01 2495172                    /lib/x86_64-linux-gnu/libresolv-2.23.so
7f88863da000-7f88863dc000 rw-p 00000000 00:00 0 
7f88863dc000-7f88863fb000 r-xp 00000000 08:01 2495178                    /lib/x86_64-linux-gnu/libselinux.so.1
7f88863fb000-7f88865fa000 ---p 0001f000 08:01 2495178                    /lib/x86_64-linux-gnu/libselinux.so.1
7f88865fa000-7f88865fb000 r--p 0001e000 08:01 2495178                    /lib/x86_64-linux-gnu/libselinux.so.1
7f88865fb000-7f88865fc000 rw-p 0001f000 08:01 2495178                    /lib/x86_64-linux-gnu/libselinux.so.1
7f88865fc000-7f88865fe000 rw-p 00000000 00:00 0 
7f88865fe000-7f8886617000 r-xp 00000000 08:01 2495211                    /lib/x86_64-linux-gnu/libz.so.1.2.8
7f8886617000-7f8886816000 ---p 00019000 08:01 2495211                    /lib/x86_64-linux-gnu/libz.so.1.2.8
7f8886816000-7f8886817000 r--p 00018000 08:01 2495211                    /lib/x86_64-linux-gnu/libz.so.1.2.8
7f8886817000-7f8886818000 rw-p 00019000 08:01 2495211                    /lib/x86_64-linux-gnu/libz.so.1.2.8
7f8886818000-7f8886829000 r-xp 00000000 08:01 2237882                    /usr/lib/x86_64-linux-gnu/libXext.so.6.4.0
7f8886829000-7f8886a28000 ---p 00011000 08:01 2237882                    /usr/lib/x86_64-linux-gnu/libXext.so.6.4.0
7f8886a28000-7f8886a29000 r--p 00010000 08:01 2237882                    /usr/lib/x86_64-linux-gnu/libXext.so.6.4.0
7f8886a29000-7f8886a2a000 rw-p 00011000 08:01 2237882                    /usr/lib/x86_64-linux-gnu/libXext.so.6.4.0
7f8886a2a000-7f8886a2c000 r-xp 00000000 08:01 2237878                    /usr/lib/x86_64-linux-gnu/libXdamage.so.1.1.0
7f8886a2c000-7f8886c2b000 ---p 00002000 08:01 2237878                    /usr/lib/x86_64-linux-gnu/libXdamage.so.1.1.0
7f8886c2b000-7f8886c2c000 r--p 00001000 08:01 2237878                    /usr/lib/x86_64-linux-gnu/libXdamage.so.1.1.0
7f8886c2c000-7f8886c2d000 rw-p 00002000 08:01 2237878                    /usr/lib/x86_64-linux-gnu/libXdamage.so.1.1.0
7f8886c2d000-7f8886c2f000 r-xp 00000000 08:01 2237874                    /usr/lib/x86_64-linux-gnu/libXcomposite.so.1.0.0
7f8886c2f000-7f8886e2e000 ---p 00002000 08:01 2237874                    /usr/lib/x86_64-linux-gnu/libXcomposite.so.1.0.0
7f8886e2e000-7f8886e2f000 r--p 00001000 08:01 2237874                    /usr/lib/x86_64-linux-gnu/libXcomposite.so.1.0.0
7f8886e2f000-7f8886e30000 rw-p 00002000 08:01 2237874                    /usr/lib/x86_64-linux-gnu/libXcomposite.so.1.0.0
7f8886e30000-7f8886e39000 r-xp 00000000 08:01 2237876                    /usr/lib/x86_64-linux-gnu/libXcursor.so.1.0.2
7f8886e39000-7f8887038000 ---p 00009000 08:01 2237876                    /usr/lib/x86_64-linux-gnu/libXcursor.so.1.0.2
7f8887038000-7f8887039000 r--p 00008000 08:01 2237876                    /usr/lib/x86_64-linux-gnu/libXcursor.so.1.0.2
7f8887039000-7f888703a000 rw-p 00009000 08:01 2237876                    /usr/lib/x86_64-linux-gnu/libXcursor.so.1.0.2
7f888703a000-7f8887044000 r-xp 00000000 08:01 2237900                    /usr/lib/x86_64-linux-gnu/libXrandr.so.2.2.0
7f8887044000-7f8887243000 ---p 0000a000 08:01 2237900                    /usr/lib/x86_64-linux-gnu/libXrandr.so.2.2.0
7f8887243000-7f8887244000 r--p 00009000 08:01 2237900                    /usr/lib/x86_64-linux-gnu/libXrandr.so.2.2.0
7f8887244000-7f8887245000 rw-p 0000a000 08:01 2237900                    /usr/lib/x86_64-linux-gnu/libXrandr.so.2.2.0
7f8887245000-7f8887254000 r-xp 00000000 08:01 2237890                    /usr/lib/x86_64-linux-gnu/libXi.so.6.1.0
7f8887254000-7f8887453000 ---p 0000f000 08:01 2237890                    /usr/lib/x86_64-linux-gnu/libXi.so.6.1.0
7f8887453000-7f8887454000 r--p 0000e000 08:01 2237890                    /usr/lib/x86_64-linux-gnu/libXi.so.6.1.0
7f8887454000-7f8887455000 rw-p 0000f000 08:01 2237890                    /usr/lib/x86_64-linux-gnu/libXi.so.6.1.0
7f8887455000-7f8887457000 r-xp 00000000 08:01 2237892                    /usr/lib/x86_64-linux-gnu/libXinerama.so.1.0.0
7f8887457000-7f8887656000 ---p 00002000 08:01 2237892                    /usr/lib/x86_64-linux-gnu/libXinerama.so.1.0.0
7f8887656000-7f8887657000 r--p 00001000 08:01 2237892                    /usr/lib/x86_64-linux-gnu/libXinerama.so.1.0.0
7f8887657000-7f8887658000 rw-p 00002000 08:01 2237892                    /usr/lib/x86_64-linux-gnu/libXinerama.so.1.0.0
7f8887658000-7f8887661000 r-xp 00000000 08:01 2237902                    /usr/lib/x86_64-linux-gnu/libXrender.so.1.3.0
7f8887661000-7f8887860000 ---p 00009000 08:01 2237902                    /usr/lib/x86_64-linux-gnu/libXrender.so.1.3.0
7f8887860000-7f8887861000 r--p 00008000 08:01 2237902                    /usr/lib/x86_64-linux-gnu/libXrender.so.1.3.0
7f8887861000-7f8887862000 rw-p 00009000 08:01 2237902                    /usr/lib/x86_64-linux-gnu/libXrender.so.1.3.0
7f8887862000-7f8887867000 r-xp 00000000 08:01 2237884                    /usr/lib/x86_64-linux-gnu/libXfixes.so.3.1.0
7f8887867000-7f8887a66000 ---p 00005000 08:01 2237884                    /usr/lib/x86_64-linux-gnu/libXfixes.so.3.1.0
7f8887a66000-7f8887a67000 r--p 00004000 08:01 2237884                    /usr/lib/x86_64-linux-gnu/libXfixes.so.3.1.0
7f8887a67000-7f8887a68000 rw-p 00005000 08:01 2237884                    /usr/lib/x86_64-linux-gnu/libXfixes.so.3.1.0
7f8887a68000-7f8887a7e000 r-xp 00000000 08:01 2495058                    /lib/x86_64-linux-gnu/libgcc_s.so.1
7f8887a7e000-7f8887c7d000 ---p 00016000 08:01 2495058                    /lib/x86_64-linux-gnu/libgcc_s.so.1
7f8887c7d000-7f8887c7e000 rw-p 00015000 08:01 2495058                    /lib/x86_64-linux-gnu/libgcc_s.so.1
7f8887c7e000-7f8887df0000 r-xp 00000000 08:01 2239096                    /usr/lib/x86_64-linux-gnu/libstdc++.so.6.0.21
7f8887df0000-7f8887ff0000 ---p 00172000 08:01 2239096                    /usr/lib/x86_64-linux-gnu/libstdc++.so.6.0.21
7f8887ff0000-7f8887ffa000 r--p 00172000 08:01 2239096                    /usr/lib/x86_64-linux-gnu/libstdc++.so.6.0.21
7f8887ffa000-7f8887ffc000 rw-p 0017c000 08:01 2239096                    /usr/lib/x86_64-linux-gnu/libstdc++.so.6.0.21
7f8887ffc000-7f8888000000 rw-p 00000000 00:00 0 
7f8888000000-7f88882b3000 rw-p 00000000 00:00 0 
7f88882b3000-7f888c000000 ---p 00000000 00:00 0 
7f888c000000-7f888d676000 rw-p 00000000 00:00 0 
7f888d676000-7f8890000000 ---p 00000000 00:00 0 
7f8890000000-7f8890021000 rw-p 00000000 00:00 0 
7f8890021000-7f8894000000 ---p 00000000 00:00 0 
7f8894000000-7f8894021000 rw-p 00000000 00:00 0 
7f8894021000-7f8898000000 ---p 00000000 00:00 0 
7f88980c5000-7f8898145000 r-xp 00000000 08:01 2494955                    /lib/x86_64-linux-gnu/libsystemd.so.0.14.0
7f8898145000-7f8898148000 r--p 0007f000 08:01 2494955                    /lib/x86_64-linux-gnu/libsystemd.so.0.14.0
7f8898148000-7f8898149000 rw-p 00082000 08:01 2494955                    /lib/x86_64-linux-gnu/libsystemd.so.0.14.0
7f8898149000-7f889814a000 rw-p 00000000 00:00 0 
7f8898162000-7f889816a000 rw-s 00000000 00:05 803639                     /drm mm object (deleted)
7f889816a000-7f8898172000 rw-s 00000000 00:05 803630                     /drm mm object (deleted)
7f8898172000-7f889819c000 r--p 00000000 08:01 3281566                    /usr/share/locale-langpack/es/LC_MESSAGES/gtk20-properties.mo
7f889819c000-7f88981ab000 r--p 00000000 08:01 3281728                    /usr/share/locale-langpack/es/LC_MESSAGES/gtk20.mo
7f88981ab000-7f88981b3000 rw-s 00000000 00:05 803609                     /drm mm object (deleted)
7f88981b3000-7f88981ba000 r--s 00000000 08:01 2887731                    /usr/lib/x86_64-linux-gnu/gconv/gconv-modules.cache
7f88981ba000-7f8898227000 r-xp 00000000 08:01 2888802                    /usr/lib/x86_64-linux-gnu/mesa/libGL.so.1.2.0
7f8898227000-7f8898426000 ---p 0006d000 08:01 2888802                    /usr/lib/x86_64-linux-gnu/mesa/libGL.so.1.2.0
7f8898426000-7f8898429000 r--p 0006c000 08:01 2888802                    /usr/lib/x86_64-linux-gnu/mesa/libGL.so.1.2.0
7f8898429000-7f889842a000 rw-p 0006f000 08:01 2888802                    /usr/lib/x86_64-linux-gnu/mesa/libGL.so.1.2.0
7f889842a000-7f889842b000 rw-p 00000000 00:00 0 
7f889842b000-7f8898430000 r-xp 00000000 08:01 2237918                    /usr/lib/x86_64-linux-gnu/libXxf86vm.so.1.0.0
7f8898430000-7f889862f000 ---p 00005000 08:01 2237918                    /usr/lib/x86_64-linux-gnu/libXxf86vm.so.1.0.0
7f889862f000-7f8898630000 r--p 00004000 08:01 2237918                    /usr/lib/x86_64-linux-gnu/libXxf86vm.so.1.0.0
7f8898630000-7f8898631000 rw-p 00005000 08:01 2237918                    /usr/lib/x86_64-linux-gnu/libXxf86vm.so.1.0.0
7f8898631000-7f8898766000 r-xp 00000000 08:01 2237865                    /usr/lib/x86_64-linux-gnu/libX11.so.6.3.0
7f8898766000-7f8898966000 ---p 00135000 08:01 2237865                    /usr/lib/x86_64-linux-gnu/libX11.so.6.3.0
7f8898966000-7f8898967000 r--p 00135000 08:01 2237865                    /usr/lib/x86_64-linux-gnu/libX11.so.6.3.0
7f8898967000-7f889896b000 rw-p 00136000 08:01 2237865                    /usr/lib/x86_64-linux-gnu/libX11.so.6.3.0
7f889896b000-7f8898970000 r-xp 00000000 08:01 2237908                    /usr/lib/x86_64-linux-gnu/libXtst.so.6.1.0
7f8898970000-7f8898b6f000 ---p 00005000 08:01 2237908                    /usr/lib/x86_64-linux-gnu/libXtst.so.6.1.0
7f8898b6f000-7f8898b70000 r--p 00004000 08:01 2237908                    /usr/lib/x86_64-linux-gnu/libXtst.so.6.1.0
7f8898b70000-7f8898b71000 rw-p 00005000 08:01 2237908                    /usr/lib/x86_64-linux-gnu/libXtst.so.6.1.0
7f8898b71000-7f8898c80000 r-xp 00000000 08:01 2495062                    /lib/x86_64-linux-gnu/libglib-2.0.so.0.4800.1
7f8898c80000-7f8898e7f000 ---p 0010f000 08:01 2495062                    /lib/x86_64-linux-gnu/libglib-2.0.so.0.4800.1
7f8898e7f000-7f8898e80000 r--p 0010e000 08:01 2495062                    /lib/x86_64-linux-gnu/libglib-2.0.so.0.4800.1
7f8898e80000-7f8898e81000 rw-p 0010f000 08:01 2495062                    /lib/x86_64-linux-gnu/libglib-2.0.so.0.4800.1
7f8898e81000-7f8898e82000 rw-p 00000000 00:00 0 
7f8898e82000-7f8898e83000 r-xp 00000000 08:01 2238540                    /usr/lib/x86_64-linux-gnu/libgthread-2.0.so.0.4800.1
7f8898e83000-7f8899082000 ---p 00001000 08:01 2238540                    /usr/lib/x86_64-linux-gnu/libgthread-2.0.so.0.4800.1
7f8899082000-7f8899083000 r--p 00000000 08:01 2238540                    /usr/lib/x86_64-linux-gnu/libgthread-2.0.so.0.4800.1
7f8899083000-7f8899084000 rw-p 00001000 08:01 2238540                    /usr/lib/x86_64-linux-gnu/libgthread-2.0.so.0.4800.1
7f8899084000-7f8899087000 r-xp 00000000 08:01 2238402                    /usr/lib/x86_64-linux-gnu/libgmodule-2.0.so.0.4800.1
7f8899087000-7f8899286000 ---p 00003000 08:01 2238402                    /usr/lib/x86_64-linux-gnu/libgmodule-2.0.so.0.4800.1
7f8899286000-7f8899287000 r--p 00002000 08:01 2238402                    /usr/lib/x86_64-linux-gnu/libgmodule-2.0.so.0.4800.1
7f8899287000-7f8899288000 rw-p 00003000 08:01 2238402                    /usr/lib/x86_64-linux-gnu/libgmodule-2.0.so.0.4800.1
7f8899288000-7f88992da000 r-xp 00000000 08:01 2238428                    /usr/lib/x86_64-linux-gnu/libgobject-2.0.so.0.4800.1
7f88992da000-7f88994d9000 ---p 00052000 08:01 2238428                    /usr/lib/x86_64-linux-gnu/libgobject-2.0.so.0.4800.1
7f88994d9000-7f88994da000 r--p 00051000 08:01 2238428                    /usr/lib/x86_64-linux-gnu/libgobject-2.0.so.0.4800.1
7f88994da000-7f88994db000 rw-p 00052000 08:01 2238428                    /usr/lib/x86_64-linux-gnu/libgobject-2.0.so.0.4800.1
7f88994db000-7f8899518000 r-xp 00000000 08:01 2238280                    /usr/lib/x86_64-linux-gnu/libfontconfig.so.1.9.0
7f8899518000-7f8899717000 ---p 0003d000 08:01 2238280                    /usr/lib/x86_64-linux-gnu/libfontconfig.so.1.9.0
7f8899717000-7f8899719000 r--p 0003c000 08:01 2238280                    /usr/lib/x86_64-linux-gnu/libfontconfig.so.1.9.0
7f8899719000-7f889971e000 rw-p 0003e000 08:01 2238280                    /usr/lib/x86_64-linux-gnu/libfontconfig.so.1.9.0
7f889971e000-7f88997c2000 r-xp 00000000 08:01 2238314                    /usr/lib/x86_64-linux-gnu/libfreetype.so.6.12.1
7f88997c2000-7f88999c1000 ---p 000a4000 08:01 2238314                    /usr/lib/x86_64-linux-gnu/libfreetype.so.6.12.1
7f88999c1000-7f88999c7000 r--p 000a3000 08:01 2238314                    /usr/lib/x86_64-linux-gnu/libfreetype.so.6.12.1
7f88999c7000-7f88999c8000 rw-p 000a9000 08:01 2238314                    /usr/lib/x86_64-linux-gnu/libfreetype.so.6.12.1
7f88999c8000-7f8899a11000 r-xp 00000000 08:01 2238884                    /usr/lib/x86_64-linux-gnu/libpango-1.0.so.0.3800.1
7f8899a11000-7f8899c11000 ---p 00049000 08:01 2238884                    /usr/lib/x86_64-linux-gnu/libpango-1.0.so.0.3800.1
7f8899c11000-7f8899c13000 r--p 00049000 08:01 2238884                    /usr/lib/x86_64-linux-gnu/libpango-1.0.so.0.3800.1
7f8899c13000-7f8899c14000 rw-p 0004b000 08:01 2238884                    /usr/lib/x86_64-linux-gnu/libpango-1.0.so.0.3800.1
7f8899c14000-7f8899d22000 r-xp 00000000 08:01 2238032                    /usr/lib/x86_64-linux-gnu/libcairo.so.2.11400.6
7f8899d22000-7f8899f22000 ---p 0010e000 08:01 2238032                    /usr/lib/x86_64-linux-gnu/libcairo.so.2.11400.6
7f8899f22000-7f8899f25000 r--p 0010e000 08:01 2238032                    /usr/lib/x86_64-linux-gnu/libcairo.so.2.11400.6
7f8899f25000-7f8899f26000 rw-p 00111000 08:01 2238032                    /usr/lib/x86_64-linux-gnu/libcairo.so.2.11400.6
7f8899f26000-7f8899f28000 rw-p 00000000 00:00 0 
7f8899f28000-7f8899f34000 r-xp 00000000 08:01 2238886                    /usr/lib/x86_64-linux-gnu/libpangocairo-1.0.so.0.3800.1
7f8899f34000-7f889a133000 ---p 0000c000 08:01 2238886                    /usr/lib/x86_64-linux-gnu/libpangocairo-1.0.so.0.3800.1
7f889a133000-7f889a134000 r--p 0000b000 08:01 2238886                    /usr/lib/x86_64-linux-gnu/libpangocairo-1.0.so.0.3800.1
7f889a134000-7f889a135000 rw-p 0000c000 08:01 2238886                    /usr/lib/x86_64-linux-gnu/libpangocairo-1.0.so.0.3800.1
7f889a135000-7f889a156000 r-xp 00000000 08:01 2238354                    /usr/lib/x86_64-linux-gnu/libgdk_pixbuf-2.0.so.0.3200.2
7f889a156000-7f889a355000 ---p 00021000 08:01 2238354                    /usr/lib/x86_64-linux-gnu/libgdk_pixbuf-2.0.so.0.3200.2
7f889a355000-7f889a356000 r--p 00020000 08:01 2238354                    /usr/lib/x86_64-linux-gnu/libgdk_pixbuf-2.0.so.0.3200.2
7f889a356000-7f889a357000 rw-p 00021000 08:01 2238354                    /usr/lib/x86_64-linux-gnu/libgdk_pixbuf-2.0.so.0.3200.2
7f889a357000-7f889a36b000 r-xp 00000000 08:01 2238888                    /usr/lib/x86_64-linux-gnu/libpangoft2-1.0.so.0.3800.1
7f889a36b000-7f889a56b000 ---p 00014000 08:01 2238888                    /usr/lib/x86_64-linux-gnu/libpangoft2-1.0.so.0.3800.1
7f889a56b000-7f889a56c000 r--p 00014000 08:01 2238888                    /usr/lib/x86_64-linux-gnu/libpangoft2-1.0.so.0.3800.1
7f889a56c000-7f889a56d000 rw-p 00015000 08:01 2238888                    /usr/lib/x86_64-linux-gnu/libpangoft2-1.0.so.0.3800.1
7f889a56d000-7f889a6ed000 r-xp 00000000 08:01 2238386                    /usr/lib/x86_64-linux-gnu/libgio-2.0.so.0.4800.1
7f889a6ed000-7f889a8ed000 ---p 00180000 08:01 2238386                    /usr/lib/x86_64-linux-gnu/libgio-2.0.so.0.4800.1
7f889a8ed000-7f889a8f1000 r--p 00180000 08:01 2238386                    /usr/lib/x86_64-linux-gnu/libgio-2.0.so.0.4800.1
7f889a8f1000-7f889a8f3000 rw-p 00184000 08:01 2238386                    /usr/lib/x86_64-linux-gnu/libgio-2.0.so.0.4800.1
7f889a8f3000-7f889a8f5000 rw-p 00000000 00:00 0 
7f889a8f5000-7f889a917000 r-xp 00000000 08:01 2237968                    /usr/lib/x86_64-linux-gnu/libatk-1.0.so.0.21809.1
7f889a917000-7f889ab16000 ---p 00022000 08:01 2237968                    /usr/lib/x86_64-linux-gnu/libatk-1.0.so.0.21809.1
7f889ab16000-7f889ab19000 r--p 00021000 08:01 2237968                    /usr/lib/x86_64-linux-gnu/libatk-1.0.so.0.21809.1
7f889ab19000-7f889ab1a000 rw-p 00024000 08:01 2237968                    /usr/lib/x86_64-linux-gnu/libatk-1.0.so.0.21809.1
7f889ab1a000-7f889abca000 r-xp 00000000 08:01 2238352                    /usr/lib/x86_64-linux-gnu/libgdk-x11-2.0.so.0.2400.30
7f889abca000-7f889adc9000 ---p 000b0000 08:01 2238352                    /usr/lib/x86_64-linux-gnu/libgdk-x11-2.0.so.0.2400.30
7f889adc9000-7f889adcd000 r--p 000af000 08:01 2238352                    /usr/lib/x86_64-linux-gnu/libgdk-x11-2.0.so.0.2400.30
7f889adcd000-7f889adcf000 rw-p 000b3000 08:01 2238352                    /usr/lib/x86_64-linux-gnu/libgdk-x11-2.0.so.0.2400.30
7f889adcf000-7f889b20d000 r-xp 00000000 08:01 2238544                    /usr/lib/x86_64-linux-gnu/libgtk-x11-2.0.so.0.2400.30
7f889b20d000-7f889b40c000 ---p 0043e000 08:01 2238544                    /usr/lib/x86_64-linux-gnu/libgtk-x11-2.0.so.0.2400.30
7f889b40c000-7f889b413000 r--p 0043d000 08:01 2238544                    /usr/lib/x86_64-linux-gnu/libgtk-x11-2.0.so.0.2400.30
7f889b413000-7f889b417000 rw-p 00444000 08:01 2238544                    /usr/lib/x86_64-linux-gnu/libgtk-x11-2.0.so.0.2400.30
7f889b417000-7f889b41a000 rw-p 00000000 00:00 0 
7f889b41d000-7f889b442000 r--p 00000000 08:01 3281343                    /usr/share/locale-langpack/es/LC_MESSAGES/libc.mo
7f889b442000-7f889b44e000 r-xp 00000000 08:01 4197224                    /usr/lib/jvm/java-8-oracle/jre/lib/amd64/libprism_es2.so
7f889b44e000-7f889b64d000 ---p 0000c000 08:01 4197224                    /usr/lib/jvm/java-8-oracle/jre/lib/amd64/libprism_es2.so
7f889b64d000-7f889b64e000 rw-p 0000b000 08:01 4197224                    /usr/lib/jvm/java-8-oracle/jre/lib/amd64/libprism_es2.so
7f889b64e000-7f889b651000 ---p 00000000 00:00 0 
7f889b651000-7f889b74f000 rw-p 00000000 00:00 0 
7f889b74f000-7f889b752000 ---p 00000000 00:00 0 
7f889b752000-7f889bb51000 rw-p 00000000 00:00 0 
7f889bb51000-7f889bb67000 r-xp 00000000 08:01 4197212                    /usr/lib/jvm/java-8-oracle/jre/lib/amd64/libnet.so
7f889bb67000-7f889bd67000 ---p 00016000 08:01 4197212                    /usr/lib/jvm/java-8-oracle/jre/lib/amd64/libnet.so
7f889bd67000-7f889bd68000 rw-p 00016000 08:01 4197212                    /usr/lib/jvm/java-8-oracle/jre/lib/amd64/libnet.so
7f889bd68000-7f889bdfe000 r--s 01103000 08:01 4725730                    /usr/lib/jvm/java-8-oracle/jre/lib/ext/jfxrt.jar
7f889bdfe000-7f889bdff000 r-xp 00000000 08:01 3410844                    /opt/idea-IC-163.9166.29/bin/libbreakgen64.so
7f889bdff000-7f889bffe000 ---p 00001000 08:01 3410844                    /opt/idea-IC-163.9166.29/bin/libbreakgen64.so
7f889bffe000-7f889bfff000 r--p 00000000 08:01 3410844                    /opt/idea-IC-163.9166.29/bin/libbreakgen64.so
7f889bfff000-7f889c000000 rw-p 00001000 08:01 3410844                    /opt/idea-IC-163.9166.29/bin/libbreakgen64.so
7f889c000000-7f889c1d3000 rw-p 00000000 00:00 0 
7f889c1d3000-7f88a0000000 ---p 00000000 00:00 0 
7f88a0000000-7f88a0021000 rw-p 00000000 00:00 0 
7f88a0021000-7f88a4000000 ---p 00000000 00:00 0 
7f88a4000000-7f88a4021000 rw-p 00000000 00:00 0 
7f88a4021000-7f88a8000000 ---p 00000000 00:00 0 
7f88a8000000-7f88a81eb000 rw-p 00000000 00:00 0 
7f88a81eb000-7f88ac000000 ---p 00000000 00:00 0 
7f88ac000000-7f88ac021000 rw-p 00000000 00:00 0 
7f88ac021000-7f88b0000000 ---p 00000000 00:00 0 
7f88b0000000-7f88b0021000 rw-p 00000000 00:00 0 
7f88b0021000-7f88b4000000 ---p 00000000 00:00 0 
7f88b4000000-7f88b4021000 rw-p 00000000 00:00 0 
7f88b4021000-7f88b8000000 ---p 00000000 00:00 0 
7f88b8000000-7f88b828e000 rw-p 00000000 00:00 0 
7f88b828e000-7f88bc000000 ---p 00000000 00:00 0 
7f88bc000000-7f88bc021000 rw-p 00000000 00:00 0 
7f88bc021000-7f88c0000000 ---p 00000000 00:00 0 
7f88c0002000-7f88c0005000 r--p 00000000 08:01 3281647                    /usr/share/locale-langpack/es/LC_MESSAGES/atk10.mo
7f88c0005000-7f88c0006000 rw-s 00000000 00:05 803611                     /drm mm object (deleted)
7f88c0006000-7f88c0024000 r-xp 00000000 08:01 2491946                    /lib/x86_64-linux-gnu/libudev.so.1.6.4
7f88c0024000-7f88c0025000 r--p 0001d000 08:01 2491946                    /lib/x86_64-linux-gnu/libudev.so.1.6.4
7f88c0025000-7f88c0026000 rw-p 0001e000 08:01 2491946                    /lib/x86_64-linux-gnu/libudev.so.1.6.4
7f88c0026000-7f88c0029000 ---p 00000000 00:00 0 
7f88c0029000-7f88c0127000 rw-p 00000000 00:00 0 
7f88c0127000-7f88c013a000 r--s 00345000 08:01 4197286                    /usr/lib/jvm/java-8-oracle/jre/lib/resources.jar
7f88c013a000-7f88c014c000 r--s 000d6000 08:01 4197285                    /usr/lib/jvm/java-8-oracle/jre/lib/plugin.jar
7f88c014c000-7f88c0150000 r--s 00097000 08:01 4197199                    /usr/lib/jvm/java-8-oracle/jre/lib/jsse.jar
7f88c0150000-7f88c0155000 r--s 00084000 08:01 4197278                    /usr/lib/jvm/java-8-oracle/jre/lib/jfr.jar
7f88c0155000-7f88c0156000 ---p 00000000 00:00 0 
7f88c0156000-7f88c0256000 rw-p 00000000 00:00 0 
7f88c0256000-7f88c0259000 ---p 00000000 00:00 0 
7f88c0259000-7f88c0357000 rw-p 00000000 00:00 0 
7f88c0357000-7f88c035a000 ---p 00000000 00:00 0 
7f88c035a000-7f88c0458000 rw-p 00000000 00:00 0 
7f88c0458000-7f88c045b000 ---p 00000000 00:00 0 
7f88c045b000-7f88c0559000 rw-p 00000000 00:00 0 
7f88c0559000-7f88c055c000 ---p 00000000 00:00 0 
7f88c055c000-7f88c065a000 rw-p 00000000 00:00 0 
7f88c065a000-7f88c0ba7000 r--p 00000000 08:01 2236439                    /usr/lib/locale/locale-archive
7f88c0ba7000-7f88c0baa000 ---p 00000000 00:00 0 
7f88c0baa000-7f88c0ca8000 rw-p 00000000 00:00 0 
7f88c0ca8000-7f88c0cab000 ---p 00000000 00:00 0 
7f88c0cab000-7f88c0da9000 rw-p 00000000 00:00 0 
7f88c0da9000-7f88c0daa000 ---p 00000000 00:00 0 
7f88c0daa000-7f88c1802000 rw-p 00000000 00:00 0 
7f88c1802000-7f88c19da000 r--s 03d2a000 08:01 4197204                    /usr/lib/jvm/java-8-oracle/jre/lib/rt.jar
7f88c19da000-7f88c2050000 rw-p 00000000 00:00 0 
7f88c2050000-7f88c2250000 ---p 00000000 00:00 0 
7f88c2250000-7f88c5000000 rw-p 00000000 00:00 0 
7f88c5000000-7f88c5270000 rwxp 00000000 00:00 0 
7f88c5270000-7f88d4000000 ---p 00000000 00:00 0 
7f88d4000000-7f88d41ab000 rw-p 00000000 00:00 0 
7f88d41ab000-7f88d8000000 ---p 00000000 00:00 0 
7f88d8000000-7f88d8002000 r--s 00019000 08:01 3410889                    /opt/idea-IC-163.9166.29/lib/idea_rt.jar
7f88d8002000-7f88d800c000 r--s 0006c000 08:01 4197280                    /usr/lib/jvm/java-8-oracle/jre/lib/javaws.jar
7f88d800c000-7f88d8027000 r--s 00208000 08:01 4197281                    /usr/lib/jvm/java-8-oracle/jre/lib/deploy.jar
7f88d8027000-7f88d8323000 rw-p 00000000 00:00 0 
7f88d8323000-7f88d8324000 ---p 00000000 00:00 0 
7f88d8324000-7f88d8424000 rw-p 00000000 00:00 0 
7f88d8424000-7f88d8425000 ---p 00000000 00:00 0 
7f88d8425000-7f88d8687000 rw-p 00000000 00:00 0 
7f88d8687000-7f88d870d000 ---p 00000000 00:00 0 
7f88d870d000-7f88d886f000 rw-p 00000000 00:00 0 
7f88d886f000-7f88d88f4000 ---p 00000000 00:00 0 
7f88d88f4000-7f88d89e8000 rw-p 00000000 00:00 0 
7f88d89e8000-7f88d89f3000 rw-p 00000000 00:00 0 
7f88d89f3000-7f88d8da9000 ---p 00000000 00:00 0 
7f88d8da9000-7f88d8dc3000 r-xp 00000000 08:01 4197235                    /usr/lib/jvm/java-8-oracle/jre/lib/amd64/libzip.so
7f88d8dc3000-7f88d8fc3000 ---p 0001a000 08:01 4197235                    /usr/lib/jvm/java-8-oracle/jre/lib/amd64/libzip.so
7f88d8fc3000-7f88d8fc4000 rw-p 0001a000 08:01 4197235                    /usr/lib/jvm/java-8-oracle/jre/lib/amd64/libzip.so
7f88d8fc4000-7f88d8fcf000 r-xp 00000000 08:01 2495119                    /lib/x86_64-linux-gnu/libnss_files-2.23.so
7f88d8fcf000-7f88d91ce000 ---p 0000b000 08:01 2495119                    /lib/x86_64-linux-gnu/libnss_files-2.23.so
7f88d91ce000-7f88d91cf000 r--p 0000a000 08:01 2495119                    /lib/x86_64-linux-gnu/libnss_files-2.23.so
7f88d91cf000-7f88d91d0000 rw-p 0000b000 08:01 2495119                    /lib/x86_64-linux-gnu/libnss_files-2.23.so
7f88d91d0000-7f88d91d6000 rw-p 00000000 00:00 0 
7f88d91d6000-7f88d91e1000 r-xp 00000000 08:01 2495129                    /lib/x86_64-linux-gnu/libnss_nis-2.23.so
7f88d91e1000-7f88d93e0000 ---p 0000b000 08:01 2495129                    /lib/x86_64-linux-gnu/libnss_nis-2.23.so
7f88d93e0000-7f88d93e1000 r--p 0000a000 08:01 2495129                    /lib/x86_64-linux-gnu/libnss_nis-2.23.so
7f88d93e1000-7f88d93e2000 rw-p 0000b000 08:01 2495129                    /lib/x86_64-linux-gnu/libnss_nis-2.23.so
7f88d93e2000-7f88d93f8000 r-xp 00000000 08:01 2495113                    /lib/x86_64-linux-gnu/libnsl-2.23.so
7f88d93f8000-7f88d95f7000 ---p 00016000 08:01 2495113                    /lib/x86_64-linux-gnu/libnsl-2.23.so
7f88d95f7000-7f88d95f8000 r--p 00015000 08:01 2495113                    /lib/x86_64-linux-gnu/libnsl-2.23.so
7f88d95f8000-7f88d95f9000 rw-p 00016000 08:01 2495113                    /lib/x86_64-linux-gnu/libnsl-2.23.so
7f88d95f9000-7f88d95fb000 rw-p 00000000 00:00 0 
7f88d95fb000-7f88d9603000 r-xp 00000000 08:01 2495115                    /lib/x86_64-linux-gnu/libnss_compat-2.23.so
7f88d9603000-7f88d9802000 ---p 00008000 08:01 2495115                    /lib/x86_64-linux-gnu/libnss_compat-2.23.so
7f88d9802000-7f88d9803000 r--p 00007000 08:01 2495115                    /lib/x86_64-linux-gnu/libnss_compat-2.23.so
7f88d9803000-7f88d9804000 rw-p 00008000 08:01 2495115                    /lib/x86_64-linux-gnu/libnss_compat-2.23.so
7f88d9804000-7f88d982f000 r-xp 00000000 08:01 4197260                    /usr/lib/jvm/java-8-oracle/jre/lib/amd64/libjava.so
7f88d982f000-7f88d9a2e000 ---p 0002b000 08:01 4197260                    /usr/lib/jvm/java-8-oracle/jre/lib/amd64/libjava.so
7f88d9a2e000-7f88d9a30000 rw-p 0002a000 08:01 4197260                    /usr/lib/jvm/java-8-oracle/jre/lib/amd64/libjava.so
7f88d9a30000-7f88d9a3d000 r-xp 00000000 08:01 4197213                    /usr/lib/jvm/java-8-oracle/jre/lib/amd64/libverify.so
7f88d9a3d000-7f88d9c3c000 ---p 0000d000 08:01 4197213                    /usr/lib/jvm/java-8-oracle/jre/lib/amd64/libverify.so
7f88d9c3c000-7f88d9c3e000 rw-p 0000c000 08:01 4197213                    /usr/lib/jvm/java-8-oracle/jre/lib/amd64/libverify.so
7f88d9c3e000-7f88d9c45000 r-xp 00000000 08:01 2495174                    /lib/x86_64-linux-gnu/librt-2.23.so
7f88d9c45000-7f88d9e44000 ---p 00007000 08:01 2495174                    /lib/x86_64-linux-gnu/librt-2.23.so
7f88d9e44000-7f88d9e45000 r--p 00006000 08:01 2495174                    /lib/x86_64-linux-gnu/librt-2.23.so
7f88d9e45000-7f88d9e46000 rw-p 00007000 08:01 2495174                    /lib/x86_64-linux-gnu/librt-2.23.so
7f88d9e46000-7f88d9f4e000 r-xp 00000000 08:01 2495090                    /lib/x86_64-linux-gnu/libm-2.23.so
7f88d9f4e000-7f88da14d000 ---p 00108000 08:01 2495090                    /lib/x86_64-linux-gnu/libm-2.23.so
7f88da14d000-7f88da14e000 r--p 00107000 08:01 2495090                    /lib/x86_64-linux-gnu/libm-2.23.so
7f88da14e000-7f88da14f000 rw-p 00108000 08:01 2495090                    /lib/x86_64-linux-gnu/libm-2.23.so
7f88da14f000-7f88dae1c000 r-xp 00000000 08:01 4725720                    /usr/lib/jvm/java-8-oracle/jre/lib/amd64/server/libjvm.so
7f88dae1c000-7f88db01b000 ---p 00ccd000 08:01 4725720                    /usr/lib/jvm/java-8-oracle/jre/lib/amd64/server/libjvm.so
7f88db01b000-7f88db0f4000 rw-p 00ccc000 08:01 4725720                    /usr/lib/jvm/java-8-oracle/jre/lib/amd64/server/libjvm.so
7f88db0f4000-7f88db13f000 rw-p 00000000 00:00 0 
7f88db13f000-7f88db2fe000 r-xp 00000000 08:01 2495020                    /lib/x86_64-linux-gnu/libc-2.23.so
7f88db2fe000-7f88db4fe000 ---p 001bf000 08:01 2495020                    /lib/x86_64-linux-gnu/libc-2.23.so
7f88db4fe000-7f88db502000 r--p 001bf000 08:01 2495020                    /lib/x86_64-linux-gnu/libc-2.23.so
7f88db502000-7f88db504000 rw-p 001c3000 08:01 2495020                    /lib/x86_64-linux-gnu/libc-2.23.so
7f88db504000-7f88db508000 rw-p 00000000 00:00 0 
7f88db508000-7f88db50b000 r-xp 00000000 08:01 2495044                    /lib/x86_64-linux-gnu/libdl-2.23.so
7f88db50b000-7f88db70a000 ---p 00003000 08:01 2495044                    /lib/x86_64-linux-gnu/libdl-2.23.so
7f88db70a000-7f88db70b000 r--p 00002000 08:01 2495044                    /lib/x86_64-linux-gnu/libdl-2.23.so
7f88db70b000-7f88db70c000 rw-p 00003000 08:01 2495044                    /lib/x86_64-linux-gnu/libdl-2.23.so
7f88db70c000-7f88db721000 r-xp 00000000 08:01 3159141                    /usr/lib/jvm/java-8-oracle/lib/amd64/jli/libjli.so
7f88db721000-7f88db921000 ---p 00015000 08:01 3159141                    /usr/lib/jvm/java-8-oracle/lib/amd64/jli/libjli.so
7f88db921000-7f88db922000 rw-p 00015000 08:01 3159141                    /usr/lib/jvm/java-8-oracle/lib/amd64/jli/libjli.so
7f88db922000-7f88db93a000 r-xp 00000000 08:01 2495166                    /lib/x86_64-linux-gnu/libpthread-2.23.so
7f88db93a000-7f88dbb39000 ---p 00018000 08:01 2495166                    /lib/x86_64-linux-gnu/libpthread-2.23.so
7f88dbb39000-7f88dbb3a000 r--p 00017000 08:01 2495166                    /lib/x86_64-linux-gnu/libpthread-2.23.so
7f88dbb3a000-7f88dbb3b000 rw-p 00018000 08:01 2495166                    /lib/x86_64-linux-gnu/libpthread-2.23.so
7f88dbb3b000-7f88dbb3f000 rw-p 00000000 00:00 0 
7f88dbb3f000-7f88dbb65000 r-xp 00000000 08:01 2494992                    /lib/x86_64-linux-gnu/ld-2.23.so
7f88dbb65000-7f88dbb66000 rw-s 107354000 00:06 238                       /dev/dri/card0
7f88dbb66000-7f88dbb68000 r--s 00007000 08:01 4197271                    /usr/lib/jvm/java-8-oracle/jre/lib/jfxswt.jar
7f88dbb68000-7f88dbb6b000 r--s 0001a000 08:01 4197290                    /usr/lib/jvm/java-8-oracle/jre/lib/jce.jar
7f88dbb6b000-7f88dbb70000 r--s 002f9000 08:01 4197200                    /usr/lib/jvm/java-8-oracle/jre/lib/charsets.jar
7f88dbb70000-7f88dbc35000 rw-p 00000000 00:00 0 
7f88dbc35000-7f88dbc38000 ---p 00000000 00:00 0 
7f88dbc38000-7f88dbd3a000 rw-p 00000000 00:00 0 
7f88dbd3a000-7f88dbd3b000 r--s 00000000 08:01 4197272                    /usr/lib/jvm/java-8-oracle/jre/lib/management-agent.jar
7f88dbd3b000-7f88dbd58000 rw-p 00000000 00:00 0 
7f88dbd58000-7f88dbd60000 rw-s 00000000 08:01 7607826                    /tmp/hsperfdata_jose/5787
7f88dbd60000-7f88dbd61000 rw-p 00000000 00:00 0 
7f88dbd61000-7f88dbd62000 ---p 00000000 00:00 0 
7f88dbd62000-7f88dbd64000 rw-p 00000000 00:00 0 
7f88dbd64000-7f88dbd65000 r--p 00025000 08:01 2494992                    /lib/x86_64-linux-gnu/ld-2.23.so
7f88dbd65000-7f88dbd66000 rw-p 00026000 08:01 2494992                    /lib/x86_64-linux-gnu/ld-2.23.so
7f88dbd66000-7f88dbd67000 rw-p 00000000 00:00 0 
7ffd6c963000-7ffd6c984000 rw-p 00000000 00:00 0                          [stack]
7ffd6c9fa000-7ffd6c9fc000 r--p 00000000 00:00 0                          [vvar]
7ffd6c9fc000-7ffd6c9fe000 r-xp 00000000 00:00 0                          [vdso]
ffffffffff600000-ffffffffff601000 r-xp 00000000 00:00 0                  [vsyscall]

VM Arguments:
jvm_args: -Didea.launcher.port=7534 -Didea.launcher.bin.path=/opt/idea-IC-163.9166.29/bin -Dfile.encoding=UTF-8 
java_command: com.intellij.rt.execution.application.AppMain pp.Main
java_class_path (initial): /usr/lib/jvm/java-8-oracle/jre/lib/charsets.jar:/usr/lib/jvm/java-8-oracle/jre/lib/deploy.jar:/usr/lib/jvm/java-8-oracle/jre/lib/ext/cldrdata.jar:/usr/lib/jvm/java-8-oracle/jre/lib/ext/dnsns.jar:/usr/lib/jvm/java-8-oracle/jre/lib/ext/jaccess.jar:/usr/lib/jvm/java-8-oracle/jre/lib/ext/jfxrt.jar:/usr/lib/jvm/java-8-oracle/jre/lib/ext/localedata.jar:/usr/lib/jvm/java-8-oracle/jre/lib/ext/nashorn.jar:/usr/lib/jvm/java-8-oracle/jre/lib/ext/sunec.jar:/usr/lib/jvm/java-8-oracle/jre/lib/ext/sunjce_provider.jar:/usr/lib/jvm/java-8-oracle/jre/lib/ext/sunpkcs11.jar:/usr/lib/jvm/java-8-oracle/jre/lib/ext/zipfs.jar:/usr/lib/jvm/java-8-oracle/jre/lib/javaws.jar:/usr/lib/jvm/java-8-oracle/jre/lib/jce.jar:/usr/lib/jvm/java-8-oracle/jre/lib/jfr.jar:/usr/lib/jvm/java-8-oracle/jre/lib/jfxswt.jar:/usr/lib/jvm/java-8-oracle/jre/lib/jsse.jar:/usr/lib/jvm/java-8-oracle/jre/lib/management-agent.jar:/usr/lib/jvm/java-8-oracle/jre/lib/plugin.jar:/usr/lib/jvm/java-8-oracle/jre/lib/resources.jar:/usr/lib/jvm/java-8-oracle/jre/lib/rt.jar:/home/jose/IdeaProjects/MochilaMH/out/production/MochilaMH:/opt/idea-IC-163.9166.29/lib/idea_rt.jar
Launcher Type: SUN_STANDARD

Environment Variables:
JAVA_HOME=/usr/lib/jvm/java-8-oracle
PATH=/home/jose/bin:/home/jose/.local/bin:/usr/local/sbin:/usr/local/bin:/usr/sbin:/usr/bin:/sbin:/bin:/usr/games:/usr/local/games:/snap/bin:/usr/lib/jvm/java-8-oracle/bin:/usr/lib/jvm/java-8-oracle/db/bin:/usr/lib/jvm/java-8-oracle/jre/bin
USERNAME=jose
LD_LIBRARY_PATH=/opt/idea-IC-163.9166.29/bin:
SHELL=/bin/bash
DISPLAY=:0

Signal Handlers:
SIGSEGV: [libjvm.so+0xac64b0], sa_mask[0]=11111111011111111101111111111110, sa_flags=SA_RESTART|SA_SIGINFO
SIGBUS: [libjvm.so+0xac64b0], sa_mask[0]=11111111011111111101111111111110, sa_flags=SA_RESTART|SA_SIGINFO
SIGFPE: [libjvm.so+0x91f950], sa_mask[0]=11111111011111111101111111111110, sa_flags=SA_RESTART|SA_SIGINFO
SIGPIPE: SIG_IGN, sa_mask[0]=00000000000010000000000000000000, sa_flags=SA_RESTART
SIGXFSZ: [libjvm.so+0x91f950], sa_mask[0]=11111111011111111101111111111110, sa_flags=SA_RESTART|SA_SIGINFO
SIGILL: [libjvm.so+0x91f950], sa_mask[0]=11111111011111111101111111111110, sa_flags=SA_RESTART|SA_SIGINFO
SIGUSR1: SIG_DFL, sa_mask[0]=00000000000000000000000000000000, sa_flags=none
SIGUSR2: [libjvm.so+0x920f80], sa_mask[0]=00100000000000000000000000000000, sa_flags=SA_RESTART|SA_SIGINFO
SIGHUP: [libjvm.so+0x922380], sa_mask[0]=11111111011111111101111111111110, sa_flags=SA_RESTART|SA_SIGINFO
SIGINT: [libjvm.so+0x922380], sa_mask[0]=11111111011111111101111111111110, sa_flags=SA_RESTART|SA_SIGINFO
SIGTERM: [libjvm.so+0x922380], sa_mask[0]=11111111011111111101111111111110, sa_flags=SA_RESTART|SA_SIGINFO
SIGQUIT: [libjvm.so+0x922380], sa_mask[0]=11111111011111111101111111111110, sa_flags=SA_RESTART|SA_SIGINFO


---------------  S Y S T E M  ---------------

OS:DISTRIB_ID=LinuxMint
DISTRIB_RELEASE=18.1
DISTRIB_CODENAME=serena
DISTRIB_DESCRIPTION="Linux Mint 18.1 Serena"

uname:Linux 4.4.0-57-generic #78-Ubuntu SMP Fri Dec 9 23:50:32 UTC 2016 x86_64
libc:glibc 2.23 NPTL 2.23 
rlimit: STACK 8192k, CORE 0k, NPROC 23221, NOFILE 65536, AS infinity
load average:5.85 3.02 1.40

/proc/meminfo:
MemTotal:        5987560 kB
MemFree:          128928 kB
MemAvailable:      73092 kB
Buffers:             532 kB
Cached:           656092 kB
SwapCached:            0 kB
Active:          5067412 kB
Inactive:         578352 kB
Active(anon):    5016208 kB
Inactive(anon):   528788 kB
Active(file):      51204 kB
Inactive(file):    49564 kB
Unevictable:          80 kB
Mlocked:              80 kB
SwapTotal:             0 kB
SwapFree:              0 kB
Dirty:               140 kB
Writeback:             0 kB
AnonPages:       4989452 kB
Mapped:           380440 kB
Shmem:            555624 kB
Slab:              94620 kB
SReclaimable:      46260 kB
SUnreclaim:        48360 kB
KernelStack:       10080 kB
PageTables:        54380 kB
NFS_Unstable:          0 kB
Bounce:                0 kB
WritebackTmp:          0 kB
CommitLimit:     2993780 kB
Committed_AS:    8432500 kB
VmallocTotal:   34359738367 kB
VmallocUsed:           0 kB
VmallocChunk:          0 kB
HardwareCorrupted:     0 kB
AnonHugePages:   2637824 kB
CmaTotal:              0 kB
CmaFree:               0 kB
HugePages_Total:       0
HugePages_Free:        0
HugePages_Rsvd:        0
HugePages_Surp:        0
Hugepagesize:       2048 kB
DirectMap4k:      189184 kB
DirectMap2M:     5980160 kB


CPU:total 2 (2 cores per cpu, 1 threads per core) family 6 model 42 stepping 7, cmov, cx8, fxsr, mmx, sse, sse2, sse3, ssse3, sse4.1, sse4.2, popcnt, clmul, tsc, tscinvbit

/proc/cpuinfo:
processor	: 0
vendor_id	: GenuineIntel
cpu family	: 6
model		: 42
model name	: Intel(R) Pentium(R) CPU B980 @ 2.40GHz
stepping	: 7
microcode	: 0x29
cpu MHz		: 846.656
cache size	: 2048 KB
physical id	: 0
siblings	: 2
core id		: 0
cpu cores	: 2
apicid		: 0
initial apicid	: 0
fpu		: yes
fpu_exception	: yes
cpuid level	: 13
wp		: yes
flags		: fpu vme de pse tsc msr pae mce cx8 apic sep mtrr pge mca cmov pat pse36 clflush dts acpi mmx fxsr sse sse2 ss ht tm pbe syscall nx rdtscp lm constant_tsc arch_perfmon pebs bts rep_good nopl xtopology nonstop_tsc aperfmperf eagerfpu pni pclmulqdq dtes64 monitor ds_cpl est tm2 ssse3 cx16 xtpr pdcm pcid sse4_1 sse4_2 x2apic popcnt tsc_deadline_timer xsave lahf_lm epb xsaveopt dtherm arat pln pts
bugs		:
bogomips	: 4789.22
clflush size	: 64
cache_alignment	: 64
address sizes	: 36 bits physical, 48 bits virtual
power management:

processor	: 1
vendor_id	: GenuineIntel
cpu family	: 6
model		: 42
model name	: Intel(R) Pentium(R) CPU B980 @ 2.40GHz
stepping	: 7
microcode	: 0x29
cpu MHz		: 893.718
cache size	: 2048 KB
physical id	: 0
siblings	: 2
core id		: 1
cpu cores	: 2
apicid		: 2
initial apicid	: 2
fpu		: yes
fpu_exception	: yes
cpuid level	: 13
wp		: yes
flags		: fpu vme de pse tsc msr pae mce cx8 apic sep mtrr pge mca cmov pat pse36 clflush dts acpi mmx fxsr sse sse2 ss ht tm pbe syscall nx rdtscp lm constant_tsc arch_perfmon pebs bts rep_good nopl xtopology nonstop_tsc aperfmperf eagerfpu pni pclmulqdq dtes64 monitor ds_cpl est tm2 ssse3 cx16 xtpr pdcm pcid sse4_1 sse4_2 x2apic popcnt tsc_deadline_timer xsave lahf_lm epb xsaveopt dtherm arat pln pts
bugs		:
bogomips	: 4789.22
clflush size	: 64
cache_alignment	: 64
address sizes	: 36 bits physical, 48 bits virtual
power management:



Memory: 4k page, physical 5987560k(128928k free), swap 0k(0k free)

vm_info: Java HotSpot(TM) 64-Bit Server VM (25.111-b14) for linux-amd64 JRE (1.8.0_111-b14), built on Sep 22 2016 16:14:03 by "java_re" with gcc 4.3.0 20080428 (Red Hat 4.3.0-8)

time: Mon Jan  9 00:04:59 2017
elapsed time: 12 seconds (0d 0h 0m 12s)

