#
# There is insufficient memory for the Java Runtime Environment to continue.
# Native memory allocation (mmap) failed to map 212336640 bytes for committing reserved memory.
# Possible reasons:
#   The system is out of physical RAM or swap space
#   In 32 bit mode, the process size limit was hit
# Possible solutions:
#   Reduce memory load on the system
#   Increase physical memory or swap space
#   Check if swap backing store is full
#   Use 64 bit Java on a 64 bit OS
#   Decrease Java heap size (-Xmx/-Xms)
#   Decrease number of Java threads
#   Decrease Java thread stack sizes (-Xss)
#   Set larger code cache with -XX:ReservedCodeCacheSize=
# This output file may be truncated or incomplete.
#
#  Out of Memory Error (os_linux.cpp:2627), pid=5974, tid=0x00007f372d06f700
#
# JRE version: Java(TM) SE Runtime Environment (8.0_111-b14) (build 1.8.0_111-b14)
# Java VM: Java HotSpot(TM) 64-Bit Server VM (25.111-b14 mixed mode linux-amd64 compressed oops)
# Failed to write core dump. Core dumps have been disabled. To enable core dumping, try "ulimit -c unlimited" before starting Java again
#

---------------  T H R E A D  ---------------

Current thread (0x00007f3740074000):  VMThread [stack: 0x00007f372cf6f000,0x00007f372d070000] [id=5984]

Stack: [0x00007f372cf6f000,0x00007f372d070000],  sp=0x00007f372d06e1a0,  free space=1020k
Native frames: (J=compiled Java code, j=interpreted, Vv=VM code, C=native code)
V  [libjvm.so+0xac5c2a]  VMError::report_and_die()+0x2ba
V  [libjvm.so+0x4fc50b]  report_vm_out_of_memory(char const*, int, unsigned long, VMErrorType, char const*)+0x8b
V  [libjvm.so+0x922ae3]  os::Linux::commit_memory_impl(char*, unsigned long, bool)+0x103
V  [libjvm.so+0x923039]  os::pd_commit_memory(char*, unsigned long, unsigned long, bool)+0x29
V  [libjvm.so+0x91d33a]  os::commit_memory(char*, unsigned long, unsigned long, bool)+0x2a
V  [libjvm.so+0x991ac3]  PSVirtualSpace::expand_by(unsigned long)+0x53
V  [libjvm.so+0x982380]  PSOldGen::expand(unsigned long)+0x170
V  [libjvm.so+0x98258b]  PSOldGen::resize(unsigned long)+0x1cb
V  [libjvm.so+0x98a291]  PSParallelCompact::invoke_no_policy(bool)+0x991
V  [libjvm.so+0x98fbed]  PSScavenge::invoke()+0x1ad
V  [libjvm.so+0x9467d0]  ParallelScavengeHeap::failed_mem_allocate(unsigned long)+0x70
V  [libjvm.so+0xac7647]  VM_ParallelGCFailedAllocation::doit()+0x97
V  [libjvm.so+0xacf125]  VM_Operation::evaluate()+0x55
V  [libjvm.so+0xacd4fa]  VMThread::evaluate_operation(VM_Operation*)+0xba
V  [libjvm.so+0xacd87e]  VMThread::loop()+0x1ce
V  [libjvm.so+0xacdcf0]  VMThread::run()+0x70
V  [libjvm.so+0x924ea8]  java_start(Thread*)+0x108

VM_Operation (0x00007f36ec34f090): ParallelGCFailedAllocation, mode: safepoint, requested by thread 0x00007f36f4110800


---------------  P R O C E S S  ---------------

Java Threads: ( => current thread )
  0x00007f36f4110800 JavaThread "JavaFX Application Thread" [_thread_blocked, id=6001, stack(0x00007f36ec251000,0x00007f36ec352000)]
  0x00007f36f410c800 JavaThread "Thread-2" daemon [_thread_blocked, id=6000, stack(0x00007f36ec352000,0x00007f36ec453000)]
  0x00007f36f404b800 JavaThread "QuantumRenderer-0" daemon [_thread_blocked, id=5999, stack(0x00007f3707850000,0x00007f3707951000)]
  0x00007f374018f800 JavaThread "JavaFX-Launcher" [_thread_blocked, id=5998, stack(0x00007f3707951000,0x00007f3707a52000)]
  0x00007f374012a800 JavaThread "Monitor Ctrl-Break" daemon [_thread_in_native, id=5997, stack(0x00007f372c005000,0x00007f372c106000)]
  0x00007f37400cc800 JavaThread "Service Thread" daemon [_thread_blocked, id=5994, stack(0x00007f372c41c000,0x00007f372c51d000)]
  0x00007f37400b7800 JavaThread "C1 CompilerThread1" daemon [_thread_blocked, id=5991, stack(0x00007f372c51d000,0x00007f372c61e000)]
  0x00007f37400b4800 JavaThread "C2 CompilerThread0" daemon [_thread_blocked, id=5989, stack(0x00007f372c61e000,0x00007f372c71f000)]
  0x00007f37400b3000 JavaThread "Signal Dispatcher" daemon [_thread_blocked, id=5987, stack(0x00007f372c71f000,0x00007f372c820000)]
  0x00007f3740080000 JavaThread "Finalizer" daemon [_thread_blocked, id=5986, stack(0x00007f372cd6d000,0x00007f372ce6e000)]
  0x00007f374007b800 JavaThread "Reference Handler" daemon [_thread_blocked, id=5985, stack(0x00007f372ce6e000,0x00007f372cf6f000)]
  0x00007f374000a800 JavaThread "main" [_thread_blocked, id=5976, stack(0x00007f3747e1a000,0x00007f3747f1b000)]

Other Threads:
=>0x00007f3740074000 VMThread [stack: 0x00007f372cf6f000,0x00007f372d070000] [id=5984]
  0x00007f37400cf800 WatcherThread [stack: 0x00007f372c31b000,0x00007f372c41c000] [id=5996]

VM state:at safepoint (normal execution)

VM Mutex/Monitor currently owned by a thread:  ([mutex/lock_event])
[0x00007f37400062d0] ExpandHeap_lock - owner thread: 0x00007f3740074000
[0x00007f3740006950] Threads_lock - owner thread: 0x00007f3740074000
[0x00007f3740006e50] Heap_lock - owner thread: 0x00007f36f4110800

Heap:
 PSYoungGen      total 332800K, used 24288K [0x00000000e1900000, 0x0000000100000000, 0x0000000100000000)
  eden space 166912K, 0% used [0x00000000e1900000,0x00000000e1900000,0x00000000ebc00000)
  from space 165888K, 14% used [0x00000000f5e00000,0x00000000f75b8268,0x0000000100000000)
  to   space 165888K, 0% used [0x00000000ebc00000,0x00000000ebc00000,0x00000000f5e00000)
 ParOldGen       total 791040K, used 790812K [0x00000000a4a00000, 0x00000000d4e80000, 0x00000000e1900000)
  object space 791040K, 99% used [0x00000000a4a00000,0x00000000d4e47218,0x00000000d4e80000)
 Metaspace       used 6765K, capacity 7030K, committed 7168K, reserved 1056768K
  class space    used 820K, capacity 935K, committed 1024K, reserved 1048576K

Card table byte_map: [0x00007f37448f2000,0x00007f3744bce000] byte_map_base: 0x00007f37443cd000

Marking Bits: (ParMarkBitMap*) 0x00007f37472f7220
 Begin Bits: [0x00007f372e250000, 0x00007f372f928000)
 End Bits:   [0x00007f372f928000, 0x00007f3731000000)

Polling page: 0x00007f3747f46000

CodeCache: size=245760Kb used=2264Kb max_used=2276Kb free=243495Kb
 bounds [0x00007f3731000000, 0x00007f3731270000, 0x00007f3740000000]
 total_blobs=908 nmethods=500 adapters=323
 compilation: enabled

Compilation events (10 events):
Event: 1.127 Thread 0x00007f37400b7800  496   !   3       java.lang.ref.ReferenceQueue::enqueue (119 bytes)
Event: 1.128 Thread 0x00007f37400b7800 nmethod 496 0x00007f373122a3d0 code [0x00007f373122a580, 0x00007f373122ace8]
Event: 1.128 Thread 0x00007f37400b4800  485 %     4       java.math.BigInteger::add @ 126 (215 bytes)
Event: 1.136 Thread 0x00007f37400b4800 nmethod 485% 0x00007f373122ec10 code [0x00007f373122ed80, 0x00007f373122f218]
Event: 1.551 Thread 0x00007f37400b7800  498 %     3       pp.Mochila::setClave @ 34 (116 bytes)
Event: 1.552 Thread 0x00007f37400b7800 nmethod 498% 0x00007f3731236d90 code [0x00007f3731237080, 0x00007f37312382f8]
Event: 1.552 Thread 0x00007f37400b7800  499       3       pp.Mochila::setClave (116 bytes)
Event: 1.554 Thread 0x00007f37400b7800 nmethod 499 0x00007f3731238dd0 code [0x00007f37312390a0, 0x00007f373123a258]
Event: 2.646 Thread 0x00007f37400b4800  500 %     4       pp.Mochila::setClave @ 34 (116 bytes)
Event: 2.653 Thread 0x00007f37400b4800 nmethod 500% 0x00007f373122e250 code [0x00007f373122e400, 0x00007f373122e810]

GC Heap History (10 events):
Event: 2.572 GC heap after
Heap after GC invocations=18 (full 5):
 PSYoungGen      total 344064K, used 137472K [0x00000000e1900000, 0x0000000100000000, 0x0000000100000000)
  eden space 206336K, 0% used [0x00000000e1900000,0x00000000e1900000,0x00000000ee280000)
  from space 137728K, 99% used [0x00000000ee280000,0x00000000f68c0000,0x00000000f6900000)
  to   space 154624K, 0% used [0x00000000f6900000,0x00000000f6900000,0x0000000100000000)
 ParOldGen       total 596992K, used 449193K [0x00000000a4a00000, 0x00000000c9100000, 0x00000000e1900000)
  object space 596992K, 75% used [0x00000000a4a00000,0x00000000c00aa6c8,0x00000000c9100000)
 Metaspace       used 6765K, capacity 7030K, committed 7168K, reserved 1056768K
  class space    used 820K, capacity 935K, committed 1024K, reserved 1048576K
}
Event: 2.661 GC heap before
{Heap before GC invocations=19 (full 5):
 PSYoungGen      total 344064K, used 343808K [0x00000000e1900000, 0x0000000100000000, 0x0000000100000000)
  eden space 206336K, 100% used [0x00000000e1900000,0x00000000ee280000,0x00000000ee280000)
  from space 137728K, 99% used [0x00000000ee280000,0x00000000f68c0000,0x00000000f6900000)
  to   space 154624K, 0% used [0x00000000f6900000,0x00000000f6900000,0x0000000100000000)
 ParOldGen       total 596992K, used 449193K [0x00000000a4a00000, 0x00000000c9100000, 0x00000000e1900000)
  object space 596992K, 75% used [0x00000000a4a00000,0x00000000c00aa6c8,0x00000000c9100000)
 Metaspace       used 6765K, capacity 7030K, committed 7168K, reserved 1056768K
  class space    used 820K, capacity 935K, committed 1024K, reserved 1048576K
Event: 2.817 GC heap after
Heap after GC invocations=19 (full 5):
 PSYoungGen      total 321536K, used 134016K [0x00000000e1900000, 0x0000000100000000, 0x0000000100000000)
  eden space 166912K, 0% used [0x00000000e1900000,0x00000000e1900000,0x00000000ebc00000)
  from space 154624K, 86% used [0x00000000f6900000,0x00000000febe0000,0x0000000100000000)
  to   space 165888K, 0% used [0x00000000ebc00000,0x00000000ebc00000,0x00000000f5e00000)
 ParOldGen       total 596992K, used 550375K [0x00000000a4a00000, 0x00000000c9100000, 0x00000000e1900000)
  object space 596992K, 92% used [0x00000000a4a00000,0x00000000c6379c70,0x00000000c9100000)
 Metaspace       used 6765K, capacity 7030K, committed 7168K, reserved 1056768K
  class space    used 820K, capacity 935K, committed 1024K, reserved 1048576K
}
Event: 2.817 GC heap before
{Heap before GC invocations=20 (full 6):
 PSYoungGen      total 321536K, used 134016K [0x00000000e1900000, 0x0000000100000000, 0x0000000100000000)
  eden space 166912K, 0% used [0x00000000e1900000,0x00000000e1900000,0x00000000ebc00000)
  from space 154624K, 86% used [0x00000000f6900000,0x00000000febe0000,0x0000000100000000)
  to   space 165888K, 0% used [0x00000000ebc00000,0x00000000ebc00000,0x00000000f5e00000)
 ParOldGen       total 596992K, used 550375K [0x00000000a4a00000, 0x00000000c9100000, 0x00000000e1900000)
  object space 596992K, 92% used [0x00000000a4a00000,0x00000000c6379c70,0x00000000c9100000)
 Metaspace       used 6765K, capacity 7030K, committed 7168K, reserved 1056768K
  class space    used 820K, capacity 935K, committed 1024K, reserved 1048576K
Event: 2.979 GC heap after
Heap after GC invocations=20 (full 6):
 PSYoungGen      total 321536K, used 54899K [0x00000000e1900000, 0x0000000100000000, 0x0000000100000000)
  eden space 166912K, 0% used [0x00000000e1900000,0x00000000e1900000,0x00000000ebc00000)
  from space 154624K, 35% used [0x00000000f6900000,0x00000000f9e9ce00,0x0000000100000000)
  to   space 165888K, 0% used [0x00000000ebc00000,0x00000000ebc00000,0x00000000f5e00000)
 ParOldGen       total 791040K, used 596636K [0x00000000a4a00000, 0x00000000d4e80000, 0x00000000e1900000)
  object space 791040K, 75% used [0x00000000a4a00000,0x00000000c90a7120,0x00000000d4e80000)
 Metaspace       used 6765K, capacity 7030K, committed 7168K, reserved 1056768K
  class space    used 820K, capacity 935K, committed 1024K, reserved 1048576K
}
Event: 3.046 GC heap before
{Heap before GC invocations=21 (full 6):
 PSYoungGen      total 321536K, used 221811K [0x00000000e1900000, 0x0000000100000000, 0x0000000100000000)
  eden space 166912K, 100% used [0x00000000e1900000,0x00000000ebc00000,0x00000000ebc00000)
  from space 154624K, 35% used [0x00000000f6900000,0x00000000f9e9ce00,0x0000000100000000)
  to   space 165888K, 0% used [0x00000000ebc00000,0x00000000ebc00000,0x00000000f5e00000)
 ParOldGen       total 791040K, used 596636K [0x00000000a4a00000, 0x00000000d4e80000, 0x00000000e1900000)
  object space 791040K, 75% used [0x00000000a4a00000,0x00000000c90a7120,0x00000000d4e80000)
 Metaspace       used 6765K, capacity 7030K, committed 7168K, reserved 1056768K
  class space    used 820K, capacity 935K, committed 1024K, reserved 1048576K
Event: 3.116 GC heap after
Heap after GC invocations=21 (full 6):
 PSYoungGen      total 332800K, used 101201K [0x00000000e1900000, 0x0000000100000000, 0x0000000100000000)
  eden space 166912K, 0% used [0x00000000e1900000,0x00000000e1900000,0x00000000ebc00000)
  from space 165888K, 61% used [0x00000000ebc00000,0x00000000f1ed4518,0x00000000f5e00000)
  to   space 165888K, 0% used [0x00000000f5e00000,0x00000000f5e00000,0x0000000100000000)
 ParOldGen       total 791040K, used 651546K [0x00000000a4a00000, 0x00000000d4e80000, 0x00000000e1900000)
  object space 791040K, 82% used [0x00000000a4a00000,0x00000000cc646bb0,0x00000000d4e80000)
 Metaspace       used 6765K, capacity 7030K, committed 7168K, reserved 1056768K
  class space    used 820K, capacity 935K, committed 1024K, reserved 1048576K
}
Event: 3.184 GC heap before
{Heap before GC invocations=22 (full 6):
 PSYoungGen      total 332800K, used 268113K [0x00000000e1900000, 0x0000000100000000, 0x0000000100000000)
  eden space 166912K, 100% used [0x00000000e1900000,0x00000000ebc00000,0x00000000ebc00000)
  from space 165888K, 61% used [0x00000000ebc00000,0x00000000f1ed4518,0x00000000f5e00000)
  to   space 165888K, 0% used [0x00000000f5e00000,0x00000000f5e00000,0x0000000100000000)
 ParOldGen       total 791040K, used 651546K [0x00000000a4a00000, 0x00000000d4e80000, 0x00000000e1900000)
  object space 791040K, 82% used [0x00000000a4a00000,0x00000000cc646bb0,0x00000000d4e80000)
 Metaspace       used 6765K, capacity 7030K, committed 7168K, reserved 1056768K
  class space    used 820K, capacity 935K, committed 1024K, reserved 1048576K
Event: 3.258 GC heap after
Heap after GC invocations=22 (full 6):
 PSYoungGen      total 332800K, used 95424K [0x00000000e1900000, 0x0000000100000000, 0x0000000100000000)
  eden space 166912K, 0% used [0x00000000e1900000,0x00000000e1900000,0x00000000ebc00000)
  from space 165888K, 57% used [0x00000000f5e00000,0x00000000fbb30000,0x0000000100000000)
  to   space 165888K, 0% used [0x00000000ebc00000,0x00000000ebc00000,0x00000000f5e00000)
 ParOldGen       total 791040K, used 733721K [0x00000000a4a00000, 0x00000000d4e80000, 0x00000000e1900000)
  object space 791040K, 92% used [0x00000000a4a00000,0x00000000d1686720,0x00000000d4e80000)
 Metaspace       used 6765K, capacity 7030K, committed 7168K, reserved 1056768K
  class space    used 820K, capacity 935K, committed 1024K, reserved 1048576K
}
Event: 3.258 GC heap before
{Heap before GC invocations=23 (full 7):
 PSYoungGen      total 332800K, used 95424K [0x00000000e1900000, 0x0000000100000000, 0x0000000100000000)
  eden space 166912K, 0% used [0x00000000e1900000,0x00000000e1900000,0x00000000ebc00000)
  from space 165888K, 57% used [0x00000000f5e00000,0x00000000fbb30000,0x0000000100000000)
  to   space 165888K, 0% used [0x00000000ebc00000,0x00000000ebc00000,0x00000000f5e00000)
 ParOldGen       total 791040K, used 733721K [0x00000000a4a00000, 0x00000000d4e80000, 0x00000000e1900000)
  object space 791040K, 92% used [0x00000000a4a00000,0x00000000d1686720,0x00000000d4e80000)
 Metaspace       used 6765K, capacity 7030K, committed 7168K, reserved 1056768K
  class space    used 820K, capacity 935K, committed 1024K, reserved 1048576K

Deoptimization events (1 events):
Event: 0.841 Thread 0x00007f36f4110800 Uncommon trap: reason=unstable_if action=reinterpret pc=0x00007f37311aa978 method=java.lang.String.replace(CC)Ljava/lang/String; @ 2

Internal exceptions (9 events):
Event: 0.082 Thread 0x00007f374000a800 Exception <a 'java/lang/NoSuchMethodError': Method sun.misc.Unsafe.defineClass(Ljava/lang/String;[BII)Ljava/lang/Class; name or signature does not match> (0x00000000e1907c78) thrown at [/HUDSON3/workspace/8-2-build-linux-amd64/jdk8u111/7883/hotspot/src/sh
Event: 0.082 Thread 0x00007f374000a800 Exception <a 'java/lang/NoSuchMethodError': Method sun.misc.Unsafe.prefetchRead(Ljava/lang/Object;J)V name or signature does not match> (0x00000000e1907f60) thrown at [/HUDSON3/workspace/8-2-build-linux-amd64/jdk8u111/7883/hotspot/src/share/vm/prims/jni.c
Event: 0.343 Thread 0x00007f374000a800 Exception <a 'java/lang/NoSuchFieldError': method resolution failed> (0x00000000e1ba2288) thrown at [/HUDSON3/workspace/8-2-build-linux-amd64/jdk8u111/7883/hotspot/src/share/vm/prims/methodHandles.cpp, line 1146]
Event: 0.351 Thread 0x00007f374000a800 Exception <a 'java/lang/NoSuchFieldError': method resolution failed> (0x00000000e1baf608) thrown at [/HUDSON3/workspace/8-2-build-linux-amd64/jdk8u111/7883/hotspot/src/share/vm/prims/methodHandles.cpp, line 1146]
Event: 0.419 Thread 0x00007f374018f800 Exception <a 'java/security/PrivilegedActionException'> (0x00000000e1c62468) thrown at [/HUDSON3/workspace/8-2-build-linux-amd64/jdk8u111/7883/hotspot/src/share/vm/prims/jvm.cpp, line 1386]
Event: 0.419 Thread 0x00007f374018f800 Exception <a 'java/security/PrivilegedActionException'> (0x00000000e1c62678) thrown at [/HUDSON3/workspace/8-2-build-linux-amd64/jdk8u111/7883/hotspot/src/share/vm/prims/jvm.cpp, line 1386]
Event: 0.421 Thread 0x00007f374018f800 Exception <a 'java/security/PrivilegedActionException'> (0x00000000e1c64ab8) thrown at [/HUDSON3/workspace/8-2-build-linux-amd64/jdk8u111/7883/hotspot/src/share/vm/prims/jvm.cpp, line 1386]
Event: 0.421 Thread 0x00007f374018f800 Exception <a 'java/security/PrivilegedActionException'> (0x00000000e1c64cc8) thrown at [/HUDSON3/workspace/8-2-build-linux-amd64/jdk8u111/7883/hotspot/src/share/vm/prims/jvm.cpp, line 1386]
Event: 0.421 Thread 0x00007f374018f800 Exception <a 'java/lang/NullPointerException'> (0x00000000e1c652a0) thrown at [/HUDSON3/workspace/8-2-build-linux-amd64/jdk8u111/7883/hotspot/src/share/vm/interpreter/linkResolver.cpp, line 1178]

Events (10 events):
Event: 2.351 Executing VM operation: ParallelGCFailedAllocation done
Event: 2.495 Executing VM operation: ParallelGCFailedAllocation
Event: 2.572 Executing VM operation: ParallelGCFailedAllocation done
Event: 2.660 Executing VM operation: ParallelGCFailedAllocation
Event: 2.979 Executing VM operation: ParallelGCFailedAllocation done
Event: 3.046 Executing VM operation: ParallelGCFailedAllocation
Event: 3.116 Executing VM operation: ParallelGCFailedAllocation done
Event: 3.123 Thread 0x00007f36f4110800 DEOPT PACKING pc=0x00007f3731238087 sp=0x00007f36ec34f150
Event: 3.123 Thread 0x00007f36f4110800 DEOPT UNPACKING pc=0x00007f3731047233 sp=0x00007f36ec34ef88 mode 0
Event: 3.184 Executing VM operation: ParallelGCFailedAllocation


Dynamic libraries:
00400000-00401000 r-xp 00000000 08:01 3550086                            /usr/lib/jvm/java-8-oracle/bin/java
00600000-00601000 rw-p 00000000 08:01 3550086                            /usr/lib/jvm/java-8-oracle/bin/java
0122c000-01292000 rw-p 00000000 00:00 0                                  [heap]
a4a00000-d4e80000 rw-p 00000000 00:00 0 
e1900000-100000000 rw-p 00000000 00:00 0 
100000000-100100000 rw-p 00000000 00:00 0 
100100000-140000000 ---p 00000000 00:00 0 
7f36e8000000-7f36e8021000 rw-p 00000000 00:00 0 
7f36e8021000-7f36ec000000 ---p 00000000 00:00 0 
7f36ec251000-7f36ec254000 ---p 00000000 00:00 0 
7f36ec254000-7f36ec352000 rw-p 00000000 00:00 0 
7f36ec352000-7f36ec355000 ---p 00000000 00:00 0 
7f36ec355000-7f36ec453000 rw-p 00000000 00:00 0 
7f36ec453000-7f36ec483000 r-xp 00000000 08:01 2888286                    /usr/lib/x86_64-linux-gnu/gtk-2.0/2.10.0/engines/libmurrine.so
7f36ec483000-7f36ec683000 ---p 00030000 08:01 2888286                    /usr/lib/x86_64-linux-gnu/gtk-2.0/2.10.0/engines/libmurrine.so
7f36ec683000-7f36ec684000 r--p 00030000 08:01 2888286                    /usr/lib/x86_64-linux-gnu/gtk-2.0/2.10.0/engines/libmurrine.so
7f36ec684000-7f36ec685000 rw-p 00031000 08:01 2888286                    /usr/lib/x86_64-linux-gnu/gtk-2.0/2.10.0/engines/libmurrine.so
7f36ec685000-7f36ec688000 r-xp 00000000 08:01 2888279                    /usr/lib/x86_64-linux-gnu/gtk-2.0/2.10.0/engines/libadwaita.so
7f36ec688000-7f36ec887000 ---p 00003000 08:01 2888279                    /usr/lib/x86_64-linux-gnu/gtk-2.0/2.10.0/engines/libadwaita.so
7f36ec887000-7f36ec888000 r--p 00002000 08:01 2888279                    /usr/lib/x86_64-linux-gnu/gtk-2.0/2.10.0/engines/libadwaita.so
7f36ec888000-7f36ec889000 rw-p 00003000 08:01 2888279                    /usr/lib/x86_64-linux-gnu/gtk-2.0/2.10.0/engines/libadwaita.so
7f36ec889000-7f36ec893000 r-xp 00000000 08:01 2888287                    /usr/lib/x86_64-linux-gnu/gtk-2.0/2.10.0/engines/libpixmap.so
7f36ec893000-7f36eca92000 ---p 0000a000 08:01 2888287                    /usr/lib/x86_64-linux-gnu/gtk-2.0/2.10.0/engines/libpixmap.so
7f36eca92000-7f36eca93000 r--p 00009000 08:01 2888287                    /usr/lib/x86_64-linux-gnu/gtk-2.0/2.10.0/engines/libpixmap.so
7f36eca93000-7f36eca94000 rw-p 0000a000 08:01 2888287                    /usr/lib/x86_64-linux-gnu/gtk-2.0/2.10.0/engines/libpixmap.so
7f36eca94000-7f36ecaa6000 r-xp 00000000 08:01 2495064                    /lib/x86_64-linux-gnu/libgpg-error.so.0.17.0
7f36ecaa6000-7f36ecca6000 ---p 00012000 08:01 2495064                    /lib/x86_64-linux-gnu/libgpg-error.so.0.17.0
7f36ecca6000-7f36ecca7000 r--p 00012000 08:01 2495064                    /lib/x86_64-linux-gnu/libgpg-error.so.0.17.0
7f36ecca7000-7f36ecca8000 rw-p 00013000 08:01 2495064                    /lib/x86_64-linux-gnu/libgpg-error.so.0.17.0
7f36ecca8000-7f36ecd80000 r-xp 00000000 08:01 2495060                    /lib/x86_64-linux-gnu/libgcrypt.so.20.0.5
7f36ecd80000-7f36ecf7f000 ---p 000d8000 08:01 2495060                    /lib/x86_64-linux-gnu/libgcrypt.so.20.0.5
7f36ecf7f000-7f36ecf80000 r--p 000d7000 08:01 2495060                    /lib/x86_64-linux-gnu/libgcrypt.so.20.0.5
7f36ecf80000-7f36ecf88000 rw-p 000d8000 08:01 2495060                    /lib/x86_64-linux-gnu/libgcrypt.so.20.0.5
7f36ecf88000-7f36ecf89000 rw-p 00000000 00:00 0 
7f36ecf89000-7f36ecfaa000 r-xp 00000000 08:01 2495087                    /lib/x86_64-linux-gnu/liblzma.so.5.0.0
7f36ecfaa000-7f36ed1a9000 ---p 00021000 08:01 2495087                    /lib/x86_64-linux-gnu/liblzma.so.5.0.0
7f36ed1a9000-7f36ed1aa000 r--p 00020000 08:01 2495087                    /lib/x86_64-linux-gnu/liblzma.so.5.0.0
7f36ed1aa000-7f36ed1ab000 rw-p 00021000 08:01 2495087                    /lib/x86_64-linux-gnu/liblzma.so.5.0.0
7f36ed1ab000-7f36ed22b000 r-xp 00000000 08:01 2494955                    /lib/x86_64-linux-gnu/libsystemd.so.0.14.0
7f36ed22b000-7f36ed22e000 r--p 0007f000 08:01 2494955                    /lib/x86_64-linux-gnu/libsystemd.so.0.14.0
7f36ed22e000-7f36ed22f000 rw-p 00082000 08:01 2494955                    /lib/x86_64-linux-gnu/libsystemd.so.0.14.0
7f36ed22f000-7f36ed230000 rw-p 00000000 00:00 0 
7f36ed230000-7f36ed27a000 r-xp 00000000 08:01 2495036                    /lib/x86_64-linux-gnu/libdbus-1.so.3.14.6
7f36ed27a000-7f36ed47a000 ---p 0004a000 08:01 2495036                    /lib/x86_64-linux-gnu/libdbus-1.so.3.14.6
7f36ed47a000-7f36ed47b000 r--p 0004a000 08:01 2495036                    /lib/x86_64-linux-gnu/libdbus-1.so.3.14.6
7f36ed47b000-7f36ed47c000 rw-p 0004b000 08:01 2495036                    /lib/x86_64-linux-gnu/libdbus-1.so.3.14.6
7f36ed47c000-7f36ed4a8000 r-xp 00000000 08:01 2237976                    /usr/lib/x86_64-linux-gnu/libatspi.so.0.0.1
7f36ed4a8000-7f36ed6a7000 ---p 0002c000 08:01 2237976                    /usr/lib/x86_64-linux-gnu/libatspi.so.0.0.1
7f36ed6a7000-7f36ed6aa000 r--p 0002b000 08:01 2237976                    /usr/lib/x86_64-linux-gnu/libatspi.so.0.0.1
7f36ed6aa000-7f36ed6ab000 rw-p 0002e000 08:01 2237976                    /usr/lib/x86_64-linux-gnu/libatspi.so.0.0.1
7f36ed6ab000-7f36ed6d8000 r-xp 00000000 08:01 2237970                    /usr/lib/x86_64-linux-gnu/libatk-bridge-2.0.so.0.0.0
7f36ed6d8000-7f36ed8d7000 ---p 0002d000 08:01 2237970                    /usr/lib/x86_64-linux-gnu/libatk-bridge-2.0.so.0.0.0
7f36ed8d7000-7f36ed8d8000 r--p 0002c000 08:01 2237970                    /usr/lib/x86_64-linux-gnu/libatk-bridge-2.0.so.0.0.0
7f36ed8d8000-7f36ed8da000 rw-p 0002d000 08:01 2237970                    /usr/lib/x86_64-linux-gnu/libatk-bridge-2.0.so.0.0.0
7f36ed8da000-7f36ed8db000 r-xp 00000000 08:01 2888305                    /usr/lib/x86_64-linux-gnu/gtk-2.0/modules/libatk-bridge.so
7f36ed8db000-7f36edada000 ---p 00001000 08:01 2888305                    /usr/lib/x86_64-linux-gnu/gtk-2.0/modules/libatk-bridge.so
7f36edada000-7f36edadb000 r--p 00000000 08:01 2888305                    /usr/lib/x86_64-linux-gnu/gtk-2.0/modules/libatk-bridge.so
7f36edadb000-7f36edadc000 rw-p 00001000 08:01 2888305                    /usr/lib/x86_64-linux-gnu/gtk-2.0/modules/libatk-bridge.so
7f36edadc000-7f36edae3000 r-xp 00000000 08:01 2238324                    /usr/lib/x86_64-linux-gnu/libgailutil.so.18.0.1
7f36edae3000-7f36edce2000 ---p 00007000 08:01 2238324                    /usr/lib/x86_64-linux-gnu/libgailutil.so.18.0.1
7f36edce2000-7f36edce3000 r--p 00006000 08:01 2238324                    /usr/lib/x86_64-linux-gnu/libgailutil.so.18.0.1
7f36edce3000-7f36edce4000 rw-p 00007000 08:01 2238324                    /usr/lib/x86_64-linux-gnu/libgailutil.so.18.0.1
7f36edd0c000-7f36edd5a000 r-xp 00000000 08:01 2888308                    /usr/lib/x86_64-linux-gnu/gtk-2.0/modules/libgail.so
7f36edd5a000-7f36edf59000 ---p 0004e000 08:01 2888308                    /usr/lib/x86_64-linux-gnu/gtk-2.0/modules/libgail.so
7f36edf59000-7f36edf5a000 r--p 0004d000 08:01 2888308                    /usr/lib/x86_64-linux-gnu/gtk-2.0/modules/libgail.so
7f36edf5a000-7f36edf5c000 rw-p 0004e000 08:01 2888308                    /usr/lib/x86_64-linux-gnu/gtk-2.0/modules/libgail.so
7f36edf5c000-7f36edf86000 r--p 00000000 08:01 3281566                    /usr/share/locale-langpack/es/LC_MESSAGES/gtk20-properties.mo
7f36edf86000-7f36edfaf000 r-xp 00000000 08:01 4197255                    /usr/lib/jvm/java-8-oracle/jre/lib/amd64/libglass.so
7f36edfaf000-7f36ee1ae000 ---p 00029000 08:01 4197255                    /usr/lib/jvm/java-8-oracle/jre/lib/amd64/libglass.so
7f36ee1ae000-7f36ee1b1000 rw-p 00028000 08:01 4197255                    /usr/lib/jvm/java-8-oracle/jre/lib/amd64/libglass.so
7f36ee1b1000-7f36ee1e8000 r-xp 00000000 08:01 2239138                    /usr/lib/x86_64-linux-gnu/libtxc_dxtn_s2tc.so.0.0.0
7f36ee1e8000-7f36ee3e7000 ---p 00037000 08:01 2239138                    /usr/lib/x86_64-linux-gnu/libtxc_dxtn_s2tc.so.0.0.0
7f36ee3e7000-7f36ee3e8000 r--p 00036000 08:01 2239138                    /usr/lib/x86_64-linux-gnu/libtxc_dxtn_s2tc.so.0.0.0
7f36ee3e8000-7f36ee3e9000 rw-p 00037000 08:01 2239138                    /usr/lib/x86_64-linux-gnu/libtxc_dxtn_s2tc.so.0.0.0
7f36ee3fa000-7f36ee402000 rw-s 00000000 00:05 804862                     /drm mm object (deleted)
7f36ee402000-7f36ee411000 r--p 00000000 08:01 3281728                    /usr/share/locale-langpack/es/LC_MESSAGES/gtk20.mo
7f36ee411000-7f36ee419000 r-xp 00000000 08:01 2238900                    /usr/lib/x86_64-linux-gnu/libpciaccess.so.0.11.1
7f36ee419000-7f36ee619000 ---p 00008000 08:01 2238900                    /usr/lib/x86_64-linux-gnu/libpciaccess.so.0.11.1
7f36ee619000-7f36ee61a000 r--p 00008000 08:01 2238900                    /usr/lib/x86_64-linux-gnu/libpciaccess.so.0.11.1
7f36ee61a000-7f36ee61b000 rw-p 00009000 08:01 2238900                    /usr/lib/x86_64-linux-gnu/libpciaccess.so.0.11.1
7f36ee61b000-7f36ee626000 r-xp 00000000 08:01 2238191                    /usr/lib/x86_64-linux-gnu/libdrm_radeon.so.1.0.1
7f36ee626000-7f36ee825000 ---p 0000b000 08:01 2238191                    /usr/lib/x86_64-linux-gnu/libdrm_radeon.so.1.0.1
7f36ee825000-7f36ee826000 r--p 0000a000 08:01 2238191                    /usr/lib/x86_64-linux-gnu/libdrm_radeon.so.1.0.1
7f36ee826000-7f36ee827000 rw-p 0000b000 08:01 2238191                    /usr/lib/x86_64-linux-gnu/libdrm_radeon.so.1.0.1
7f36ee827000-7f36ee82e000 r-xp 00000000 08:01 2238189                    /usr/lib/x86_64-linux-gnu/libdrm_nouveau.so.2.0.0
7f36ee82e000-7f36eea2d000 ---p 00007000 08:01 2238189                    /usr/lib/x86_64-linux-gnu/libdrm_nouveau.so.2.0.0
7f36eea2d000-7f36eea2e000 r--p 00006000 08:01 2238189                    /usr/lib/x86_64-linux-gnu/libdrm_nouveau.so.2.0.0
7f36eea2e000-7f36eea2f000 rw-p 00007000 08:01 2238189                    /usr/lib/x86_64-linux-gnu/libdrm_nouveau.so.2.0.0
7f36eea2f000-7f36eea4f000 r-xp 00000000 08:01 2238187                    /usr/lib/x86_64-linux-gnu/libdrm_intel.so.1.0.0
7f36eea4f000-7f36eec4e000 ---p 00020000 08:01 2238187                    /usr/lib/x86_64-linux-gnu/libdrm_intel.so.1.0.0
7f36eec4e000-7f36eec4f000 r--p 0001f000 08:01 2238187                    /usr/lib/x86_64-linux-gnu/libdrm_intel.so.1.0.0
7f36eec4f000-7f36eec50000 rw-p 00020000 08:01 2238187                    /usr/lib/x86_64-linux-gnu/libdrm_intel.so.1.0.0
7f36eec50000-7f36ef255000 r-xp 00000000 08:01 2887134                    /usr/lib/x86_64-linux-gnu/dri/i965_dri.so
7f36ef255000-7f36ef455000 ---p 00605000 08:01 2887134                    /usr/lib/x86_64-linux-gnu/dri/i965_dri.so
7f36ef455000-7f36ef48b000 r--p 00605000 08:01 2887134                    /usr/lib/x86_64-linux-gnu/dri/i965_dri.so
7f36ef48b000-7f36ef492000 rw-p 0063b000 08:01 2887134                    /usr/lib/x86_64-linux-gnu/dri/i965_dri.so
7f36ef492000-7f36ef49a000 rw-p 00000000 00:00 0 
7f36ef49a000-7f36ef4a0000 r-xp 00000000 08:01 2238135                    /usr/lib/x86_64-linux-gnu/libdatrie.so.1.3.3
7f36ef4a0000-7f36ef6a0000 ---p 00006000 08:01 2238135                    /usr/lib/x86_64-linux-gnu/libdatrie.so.1.3.3
7f36ef6a0000-7f36ef6a1000 r--p 00006000 08:01 2238135                    /usr/lib/x86_64-linux-gnu/libdatrie.so.1.3.3
7f36ef6a1000-7f36ef6a2000 rw-p 00007000 08:01 2238135                    /usr/lib/x86_64-linux-gnu/libdatrie.so.1.3.3
7f36ef6a2000-7f36ef6a7000 r-xp 00000000 08:01 2237880                    /usr/lib/x86_64-linux-gnu/libXdmcp.so.6.0.0
7f36ef6a7000-7f36ef8a6000 ---p 00005000 08:01 2237880                    /usr/lib/x86_64-linux-gnu/libXdmcp.so.6.0.0
7f36ef8a6000-7f36ef8a7000 r--p 00004000 08:01 2237880                    /usr/lib/x86_64-linux-gnu/libXdmcp.so.6.0.0
7f36ef8a7000-7f36ef8a8000 rw-p 00005000 08:01 2237880                    /usr/lib/x86_64-linux-gnu/libXdmcp.so.6.0.0
7f36ef8a8000-7f36ef8aa000 r-xp 00000000 08:01 2237869                    /usr/lib/x86_64-linux-gnu/libXau.so.6.0.0
7f36ef8aa000-7f36efaaa000 ---p 00002000 08:01 2237869                    /usr/lib/x86_64-linux-gnu/libXau.so.6.0.0
7f36efaaa000-7f36efaab000 r--p 00002000 08:01 2237869                    /usr/lib/x86_64-linux-gnu/libXau.so.6.0.0
7f36efaab000-7f36efaac000 rw-p 00003000 08:01 2237869                    /usr/lib/x86_64-linux-gnu/libXau.so.6.0.0
7f36efaac000-7f36efacf000 r-xp 00000000 08:01 2238444                    /usr/lib/x86_64-linux-gnu/libgraphite2.so.3.0.1
7f36efacf000-7f36efcce000 ---p 00023000 08:01 2238444                    /usr/lib/x86_64-linux-gnu/libgraphite2.so.3.0.1
7f36efcce000-7f36efcd0000 r--p 00022000 08:01 2238444                    /usr/lib/x86_64-linux-gnu/libgraphite2.so.3.0.1
7f36efcd0000-7f36efcd1000 rw-p 00024000 08:01 2238444                    /usr/lib/x86_64-linux-gnu/libgraphite2.so.3.0.1
7f36efcd1000-7f36efcdf000 r-xp 00000000 08:01 2238183                    /usr/lib/x86_64-linux-gnu/libdrm.so.2.4.0
7f36efcdf000-7f36efede000 ---p 0000e000 08:01 2238183                    /usr/lib/x86_64-linux-gnu/libdrm.so.2.4.0
7f36efede000-7f36efedf000 r--p 0000d000 08:01 2238183                    /usr/lib/x86_64-linux-gnu/libdrm.so.2.4.0
7f36efedf000-7f36efee0000 rw-p 0000e000 08:01 2238183                    /usr/lib/x86_64-linux-gnu/libdrm.so.2.4.0
7f36efee0000-7f36efee4000 r-xp 00000000 08:01 2239283                    /usr/lib/x86_64-linux-gnu/libxcb-dri2.so.0.0.0
7f36efee4000-7f36f00e3000 ---p 00004000 08:01 2239283                    /usr/lib/x86_64-linux-gnu/libxcb-dri2.so.0.0.0
7f36f00e3000-7f36f00e4000 r--p 00003000 08:01 2239283                    /usr/lib/x86_64-linux-gnu/libxcb-dri2.so.0.0.0
7f36f00e4000-7f36f00e5000 rw-p 00004000 08:01 2239283                    /usr/lib/x86_64-linux-gnu/libxcb-dri2.so.0.0.0
7f36f00e5000-7f36f00fc000 r-xp 00000000 08:01 2239287                    /usr/lib/x86_64-linux-gnu/libxcb-glx.so.0.0.0
7f36f00fc000-7f36f02fb000 ---p 00017000 08:01 2239287                    /usr/lib/x86_64-linux-gnu/libxcb-glx.so.0.0.0
7f36f02fb000-7f36f02fd000 r--p 00016000 08:01 2239287                    /usr/lib/x86_64-linux-gnu/libxcb-glx.so.0.0.0
7f36f02fd000-7f36f02fe000 rw-p 00018000 08:01 2239287                    /usr/lib/x86_64-linux-gnu/libxcb-glx.so.0.0.0
7f36f02fe000-7f36f02ff000 r-xp 00000000 08:01 2237863                    /usr/lib/x86_64-linux-gnu/libX11-xcb.so.1.0.0
7f36f02ff000-7f36f04fe000 ---p 00001000 08:01 2237863                    /usr/lib/x86_64-linux-gnu/libX11-xcb.so.1.0.0
7f36f04fe000-7f36f04ff000 r--p 00000000 08:01 2237863                    /usr/lib/x86_64-linux-gnu/libX11-xcb.so.1.0.0
7f36f04ff000-7f36f0500000 rw-p 00001000 08:01 2237863                    /usr/lib/x86_64-linux-gnu/libX11-xcb.so.1.0.0
7f36f0500000-7f36f0529000 r-xp 00000000 08:01 2238394                    /usr/lib/x86_64-linux-gnu/libglapi.so.0.0.0
7f36f0529000-7f36f0728000 ---p 00029000 08:01 2238394                    /usr/lib/x86_64-linux-gnu/libglapi.so.0.0.0
7f36f0728000-7f36f072c000 r--p 00028000 08:01 2238394                    /usr/lib/x86_64-linux-gnu/libglapi.so.0.0.0
7f36f072c000-7f36f072d000 rw-p 0002c000 08:01 2238394                    /usr/lib/x86_64-linux-gnu/libglapi.so.0.0.0
7f36f072d000-7f36f072e000 rw-p 00000000 00:00 0 
7f36f072e000-7f36f072f000 r-xp 00000000 08:01 2239333                    /usr/lib/x86_64-linux-gnu/libxshmfence.so.1.0.0
7f36f072f000-7f36f092f000 ---p 00001000 08:01 2239333                    /usr/lib/x86_64-linux-gnu/libxshmfence.so.1.0.0
7f36f092f000-7f36f0930000 r--p 00001000 08:01 2239333                    /usr/lib/x86_64-linux-gnu/libxshmfence.so.1.0.0
7f36f0930000-7f36f0931000 rw-p 00002000 08:01 2239333                    /usr/lib/x86_64-linux-gnu/libxshmfence.so.1.0.0
7f36f0931000-7f36f0936000 r-xp 00000000 08:01 2239307                    /usr/lib/x86_64-linux-gnu/libxcb-sync.so.1.0.0
7f36f0936000-7f36f0b36000 ---p 00005000 08:01 2239307                    /usr/lib/x86_64-linux-gnu/libxcb-sync.so.1.0.0
7f36f0b36000-7f36f0b37000 r--p 00005000 08:01 2239307                    /usr/lib/x86_64-linux-gnu/libxcb-sync.so.1.0.0
7f36f0b37000-7f36f0b38000 rw-p 00006000 08:01 2239307                    /usr/lib/x86_64-linux-gnu/libxcb-sync.so.1.0.0
7f36f0b38000-7f36f0b3a000 r-xp 00000000 08:01 2239295                    /usr/lib/x86_64-linux-gnu/libxcb-present.so.0.0.0
7f36f0b3a000-7f36f0d39000 ---p 00002000 08:01 2239295                    /usr/lib/x86_64-linux-gnu/libxcb-present.so.0.0.0
7f36f0d39000-7f36f0d3a000 r--p 00001000 08:01 2239295                    /usr/lib/x86_64-linux-gnu/libxcb-present.so.0.0.0
7f36f0d3a000-7f36f0d3b000 rw-p 00002000 08:01 2239295                    /usr/lib/x86_64-linux-gnu/libxcb-present.so.0.0.0
7f36f0d3b000-7f36f0d3d000 r-xp 00000000 08:01 2239285                    /usr/lib/x86_64-linux-gnu/libxcb-dri3.so.0.0.0
7f36f0d3d000-7f36f0f3c000 ---p 00002000 08:01 2239285                    /usr/lib/x86_64-linux-gnu/libxcb-dri3.so.0.0.0
7f36f0f3c000-7f36f0f3d000 r--p 00001000 08:01 2239285                    /usr/lib/x86_64-linux-gnu/libxcb-dri3.so.0.0.0
7f36f0f3d000-7f36f0f3e000 rw-p 00002000 08:01 2239285                    /usr/lib/x86_64-linux-gnu/libxcb-dri3.so.0.0.0
7f36f0f3e000-7f36f0fac000 r-xp 00000000 08:01 2495149                    /lib/x86_64-linux-gnu/libpcre.so.3.13.2
7f36f0fac000-7f36f11ac000 ---p 0006e000 08:01 2495149                    /lib/x86_64-linux-gnu/libpcre.so.3.13.2
7f36f11ac000-7f36f11ad000 r--p 0006e000 08:01 2495149                    /lib/x86_64-linux-gnu/libpcre.so.3.13.2
7f36f11ad000-7f36f11ae000 rw-p 0006f000 08:01 2495149                    /lib/x86_64-linux-gnu/libpcre.so.3.13.2
7f36f11ae000-7f36f11b5000 r-xp 00000000 08:01 2238258                    /usr/lib/x86_64-linux-gnu/libffi.so.6.0.4
7f36f11b5000-7f36f13b4000 ---p 00007000 08:01 2238258                    /usr/lib/x86_64-linux-gnu/libffi.so.6.0.4
7f36f13b4000-7f36f13b5000 r--p 00006000 08:01 2238258                    /usr/lib/x86_64-linux-gnu/libffi.so.6.0.4
7f36f13b5000-7f36f13b6000 rw-p 00007000 08:01 2238258                    /usr/lib/x86_64-linux-gnu/libffi.so.6.0.4
7f36f13b6000-7f36f13dc000 r-xp 00000000 08:01 2495051                    /lib/x86_64-linux-gnu/libexpat.so.1.6.0
7f36f13dc000-7f36f15dc000 ---p 00026000 08:01 2495051                    /lib/x86_64-linux-gnu/libexpat.so.1.6.0
7f36f15dc000-7f36f15de000 r--p 00026000 08:01 2495051                    /lib/x86_64-linux-gnu/libexpat.so.1.6.0
7f36f15de000-7f36f15df000 rw-p 00028000 08:01 2495051                    /lib/x86_64-linux-gnu/libexpat.so.1.6.0
7f36f15df000-7f36f15e7000 r-xp 00000000 08:01 2239115                    /usr/lib/x86_64-linux-gnu/libthai.so.0.2.4
7f36f15e7000-7f36f17e6000 ---p 00008000 08:01 2239115                    /usr/lib/x86_64-linux-gnu/libthai.so.0.2.4
7f36f17e6000-7f36f17e7000 r--p 00007000 08:01 2239115                    /usr/lib/x86_64-linux-gnu/libthai.so.0.2.4
7f36f17e7000-7f36f17e8000 rw-p 00008000 08:01 2239115                    /usr/lib/x86_64-linux-gnu/libthai.so.0.2.4
7f36f17e8000-7f36f1809000 r-xp 00000000 08:01 2239315                    /usr/lib/x86_64-linux-gnu/libxcb.so.1.1.0
7f36f1809000-7f36f1a08000 ---p 00021000 08:01 2239315                    /usr/lib/x86_64-linux-gnu/libxcb.so.1.1.0
7f36f1a08000-7f36f1a09000 r--p 00020000 08:01 2239315                    /usr/lib/x86_64-linux-gnu/libxcb.so.1.1.0
7f36f1a09000-7f36f1a0a000 rw-p 00021000 08:01 2239315                    /usr/lib/x86_64-linux-gnu/libxcb.so.1.1.0
7f36f1a0a000-7f36f1a12000 r-xp 00000000 08:01 2239301                    /usr/lib/x86_64-linux-gnu/libxcb-render.so.0.0.0
7f36f1a12000-7f36f1c12000 ---p 00008000 08:01 2239301                    /usr/lib/x86_64-linux-gnu/libxcb-render.so.0.0.0
7f36f1c12000-7f36f1c13000 r--p 00008000 08:01 2239301                    /usr/lib/x86_64-linux-gnu/libxcb-render.so.0.0.0
7f36f1c13000-7f36f1c14000 rw-p 00009000 08:01 2239301                    /usr/lib/x86_64-linux-gnu/libxcb-render.so.0.0.0
7f36f1c14000-7f36f1c16000 r-xp 00000000 08:01 2239305                    /usr/lib/x86_64-linux-gnu/libxcb-shm.so.0.0.0
7f36f1c16000-7f36f1e16000 ---p 00002000 08:01 2239305                    /usr/lib/x86_64-linux-gnu/libxcb-shm.so.0.0.0
7f36f1e16000-7f36f1e17000 r--p 00002000 08:01 2239305                    /usr/lib/x86_64-linux-gnu/libxcb-shm.so.0.0.0
7f36f1e17000-7f36f1e18000 rw-p 00003000 08:01 2239305                    /usr/lib/x86_64-linux-gnu/libxcb-shm.so.0.0.0
7f36f1e18000-7f36f1e3c000 r-xp 00000000 08:01 2495161                    /lib/x86_64-linux-gnu/libpng12.so.0.54.0
7f36f1e3c000-7f36f203b000 ---p 00024000 08:01 2495161                    /lib/x86_64-linux-gnu/libpng12.so.0.54.0
7f36f203b000-7f36f203c000 r--p 00023000 08:01 2495161                    /lib/x86_64-linux-gnu/libpng12.so.0.54.0
7f36f203c000-7f36f203d000 rw-p 00024000 08:01 2495161                    /lib/x86_64-linux-gnu/libpng12.so.0.54.0
7f36f203d000-7f36f20dc000 r-xp 00000000 08:01 2238914                    /usr/lib/x86_64-linux-gnu/libpixman-1.so.0.33.6
7f36f20dc000-7f36f22dc000 ---p 0009f000 08:01 2238914                    /usr/lib/x86_64-linux-gnu/libpixman-1.so.0.33.6
7f36f22dc000-7f36f22e4000 r--p 0009f000 08:01 2238914                    /usr/lib/x86_64-linux-gnu/libpixman-1.so.0.33.6
7f36f22e4000-7f36f22e5000 rw-p 000a7000 08:01 2238914                    /usr/lib/x86_64-linux-gnu/libpixman-1.so.0.33.6
7f36f22e5000-7f36f2341000 r-xp 00000000 08:01 2238577                    /usr/lib/x86_64-linux-gnu/libharfbuzz.so.0.10000.1
7f36f2341000-7f36f2541000 ---p 0005c000 08:01 2238577                    /usr/lib/x86_64-linux-gnu/libharfbuzz.so.0.10000.1
7f36f2541000-7f36f2542000 r--p 0005c000 08:01 2238577                    /usr/lib/x86_64-linux-gnu/libharfbuzz.so.0.10000.1
7f36f2542000-7f36f2543000 rw-p 0005d000 08:01 2238577                    /usr/lib/x86_64-linux-gnu/libharfbuzz.so.0.10000.1
7f36f2543000-7f36f255a000 r-xp 00000000 08:01 2495172                    /lib/x86_64-linux-gnu/libresolv-2.23.so
7f36f255a000-7f36f275a000 ---p 00017000 08:01 2495172                    /lib/x86_64-linux-gnu/libresolv-2.23.so
7f36f275a000-7f36f275b000 r--p 00017000 08:01 2495172                    /lib/x86_64-linux-gnu/libresolv-2.23.so
7f36f275b000-7f36f275c000 rw-p 00018000 08:01 2495172                    /lib/x86_64-linux-gnu/libresolv-2.23.so
7f36f275c000-7f36f275e000 rw-p 00000000 00:00 0 
7f36f275e000-7f36f277d000 r-xp 00000000 08:01 2495178                    /lib/x86_64-linux-gnu/libselinux.so.1
7f36f277d000-7f36f297c000 ---p 0001f000 08:01 2495178                    /lib/x86_64-linux-gnu/libselinux.so.1
7f36f297c000-7f36f297d000 r--p 0001e000 08:01 2495178                    /lib/x86_64-linux-gnu/libselinux.so.1
7f36f297d000-7f36f297e000 rw-p 0001f000 08:01 2495178                    /lib/x86_64-linux-gnu/libselinux.so.1
7f36f297e000-7f36f2980000 rw-p 00000000 00:00 0 
7f36f2980000-7f36f2999000 r-xp 00000000 08:01 2495211                    /lib/x86_64-linux-gnu/libz.so.1.2.8
7f36f2999000-7f36f2b98000 ---p 00019000 08:01 2495211                    /lib/x86_64-linux-gnu/libz.so.1.2.8
7f36f2b98000-7f36f2b99000 r--p 00018000 08:01 2495211                    /lib/x86_64-linux-gnu/libz.so.1.2.8
7f36f2b99000-7f36f2b9a000 rw-p 00019000 08:01 2495211                    /lib/x86_64-linux-gnu/libz.so.1.2.8
7f36f2b9a000-7f36f2bab000 r-xp 00000000 08:01 2237882                    /usr/lib/x86_64-linux-gnu/libXext.so.6.4.0
7f36f2bab000-7f36f2daa000 ---p 00011000 08:01 2237882                    /usr/lib/x86_64-linux-gnu/libXext.so.6.4.0
7f36f2daa000-7f36f2dab000 r--p 00010000 08:01 2237882                    /usr/lib/x86_64-linux-gnu/libXext.so.6.4.0
7f36f2dab000-7f36f2dac000 rw-p 00011000 08:01 2237882                    /usr/lib/x86_64-linux-gnu/libXext.so.6.4.0
7f36f2dac000-7f36f2dae000 r-xp 00000000 08:01 2237878                    /usr/lib/x86_64-linux-gnu/libXdamage.so.1.1.0
7f36f2dae000-7f36f2fad000 ---p 00002000 08:01 2237878                    /usr/lib/x86_64-linux-gnu/libXdamage.so.1.1.0
7f36f2fad000-7f36f2fae000 r--p 00001000 08:01 2237878                    /usr/lib/x86_64-linux-gnu/libXdamage.so.1.1.0
7f36f2fae000-7f36f2faf000 rw-p 00002000 08:01 2237878                    /usr/lib/x86_64-linux-gnu/libXdamage.so.1.1.0
7f36f2faf000-7f36f2fb1000 r-xp 00000000 08:01 2237874                    /usr/lib/x86_64-linux-gnu/libXcomposite.so.1.0.0
7f36f2fb1000-7f36f31b0000 ---p 00002000 08:01 2237874                    /usr/lib/x86_64-linux-gnu/libXcomposite.so.1.0.0
7f36f31b0000-7f36f31b1000 r--p 00001000 08:01 2237874                    /usr/lib/x86_64-linux-gnu/libXcomposite.so.1.0.0
7f36f31b1000-7f36f31b2000 rw-p 00002000 08:01 2237874                    /usr/lib/x86_64-linux-gnu/libXcomposite.so.1.0.0
7f36f31b2000-7f36f31bb000 r-xp 00000000 08:01 2237876                    /usr/lib/x86_64-linux-gnu/libXcursor.so.1.0.2
7f36f31bb000-7f36f33ba000 ---p 00009000 08:01 2237876                    /usr/lib/x86_64-linux-gnu/libXcursor.so.1.0.2
7f36f33ba000-7f36f33bb000 r--p 00008000 08:01 2237876                    /usr/lib/x86_64-linux-gnu/libXcursor.so.1.0.2
7f36f33bb000-7f36f33bc000 rw-p 00009000 08:01 2237876                    /usr/lib/x86_64-linux-gnu/libXcursor.so.1.0.2
7f36f33bc000-7f36f33c6000 r-xp 00000000 08:01 2237900                    /usr/lib/x86_64-linux-gnu/libXrandr.so.2.2.0
7f36f33c6000-7f36f35c5000 ---p 0000a000 08:01 2237900                    /usr/lib/x86_64-linux-gnu/libXrandr.so.2.2.0
7f36f35c5000-7f36f35c6000 r--p 00009000 08:01 2237900                    /usr/lib/x86_64-linux-gnu/libXrandr.so.2.2.0
7f36f35c6000-7f36f35c7000 rw-p 0000a000 08:01 2237900                    /usr/lib/x86_64-linux-gnu/libXrandr.so.2.2.0
7f36f35c7000-7f36f35d6000 r-xp 00000000 08:01 2237890                    /usr/lib/x86_64-linux-gnu/libXi.so.6.1.0
7f36f35d6000-7f36f37d5000 ---p 0000f000 08:01 2237890                    /usr/lib/x86_64-linux-gnu/libXi.so.6.1.0
7f36f37d5000-7f36f37d6000 r--p 0000e000 08:01 2237890                    /usr/lib/x86_64-linux-gnu/libXi.so.6.1.0
7f36f37d6000-7f36f37d7000 rw-p 0000f000 08:01 2237890                    /usr/lib/x86_64-linux-gnu/libXi.so.6.1.0
7f36f37d7000-7f36f37d9000 r-xp 00000000 08:01 2237892                    /usr/lib/x86_64-linux-gnu/libXinerama.so.1.0.0
7f36f37d9000-7f36f39d8000 ---p 00002000 08:01 2237892                    /usr/lib/x86_64-linux-gnu/libXinerama.so.1.0.0
7f36f39d8000-7f36f39d9000 r--p 00001000 08:01 2237892                    /usr/lib/x86_64-linux-gnu/libXinerama.so.1.0.0
7f36f39d9000-7f36f39da000 rw-p 00002000 08:01 2237892                    /usr/lib/x86_64-linux-gnu/libXinerama.so.1.0.0
7f36f39da000-7f36f39e3000 r-xp 00000000 08:01 2237902                    /usr/lib/x86_64-linux-gnu/libXrender.so.1.3.0
7f36f39e3000-7f36f3be2000 ---p 00009000 08:01 2237902                    /usr/lib/x86_64-linux-gnu/libXrender.so.1.3.0
7f36f3be2000-7f36f3be3000 r--p 00008000 08:01 2237902                    /usr/lib/x86_64-linux-gnu/libXrender.so.1.3.0
7f36f3be3000-7f36f3be4000 rw-p 00009000 08:01 2237902                    /usr/lib/x86_64-linux-gnu/libXrender.so.1.3.0
7f36f3be4000-7f36f3be9000 r-xp 00000000 08:01 2237884                    /usr/lib/x86_64-linux-gnu/libXfixes.so.3.1.0
7f36f3be9000-7f36f3de8000 ---p 00005000 08:01 2237884                    /usr/lib/x86_64-linux-gnu/libXfixes.so.3.1.0
7f36f3de8000-7f36f3de9000 r--p 00004000 08:01 2237884                    /usr/lib/x86_64-linux-gnu/libXfixes.so.3.1.0
7f36f3de9000-7f36f3dea000 rw-p 00005000 08:01 2237884                    /usr/lib/x86_64-linux-gnu/libXfixes.so.3.1.0
7f36f3dea000-7f36f3e00000 r-xp 00000000 08:01 2495058                    /lib/x86_64-linux-gnu/libgcc_s.so.1
7f36f3e00000-7f36f3fff000 ---p 00016000 08:01 2495058                    /lib/x86_64-linux-gnu/libgcc_s.so.1
7f36f3fff000-7f36f4000000 rw-p 00015000 08:01 2495058                    /lib/x86_64-linux-gnu/libgcc_s.so.1
7f36f4000000-7f36f4116000 rw-p 00000000 00:00 0 
7f36f4116000-7f36f8000000 ---p 00000000 00:00 0 
7f36f8000000-7f36f9676000 rw-p 00000000 00:00 0 
7f36f9676000-7f36fc000000 ---p 00000000 00:00 0 
7f36fc000000-7f36fc021000 rw-p 00000000 00:00 0 
7f36fc021000-7f3700000000 ---p 00000000 00:00 0 
7f3700000000-7f3700021000 rw-p 00000000 00:00 0 
7f3700021000-7f3704000000 ---p 00000000 00:00 0 
7f3704003000-7f370400b000 rw-s 00000000 00:05 804853                     /drm mm object (deleted)
7f370400b000-7f3704013000 rw-s 00000000 00:05 804830                     /drm mm object (deleted)
7f3704013000-7f370401a000 r--s 00000000 08:01 2887731                    /usr/lib/x86_64-linux-gnu/gconv/gconv-modules.cache
7f370401a000-7f3704038000 r-xp 00000000 08:01 2491946                    /lib/x86_64-linux-gnu/libudev.so.1.6.4
7f3704038000-7f3704039000 r--p 0001d000 08:01 2491946                    /lib/x86_64-linux-gnu/libudev.so.1.6.4
7f3704039000-7f370403a000 rw-p 0001e000 08:01 2491946                    /lib/x86_64-linux-gnu/libudev.so.1.6.4
7f370403a000-7f37041ac000 r-xp 00000000 08:01 2239096                    /usr/lib/x86_64-linux-gnu/libstdc++.so.6.0.21
7f37041ac000-7f37043ac000 ---p 00172000 08:01 2239096                    /usr/lib/x86_64-linux-gnu/libstdc++.so.6.0.21
7f37043ac000-7f37043b6000 r--p 00172000 08:01 2239096                    /usr/lib/x86_64-linux-gnu/libstdc++.so.6.0.21
7f37043b6000-7f37043b8000 rw-p 0017c000 08:01 2239096                    /usr/lib/x86_64-linux-gnu/libstdc++.so.6.0.21
7f37043b8000-7f37043bc000 rw-p 00000000 00:00 0 
7f37043bc000-7f3704429000 r-xp 00000000 08:01 2888802                    /usr/lib/x86_64-linux-gnu/mesa/libGL.so.1.2.0
7f3704429000-7f3704628000 ---p 0006d000 08:01 2888802                    /usr/lib/x86_64-linux-gnu/mesa/libGL.so.1.2.0
7f3704628000-7f370462b000 r--p 0006c000 08:01 2888802                    /usr/lib/x86_64-linux-gnu/mesa/libGL.so.1.2.0
7f370462b000-7f370462c000 rw-p 0006f000 08:01 2888802                    /usr/lib/x86_64-linux-gnu/mesa/libGL.so.1.2.0
7f370462c000-7f370462d000 rw-p 00000000 00:00 0 
7f370462d000-7f3704632000 r-xp 00000000 08:01 2237918                    /usr/lib/x86_64-linux-gnu/libXxf86vm.so.1.0.0
7f3704632000-7f3704831000 ---p 00005000 08:01 2237918                    /usr/lib/x86_64-linux-gnu/libXxf86vm.so.1.0.0
7f3704831000-7f3704832000 r--p 00004000 08:01 2237918                    /usr/lib/x86_64-linux-gnu/libXxf86vm.so.1.0.0
7f3704832000-7f3704833000 rw-p 00005000 08:01 2237918                    /usr/lib/x86_64-linux-gnu/libXxf86vm.so.1.0.0
7f3704833000-7f3704968000 r-xp 00000000 08:01 2237865                    /usr/lib/x86_64-linux-gnu/libX11.so.6.3.0
7f3704968000-7f3704b68000 ---p 00135000 08:01 2237865                    /usr/lib/x86_64-linux-gnu/libX11.so.6.3.0
7f3704b68000-7f3704b69000 r--p 00135000 08:01 2237865                    /usr/lib/x86_64-linux-gnu/libX11.so.6.3.0
7f3704b69000-7f3704b6d000 rw-p 00136000 08:01 2237865                    /usr/lib/x86_64-linux-gnu/libX11.so.6.3.0
7f3704b6d000-7f3704b72000 r-xp 00000000 08:01 2237908                    /usr/lib/x86_64-linux-gnu/libXtst.so.6.1.0
7f3704b72000-7f3704d71000 ---p 00005000 08:01 2237908                    /usr/lib/x86_64-linux-gnu/libXtst.so.6.1.0
7f3704d71000-7f3704d72000 r--p 00004000 08:01 2237908                    /usr/lib/x86_64-linux-gnu/libXtst.so.6.1.0
7f3704d72000-7f3704d73000 rw-p 00005000 08:01 2237908                    /usr/lib/x86_64-linux-gnu/libXtst.so.6.1.0
7f3704d73000-7f3704e82000 r-xp 00000000 08:01 2495062                    /lib/x86_64-linux-gnu/libglib-2.0.so.0.4800.1
7f3704e82000-7f3705081000 ---p 0010f000 08:01 2495062                    /lib/x86_64-linux-gnu/libglib-2.0.so.0.4800.1
7f3705081000-7f3705082000 r--p 0010e000 08:01 2495062                    /lib/x86_64-linux-gnu/libglib-2.0.so.0.4800.1
7f3705082000-7f3705083000 rw-p 0010f000 08:01 2495062                    /lib/x86_64-linux-gnu/libglib-2.0.so.0.4800.1
7f3705083000-7f3705084000 rw-p 00000000 00:00 0 
7f3705084000-7f3705085000 r-xp 00000000 08:01 2238540                    /usr/lib/x86_64-linux-gnu/libgthread-2.0.so.0.4800.1
7f3705085000-7f3705284000 ---p 00001000 08:01 2238540                    /usr/lib/x86_64-linux-gnu/libgthread-2.0.so.0.4800.1
7f3705284000-7f3705285000 r--p 00000000 08:01 2238540                    /usr/lib/x86_64-linux-gnu/libgthread-2.0.so.0.4800.1
7f3705285000-7f3705286000 rw-p 00001000 08:01 2238540                    /usr/lib/x86_64-linux-gnu/libgthread-2.0.so.0.4800.1
7f3705286000-7f3705289000 r-xp 00000000 08:01 2238402                    /usr/lib/x86_64-linux-gnu/libgmodule-2.0.so.0.4800.1
7f3705289000-7f3705488000 ---p 00003000 08:01 2238402                    /usr/lib/x86_64-linux-gnu/libgmodule-2.0.so.0.4800.1
7f3705488000-7f3705489000 r--p 00002000 08:01 2238402                    /usr/lib/x86_64-linux-gnu/libgmodule-2.0.so.0.4800.1
7f3705489000-7f370548a000 rw-p 00003000 08:01 2238402                    /usr/lib/x86_64-linux-gnu/libgmodule-2.0.so.0.4800.1
7f370548a000-7f37054dc000 r-xp 00000000 08:01 2238428                    /usr/lib/x86_64-linux-gnu/libgobject-2.0.so.0.4800.1
7f37054dc000-7f37056db000 ---p 00052000 08:01 2238428                    /usr/lib/x86_64-linux-gnu/libgobject-2.0.so.0.4800.1
7f37056db000-7f37056dc000 r--p 00051000 08:01 2238428                    /usr/lib/x86_64-linux-gnu/libgobject-2.0.so.0.4800.1
7f37056dc000-7f37056dd000 rw-p 00052000 08:01 2238428                    /usr/lib/x86_64-linux-gnu/libgobject-2.0.so.0.4800.1
7f37056dd000-7f370571a000 r-xp 00000000 08:01 2238280                    /usr/lib/x86_64-linux-gnu/libfontconfig.so.1.9.0
7f370571a000-7f3705919000 ---p 0003d000 08:01 2238280                    /usr/lib/x86_64-linux-gnu/libfontconfig.so.1.9.0
7f3705919000-7f370591b000 r--p 0003c000 08:01 2238280                    /usr/lib/x86_64-linux-gnu/libfontconfig.so.1.9.0
7f370591b000-7f3705920000 rw-p 0003e000 08:01 2238280                    /usr/lib/x86_64-linux-gnu/libfontconfig.so.1.9.0
7f3705920000-7f37059c4000 r-xp 00000000 08:01 2238314                    /usr/lib/x86_64-linux-gnu/libfreetype.so.6.12.1
7f37059c4000-7f3705bc3000 ---p 000a4000 08:01 2238314                    /usr/lib/x86_64-linux-gnu/libfreetype.so.6.12.1
7f3705bc3000-7f3705bc9000 r--p 000a3000 08:01 2238314                    /usr/lib/x86_64-linux-gnu/libfreetype.so.6.12.1
7f3705bc9000-7f3705bca000 rw-p 000a9000 08:01 2238314                    /usr/lib/x86_64-linux-gnu/libfreetype.so.6.12.1
7f3705bca000-7f3705c13000 r-xp 00000000 08:01 2238884                    /usr/lib/x86_64-linux-gnu/libpango-1.0.so.0.3800.1
7f3705c13000-7f3705e13000 ---p 00049000 08:01 2238884                    /usr/lib/x86_64-linux-gnu/libpango-1.0.so.0.3800.1
7f3705e13000-7f3705e15000 r--p 00049000 08:01 2238884                    /usr/lib/x86_64-linux-gnu/libpango-1.0.so.0.3800.1
7f3705e15000-7f3705e16000 rw-p 0004b000 08:01 2238884                    /usr/lib/x86_64-linux-gnu/libpango-1.0.so.0.3800.1
7f3705e16000-7f3705f24000 r-xp 00000000 08:01 2238032                    /usr/lib/x86_64-linux-gnu/libcairo.so.2.11400.6
7f3705f24000-7f3706124000 ---p 0010e000 08:01 2238032                    /usr/lib/x86_64-linux-gnu/libcairo.so.2.11400.6
7f3706124000-7f3706127000 r--p 0010e000 08:01 2238032                    /usr/lib/x86_64-linux-gnu/libcairo.so.2.11400.6
7f3706127000-7f3706128000 rw-p 00111000 08:01 2238032                    /usr/lib/x86_64-linux-gnu/libcairo.so.2.11400.6
7f3706128000-7f370612a000 rw-p 00000000 00:00 0 
7f370612a000-7f3706136000 r-xp 00000000 08:01 2238886                    /usr/lib/x86_64-linux-gnu/libpangocairo-1.0.so.0.3800.1
7f3706136000-7f3706335000 ---p 0000c000 08:01 2238886                    /usr/lib/x86_64-linux-gnu/libpangocairo-1.0.so.0.3800.1
7f3706335000-7f3706336000 r--p 0000b000 08:01 2238886                    /usr/lib/x86_64-linux-gnu/libpangocairo-1.0.so.0.3800.1
7f3706336000-7f3706337000 rw-p 0000c000 08:01 2238886                    /usr/lib/x86_64-linux-gnu/libpangocairo-1.0.so.0.3800.1
7f3706337000-7f3706358000 r-xp 00000000 08:01 2238354                    /usr/lib/x86_64-linux-gnu/libgdk_pixbuf-2.0.so.0.3200.2
7f3706358000-7f3706557000 ---p 00021000 08:01 2238354                    /usr/lib/x86_64-linux-gnu/libgdk_pixbuf-2.0.so.0.3200.2
7f3706557000-7f3706558000 r--p 00020000 08:01 2238354                    /usr/lib/x86_64-linux-gnu/libgdk_pixbuf-2.0.so.0.3200.2
7f3706558000-7f3706559000 rw-p 00021000 08:01 2238354                    /usr/lib/x86_64-linux-gnu/libgdk_pixbuf-2.0.so.0.3200.2
7f3706559000-7f370656d000 r-xp 00000000 08:01 2238888                    /usr/lib/x86_64-linux-gnu/libpangoft2-1.0.so.0.3800.1
7f370656d000-7f370676d000 ---p 00014000 08:01 2238888                    /usr/lib/x86_64-linux-gnu/libpangoft2-1.0.so.0.3800.1
7f370676d000-7f370676e000 r--p 00014000 08:01 2238888                    /usr/lib/x86_64-linux-gnu/libpangoft2-1.0.so.0.3800.1
7f370676e000-7f370676f000 rw-p 00015000 08:01 2238888                    /usr/lib/x86_64-linux-gnu/libpangoft2-1.0.so.0.3800.1
7f370676f000-7f37068ef000 r-xp 00000000 08:01 2238386                    /usr/lib/x86_64-linux-gnu/libgio-2.0.so.0.4800.1
7f37068ef000-7f3706aef000 ---p 00180000 08:01 2238386                    /usr/lib/x86_64-linux-gnu/libgio-2.0.so.0.4800.1
7f3706aef000-7f3706af3000 r--p 00180000 08:01 2238386                    /usr/lib/x86_64-linux-gnu/libgio-2.0.so.0.4800.1
7f3706af3000-7f3706af5000 rw-p 00184000 08:01 2238386                    /usr/lib/x86_64-linux-gnu/libgio-2.0.so.0.4800.1
7f3706af5000-7f3706af7000 rw-p 00000000 00:00 0 
7f3706af7000-7f3706b19000 r-xp 00000000 08:01 2237968                    /usr/lib/x86_64-linux-gnu/libatk-1.0.so.0.21809.1
7f3706b19000-7f3706d18000 ---p 00022000 08:01 2237968                    /usr/lib/x86_64-linux-gnu/libatk-1.0.so.0.21809.1
7f3706d18000-7f3706d1b000 r--p 00021000 08:01 2237968                    /usr/lib/x86_64-linux-gnu/libatk-1.0.so.0.21809.1
7f3706d1b000-7f3706d1c000 rw-p 00024000 08:01 2237968                    /usr/lib/x86_64-linux-gnu/libatk-1.0.so.0.21809.1
7f3706d1c000-7f3706dcc000 r-xp 00000000 08:01 2238352                    /usr/lib/x86_64-linux-gnu/libgdk-x11-2.0.so.0.2400.30
7f3706dcc000-7f3706fcb000 ---p 000b0000 08:01 2238352                    /usr/lib/x86_64-linux-gnu/libgdk-x11-2.0.so.0.2400.30
7f3706fcb000-7f3706fcf000 r--p 000af000 08:01 2238352                    /usr/lib/x86_64-linux-gnu/libgdk-x11-2.0.so.0.2400.30
7f3706fcf000-7f3706fd1000 rw-p 000b3000 08:01 2238352                    /usr/lib/x86_64-linux-gnu/libgdk-x11-2.0.so.0.2400.30
7f3706fd1000-7f370740f000 r-xp 00000000 08:01 2238544                    /usr/lib/x86_64-linux-gnu/libgtk-x11-2.0.so.0.2400.30
7f370740f000-7f370760e000 ---p 0043e000 08:01 2238544                    /usr/lib/x86_64-linux-gnu/libgtk-x11-2.0.so.0.2400.30
7f370760e000-7f3707615000 r--p 0043d000 08:01 2238544                    /usr/lib/x86_64-linux-gnu/libgtk-x11-2.0.so.0.2400.30
7f3707615000-7f3707619000 rw-p 00444000 08:01 2238544                    /usr/lib/x86_64-linux-gnu/libgtk-x11-2.0.so.0.2400.30
7f3707619000-7f370761c000 rw-p 00000000 00:00 0 
7f370761f000-7f3707644000 r--p 00000000 08:01 3281343                    /usr/share/locale-langpack/es/LC_MESSAGES/libc.mo
7f3707644000-7f3707650000 r-xp 00000000 08:01 4197224                    /usr/lib/jvm/java-8-oracle/jre/lib/amd64/libprism_es2.so
7f3707650000-7f370784f000 ---p 0000c000 08:01 4197224                    /usr/lib/jvm/java-8-oracle/jre/lib/amd64/libprism_es2.so
7f370784f000-7f3707850000 rw-p 0000b000 08:01 4197224                    /usr/lib/jvm/java-8-oracle/jre/lib/amd64/libprism_es2.so
7f3707850000-7f3707853000 ---p 00000000 00:00 0 
7f3707853000-7f3707951000 rw-p 00000000 00:00 0 
7f3707951000-7f3707954000 ---p 00000000 00:00 0 
7f3707954000-7f3707d53000 rw-p 00000000 00:00 0 
7f3707d53000-7f3707d69000 r-xp 00000000 08:01 4197212                    /usr/lib/jvm/java-8-oracle/jre/lib/amd64/libnet.so
7f3707d69000-7f3707f69000 ---p 00016000 08:01 4197212                    /usr/lib/jvm/java-8-oracle/jre/lib/amd64/libnet.so
7f3707f69000-7f3707f6a000 rw-p 00016000 08:01 4197212                    /usr/lib/jvm/java-8-oracle/jre/lib/amd64/libnet.so
7f3707f6a000-7f3708000000 r--s 01103000 08:01 4725730                    /usr/lib/jvm/java-8-oracle/jre/lib/ext/jfxrt.jar
7f3708000000-7f3708250000 rw-p 00000000 00:00 0 
7f3708250000-7f370c000000 ---p 00000000 00:00 0 
7f370c000000-7f370c021000 rw-p 00000000 00:00 0 
7f370c021000-7f3710000000 ---p 00000000 00:00 0 
7f3710000000-7f3710021000 rw-p 00000000 00:00 0 
7f3710021000-7f3714000000 ---p 00000000 00:00 0 
7f3714000000-7f3714184000 rw-p 00000000 00:00 0 
7f3714184000-7f3718000000 ---p 00000000 00:00 0 
7f3718000000-7f3718021000 rw-p 00000000 00:00 0 
7f3718021000-7f371c000000 ---p 00000000 00:00 0 
7f371c000000-7f371c021000 rw-p 00000000 00:00 0 
7f371c021000-7f3720000000 ---p 00000000 00:00 0 
7f3720000000-7f3720021000 rw-p 00000000 00:00 0 
7f3720021000-7f3724000000 ---p 00000000 00:00 0 
7f3724000000-7f372428e000 rw-p 00000000 00:00 0 
7f372428e000-7f3728000000 ---p 00000000 00:00 0 
7f3728000000-7f3728021000 rw-p 00000000 00:00 0 
7f3728021000-7f372c000000 ---p 00000000 00:00 0 
7f372c005000-7f372c008000 ---p 00000000 00:00 0 
7f372c008000-7f372c106000 rw-p 00000000 00:00 0 
7f372c106000-7f372c107000 r-xp 00000000 08:01 3410844                    /opt/idea-IC-163.9166.29/bin/libbreakgen64.so
7f372c107000-7f372c306000 ---p 00001000 08:01 3410844                    /opt/idea-IC-163.9166.29/bin/libbreakgen64.so
7f372c306000-7f372c307000 r--p 00000000 08:01 3410844                    /opt/idea-IC-163.9166.29/bin/libbreakgen64.so
7f372c307000-7f372c308000 rw-p 00001000 08:01 3410844                    /opt/idea-IC-163.9166.29/bin/libbreakgen64.so
7f372c308000-7f372c31b000 r--s 00345000 08:01 4197286                    /usr/lib/jvm/java-8-oracle/jre/lib/resources.jar
7f372c31b000-7f372c31c000 ---p 00000000 00:00 0 
7f372c31c000-7f372c41c000 rw-p 00000000 00:00 0 
7f372c41c000-7f372c41f000 ---p 00000000 00:00 0 
7f372c41f000-7f372c51d000 rw-p 00000000 00:00 0 
7f372c51d000-7f372c520000 ---p 00000000 00:00 0 
7f372c520000-7f372c61e000 rw-p 00000000 00:00 0 
7f372c61e000-7f372c621000 ---p 00000000 00:00 0 
7f372c621000-7f372c71f000 rw-p 00000000 00:00 0 
7f372c71f000-7f372c722000 ---p 00000000 00:00 0 
7f372c722000-7f372c820000 rw-p 00000000 00:00 0 
7f372c820000-7f372cd6d000 r--p 00000000 08:01 2236439                    /usr/lib/locale/locale-archive
7f372cd6d000-7f372cd70000 ---p 00000000 00:00 0 
7f372cd70000-7f372ce6e000 rw-p 00000000 00:00 0 
7f372ce6e000-7f372ce71000 ---p 00000000 00:00 0 
7f372ce71000-7f372cf6f000 rw-p 00000000 00:00 0 
7f372cf6f000-7f372cf70000 ---p 00000000 00:00 0 
7f372cf70000-7f372d878000 rw-p 00000000 00:00 0 
7f372d878000-7f372da50000 r--s 03d2a000 08:01 4197204                    /usr/lib/jvm/java-8-oracle/jre/lib/rt.jar
7f372da50000-7f372e050000 rw-p 00000000 00:00 0 
7f372e050000-7f372e250000 ---p 00000000 00:00 0 
7f372e250000-7f3731000000 rw-p 00000000 00:00 0 
7f3731000000-7f3731270000 rwxp 00000000 00:00 0 
7f3731270000-7f3740000000 ---p 00000000 00:00 0 
7f3740000000-7f3740415000 rw-p 00000000 00:00 0 
7f3740415000-7f3744000000 ---p 00000000 00:00 0 
7f3744000000-7f3744003000 r--p 00000000 08:01 3281647                    /usr/share/locale-langpack/es/LC_MESSAGES/atk10.mo
7f3744003000-7f3744004000 rw-s 00000000 00:05 804832                     /drm mm object (deleted)
7f3744004000-7f3744006000 r--s 00019000 08:01 3410889                    /opt/idea-IC-163.9166.29/lib/idea_rt.jar
7f3744006000-7f3744018000 r--s 000d6000 08:01 4197285                    /usr/lib/jvm/java-8-oracle/jre/lib/plugin.jar
7f3744018000-7f374401c000 r--s 00097000 08:01 4197199                    /usr/lib/jvm/java-8-oracle/jre/lib/jsse.jar
7f374401c000-7f3744021000 r--s 00084000 08:01 4197278                    /usr/lib/jvm/java-8-oracle/jre/lib/jfr.jar
7f3744021000-7f374402b000 r--s 0006c000 08:01 4197280                    /usr/lib/jvm/java-8-oracle/jre/lib/javaws.jar
7f374402b000-7f3744046000 r--s 00208000 08:01 4197281                    /usr/lib/jvm/java-8-oracle/jre/lib/deploy.jar
7f3744046000-7f3744508000 rw-p 00000000 00:00 0 
7f3744508000-7f3744509000 ---p 00000000 00:00 0 
7f3744509000-7f3744609000 rw-p 00000000 00:00 0 
7f3744609000-7f374460a000 ---p 00000000 00:00 0 
7f374460a000-7f374488d000 rw-p 00000000 00:00 0 
7f374488d000-7f37448f2000 ---p 00000000 00:00 0 
7f37448f2000-7f3744a75000 rw-p 00000000 00:00 0 
7f3744a75000-7f3744ad9000 ---p 00000000 00:00 0 
7f3744ad9000-7f3744bcd000 rw-p 00000000 00:00 0 
7f3744bcd000-7f3744bd8000 rw-p 00000000 00:00 0 
7f3744bd8000-7f3744f8e000 ---p 00000000 00:00 0 
7f3744f8e000-7f3744fa8000 r-xp 00000000 08:01 4197235                    /usr/lib/jvm/java-8-oracle/jre/lib/amd64/libzip.so
7f3744fa8000-7f37451a8000 ---p 0001a000 08:01 4197235                    /usr/lib/jvm/java-8-oracle/jre/lib/amd64/libzip.so
7f37451a8000-7f37451a9000 rw-p 0001a000 08:01 4197235                    /usr/lib/jvm/java-8-oracle/jre/lib/amd64/libzip.so
7f37451a9000-7f37451b4000 r-xp 00000000 08:01 2495119                    /lib/x86_64-linux-gnu/libnss_files-2.23.so
7f37451b4000-7f37453b3000 ---p 0000b000 08:01 2495119                    /lib/x86_64-linux-gnu/libnss_files-2.23.so
7f37453b3000-7f37453b4000 r--p 0000a000 08:01 2495119                    /lib/x86_64-linux-gnu/libnss_files-2.23.so
7f37453b4000-7f37453b5000 rw-p 0000b000 08:01 2495119                    /lib/x86_64-linux-gnu/libnss_files-2.23.so
7f37453b5000-7f37453bb000 rw-p 00000000 00:00 0 
7f37453bb000-7f37453c6000 r-xp 00000000 08:01 2495129                    /lib/x86_64-linux-gnu/libnss_nis-2.23.so
7f37453c6000-7f37455c5000 ---p 0000b000 08:01 2495129                    /lib/x86_64-linux-gnu/libnss_nis-2.23.so
7f37455c5000-7f37455c6000 r--p 0000a000 08:01 2495129                    /lib/x86_64-linux-gnu/libnss_nis-2.23.so
7f37455c6000-7f37455c7000 rw-p 0000b000 08:01 2495129                    /lib/x86_64-linux-gnu/libnss_nis-2.23.so
7f37455c7000-7f37455dd000 r-xp 00000000 08:01 2495113                    /lib/x86_64-linux-gnu/libnsl-2.23.so
7f37455dd000-7f37457dc000 ---p 00016000 08:01 2495113                    /lib/x86_64-linux-gnu/libnsl-2.23.so
7f37457dc000-7f37457dd000 r--p 00015000 08:01 2495113                    /lib/x86_64-linux-gnu/libnsl-2.23.so
7f37457dd000-7f37457de000 rw-p 00016000 08:01 2495113                    /lib/x86_64-linux-gnu/libnsl-2.23.so
7f37457de000-7f37457e0000 rw-p 00000000 00:00 0 
7f37457e0000-7f37457e8000 r-xp 00000000 08:01 2495115                    /lib/x86_64-linux-gnu/libnss_compat-2.23.so
7f37457e8000-7f37459e7000 ---p 00008000 08:01 2495115                    /lib/x86_64-linux-gnu/libnss_compat-2.23.so
7f37459e7000-7f37459e8000 r--p 00007000 08:01 2495115                    /lib/x86_64-linux-gnu/libnss_compat-2.23.so
7f37459e8000-7f37459e9000 rw-p 00008000 08:01 2495115                    /lib/x86_64-linux-gnu/libnss_compat-2.23.so
7f37459e9000-7f3745a14000 r-xp 00000000 08:01 4197260                    /usr/lib/jvm/java-8-oracle/jre/lib/amd64/libjava.so
7f3745a14000-7f3745c13000 ---p 0002b000 08:01 4197260                    /usr/lib/jvm/java-8-oracle/jre/lib/amd64/libjava.so
7f3745c13000-7f3745c15000 rw-p 0002a000 08:01 4197260                    /usr/lib/jvm/java-8-oracle/jre/lib/amd64/libjava.so
7f3745c15000-7f3745c22000 r-xp 00000000 08:01 4197213                    /usr/lib/jvm/java-8-oracle/jre/lib/amd64/libverify.so
7f3745c22000-7f3745e21000 ---p 0000d000 08:01 4197213                    /usr/lib/jvm/java-8-oracle/jre/lib/amd64/libverify.so
7f3745e21000-7f3745e23000 rw-p 0000c000 08:01 4197213                    /usr/lib/jvm/java-8-oracle/jre/lib/amd64/libverify.so
7f3745e23000-7f3745e2a000 r-xp 00000000 08:01 2495174                    /lib/x86_64-linux-gnu/librt-2.23.so
7f3745e2a000-7f3746029000 ---p 00007000 08:01 2495174                    /lib/x86_64-linux-gnu/librt-2.23.so
7f3746029000-7f374602a000 r--p 00006000 08:01 2495174                    /lib/x86_64-linux-gnu/librt-2.23.so
7f374602a000-7f374602b000 rw-p 00007000 08:01 2495174                    /lib/x86_64-linux-gnu/librt-2.23.so
7f374602b000-7f3746133000 r-xp 00000000 08:01 2495090                    /lib/x86_64-linux-gnu/libm-2.23.so
7f3746133000-7f3746332000 ---p 00108000 08:01 2495090                    /lib/x86_64-linux-gnu/libm-2.23.so
7f3746332000-7f3746333000 r--p 00107000 08:01 2495090                    /lib/x86_64-linux-gnu/libm-2.23.so
7f3746333000-7f3746334000 rw-p 00108000 08:01 2495090                    /lib/x86_64-linux-gnu/libm-2.23.so
7f3746334000-7f3747001000 r-xp 00000000 08:01 4725720                    /usr/lib/jvm/java-8-oracle/jre/lib/amd64/server/libjvm.so
7f3747001000-7f3747200000 ---p 00ccd000 08:01 4725720                    /usr/lib/jvm/java-8-oracle/jre/lib/amd64/server/libjvm.so
7f3747200000-7f37472d9000 rw-p 00ccc000 08:01 4725720                    /usr/lib/jvm/java-8-oracle/jre/lib/amd64/server/libjvm.so
7f37472d9000-7f3747324000 rw-p 00000000 00:00 0 
7f3747324000-7f37474e3000 r-xp 00000000 08:01 2495020                    /lib/x86_64-linux-gnu/libc-2.23.so
7f37474e3000-7f37476e3000 ---p 001bf000 08:01 2495020                    /lib/x86_64-linux-gnu/libc-2.23.so
7f37476e3000-7f37476e7000 r--p 001bf000 08:01 2495020                    /lib/x86_64-linux-gnu/libc-2.23.so
7f37476e7000-7f37476e9000 rw-p 001c3000 08:01 2495020                    /lib/x86_64-linux-gnu/libc-2.23.so
7f37476e9000-7f37476ed000 rw-p 00000000 00:00 0 
7f37476ed000-7f37476f0000 r-xp 00000000 08:01 2495044                    /lib/x86_64-linux-gnu/libdl-2.23.so
7f37476f0000-7f37478ef000 ---p 00003000 08:01 2495044                    /lib/x86_64-linux-gnu/libdl-2.23.so
7f37478ef000-7f37478f0000 r--p 00002000 08:01 2495044                    /lib/x86_64-linux-gnu/libdl-2.23.so
7f37478f0000-7f37478f1000 rw-p 00003000 08:01 2495044                    /lib/x86_64-linux-gnu/libdl-2.23.so
7f37478f1000-7f3747906000 r-xp 00000000 08:01 3159141                    /usr/lib/jvm/java-8-oracle/lib/amd64/jli/libjli.so
7f3747906000-7f3747b06000 ---p 00015000 08:01 3159141                    /usr/lib/jvm/java-8-oracle/lib/amd64/jli/libjli.so
7f3747b06000-7f3747b07000 rw-p 00015000 08:01 3159141                    /usr/lib/jvm/java-8-oracle/lib/amd64/jli/libjli.so
7f3747b07000-7f3747b1f000 r-xp 00000000 08:01 2495166                    /lib/x86_64-linux-gnu/libpthread-2.23.so
7f3747b1f000-7f3747d1e000 ---p 00018000 08:01 2495166                    /lib/x86_64-linux-gnu/libpthread-2.23.so
7f3747d1e000-7f3747d1f000 r--p 00017000 08:01 2495166                    /lib/x86_64-linux-gnu/libpthread-2.23.so
7f3747d1f000-7f3747d20000 rw-p 00018000 08:01 2495166                    /lib/x86_64-linux-gnu/libpthread-2.23.so
7f3747d20000-7f3747d24000 rw-p 00000000 00:00 0 
7f3747d24000-7f3747d4a000 r-xp 00000000 08:01 2494992                    /lib/x86_64-linux-gnu/ld-2.23.so
7f3747d4a000-7f3747d4b000 rw-s 107357000 00:06 238                       /dev/dri/card0
7f3747d4b000-7f3747d4d000 r--s 00007000 08:01 4197271                    /usr/lib/jvm/java-8-oracle/jre/lib/jfxswt.jar
7f3747d4d000-7f3747d50000 r--s 0001a000 08:01 4197290                    /usr/lib/jvm/java-8-oracle/jre/lib/jce.jar
7f3747d50000-7f3747d55000 r--s 002f9000 08:01 4197200                    /usr/lib/jvm/java-8-oracle/jre/lib/charsets.jar
7f3747d55000-7f3747e1a000 rw-p 00000000 00:00 0 
7f3747e1a000-7f3747e1d000 ---p 00000000 00:00 0 
7f3747e1d000-7f3747f1f000 rw-p 00000000 00:00 0 
7f3747f1f000-7f3747f20000 r--s 00000000 08:01 4197272                    /usr/lib/jvm/java-8-oracle/jre/lib/management-agent.jar
7f3747f20000-7f3747f3d000 rw-p 00000000 00:00 0 
7f3747f3d000-7f3747f45000 rw-s 00000000 08:01 7607826                    /tmp/hsperfdata_jose/5974
7f3747f45000-7f3747f46000 rw-p 00000000 00:00 0 
7f3747f46000-7f3747f47000 ---p 00000000 00:00 0 
7f3747f47000-7f3747f49000 rw-p 00000000 00:00 0 
7f3747f49000-7f3747f4a000 r--p 00025000 08:01 2494992                    /lib/x86_64-linux-gnu/ld-2.23.so
7f3747f4a000-7f3747f4b000 rw-p 00026000 08:01 2494992                    /lib/x86_64-linux-gnu/ld-2.23.so
7f3747f4b000-7f3747f4c000 rw-p 00000000 00:00 0 
7ffc0af86000-7ffc0afa7000 rw-p 00000000 00:00 0                          [stack]
7ffc0afbe000-7ffc0afc0000 r--p 00000000 00:00 0                          [vvar]
7ffc0afc0000-7ffc0afc2000 r-xp 00000000 00:00 0                          [vdso]
ffffffffff600000-ffffffffff601000 r-xp 00000000 00:00 0                  [vsyscall]

VM Arguments:
jvm_args: -Didea.launcher.port=7539 -Didea.launcher.bin.path=/opt/idea-IC-163.9166.29/bin -Dfile.encoding=UTF-8 
java_command: com.intellij.rt.execution.application.AppMain pp.Main
java_class_path (initial): /usr/lib/jvm/java-8-oracle/jre/lib/charsets.jar:/usr/lib/jvm/java-8-oracle/jre/lib/deploy.jar:/usr/lib/jvm/java-8-oracle/jre/lib/ext/cldrdata.jar:/usr/lib/jvm/java-8-oracle/jre/lib/ext/dnsns.jar:/usr/lib/jvm/java-8-oracle/jre/lib/ext/jaccess.jar:/usr/lib/jvm/java-8-oracle/jre/lib/ext/jfxrt.jar:/usr/lib/jvm/java-8-oracle/jre/lib/ext/localedata.jar:/usr/lib/jvm/java-8-oracle/jre/lib/ext/nashorn.jar:/usr/lib/jvm/java-8-oracle/jre/lib/ext/sunec.jar:/usr/lib/jvm/java-8-oracle/jre/lib/ext/sunjce_provider.jar:/usr/lib/jvm/java-8-oracle/jre/lib/ext/sunpkcs11.jar:/usr/lib/jvm/java-8-oracle/jre/lib/ext/zipfs.jar:/usr/lib/jvm/java-8-oracle/jre/lib/javaws.jar:/usr/lib/jvm/java-8-oracle/jre/lib/jce.jar:/usr/lib/jvm/java-8-oracle/jre/lib/jfr.jar:/usr/lib/jvm/java-8-oracle/jre/lib/jfxswt.jar:/usr/lib/jvm/java-8-oracle/jre/lib/jsse.jar:/usr/lib/jvm/java-8-oracle/jre/lib/management-agent.jar:/usr/lib/jvm/java-8-oracle/jre/lib/plugin.jar:/usr/lib/jvm/java-8-oracle/jre/lib/resources.jar:/usr/lib/jvm/java-8-oracle/jre/lib/rt.jar:/home/jose/IdeaProjects/MochilaMH/out/production/MochilaMH:/opt/idea-IC-163.9166.29/lib/idea_rt.jar
Launcher Type: SUN_STANDARD

Environment Variables:
JAVA_HOME=/usr/lib/jvm/java-8-oracle
PATH=/home/jose/bin:/home/jose/.local/bin:/usr/local/sbin:/usr/local/bin:/usr/sbin:/usr/bin:/sbin:/bin:/usr/games:/usr/local/games:/snap/bin:/usr/lib/jvm/java-8-oracle/bin:/usr/lib/jvm/java-8-oracle/db/bin:/usr/lib/jvm/java-8-oracle/jre/bin
USERNAME=jose
LD_LIBRARY_PATH=/opt/idea-IC-163.9166.29/bin:
SHELL=/bin/bash
DISPLAY=:0

Signal Handlers:
SIGSEGV: [libjvm.so+0xac64b0], sa_mask[0]=11111111011111111101111111111110, sa_flags=SA_RESTART|SA_SIGINFO
SIGBUS: [libjvm.so+0xac64b0], sa_mask[0]=11111111011111111101111111111110, sa_flags=SA_RESTART|SA_SIGINFO
SIGFPE: [libjvm.so+0x91f950], sa_mask[0]=11111111011111111101111111111110, sa_flags=SA_RESTART|SA_SIGINFO
SIGPIPE: SIG_IGN, sa_mask[0]=00000000000010000000000000000000, sa_flags=SA_RESTART
SIGXFSZ: [libjvm.so+0x91f950], sa_mask[0]=11111111011111111101111111111110, sa_flags=SA_RESTART|SA_SIGINFO
SIGILL: [libjvm.so+0x91f950], sa_mask[0]=11111111011111111101111111111110, sa_flags=SA_RESTART|SA_SIGINFO
SIGUSR1: SIG_DFL, sa_mask[0]=00000000000000000000000000000000, sa_flags=none
SIGUSR2: [libjvm.so+0x920f80], sa_mask[0]=00100000000000000000000000000000, sa_flags=SA_RESTART|SA_SIGINFO
SIGHUP: [libjvm.so+0x922380], sa_mask[0]=11111111011111111101111111111110, sa_flags=SA_RESTART|SA_SIGINFO
SIGINT: [libjvm.so+0x922380], sa_mask[0]=11111111011111111101111111111110, sa_flags=SA_RESTART|SA_SIGINFO
SIGTERM: [libjvm.so+0x922380], sa_mask[0]=11111111011111111101111111111110, sa_flags=SA_RESTART|SA_SIGINFO
SIGQUIT: [libjvm.so+0x922380], sa_mask[0]=11111111011111111101111111111110, sa_flags=SA_RESTART|SA_SIGINFO


---------------  S Y S T E M  ---------------

OS:DISTRIB_ID=LinuxMint
DISTRIB_RELEASE=18.1
DISTRIB_CODENAME=serena
DISTRIB_DESCRIPTION="Linux Mint 18.1 Serena"

uname:Linux 4.4.0-57-generic #78-Ubuntu SMP Fri Dec 9 23:50:32 UTC 2016 x86_64
libc:glibc 2.23 NPTL 2.23 
rlimit: STACK 8192k, CORE 0k, NPROC 23221, NOFILE 65536, AS infinity
load average:30.37 11.91 4.87

/proc/meminfo:
MemTotal:        5987560 kB
MemFree:          117432 kB
MemAvailable:      24032 kB
Buffers:             544 kB
Cached:           581700 kB
SwapCached:            0 kB
Active:          5106980 kB
Inactive:         551388 kB
Active(anon):    5102960 kB
Inactive(anon):   529596 kB
Active(file):       4020 kB
Inactive(file):    21792 kB
Unevictable:          80 kB
Mlocked:              80 kB
SwapTotal:             0 kB
SwapFree:              0 kB
Dirty:               104 kB
Writeback:             0 kB
AnonPages:       5076312 kB
Mapped:           303340 kB
Shmem:            556324 kB
Slab:              94640 kB
SReclaimable:      46088 kB
SUnreclaim:        48552 kB
KernelStack:       10016 kB
PageTables:        54588 kB
NFS_Unstable:          0 kB
Bounce:                0 kB
WritebackTmp:          0 kB
CommitLimit:     2993780 kB
Committed_AS:    8550160 kB
VmallocTotal:   34359738367 kB
VmallocUsed:           0 kB
VmallocChunk:          0 kB
HardwareCorrupted:     0 kB
AnonHugePages:   2856960 kB
CmaTotal:              0 kB
CmaFree:               0 kB
HugePages_Total:       0
HugePages_Free:        0
HugePages_Rsvd:        0
HugePages_Surp:        0
Hugepagesize:       2048 kB
DirectMap4k:      189184 kB
DirectMap2M:     5980160 kB


CPU:total 2 (2 cores per cpu, 1 threads per core) family 6 model 42 stepping 7, cmov, cx8, fxsr, mmx, sse, sse2, sse3, ssse3, sse4.1, sse4.2, popcnt, clmul, tsc, tscinvbit

/proc/cpuinfo:
processor	: 0
vendor_id	: GenuineIntel
cpu family	: 6
model		: 42
model name	: Intel(R) Pentium(R) CPU B980 @ 2.40GHz
stepping	: 7
microcode	: 0x29
cpu MHz		: 875.062
cache size	: 2048 KB
physical id	: 0
siblings	: 2
core id		: 0
cpu cores	: 2
apicid		: 0
initial apicid	: 0
fpu		: yes
fpu_exception	: yes
cpuid level	: 13
wp		: yes
flags		: fpu vme de pse tsc msr pae mce cx8 apic sep mtrr pge mca cmov pat pse36 clflush dts acpi mmx fxsr sse sse2 ss ht tm pbe syscall nx rdtscp lm constant_tsc arch_perfmon pebs bts rep_good nopl xtopology nonstop_tsc aperfmperf eagerfpu pni pclmulqdq dtes64 monitor ds_cpl est tm2 ssse3 cx16 xtpr pdcm pcid sse4_1 sse4_2 x2apic popcnt tsc_deadline_timer xsave lahf_lm epb xsaveopt dtherm arat pln pts
bugs		:
bogomips	: 4789.22
clflush size	: 64
cache_alignment	: 64
address sizes	: 36 bits physical, 48 bits virtual
power management:

processor	: 1
vendor_id	: GenuineIntel
cpu family	: 6
model		: 42
model name	: Intel(R) Pentium(R) CPU B980 @ 2.40GHz
stepping	: 7
microcode	: 0x29
cpu MHz		: 852.843
cache size	: 2048 KB
physical id	: 0
siblings	: 2
core id		: 1
cpu cores	: 2
apicid		: 2
initial apicid	: 2
fpu		: yes
fpu_exception	: yes
cpuid level	: 13
wp		: yes
flags		: fpu vme de pse tsc msr pae mce cx8 apic sep mtrr pge mca cmov pat pse36 clflush dts acpi mmx fxsr sse sse2 ss ht tm pbe syscall nx rdtscp lm constant_tsc arch_perfmon pebs bts rep_good nopl xtopology nonstop_tsc aperfmperf eagerfpu pni pclmulqdq dtes64 monitor ds_cpl est tm2 ssse3 cx16 xtpr pdcm pcid sse4_1 sse4_2 x2apic popcnt tsc_deadline_timer xsave lahf_lm epb xsaveopt dtherm arat pln pts
bugs		:
bogomips	: 4789.22
clflush size	: 64
cache_alignment	: 64
address sizes	: 36 bits physical, 48 bits virtual
power management:



Memory: 4k page, physical 5987560k(117432k free), swap 0k(0k free)

vm_info: Java HotSpot(TM) 64-Bit Server VM (25.111-b14) for linux-amd64 JRE (1.8.0_111-b14), built on Sep 22 2016 16:14:03 by "java_re" with gcc 4.3.0 20080428 (Red Hat 4.3.0-8)

time: Mon Jan  9 00:08:11 2017
elapsed time: 96 seconds (0d 0h 1m 36s)

